{"/__w/ReactiveTraderCloudClone/ReactiveTraderCloudClone/packages/client-react/src/ui/App.tsx": {"path":"/__w/ReactiveTraderCloudClone/ReactiveTraderCloudClone/packages/client-react/src/ui/App.tsx","statementMap":{"0":{"start":{"line":20,"column":36},"end":{"line":20,"column":null}},"1":{"start":{"line":22,"column":2},"end":{"line":30,"column":null}},"2":{"start":{"line":39,"column":24},"end":{"line":39,"column":null}},"3":{"start":{"line":40,"column":65},"end":{"line":40,"column":null}},"4":{"start":{"line":41,"column":2},"end":{"line":55,"column":null}}},"fnMap":{"0":{"name":"App","decl":{"start":{"line":19,"column":16},"end":{"line":19,"column":36}},"loc":{"start":{"line":19,"column":36},"end":{"line":32,"column":null}}},"1":{"name":"WorkspaceEngine","decl":{"start":{"line":38,"column":9},"end":{"line":38,"column":25}},"loc":{"start":{"line":38,"column":70},"end":{"line":57,"column":null}}}},"branchMap":{},"s":{"0":72,"1":72,"2":72,"3":72,"4":72},"f":{"0":72,"1":72},"b":{}}
,"/__w/ReactiveTraderCloudClone/ReactiveTraderCloudClone/packages/client-react/src/ui/admin/AdminDashboard.tsx": {"path":"/__w/ReactiveTraderCloudClone/ReactiveTraderCloudClone/packages/client-react/src/ui/admin/AdminDashboard.tsx","statementMap":{"0":{"start":{"line":35,"column":2},"end":{"line":60,"column":null}},"1":{"start":{"line":74,"column":2},"end":{"line":80,"column":null}}},"fnMap":{"0":{"name":"AdminDashboard","decl":{"start":{"line":34,"column":16},"end":{"line":34,"column":47}},"loc":{"start":{"line":34,"column":47},"end":{"line":62,"column":null}}},"1":{"name":"RetainedCard","decl":{"start":{"line":69,"column":9},"end":{"line":69,"column":22}},"loc":{"start":{"line":73,"column":36},"end":{"line":82,"column":null}}}},"branchMap":{"0":{"loc":{"start":{"line":76,"column":7},"end":{"line":79,"column":7}},"type":"binary-expr","locations":[{"start":{"line":76,"column":7},"end":{"line":76,"column":null}},{"start":{"line":77,"column":8},"end":{"line":79,"column":7}}]}},"s":{"0":20,"1":80},"f":{"0":20,"1":80},"b":{"0":[80,20]}}
,"/__w/ReactiveTraderCloudClone/ReactiveTraderCloudClone/packages/client-react/src/ui/admin/AdminHead.tsx": {"path":"/__w/ReactiveTraderCloudClone/ReactiveTraderCloudClone/packages/client-react/src/ui/admin/AdminHead.tsx","statementMap":{"0":{"start":{"line":23,"column":26},"end":{"line":23,"column":null}},"1":{"start":{"line":24,"column":20},"end":{"line":24,"column":null}},"2":{"start":{"line":25,"column":25},"end":{"line":25,"column":null}},"3":{"start":{"line":27,"column":2},"end":{"line":44,"column":null}}},"fnMap":{"0":{"name":"AdminHead","decl":{"start":{"line":22,"column":16},"end":{"line":22,"column":42}},"loc":{"start":{"line":22,"column":42},"end":{"line":46,"column":null}}}},"branchMap":{"0":{"loc":{"start":{"line":39,"column":23},"end":{"line":39,"column":null}},"type":"cond-expr","locations":[{"start":{"line":39,"column":40},"end":{"line":39,"column":49}},{"start":{"line":39,"column":49},"end":{"line":39,"column":null}}]},"1":{"loc":{"start":{"line":42,"column":9},"end":{"line":42,"column":null}},"type":"cond-expr","locations":[{"start":{"line":42,"column":26},"end":{"line":42,"column":48}},{"start":{"line":42,"column":48},"end":{"line":42,"column":null}}]}},"s":{"0":30,"1":30,"2":30,"3":30},"f":{"0":30},"b":{"0":[10,20],"1":[10,20]}}
,"/__w/ReactiveTraderCloudClone/ReactiveTraderCloudClone/packages/client-react/src/ui/admin/AdminPanel.tsx": {"path":"/__w/ReactiveTraderCloudClone/ReactiveTraderCloudClone/packages/client-react/src/ui/admin/AdminPanel.tsx","statementMap":{"0":{"start":{"line":8,"column":28},"end":{"line":8,"column":null}},"1":{"start":{"line":9,"column":48},"end":{"line":9,"column":null}},"2":{"start":{"line":11,"column":2},"end":{"line":13,"column":null}},"3":{"start":{"line":12,"column":4},"end":{"line":12,"column":null}},"4":{"start":{"line":15,"column":2},"end":{"line":60,"column":null}},"5":{"start":{"line":27,"column":12},"end":{"line":27,"column":null}},"6":{"start":{"line":40,"column":24},"end":{"line":40,"column":null}},"7":{"start":{"line":42,"column":14},"end":{"line":44,"column":null}},"8":{"start":{"line":43,"column":16},"end":{"line":43,"column":null}}},"fnMap":{"0":{"name":"AdminPanel","decl":{"start":{"line":7,"column":16},"end":{"line":7,"column":43}},"loc":{"start":{"line":7,"column":43},"end":{"line":62,"column":null}}},"1":{"name":"(anonymous_1)","decl":{"start":{"line":26,"column":10},"end":{"line":26,"column":21}},"loc":{"start":{"line":26,"column":64},"end":{"line":28,"column":null}}},"2":{"name":"(anonymous_2)","decl":{"start":{"line":39,"column":12},"end":{"line":39,"column":23}},"loc":{"start":{"line":39,"column":66},"end":{"line":45,"column":null}}}},"branchMap":{"0":{"loc":{"start":{"line":11,"column":2},"end":{"line":13,"column":null}},"type":"if","locations":[{"start":{"line":11,"column":2},"end":{"line":13,"column":null}},{"start":{},"end":{}}]},"1":{"loc":{"start":{"line":42,"column":14},"end":{"line":44,"column":null}},"type":"if","locations":[{"start":{"line":42,"column":14},"end":{"line":44,"column":null}},{"start":{},"end":{}}]},"2":{"loc":{"start":{"line":42,"column":18},"end":{"line":42,"column":61}},"type":"binary-expr","locations":[{"start":{"line":42,"column":18},"end":{"line":42,"column":40}},{"start":{"line":42,"column":40},"end":{"line":42,"column":50}},{"start":{"line":42,"column":50},"end":{"line":42,"column":61}}]},"3":{"loc":{"start":{"line":52,"column":7},"end":{"line":58,"column":null}},"type":"binary-expr","locations":[{"start":{"line":52,"column":7},"end":{"line":52,"column":null}},{"start":{"line":53,"column":8},"end":{"line":58,"column":null}}]},"4":{"loc":{"start":{"line":54,"column":22},"end":{"line":54,"column":null}},"type":"cond-expr","locations":[{"start":{"line":54,"column":40},"end":{"line":54,"column":49}},{"start":{"line":54,"column":49},"end":{"line":54,"column":null}}]}},"s":{"0":60,"1":60,"2":60,"3":10,"4":50,"5":0,"6":0,"7":0,"8":0},"f":{"0":60,"1":0,"2":0},"b":{"0":[10,50],"1":[0,0],"2":[0,0,0],"3":[50,20],"4":[10,10]}}
,"/__w/ReactiveTraderCloudClone/ReactiveTraderCloudClone/packages/client-react/src/ui/admin/IncidentControls.tsx": {"path":"/__w/ReactiveTraderCloudClone/ReactiveTraderCloudClone/packages/client-react/src/ui/admin/IncidentControls.tsx","statementMap":{"0":{"start":{"line":13,"column":26},"end":{"line":13,"column":null}},"1":{"start":{"line":14,"column":35},"end":{"line":14,"column":null}},"2":{"start":{"line":16,"column":2},"end":{"line":49,"column":null}},"3":{"start":{"line":21,"column":25},"end":{"line":21,"column":null}},"4":{"start":{"line":22,"column":10},"end":{"line":34,"column":null}},"5":{"start":{"line":30,"column":16},"end":{"line":30,"column":null}},"6":{"start":{"line":43,"column":12},"end":{"line":43,"column":null}},"7":{"start":{"line":56,"column":18},"end":{"line":60,"column":null}}},"fnMap":{"0":{"name":"IncidentControls","decl":{"start":{"line":12,"column":16},"end":{"line":12,"column":49}},"loc":{"start":{"line":12,"column":49},"end":{"line":51,"column":null}}},"1":{"name":"(anonymous_1)","decl":{"start":{"line":20,"column":19},"end":{"line":20,"column":24}},"loc":{"start":{"line":20,"column":37},"end":{"line":36,"column":9}}},"2":{"name":"(anonymous_2)","decl":{"start":{"line":29,"column":14},"end":{"line":29,"column":29}},"loc":{"start":{"line":29,"column":29},"end":{"line":31,"column":null}}},"3":{"name":"(anonymous_3)","decl":{"start":{"line":42,"column":10},"end":{"line":42,"column":25}},"loc":{"start":{"line":42,"column":25},"end":{"line":44,"column":null}}}},"branchMap":{"0":{"loc":{"start":{"line":27,"column":27},"end":{"line":27,"column":null}},"type":"cond-expr","locations":[{"start":{"line":27,"column":36},"end":{"line":27,"column":45}},{"start":{"line":27,"column":45},"end":{"line":27,"column":null}}]},"1":{"loc":{"start":{"line":40,"column":23},"end":{"line":40,"column":null}},"type":"cond-expr","locations":[{"start":{"line":40,"column":51},"end":{"line":40,"column":61}},{"start":{"line":40,"column":61},"end":{"line":40,"column":null}}]}},"s":{"0":30,"1":30,"2":30,"3":90,"4":90,"5":0,"6":0,"7":1},"f":{"0":30,"1":90,"2":0,"3":0},"b":{"0":[10,80],"1":[20,10]}}
,"/__w/ReactiveTraderCloudClone/ReactiveTraderCloudClone/packages/client-react/src/ui/admin/LatencyHistogram.tsx": {"path":"/__w/ReactiveTraderCloudClone/ReactiveTraderCloudClone/packages/client-react/src/ui/admin/LatencyHistogram.tsx","statementMap":{"0":{"start":{"line":16,"column":25},"end":{"line":16,"column":null}},"1":{"start":{"line":17,"column":22},"end":{"line":17,"column":null}},"2":{"start":{"line":18,"column":15},"end":{"line":18,"column":null}},"3":{"start":{"line":20,"column":2},"end":{"line":47,"column":null}},"4":{"start":{"line":31,"column":12},"end":{"line":42,"column":null}}},"fnMap":{"0":{"name":"LatencyHistogram","decl":{"start":{"line":15,"column":16},"end":{"line":15,"column":49}},"loc":{"start":{"line":15,"column":49},"end":{"line":49,"column":null}}},"1":{"name":"(anonymous_1)","decl":{"start":{"line":30,"column":16},"end":{"line":30,"column":21}},"loc":{"start":{"line":30,"column":29},"end":{"line":44,"column":11}}}},"branchMap":{"0":{"loc":{"start":{"line":26,"column":7},"end":{"line":47,"column":null}},"type":"cond-expr","locations":[{"start":{"line":27,"column":8},"end":{"line":29,"column":9}},{"start":{"line":29,"column":8},"end":{"line":47,"column":null}}]}},"s":{"0":20,"1":20,"2":20,"3":20,"4":60},"f":{"0":20,"1":60},"b":{"0":[10,10]}}
,"/__w/ReactiveTraderCloudClone/ReactiveTraderCloudClone/packages/client-react/src/ui/admin/LiveEventLog.tsx": {"path":"/__w/ReactiveTraderCloudClone/ReactiveTraderCloudClone/packages/client-react/src/ui/admin/LiveEventLog.tsx","statementMap":{"0":{"start":{"line":16,"column":26},"end":{"line":16,"column":null}},"1":{"start":{"line":17,"column":17},"end":{"line":17,"column":null}},"2":{"start":{"line":19,"column":2},"end":{"line":47,"column":null}},"3":{"start":{"line":30,"column":24},"end":{"line":30,"column":null}},"4":{"start":{"line":31,"column":12},"end":{"line":42,"column":null}},"5":{"start":{"line":53,"column":68},"end":{"line":57,"column":null}},"6":{"start":{"line":60,"column":2},"end":{"line":60,"column":null}},"7":{"start":{"line":65,"column":12},"end":{"line":65,"column":null}},"8":{"start":{"line":66,"column":2},"end":{"line":66,"column":null}}},"fnMap":{"0":{"name":"LiveEventLog","decl":{"start":{"line":15,"column":16},"end":{"line":15,"column":45}},"loc":{"start":{"line":15,"column":45},"end":{"line":49,"column":null}}},"1":{"name":"(anonymous_1)","decl":{"start":{"line":29,"column":18},"end":{"line":29,"column":23}},"loc":{"start":{"line":29,"column":29},"end":{"line":44,"column":11}}},"2":{"name":"pad2","decl":{"start":{"line":59,"column":9},"end":{"line":59,"column":14}},"loc":{"start":{"line":59,"column":33},"end":{"line":61,"column":null}}},"3":{"name":"clock","decl":{"start":{"line":64,"column":9},"end":{"line":64,"column":15}},"loc":{"start":{"line":64,"column":34},"end":{"line":67,"column":null}}}},"branchMap":{"0":{"loc":{"start":{"line":25,"column":7},"end":{"line":47,"column":null}},"type":"cond-expr","locations":[{"start":{"line":26,"column":8},"end":{"line":28,"column":9}},{"start":{"line":28,"column":8},"end":{"line":47,"column":null}}]}},"s":{"0":30,"1":30,"2":30,"3":80,"4":80,"5":1,"6":240,"7":80,"8":80},"f":{"0":30,"1":80,"2":240,"3":80},"b":{"0":[10,20]}}
,"/__w/ReactiveTraderCloudClone/ReactiveTraderCloudClone/packages/client-react/src/ui/admin/ServiceTopologyGraph.tsx": {"path":"/__w/ReactiveTraderCloudClone/ReactiveTraderCloudClone/packages/client-react/src/ui/admin/ServiceTopologyGraph.tsx","statementMap":{"0":{"start":{"line":16,"column":26},"end":{"line":16,"column":null}},"1":{"start":{"line":17,"column":19},"end":{"line":17,"column":null}},"2":{"start":{"line":19,"column":2},"end":{"line":25,"column":null}},"3":{"start":{"line":20,"column":4},"end":{"line":23,"column":null}},"4":{"start":{"line":27,"column":25},"end":{"line":32,"column":null}},"5":{"start":{"line":30,"column":6},"end":{"line":30,"column":null}},"6":{"start":{"line":33,"column":22},"end":{"line":38,"column":null}},"7":{"start":{"line":36,"column":6},"end":{"line":36,"column":null}},"8":{"start":{"line":40,"column":2},"end":{"line":113,"column":null}},"9":{"start":{"line":53,"column":22},"end":{"line":53,"column":null}},"10":{"start":{"line":54,"column":22},"end":{"line":54,"column":null}},"11":{"start":{"line":55,"column":12},"end":{"line":69,"column":null}},"12":{"start":{"line":73,"column":22},"end":{"line":73,"column":null}},"13":{"start":{"line":74,"column":12},"end":{"line":79,"column":null}},"14":{"start":{"line":87,"column":20},"end":{"line":87,"column":null}},"15":{"start":{"line":88,"column":10},"end":{"line":109,"column":null}},"16":{"start":{"line":117,"column":15},"end":{"line":117,"column":null}},"17":{"start":{"line":118,"column":15},"end":{"line":118,"column":null}},"18":{"start":{"line":127,"column":53},"end":{"line":135,"column":null}},"19":{"start":{"line":139,"column":19},"end":{"line":139,"column":null}},"20":{"start":{"line":140,"column":2},"end":{"line":140,"column":null}},"21":{"start":{"line":145,"column":19},"end":{"line":145,"column":null}},"22":{"start":{"line":146,"column":2},"end":{"line":146,"column":null}},"23":{"start":{"line":151,"column":19},"end":{"line":151,"column":null}},"24":{"start":{"line":152,"column":2},"end":{"line":152,"column":null}}},"fnMap":{"0":{"name":"ServiceTopologyGraph","decl":{"start":{"line":15,"column":16},"end":{"line":15,"column":53}},"loc":{"start":{"line":15,"column":53},"end":{"line":115,"column":null}}},"1":{"name":"(anonymous_1)","decl":{"start":{"line":29,"column":22},"end":{"line":29,"column":27}},"loc":{"start":{"line":29,"column":33},"end":{"line":31,"column":5}}},"2":{"name":"(anonymous_2)","decl":{"start":{"line":35,"column":22},"end":{"line":35,"column":27}},"loc":{"start":{"line":35,"column":33},"end":{"line":37,"column":5}}},"3":{"name":"(anonymous_3)","decl":{"start":{"line":52,"column":26},"end":{"line":52,"column":31}},"loc":{"start":{"line":52,"column":40},"end":{"line":71,"column":11}}},"4":{"name":"(anonymous_4)","decl":{"start":{"line":72,"column":26},"end":{"line":72,"column":31}},"loc":{"start":{"line":72,"column":40},"end":{"line":81,"column":11}}},"5":{"name":"(anonymous_5)","decl":{"start":{"line":86,"column":24},"end":{"line":86,"column":29}},"loc":{"start":{"line":86,"column":38},"end":{"line":111,"column":9}}},"6":{"name":"nodeRadius","decl":{"start":{"line":138,"column":9},"end":{"line":138,"column":20}},"loc":{"start":{"line":138,"column":62},"end":{"line":141,"column":null}}},"7":{"name":"nodeOpacity","decl":{"start":{"line":144,"column":9},"end":{"line":144,"column":21}},"loc":{"start":{"line":144,"column":63},"end":{"line":147,"column":null}}},"8":{"name":"edgeHeat","decl":{"start":{"line":150,"column":9},"end":{"line":150,"column":18}},"loc":{"start":{"line":150,"column":59},"end":{"line":153,"column":null}}}},"branchMap":{"0":{"loc":{"start":{"line":19,"column":2},"end":{"line":25,"column":null}},"type":"if","locations":[{"start":{"line":19,"column":2},"end":{"line":25,"column":null}},{"start":{},"end":{}}]},"1":{"loc":{"start":{"line":139,"column":19},"end":{"line":139,"column":null}},"type":"cond-expr","locations":[{"start":{"line":139,"column":30},"end":{"line":139,"column":50}},{"start":{"line":139,"column":50},"end":{"line":139,"column":null}}]},"2":{"loc":{"start":{"line":145,"column":19},"end":{"line":145,"column":null}},"type":"cond-expr","locations":[{"start":{"line":145,"column":30},"end":{"line":145,"column":50}},{"start":{"line":145,"column":50},"end":{"line":145,"column":null}}]},"3":{"loc":{"start":{"line":151,"column":19},"end":{"line":151,"column":null}},"type":"cond-expr","locations":[{"start":{"line":151,"column":30},"end":{"line":151,"column":49}},{"start":{"line":151,"column":49},"end":{"line":151,"column":null}}]}},"s":{"0":30,"1":30,"2":30,"3":10,"4":20,"5":140,"6":20,"7":120,"8":20,"9":120,"10":120,"11":120,"12":140,"13":140,"14":140,"15":140,"16":1,"17":1,"18":1,"19":140,"20":140,"21":140,"22":140,"23":120,"24":120},"f":{"0":30,"1":140,"2":120,"3":120,"4":140,"5":140,"6":140,"7":140,"8":120},"b":{"0":[10,20],"1":[140,0],"2":[140,0],"3":[120,0]}}
,"/__w/ReactiveTraderCloudClone/ReactiveTraderCloudClone/packages/client-react/src/ui/admin/SessionsPanel.tsx": {"path":"/__w/ReactiveTraderCloudClone/ReactiveTraderCloudClone/packages/client-react/src/ui/admin/SessionsPanel.tsx","statementMap":{"0":{"start":{"line":12,"column":26},"end":{"line":12,"column":null}},"1":{"start":{"line":13,"column":19},"end":{"line":13,"column":null}},"2":{"start":{"line":15,"column":2},"end":{"line":35,"column":null}},"3":{"start":{"line":26,"column":12},"end":{"line":30,"column":null}}},"fnMap":{"0":{"name":"SessionsPanel","decl":{"start":{"line":11,"column":16},"end":{"line":11,"column":46}},"loc":{"start":{"line":11,"column":46},"end":{"line":37,"column":null}}},"1":{"name":"(anonymous_1)","decl":{"start":{"line":25,"column":20},"end":{"line":25,"column":25}},"loc":{"start":{"line":25,"column":31},"end":{"line":32,"column":11}}}},"branchMap":{"0":{"loc":{"start":{"line":21,"column":7},"end":{"line":35,"column":null}},"type":"cond-expr","locations":[{"start":{"line":22,"column":8},"end":{"line":24,"column":9}},{"start":{"line":24,"column":8},"end":{"line":35,"column":null}}]}},"s":{"0":20,"1":20,"2":20,"3":20},"f":{"0":20,"1":20},"b":{"0":[10,10]}}
,"/__w/ReactiveTraderCloudClone/ReactiveTraderCloudClone/packages/client-react/src/ui/admin/ThroughputChart.tsx": {"path":"/__w/ReactiveTraderCloudClone/ReactiveTraderCloudClone/packages/client-react/src/ui/admin/ThroughputChart.tsx","statementMap":{"0":{"start":{"line":19,"column":25},"end":{"line":19,"column":null}},"1":{"start":{"line":20,"column":25},"end":{"line":20,"column":null}},"2":{"start":{"line":21,"column":25},"end":{"line":21,"column":null}},"3":{"start":{"line":22,"column":21},"end":{"line":22,"column":null}},"4":{"start":{"line":24,"column":2},"end":{"line":50,"column":null}}},"fnMap":{"0":{"name":"ThroughputChart","decl":{"start":{"line":18,"column":16},"end":{"line":18,"column":48}},"loc":{"start":{"line":18,"column":48},"end":{"line":52,"column":null}}}},"branchMap":{"0":{"loc":{"start":{"line":30,"column":7},"end":{"line":50,"column":null}},"type":"cond-expr","locations":[{"start":{"line":31,"column":8},"end":{"line":33,"column":9}},{"start":{"line":33,"column":8},"end":{"line":50,"column":null}}]}},"s":{"0":20,"1":20,"2":20,"3":20,"4":20},"f":{"0":20},"b":{"0":[10,10]}}
,"/__w/ReactiveTraderCloudClone/ReactiveTraderCloudClone/packages/client-react/src/ui/admin/kpis/KpiCard.tsx": {"path":"/__w/ReactiveTraderCloudClone/ReactiveTraderCloudClone/packages/client-react/src/ui/admin/kpis/KpiCard.tsx","statementMap":{"0":{"start":{"line":15,"column":2},"end":{"line":32,"column":null}}},"fnMap":{"0":{"name":"KpiCard","decl":{"start":{"line":14,"column":16},"end":{"line":14,"column":24}},"loc":{"start":{"line":14,"column":61},"end":{"line":34,"column":null}}}},"branchMap":{},"s":{"0":160},"f":{"0":160},"b":{}}
,"/__w/ReactiveTraderCloudClone/ReactiveTraderCloudClone/packages/client-react/src/ui/admin/kpis/KpiRow.tsx": {"path":"/__w/ReactiveTraderCloudClone/ReactiveTraderCloudClone/packages/client-react/src/ui/admin/kpis/KpiRow.tsx","statementMap":{"0":{"start":{"line":19,"column":48},"end":{"line":19,"column":null}},"1":{"start":{"line":20,"column":45},"end":{"line":20,"column":null}},"2":{"start":{"line":21,"column":19},"end":{"line":21,"column":null}},"3":{"start":{"line":22,"column":15},"end":{"line":22,"column":null}},"4":{"start":{"line":24,"column":2},"end":{"line":29,"column":null}},"5":{"start":{"line":27,"column":8},"end":{"line":27,"column":null}}},"fnMap":{"0":{"name":"KpiRow","decl":{"start":{"line":18,"column":16},"end":{"line":18,"column":39}},"loc":{"start":{"line":18,"column":39},"end":{"line":31,"column":null}}},"1":{"name":"(anonymous_1)","decl":{"start":{"line":26,"column":12},"end":{"line":26,"column":17}},"loc":{"start":{"line":26,"column":25},"end":{"line":28,"column":7}}}},"branchMap":{},"s":{"0":40,"1":40,"2":40,"3":40,"4":40,"5":160},"f":{"0":40,"1":160},"b":{}}
,"/__w/ReactiveTraderCloudClone/ReactiveTraderCloudClone/packages/client-react/src/ui/admin/kpis/KpiSparkline.tsx": {"path":"/__w/ReactiveTraderCloudClone/ReactiveTraderCloudClone/packages/client-react/src/ui/admin/kpis/KpiSparkline.tsx","statementMap":{"0":{"start":{"line":14,"column":2},"end":{"line":27,"column":null}}},"fnMap":{"0":{"name":"KpiSparkline","decl":{"start":{"line":13,"column":16},"end":{"line":13,"column":29}},"loc":{"start":{"line":13,"column":71},"end":{"line":29,"column":null}}}},"branchMap":{},"s":{"0":160},"f":{"0":160},"b":{}}
,"/__w/ReactiveTraderCloudClone/ReactiveTraderCloudClone/packages/client-react/src/ui/admin/services/ServiceHealth.tsx": {"path":"/__w/ReactiveTraderCloudClone/ReactiveTraderCloudClone/packages/client-react/src/ui/admin/services/ServiceHealth.tsx","statementMap":{"0":{"start":{"line":18,"column":26},"end":{"line":18,"column":null}},"1":{"start":{"line":19,"column":19},"end":{"line":19,"column":null}},"2":{"start":{"line":20,"column":15},"end":{"line":20,"column":null}},"3":{"start":{"line":22,"column":2},"end":{"line":32,"column":null}},"4":{"start":{"line":29,"column":10},"end":{"line":29,"column":null}}},"fnMap":{"0":{"name":"ServiceHealth","decl":{"start":{"line":17,"column":16},"end":{"line":17,"column":46}},"loc":{"start":{"line":17,"column":46},"end":{"line":34,"column":null}}},"1":{"name":"(anonymous_1)","decl":{"start":{"line":28,"column":13},"end":{"line":28,"column":18}},"loc":{"start":{"line":28,"column":26},"end":{"line":30,"column":9}}}},"branchMap":{"0":{"loc":{"start":{"line":20,"column":15},"end":{"line":20,"column":null}},"type":"cond-expr","locations":[{"start":{"line":20,"column":26},"end":{"line":20,"column":55}},{"start":{"line":20,"column":55},"end":{"line":20,"column":null}}]},"1":{"loc":{"start":{"line":25,"column":7},"end":{"line":30,"column":null}},"type":"cond-expr","locations":[{"start":{"line":26,"column":8},"end":{"line":28,"column":13}},{"start":{"line":28,"column":8},"end":{"line":30,"column":null}}]}},"s":{"0":30,"1":30,"2":30,"3":30,"4":100},"f":{"0":30,"1":100},"b":{"0":[20,10],"1":[10,20]}}
,"/__w/ReactiveTraderCloudClone/ReactiveTraderCloudClone/packages/client-react/src/ui/admin/services/ServiceRow.tsx": {"path":"/__w/ReactiveTraderCloudClone/ReactiveTraderCloudClone/packages/client-react/src/ui/admin/services/ServiceRow.tsx","statementMap":{"0":{"start":{"line":17,"column":2},"end":{"line":35,"column":null}}},"fnMap":{"0":{"name":"ServiceRow","decl":{"start":{"line":16,"column":16},"end":{"line":16,"column":27}},"loc":{"start":{"line":16,"column":67},"end":{"line":37,"column":null}}}},"branchMap":{},"s":{"0":100},"f":{"0":100},"b":{}}
,"/__w/ReactiveTraderCloudClone/ReactiveTraderCloudClone/packages/client-react/src/ui/credit/CreditViewProvider.tsx": {"path":"/__w/ReactiveTraderCloudClone/ReactiveTraderCloudClone/packages/client-react/src/ui/credit/CreditViewProvider.tsx","statementMap":{"0":{"start":{"line":18,"column":40},"end":{"line":18,"column":null}},"1":{"start":{"line":19,"column":27},"end":{"line":19,"column":null}},"2":{"start":{"line":22,"column":4},"end":{"line":22,"column":null}},"3":{"start":{"line":26,"column":4},"end":{"line":26,"column":null}},"4":{"start":{"line":29,"column":40},"end":{"line":34,"column":null}},"5":{"start":{"line":36,"column":2},"end":{"line":39,"column":null}}},"fnMap":{"0":{"name":"CreditViewProvider","decl":{"start":{"line":15,"column":16},"end":{"line":15,"column":35}},"loc":{"start":{"line":17,"column":42},"end":{"line":41,"column":null}}},"1":{"name":"(anonymous_1)","decl":{"start":{"line":19,"column":27},"end":{"line":19,"column":52}},"loc":{"start":{"line":19,"column":52},"end":{"line":19,"column":54}}},"2":{"name":"setExportCsvHandler","decl":{"start":{"line":21,"column":11},"end":{"line":21,"column":31}},"loc":{"start":{"line":21,"column":58},"end":{"line":23,"column":null}}},"3":{"name":"exportCsv","decl":{"start":{"line":25,"column":11},"end":{"line":25,"column":29}},"loc":{"start":{"line":25,"column":29},"end":{"line":27,"column":null}}}},"branchMap":{},"s":{"0":1414,"1":1414,"2":190,"3":0,"4":1414,"5":1414},"f":{"0":1414,"1":0,"2":190,"3":0},"b":{}}
,"/__w/ReactiveTraderCloudClone/ReactiveTraderCloudClone/packages/client-react/src/ui/credit/blotter/CreditBlotter.tsx": {"path":"/__w/ReactiveTraderCloudClone/ReactiveTraderCloudClone/packages/client-react/src/ui/credit/blotter/CreditBlotter.tsx","statementMap":{"0":{"start":{"line":30,"column":64},"end":{"line":30,"column":null}},"1":{"start":{"line":31,"column":15},"end":{"line":31,"column":null}},"2":{"start":{"line":32,"column":20},"end":{"line":32,"column":null}},"3":{"start":{"line":33,"column":22},"end":{"line":33,"column":null}},"4":{"start":{"line":34,"column":18},"end":{"line":34,"column":null}},"5":{"start":{"line":36,"column":26},"end":{"line":39,"column":null}},"6":{"start":{"line":40,"column":32},"end":{"line":42,"column":null}},"7":{"start":{"line":43,"column":47},"end":{"line":43,"column":null}},"8":{"start":{"line":45,"column":17},"end":{"line":45,"column":null}},"9":{"start":{"line":56,"column":19},"end":{"line":58,"column":null}},"10":{"start":{"line":57,"column":4},"end":{"line":57,"column":null}},"11":{"start":{"line":59,"column":22},"end":{"line":59,"column":null}},"12":{"start":{"line":60,"column":42},"end":{"line":62,"column":null}},"13":{"start":{"line":61,"column":4},"end":{"line":61,"column":null}},"14":{"start":{"line":63,"column":40},"end":{"line":65,"column":null}},"15":{"start":{"line":67,"column":2},"end":{"line":73,"column":null}},"16":{"start":{"line":68,"column":25},"end":{"line":70,"column":null}},"17":{"start":{"line":69,"column":6},"end":{"line":69,"column":null}},"18":{"start":{"line":71,"column":4},"end":{"line":71,"column":null}},"19":{"start":{"line":72,"column":4},"end":{"line":72,"column":null}},"20":{"start":{"line":76,"column":4},"end":{"line":78,"column":null}},"21":{"start":{"line":77,"column":6},"end":{"line":77,"column":null}},"22":{"start":{"line":85,"column":4},"end":{"line":95,"column":null}},"23":{"start":{"line":86,"column":19},"end":{"line":86,"column":null}},"24":{"start":{"line":88,"column":6},"end":{"line":92,"column":null}},"25":{"start":{"line":89,"column":8},"end":{"line":89,"column":null}},"26":{"start":{"line":91,"column":8},"end":{"line":91,"column":null}},"27":{"start":{"line":94,"column":6},"end":{"line":94,"column":null}},"28":{"start":{"line":98,"column":19},"end":{"line":98,"column":null}},"29":{"start":{"line":99,"column":26},"end":{"line":99,"column":null}},"30":{"start":{"line":105,"column":2},"end":{"line":116,"column":null}},"31":{"start":{"line":106,"column":4},"end":{"line":115,"column":null}},"32":{"start":{"line":108,"column":6},"end":{"line":114,"column":null}},"33":{"start":{"line":118,"column":39},"end":{"line":118,"column":null}},"34":{"start":{"line":120,"column":2},"end":{"line":128,"column":null}},"35":{"start":{"line":121,"column":16},"end":{"line":123,"column":null}},"36":{"start":{"line":122,"column":6},"end":{"line":122,"column":null}},"37":{"start":{"line":125,"column":4},"end":{"line":127,"column":null}},"38":{"start":{"line":126,"column":6},"end":{"line":126,"column":null}},"39":{"start":{"line":135,"column":2},"end":{"line":200,"column":null}},"40":{"start":{"line":164,"column":26},"end":{"line":164,"column":null}},"41":{"start":{"line":166,"column":14},"end":{"line":182,"column":null}},"42":{"start":{"line":176,"column":20},"end":{"line":179,"column":null}},"43":{"start":{"line":208,"column":2},"end":{"line":210,"column":null}}},"fnMap":{"0":{"name":"CreditBlotter","decl":{"start":{"line":29,"column":16},"end":{"line":29,"column":46}},"loc":{"start":{"line":29,"column":46},"end":{"line":202,"column":null}}},"1":{"name":"(anonymous_1)","decl":{"start":{"line":56,"column":26},"end":{"line":56,"column":31}},"loc":{"start":{"line":56,"column":37},"end":{"line":58,"column":3}}},"2":{"name":"(anonymous_2)","decl":{"start":{"line":60,"column":42},"end":{"line":60,"column":74}},"loc":{"start":{"line":60,"column":74},"end":{"line":62,"column":3}}},"3":{"name":"(anonymous_3)","decl":{"start":{"line":68,"column":34},"end":{"line":68,"column":42}},"loc":{"start":{"line":68,"column":49},"end":{"line":70,"column":5}}},"4":{"name":"handleSort","decl":{"start":{"line":75,"column":11},"end":{"line":75,"column":22}},"loc":{"start":{"line":75,"column":55},"end":{"line":79,"column":null}}},"5":{"name":"(anonymous_5)","decl":{"start":{"line":76,"column":4},"end":{"line":76,"column":13}},"loc":{"start":{"line":76,"column":22},"end":{"line":78,"column":5}}},"6":{"name":"handleFilter","decl":{"start":{"line":81,"column":11},"end":{"line":81,"column":null}},"loc":{"start":{"line":84,"column":10},"end":{"line":96,"column":null}}},"7":{"name":"(anonymous_7)","decl":{"start":{"line":85,"column":4},"end":{"line":85,"column":16}},"loc":{"start":{"line":85,"column":25},"end":{"line":95,"column":5}}},"8":{"name":"(anonymous_8)","decl":{"start":{"line":105,"column":2},"end":{"line":105,"column":18}},"loc":{"start":{"line":105,"column":18},"end":{"line":116,"column":5}}},"9":{"name":"(anonymous_9)","decl":{"start":{"line":106,"column":4},"end":{"line":106,"column":30}},"loc":{"start":{"line":106,"column":30},"end":{"line":115,"column":5}}},"10":{"name":"(anonymous_10)","decl":{"start":{"line":121,"column":31},"end":{"line":121,"column":37}},"loc":{"start":{"line":121,"column":43},"end":{"line":123,"column":5}}},"11":{"name":"(anonymous_11)","decl":{"start":{"line":163,"column":29},"end":{"line":163,"column":34}},"loc":{"start":{"line":163,"column":44},"end":{"line":184,"column":13}}},"12":{"name":"(anonymous_12)","decl":{"start":{"line":175,"column":34},"end":{"line":175,"column":39}},"loc":{"start":{"line":175,"column":47},"end":{"line":181,"column":19}}},"13":{"name":"rowAccentVar","decl":{"start":{"line":207,"column":9},"end":{"line":207,"column":22}},"loc":{"start":{"line":207,"column":52},"end":{"line":211,"column":null}}}},"branchMap":{"0":{"loc":{"start":{"line":67,"column":2},"end":{"line":73,"column":null}},"type":"if","locations":[{"start":{"line":67,"column":2},"end":{"line":73,"column":null}},{"start":{},"end":{}}]},"1":{"loc":{"start":{"line":88,"column":6},"end":{"line":92,"column":null}},"type":"if","locations":[{"start":{"line":88,"column":6},"end":{"line":92,"column":null}},{"start":{"line":90,"column":13},"end":{"line":92,"column":null}}]},"2":{"loc":{"start":{"line":125,"column":4},"end":{"line":127,"column":null}},"type":"if","locations":[{"start":{"line":125,"column":4},"end":{"line":127,"column":null}},{"start":{},"end":{}}]},"3":{"loc":{"start":{"line":137,"column":7},"end":{"line":140,"column":null}},"type":"binary-expr","locations":[{"start":{"line":137,"column":7},"end":{"line":137,"column":null}},{"start":{"line":138,"column":8},"end":{"line":140,"column":null}}]},"4":{"loc":{"start":{"line":169,"column":28},"end":{"line":169,"column":null}},"type":"cond-expr","locations":[{"start":{"line":169,"column":61},"end":{"line":169,"column":70}},{"start":{"line":169,"column":70},"end":{"line":169,"column":null}}]},"5":{"loc":{"start":{"line":185,"column":13},"end":{"line":197,"column":null}},"type":"binary-expr","locations":[{"start":{"line":185,"column":13},"end":{"line":185,"column":null}},{"start":{"line":186,"column":14},"end":{"line":197,"column":null}}]},"6":{"loc":{"start":{"line":191,"column":19},"end":{"line":193,"column":null}},"type":"cond-expr","locations":[{"start":{"line":192,"column":22},"end":{"line":192,"column":null}},{"start":{"line":193,"column":22},"end":{"line":193,"column":null}}]},"7":{"loc":{"start":{"line":208,"column":9},"end":{"line":210,"column":null}},"type":"cond-expr","locations":[{"start":{"line":209,"column":6},"end":{"line":209,"column":null}},{"start":{"line":210,"column":6},"end":{"line":210,"column":null}}]}},"s":{"0":190,"1":190,"2":190,"3":190,"4":190,"5":190,"6":190,"7":190,"8":190,"9":190,"10":180,"11":190,"12":190,"13":70,"14":190,"15":190,"16":0,"17":0,"18":0,"19":0,"20":20,"21":20,"22":10,"23":10,"24":10,"25":10,"26":0,"27":10,"28":190,"29":190,"30":190,"31":190,"32":0,"33":190,"34":190,"35":10,"36":80,"37":10,"38":10,"39":190,"40":70,"41":70,"42":700,"43":70},"f":{"0":190,"1":180,"2":70,"3":0,"4":20,"5":20,"6":10,"7":10,"8":190,"9":0,"10":80,"11":70,"12":700,"13":70},"b":{"0":[0,190],"1":[10,0],"2":[10,0],"3":[190,10],"4":[0,70],"5":[190,120],"6":[10,110],"7":[0,70]}}
,"/__w/ReactiveTraderCloudClone/ReactiveTraderCloudClone/packages/client-react/src/ui/credit/blotter/CreditBlotterHead.tsx": {"path":"/__w/ReactiveTraderCloudClone/ReactiveTraderCloudClone/packages/client-react/src/ui/credit/blotter/CreditBlotterHead.tsx","statementMap":{"0":{"start":{"line":22,"column":53},"end":{"line":22,"column":null}},"1":{"start":{"line":23,"column":64},"end":{"line":23,"column":null}},"2":{"start":{"line":24,"column":15},"end":{"line":24,"column":null}},"3":{"start":{"line":25,"column":20},"end":{"line":25,"column":null}},"4":{"start":{"line":26,"column":22},"end":{"line":26,"column":null}},"5":{"start":{"line":27,"column":18},"end":{"line":27,"column":null}},"6":{"start":{"line":28,"column":17},"end":{"line":28,"column":null}},"7":{"start":{"line":30,"column":2},"end":{"line":52,"column":null}}},"fnMap":{"0":{"name":"CreditBlotterHead","decl":{"start":{"line":21,"column":16},"end":{"line":21,"column":50}},"loc":{"start":{"line":21,"column":50},"end":{"line":54,"column":null}}}},"branchMap":{},"s":{"0":120,"1":120,"2":120,"3":120,"4":120,"5":120,"6":120,"7":120},"f":{"0":120},"b":{}}
,"/__w/ReactiveTraderCloudClone/ReactiveTraderCloudClone/packages/client-react/src/ui/credit/newRfq/DealerChecklist.tsx": {"path":"/__w/ReactiveTraderCloudClone/ReactiveTraderCloudClone/packages/client-react/src/ui/credit/newRfq/DealerChecklist.tsx","statementMap":{"0":{"start":{"line":11,"column":64},"end":{"line":11,"column":null}},"1":{"start":{"line":13,"column":4},"end":{"line":16,"column":null}},"2":{"start":{"line":15,"column":6},"end":{"line":15,"column":null}},"3":{"start":{"line":18,"column":2},"end":{"line":51,"column":null}},"4":{"start":{"line":32,"column":24},"end":{"line":32,"column":null}},"5":{"start":{"line":34,"column":8},"end":{"line":48,"column":null}},"6":{"start":{"line":43,"column":14},"end":{"line":43,"column":null}},"7":{"start":{"line":67,"column":22},"end":{"line":67,"column":null}},"8":{"start":{"line":69,"column":2},"end":{"line":72,"column":null}}},"fnMap":{"0":{"name":"DealerChecklist","decl":{"start":{"line":10,"column":16},"end":{"line":10,"column":32}},"loc":{"start":{"line":10,"column":75},"end":{"line":53,"column":null}}},"1":{"name":"(anonymous_1)","decl":{"start":{"line":14,"column":12},"end":{"line":14,"column":19}},"loc":{"start":{"line":14,"column":30},"end":{"line":16,"column":5}}},"2":{"name":"(anonymous_2)","decl":{"start":{"line":31,"column":15},"end":{"line":31,"column":20}},"loc":{"start":{"line":31,"column":31},"end":{"line":50,"column":7}}},"3":{"name":"(anonymous_3)","decl":{"start":{"line":42,"column":12},"end":{"line":42,"column":27}},"loc":{"start":{"line":42,"column":27},"end":{"line":44,"column":null}}},"4":{"name":"CheckBox","decl":{"start":{"line":66,"column":9},"end":{"line":66,"column":18}},"loc":{"start":{"line":66,"column":54},"end":{"line":74,"column":null}}}},"branchMap":{"0":{"loc":{"start":{"line":13,"column":4},"end":{"line":16,"column":null}},"type":"binary-expr","locations":[{"start":{"line":13,"column":4},"end":{"line":13,"column":null}},{"start":{"line":14,"column":4},"end":{"line":16,"column":null}}]},"1":{"loc":{"start":{"line":71,"column":7},"end":{"line":71,"column":null}},"type":"cond-expr","locations":[{"start":{"line":71,"column":17},"end":{"line":71,"column":23}},{"start":{"line":71,"column":23},"end":{"line":71,"column":null}}]}},"s":{"0":120,"1":120,"2":150,"3":120,"4":480,"5":480,"6":0,"7":600,"8":600},"f":{"0":120,"1":150,"2":480,"3":0,"4":600},"b":{"0":[120,120],"1":[50,550]}}
,"/__w/ReactiveTraderCloudClone/ReactiveTraderCloudClone/packages/client-react/src/ui/credit/newRfq/InstrumentSelect.tsx": {"path":"/__w/ReactiveTraderCloudClone/ReactiveTraderCloudClone/packages/client-react/src/ui/credit/newRfq/InstrumentSelect.tsx","statementMap":{"0":{"start":{"line":11,"column":62},"end":{"line":11,"column":null}},"1":{"start":{"line":13,"column":2},"end":{"line":42,"column":null}},"2":{"start":{"line":30,"column":12},"end":{"line":37,"column":null}},"3":{"start":{"line":35,"column":18},"end":{"line":35,"column":null}},"4":{"start":{"line":60,"column":35},"end":{"line":60,"column":null}},"5":{"start":{"line":62,"column":2},"end":{"line":73,"column":null}}},"fnMap":{"0":{"name":"InstrumentSelect","decl":{"start":{"line":10,"column":16},"end":{"line":10,"column":33}},"loc":{"start":{"line":10,"column":77},"end":{"line":44,"column":null}}},"1":{"name":"(anonymous_1)","decl":{"start":{"line":29,"column":23},"end":{"line":29,"column":28}},"loc":{"start":{"line":29,"column":43},"end":{"line":39,"column":11}}},"2":{"name":"(anonymous_2)","decl":{"start":{"line":34,"column":16},"end":{"line":34,"column":32}},"loc":{"start":{"line":34,"column":32},"end":{"line":36,"column":null}}},"3":{"name":"InstrumentRow","decl":{"start":{"line":59,"column":9},"end":{"line":59,"column":23}},"loc":{"start":{"line":59,"column":64},"end":{"line":75,"column":null}}}},"branchMap":{"0":{"loc":{"start":{"line":23,"column":15},"end":{"line":23,"column":70}},"type":"cond-expr","locations":[{"start":{"line":23,"column":26},"end":{"line":23,"column":44}},{"start":{"line":23,"column":44},"end":{"line":23,"column":70}}]},"1":{"loc":{"start":{"line":27,"column":7},"end":{"line":41,"column":null}},"type":"cond-expr","locations":[{"start":{"line":28,"column":8},"end":{"line":41,"column":null}},{"start":{"line":41,"column":10},"end":{"line":41,"column":null}}]}},"s":{"0":120,"1":120,"2":20,"3":10,"4":20,"5":20},"f":{"0":120,"1":20,"2":10,"3":20},"b":{"0":[60,60],"1":[10,110]}}
,"/__w/ReactiveTraderCloudClone/ReactiveTraderCloudClone/packages/client-react/src/ui/credit/newRfq/NewRfqHead.tsx": {"path":"/__w/ReactiveTraderCloudClone/ReactiveTraderCloudClone/packages/client-react/src/ui/credit/newRfq/NewRfqHead.tsx","statementMap":{"0":{"start":{"line":13,"column":2},"end":{"line":22,"column":null}}},"fnMap":{"0":{"name":"NewRfqHead","decl":{"start":{"line":12,"column":16},"end":{"line":12,"column":43}},"loc":{"start":{"line":12,"column":43},"end":{"line":24,"column":null}}}},"branchMap":{},"s":{"0":10},"f":{"0":10},"b":{}}
,"/__w/ReactiveTraderCloudClone/ReactiveTraderCloudClone/packages/client-react/src/ui/credit/newRfq/NewRfqPanel.tsx": {"path":"/__w/ReactiveTraderCloudClone/ReactiveTraderCloudClone/packages/client-react/src/ui/credit/newRfq/NewRfqPanel.tsx","statementMap":{"0":{"start":{"line":22,"column":24},"end":{"line":22,"column":null}},"1":{"start":{"line":23,"column":59},"end":{"line":23,"column":null}},"2":{"start":{"line":24,"column":22},"end":{"line":24,"column":null}},"3":{"start":{"line":25,"column":18},"end":{"line":25,"column":null}},"4":{"start":{"line":26,"column":21},"end":{"line":26,"column":null}},"5":{"start":{"line":27,"column":21},"end":{"line":27,"column":null}},"6":{"start":{"line":28,"column":21},"end":{"line":28,"column":null}},"7":{"start":{"line":30,"column":28},"end":{"line":30,"column":null}},"8":{"start":{"line":31,"column":46},"end":{"line":31,"column":null}},"9":{"start":{"line":39,"column":28},"end":{"line":39,"column":null}},"10":{"start":{"line":40,"column":2},"end":{"line":51,"column":null}},"11":{"start":{"line":41,"column":27},"end":{"line":41,"column":null}},"12":{"start":{"line":42,"column":4},"end":{"line":42,"column":null}},"13":{"start":{"line":44,"column":4},"end":{"line":50,"column":null}},"14":{"start":{"line":48,"column":6},"end":{"line":48,"column":null}},"15":{"start":{"line":49,"column":6},"end":{"line":49,"column":null}},"16":{"start":{"line":54,"column":4},"end":{"line":56,"column":null}},"17":{"start":{"line":55,"column":6},"end":{"line":55,"column":null}},"18":{"start":{"line":57,"column":19},"end":{"line":57,"column":null}},"19":{"start":{"line":59,"column":4},"end":{"line":62,"column":null}},"20":{"start":{"line":63,"column":20},"end":{"line":63,"column":null}},"21":{"start":{"line":66,"column":4},"end":{"line":68,"column":null}},"22":{"start":{"line":67,"column":6},"end":{"line":67,"column":null}},"23":{"start":{"line":72,"column":4},"end":{"line":74,"column":null}},"24":{"start":{"line":73,"column":6},"end":{"line":73,"column":null}},"25":{"start":{"line":78,"column":4},"end":{"line":80,"column":null}},"26":{"start":{"line":79,"column":6},"end":{"line":79,"column":null}},"27":{"start":{"line":81,"column":4},"end":{"line":81,"column":null}},"28":{"start":{"line":85,"column":4},"end":{"line":87,"column":null}},"29":{"start":{"line":86,"column":6},"end":{"line":86,"column":null}},"30":{"start":{"line":91,"column":4},"end":{"line":101,"column":null}},"31":{"start":{"line":92,"column":18},"end":{"line":92,"column":null}},"32":{"start":{"line":93,"column":6},"end":{"line":100,"column":null}},"33":{"start":{"line":97,"column":14},"end":{"line":97,"column":null}},"34":{"start":{"line":105,"column":4},"end":{"line":119,"column":null}},"35":{"start":{"line":107,"column":8},"end":{"line":110,"column":null}},"36":{"start":{"line":109,"column":10},"end":{"line":109,"column":null}},"37":{"start":{"line":111,"column":6},"end":{"line":118,"column":null}},"38":{"start":{"line":116,"column":14},"end":{"line":116,"column":null}},"39":{"start":{"line":123,"column":4},"end":{"line":123,"column":null}},"40":{"start":{"line":124,"column":4},"end":{"line":124,"column":null}},"41":{"start":{"line":128,"column":4},"end":{"line":130,"column":null}},"42":{"start":{"line":129,"column":6},"end":{"line":129,"column":null}},"43":{"start":{"line":132,"column":4},"end":{"line":141,"column":null}},"44":{"start":{"line":144,"column":2},"end":{"line":154,"column":null}},"45":{"start":{"line":145,"column":4},"end":{"line":152,"column":null}},"46":{"start":{"line":156,"column":2},"end":{"line":225,"column":null}},"47":{"start":{"line":229,"column":27},"end":{"line":229,"column":null}},"48":{"start":{"line":231,"column":23},"end":{"line":231,"column":null}},"49":{"start":{"line":240,"column":31},"end":{"line":245,"column":null}},"50":{"start":{"line":258,"column":36},"end":{"line":258,"column":null}},"51":{"start":{"line":261,"column":4},"end":{"line":261,"column":null}},"52":{"start":{"line":264,"column":2},"end":{"line":274,"column":null}}},"fnMap":{"0":{"name":"NewRfqPanel","decl":{"start":{"line":21,"column":16},"end":{"line":21,"column":28}},"loc":{"start":{"line":21,"column":67},"end":{"line":227,"column":null}}},"1":{"name":"(anonymous_1)","decl":{"start":{"line":40,"column":2},"end":{"line":40,"column":18}},"loc":{"start":{"line":40,"column":18},"end":{"line":51,"column":5}}},"2":{"name":"(anonymous_2)","decl":{"start":{"line":54,"column":16},"end":{"line":54,"column":22}},"loc":{"start":{"line":54,"column":37},"end":{"line":56,"column":5}}},"3":{"name":"handleDir","decl":{"start":{"line":65,"column":11},"end":{"line":65,"column":21}},"loc":{"start":{"line":65,"column":43},"end":{"line":69,"column":null}}},"4":{"name":"(anonymous_4)","decl":{"start":{"line":66,"column":4},"end":{"line":66,"column":14}},"loc":{"start":{"line":66,"column":23},"end":{"line":68,"column":5}}},"5":{"name":"handleInstrumentToggle","decl":{"start":{"line":71,"column":11},"end":{"line":71,"column":42}},"loc":{"start":{"line":71,"column":42},"end":{"line":75,"column":null}}},"6":{"name":"(anonymous_6)","decl":{"start":{"line":72,"column":4},"end":{"line":72,"column":23}},"loc":{"start":{"line":72,"column":32},"end":{"line":74,"column":5}}},"7":{"name":"handleInstrumentSelect","decl":{"start":{"line":77,"column":11},"end":{"line":77,"column":34}},"loc":{"start":{"line":77,"column":64},"end":{"line":82,"column":null}}},"8":{"name":"(anonymous_8)","decl":{"start":{"line":78,"column":4},"end":{"line":78,"column":14}},"loc":{"start":{"line":78,"column":23},"end":{"line":80,"column":5}}},"9":{"name":"handleQty","decl":{"start":{"line":84,"column":11},"end":{"line":84,"column":21}},"loc":{"start":{"line":84,"column":61},"end":{"line":88,"column":null}}},"10":{"name":"(anonymous_10)","decl":{"start":{"line":85,"column":4},"end":{"line":85,"column":14}},"loc":{"start":{"line":85,"column":23},"end":{"line":87,"column":5}}},"11":{"name":"handleToggleDealer","decl":{"start":{"line":90,"column":11},"end":{"line":90,"column":30}},"loc":{"start":{"line":90,"column":48},"end":{"line":102,"column":null}}},"12":{"name":"(anonymous_12)","decl":{"start":{"line":91,"column":4},"end":{"line":91,"column":14}},"loc":{"start":{"line":91,"column":23},"end":{"line":101,"column":5}}},"13":{"name":"(anonymous_13)","decl":{"start":{"line":96,"column":27},"end":{"line":96,"column":35}},"loc":{"start":{"line":96,"column":48},"end":{"line":98,"column":13}}},"14":{"name":"handleToggleAllDealers","decl":{"start":{"line":104,"column":11},"end":{"line":104,"column":42}},"loc":{"start":{"line":104,"column":42},"end":{"line":120,"column":null}}},"15":{"name":"(anonymous_15)","decl":{"start":{"line":105,"column":4},"end":{"line":105,"column":14}},"loc":{"start":{"line":105,"column":23},"end":{"line":119,"column":5}}},"16":{"name":"(anonymous_16)","decl":{"start":{"line":108,"column":16},"end":{"line":108,"column":23}},"loc":{"start":{"line":108,"column":34},"end":{"line":110,"column":9}}},"17":{"name":"(anonymous_17)","decl":{"start":{"line":115,"column":20},"end":{"line":115,"column":25}},"loc":{"start":{"line":115,"column":36},"end":{"line":117,"column":13}}},"18":{"name":"handleClear","decl":{"start":{"line":122,"column":11},"end":{"line":122,"column":31}},"loc":{"start":{"line":122,"column":31},"end":{"line":125,"column":null}}},"19":{"name":"handleSend","decl":{"start":{"line":127,"column":11},"end":{"line":127,"column":30}},"loc":{"start":{"line":127,"column":30},"end":{"line":142,"column":null}}},"20":{"name":"DirButton","decl":{"start":{"line":257,"column":9},"end":{"line":257,"column":19}},"loc":{"start":{"line":257,"column":56},"end":{"line":276,"column":null}}},"21":{"name":"handleClick","decl":{"start":{"line":260,"column":11},"end":{"line":260,"column":31}},"loc":{"start":{"line":260,"column":31},"end":{"line":262,"column":null}}}},"branchMap":{"0":{"loc":{"start":{"line":44,"column":4},"end":{"line":50,"column":null}},"type":"if","locations":[{"start":{"line":44,"column":4},"end":{"line":50,"column":null}},{"start":{},"end":{}}]},"1":{"loc":{"start":{"line":45,"column":6},"end":{"line":46,"column":null}},"type":"binary-expr","locations":[{"start":{"line":45,"column":6},"end":{"line":45,"column":null}},{"start":{"line":46,"column":6},"end":{"line":46,"column":null}}]},"2":{"loc":{"start":{"line":54,"column":4},"end":{"line":56,"column":null}},"type":"binary-expr","locations":[{"start":{"line":54,"column":4},"end":{"line":56,"column":10}},{"start":{"line":56,"column":10},"end":{"line":56,"column":null}}]},"3":{"loc":{"start":{"line":59,"column":4},"end":{"line":62,"column":null}},"type":"binary-expr","locations":[{"start":{"line":59,"column":4},"end":{"line":59,"column":null}},{"start":{"line":60,"column":4},"end":{"line":60,"column":null}},{"start":{"line":61,"column":4},"end":{"line":61,"column":null}},{"start":{"line":62,"column":4},"end":{"line":62,"column":null}}]},"4":{"loc":{"start":{"line":63,"column":20},"end":{"line":63,"column":null}},"type":"binary-expr","locations":[{"start":{"line":63,"column":20},"end":{"line":63,"column":29}},{"start":{"line":63,"column":29},"end":{"line":63,"column":null}}]},"5":{"loc":{"start":{"line":95,"column":19},"end":{"line":99,"column":null}},"type":"cond-expr","locations":[{"start":{"line":96,"column":12},"end":{"line":98,"column":null}},{"start":{"line":99,"column":12},"end":{"line":99,"column":null}}]},"6":{"loc":{"start":{"line":107,"column":8},"end":{"line":110,"column":null}},"type":"binary-expr","locations":[{"start":{"line":107,"column":8},"end":{"line":107,"column":null}},{"start":{"line":108,"column":8},"end":{"line":110,"column":null}}]},"7":{"loc":{"start":{"line":113,"column":19},"end":{"line":117,"column":null}},"type":"cond-expr","locations":[{"start":{"line":114,"column":12},"end":{"line":114,"column":null}},{"start":{"line":115,"column":12},"end":{"line":117,"column":null}}]},"8":{"loc":{"start":{"line":128,"column":4},"end":{"line":130,"column":null}},"type":"if","locations":[{"start":{"line":128,"column":4},"end":{"line":130,"column":null}},{"start":{},"end":{}}]},"9":{"loc":{"start":{"line":128,"column":8},"end":{"line":128,"column":43}},"type":"binary-expr","locations":[{"start":{"line":128,"column":8},"end":{"line":128,"column":22}},{"start":{"line":128,"column":22},"end":{"line":128,"column":43}}]},"10":{"loc":{"start":{"line":144,"column":2},"end":{"line":154,"column":null}},"type":"if","locations":[{"start":{"line":144,"column":2},"end":{"line":154,"column":null}},{"start":{},"end":{}}]}},"s":{"0":130,"1":130,"2":130,"3":130,"4":130,"5":130,"6":130,"7":130,"8":130,"9":130,"10":130,"11":50,"12":50,"13":50,"14":0,"15":0,"16":130,"17":200,"18":130,"19":130,"20":130,"21":10,"22":10,"23":10,"24":10,"25":10,"26":10,"27":10,"28":40,"29":40,"30":0,"31":0,"32":0,"33":0,"34":10,"35":10,"36":10,"37":10,"38":40,"39":0,"40":0,"41":0,"42":0,"43":0,"44":130,"45":10,"46":120,"47":1,"48":1,"49":1,"50":240,"51":10,"52":240},"f":{"0":130,"1":50,"2":200,"3":10,"4":10,"5":10,"6":10,"7":10,"8":10,"9":40,"10":40,"11":0,"12":0,"13":0,"14":10,"15":10,"16":10,"17":40,"18":0,"19":0,"20":240,"21":10},"b":{"0":[0,50],"1":[50,10],"2":[130,70],"3":[130,60,50,50],"4":[130,10],"5":[0,0],"6":[10,10],"7":[0,10],"8":[0,0],"9":[0,0],"10":[10,120]}}
,"/__w/ReactiveTraderCloudClone/ReactiveTraderCloudClone/packages/client-react/src/ui/credit/rfqs/EmptyRfqs.tsx": {"path":"/__w/ReactiveTraderCloudClone/ReactiveTraderCloudClone/packages/client-react/src/ui/credit/rfqs/EmptyRfqs.tsx","statementMap":{"0":{"start":{"line":8,"column":2},"end":{"line":13,"column":null}}},"fnMap":{"0":{"name":"EmptyRfqs","decl":{"start":{"line":7,"column":16},"end":{"line":7,"column":42}},"loc":{"start":{"line":7,"column":42},"end":{"line":15,"column":null}}}},"branchMap":{},"s":{"0":10},"f":{"0":10},"b":{}}
,"/__w/ReactiveTraderCloudClone/ReactiveTraderCloudClone/packages/client-react/src/ui/credit/rfqs/QuoteRow.tsx": {"path":"/__w/ReactiveTraderCloudClone/ReactiveTraderCloudClone/packages/client-react/src/ui/credit/rfqs/QuoteRow.tsx","statementMap":{"0":{"start":{"line":11,"column":27},"end":{"line":11,"column":null}},"1":{"start":{"line":13,"column":2},"end":{"line":51,"column":null}}},"fnMap":{"0":{"name":"QuoteRow","decl":{"start":{"line":10,"column":16},"end":{"line":10,"column":25}},"loc":{"start":{"line":10,"column":61},"end":{"line":53,"column":null}}}},"branchMap":{"0":{"loc":{"start":{"line":22,"column":9},"end":{"line":22,"column":null}},"type":"cond-expr","locations":[{"start":{"line":22,"column":19},"end":{"line":22,"column":null}},{"start":{"line":22,"column":60},"end":{"line":22,"column":null}}]},"1":{"loc":{"start":{"line":39,"column":9},"end":{"line":49,"column":null}},"type":"cond-expr","locations":[{"start":{"line":40,"column":10},"end":{"line":49,"column":null}},{"start":{"line":49,"column":12},"end":{"line":49,"column":null}}]}},"s":{"0":110,"1":110},"f":{"0":110},"b":{"0":[20,90],"1":[40,70]}}
,"/__w/ReactiveTraderCloudClone/ReactiveTraderCloudClone/packages/client-react/src/ui/credit/rfqs/RfqCard.tsx": {"path":"/__w/ReactiveTraderCloudClone/ReactiveTraderCloudClone/packages/client-react/src/ui/credit/rfqs/RfqCard.tsx","statementMap":{"0":{"start":{"line":59,"column":6},"end":{"line":59,"column":null}},"1":{"start":{"line":60,"column":18},"end":{"line":60,"column":null}},"2":{"start":{"line":61,"column":30},"end":{"line":61,"column":null}},"3":{"start":{"line":62,"column":22},"end":{"line":62,"column":null}},"4":{"start":{"line":63,"column":15},"end":{"line":63,"column":null}},"5":{"start":{"line":69,"column":22},"end":{"line":74,"column":null}},"6":{"start":{"line":70,"column":4},"end":{"line":73,"column":null}},"7":{"start":{"line":75,"column":18},"end":{"line":75,"column":null}},"8":{"start":{"line":82,"column":4},"end":{"line":84,"column":null}},"9":{"start":{"line":83,"column":6},"end":{"line":83,"column":null}},"10":{"start":{"line":86,"column":4},"end":{"line":88,"column":null}},"11":{"start":{"line":87,"column":6},"end":{"line":87,"column":null}},"12":{"start":{"line":95,"column":2},"end":{"line":117,"column":null}},"13":{"start":{"line":96,"column":15},"end":{"line":96,"column":null}},"14":{"start":{"line":98,"column":4},"end":{"line":100,"column":null}},"15":{"start":{"line":99,"column":6},"end":{"line":99,"column":null}},"16":{"start":{"line":103,"column":6},"end":{"line":105,"column":null}},"17":{"start":{"line":104,"column":8},"end":{"line":104,"column":null}},"18":{"start":{"line":107,"column":6},"end":{"line":109,"column":null}},"19":{"start":{"line":108,"column":8},"end":{"line":108,"column":null}},"20":{"start":{"line":112,"column":4},"end":{"line":112,"column":null}},"21":{"start":{"line":114,"column":4},"end":{"line":116,"column":null}},"22":{"start":{"line":115,"column":6},"end":{"line":115,"column":null}},"23":{"start":{"line":119,"column":2},"end":{"line":204,"column":null}},"24":{"start":{"line":153,"column":10},"end":{"line":160,"column":null}},"25":{"start":{"line":158,"column":16},"end":{"line":158,"column":null}}},"fnMap":{"0":{"name":"RfqCard","decl":{"start":{"line":48,"column":16},"end":{"line":48,"column":24}},"loc":{"start":{"line":48,"column":59},"end":{"line":206,"column":null}}},"1":{"name":"(anonymous_1)","decl":{"start":{"line":69,"column":22},"end":{"line":69,"column":52}},"loc":{"start":{"line":69,"column":52},"end":{"line":74,"column":3}}},"2":{"name":"handleAnimationEnd","decl":{"start":{"line":77,"column":11},"end":{"line":77,"column":null}},"loc":{"start":{"line":79,"column":10},"end":{"line":89,"column":null}}},"3":{"name":"(anonymous_3)","decl":{"start":{"line":95,"column":2},"end":{"line":95,"column":18}},"loc":{"start":{"line":95,"column":18},"end":{"line":117,"column":5}}},"4":{"name":"handleAnimationCancel","decl":{"start":{"line":102,"column":13},"end":{"line":102,"column":35}},"loc":{"start":{"line":102,"column":64},"end":{"line":110,"column":null}}},"5":{"name":"(anonymous_5)","decl":{"start":{"line":114,"column":4},"end":{"line":114,"column":17}},"loc":{"start":{"line":114,"column":17},"end":{"line":116,"column":null}}},"6":{"name":"(anonymous_6)","decl":{"start":{"line":152,"column":19},"end":{"line":152,"column":24}},"loc":{"start":{"line":152,"column":30},"end":{"line":162,"column":9}}},"7":{"name":"(anonymous_7)","decl":{"start":{"line":157,"column":14},"end":{"line":157,"column":30}},"loc":{"start":{"line":157,"column":30},"end":{"line":159,"column":null}}}},"branchMap":{"0":{"loc":{"start":{"line":82,"column":4},"end":{"line":84,"column":null}},"type":"if","locations":[{"start":{"line":82,"column":4},"end":{"line":84,"column":null}},{"start":{},"end":{}}]},"1":{"loc":{"start":{"line":86,"column":4},"end":{"line":88,"column":null}},"type":"if","locations":[{"start":{"line":86,"column":4},"end":{"line":88,"column":null}},{"start":{},"end":{}}]},"2":{"loc":{"start":{"line":86,"column":8},"end":{"line":86,"column":45}},"type":"binary-expr","locations":[{"start":{"line":86,"column":8},"end":{"line":86,"column":28}},{"start":{"line":86,"column":28},"end":{"line":86,"column":45}}]},"3":{"loc":{"start":{"line":98,"column":4},"end":{"line":100,"column":null}},"type":"if","locations":[{"start":{"line":98,"column":4},"end":{"line":100,"column":null}},{"start":{},"end":{}}]},"4":{"loc":{"start":{"line":103,"column":6},"end":{"line":105,"column":null}},"type":"if","locations":[{"start":{"line":103,"column":6},"end":{"line":105,"column":null}},{"start":{},"end":{}}]},"5":{"loc":{"start":{"line":107,"column":6},"end":{"line":109,"column":null}},"type":"if","locations":[{"start":{"line":107,"column":6},"end":{"line":109,"column":null}},{"start":{},"end":{}}]},"6":{"loc":{"start":{"line":107,"column":10},"end":{"line":107,"column":47}},"type":"binary-expr","locations":[{"start":{"line":107,"column":10},"end":{"line":107,"column":30}},{"start":{"line":107,"column":30},"end":{"line":107,"column":47}}]},"7":{"loc":{"start":{"line":125,"column":19},"end":{"line":125,"column":null}},"type":"cond-expr","locations":[{"start":{"line":125,"column":34},"end":{"line":125,"column":40}},{"start":{"line":125,"column":40},"end":{"line":125,"column":null}}]},"8":{"loc":{"start":{"line":166,"column":9},"end":{"line":181,"column":null}},"type":"cond-expr","locations":[{"start":{"line":167,"column":10},"end":{"line":181,"column":null}},{"start":{"line":181,"column":12},"end":{"line":181,"column":null}}]},"9":{"loc":{"start":{"line":183,"column":9},"end":{"line":190,"column":null}},"type":"cond-expr","locations":[{"start":{"line":184,"column":10},"end":{"line":190,"column":null}},{"start":{"line":190,"column":12},"end":{"line":190,"column":null}}]},"10":{"loc":{"start":{"line":192,"column":9},"end":{"line":202,"column":null}},"type":"cond-expr","locations":[{"start":{"line":193,"column":10},"end":{"line":202,"column":null}},{"start":{"line":202,"column":12},"end":{"line":202,"column":null}}]}},"s":{"0":70,"1":70,"2":70,"3":70,"4":70,"5":70,"6":70,"7":70,"8":120,"9":120,"10":0,"11":0,"12":70,"13":70,"14":70,"15":0,"16":7,"17":7,"18":0,"19":0,"20":70,"21":70,"22":70,"23":70,"24":110,"25":0},"f":{"0":70,"1":70,"2":120,"3":70,"4":7,"5":70,"6":110,"7":0},"b":{"0":[120,0],"1":[0,0],"2":[0,0],"3":[0,70],"4":[7,0],"5":[0,0],"6":[0,0],"7":[50,20],"8":[40,30],"9":[10,60],"10":[20,50]}}
,"/__w/ReactiveTraderCloudClone/ReactiveTraderCloudClone/packages/client-react/src/ui/credit/rfqs/RfqFilterPills.tsx": {"path":"/__w/ReactiveTraderCloudClone/ReactiveTraderCloudClone/packages/client-react/src/ui/credit/rfqs/RfqFilterPills.tsx","statementMap":{"0":{"start":{"line":11,"column":42},"end":{"line":11,"column":null}},"1":{"start":{"line":13,"column":2},"end":{"line":48,"column":null}},"2":{"start":{"line":21,"column":10},"end":{"line":21,"column":null}},"3":{"start":{"line":32,"column":10},"end":{"line":32,"column":null}},"4":{"start":{"line":43,"column":10},"end":{"line":43,"column":null}}},"fnMap":{"0":{"name":"RfqFilterPills","decl":{"start":{"line":10,"column":16},"end":{"line":10,"column":31}},"loc":{"start":{"line":10,"column":73},"end":{"line":50,"column":null}}},"1":{"name":"(anonymous_1)","decl":{"start":{"line":20,"column":8},"end":{"line":20,"column":23}},"loc":{"start":{"line":20,"column":23},"end":{"line":22,"column":null}}},"2":{"name":"(anonymous_2)","decl":{"start":{"line":31,"column":8},"end":{"line":31,"column":23}},"loc":{"start":{"line":31,"column":23},"end":{"line":33,"column":null}}},"3":{"name":"(anonymous_3)","decl":{"start":{"line":42,"column":8},"end":{"line":42,"column":23}},"loc":{"start":{"line":42,"column":23},"end":{"line":44,"column":null}}}},"branchMap":{},"s":{"0":10,"1":10,"2":0,"3":0,"4":0},"f":{"0":10,"1":0,"2":0,"3":0},"b":{}}
,"/__w/ReactiveTraderCloudClone/ReactiveTraderCloudClone/packages/client-react/src/ui/credit/rfqs/RfqsHead.tsx": {"path":"/__w/ReactiveTraderCloudClone/ReactiveTraderCloudClone/packages/client-react/src/ui/credit/rfqs/RfqsHead.tsx","statementMap":{"0":{"start":{"line":18,"column":52},"end":{"line":18,"column":null}},"1":{"start":{"line":19,"column":15},"end":{"line":19,"column":null}},"2":{"start":{"line":20,"column":32},"end":{"line":20,"column":null}},"3":{"start":{"line":21,"column":19},"end":{"line":23,"column":null}},"4":{"start":{"line":22,"column":4},"end":{"line":22,"column":null}},"5":{"start":{"line":24,"column":20},"end":{"line":24,"column":null}},"6":{"start":{"line":26,"column":2},"end":{"line":41,"column":null}}},"fnMap":{"0":{"name":"RfqsHead","decl":{"start":{"line":17,"column":16},"end":{"line":17,"column":41}},"loc":{"start":{"line":17,"column":41},"end":{"line":43,"column":null}}},"1":{"name":"(anonymous_1)","decl":{"start":{"line":21,"column":24},"end":{"line":21,"column":32}},"loc":{"start":{"line":21,"column":40},"end":{"line":23,"column":3}}}},"branchMap":{"0":{"loc":{"start":{"line":24,"column":20},"end":{"line":24,"column":null}},"type":"cond-expr","locations":[{"start":{"line":24,"column":42},"end":{"line":24,"column":67}},{"start":{"line":24,"column":67},"end":{"line":24,"column":null}}]}},"s":{"0":10,"1":10,"2":10,"3":10,"4":20,"5":10,"6":10},"f":{"0":10,"1":20},"b":{"0":[10,0]}}
,"/__w/ReactiveTraderCloudClone/ReactiveTraderCloudClone/packages/client-react/src/ui/credit/rfqs/RfqsPanel.tsx": {"path":"/__w/ReactiveTraderCloudClone/ReactiveTraderCloudClone/packages/client-react/src/ui/credit/rfqs/RfqsPanel.tsx","statementMap":{"0":{"start":{"line":44,"column":4},"end":{"line":44,"column":null}},"1":{"start":{"line":45,"column":15},"end":{"line":45,"column":null}},"2":{"start":{"line":46,"column":22},"end":{"line":46,"column":null}},"3":{"start":{"line":47,"column":18},"end":{"line":47,"column":null}},"4":{"start":{"line":48,"column":21},"end":{"line":48,"column":null}},"5":{"start":{"line":49,"column":36},"end":{"line":49,"column":null}},"6":{"start":{"line":50,"column":32},"end":{"line":52,"column":null}},"7":{"start":{"line":53,"column":34},"end":{"line":55,"column":null}},"8":{"start":{"line":57,"column":17},"end":{"line":59,"column":null}},"9":{"start":{"line":58,"column":4},"end":{"line":58,"column":null}},"10":{"start":{"line":60,"column":20},"end":{"line":60,"column":null}},"11":{"start":{"line":61,"column":19},"end":{"line":63,"column":null}},"12":{"start":{"line":62,"column":4},"end":{"line":62,"column":null}},"13":{"start":{"line":64,"column":24},"end":{"line":68,"column":null}},"14":{"start":{"line":66,"column":6},"end":{"line":66,"column":null}},"15":{"start":{"line":69,"column":22},"end":{"line":69,"column":null}},"16":{"start":{"line":71,"column":32},"end":{"line":73,"column":null}},"17":{"start":{"line":72,"column":4},"end":{"line":72,"column":null}},"18":{"start":{"line":74,"column":42},"end":{"line":76,"column":null}},"19":{"start":{"line":75,"column":4},"end":{"line":75,"column":null}},"20":{"start":{"line":77,"column":38},"end":{"line":77,"column":null}},"21":{"start":{"line":78,"column":21},"end":{"line":78,"column":null}},"22":{"start":{"line":79,"column":26},"end":{"line":79,"column":null}},"23":{"start":{"line":80,"column":24},"end":{"line":80,"column":null}},"24":{"start":{"line":81,"column":24},"end":{"line":81,"column":null}},"25":{"start":{"line":82,"column":18},"end":{"line":82,"column":null}},"26":{"start":{"line":97,"column":19},"end":{"line":97,"column":null}},"27":{"start":{"line":99,"column":2},"end":{"line":120,"column":null}},"28":{"start":{"line":100,"column":21},"end":{"line":100,"column":null}},"29":{"start":{"line":101,"column":20},"end":{"line":108,"column":null}},"30":{"start":{"line":102,"column":6},"end":{"line":106,"column":null}},"31":{"start":{"line":110,"column":4},"end":{"line":119,"column":null}},"32":{"start":{"line":111,"column":21},"end":{"line":111,"column":null}},"33":{"start":{"line":113,"column":6},"end":{"line":115,"column":null}},"34":{"start":{"line":114,"column":8},"end":{"line":114,"column":null}},"35":{"start":{"line":117,"column":6},"end":{"line":117,"column":null}},"36":{"start":{"line":118,"column":6},"end":{"line":118,"column":null}},"37":{"start":{"line":124,"column":19},"end":{"line":133,"column":null}},"38":{"start":{"line":126,"column":6},"end":{"line":128,"column":null}},"39":{"start":{"line":132,"column":6},"end":{"line":132,"column":null}},"40":{"start":{"line":134,"column":22},"end":{"line":136,"column":null}},"41":{"start":{"line":135,"column":4},"end":{"line":135,"column":null}},"42":{"start":{"line":137,"column":25},"end":{"line":137,"column":null}},"43":{"start":{"line":139,"column":2},"end":{"line":192,"column":null}},"44":{"start":{"line":151,"column":26},"end":{"line":151,"column":null}},"45":{"start":{"line":152,"column":19},"end":{"line":152,"column":null}},"46":{"start":{"line":153,"column":26},"end":{"line":153,"column":null}},"47":{"start":{"line":155,"column":4},"end":{"line":160,"column":null}},"48":{"start":{"line":156,"column":6},"end":{"line":159,"column":null}},"49":{"start":{"line":157,"column":8},"end":{"line":157,"column":null}},"50":{"start":{"line":158,"column":8},"end":{"line":158,"column":null}},"51":{"start":{"line":162,"column":4},"end":{"line":175,"column":null}},"52":{"start":{"line":163,"column":24},"end":{"line":167,"column":null}},"53":{"start":{"line":169,"column":6},"end":{"line":174,"column":null}},"54":{"start":{"line":170,"column":8},"end":{"line":172,"column":null}},"55":{"start":{"line":171,"column":10},"end":{"line":171,"column":null}},"56":{"start":{"line":173,"column":8},"end":{"line":173,"column":null}},"57":{"start":{"line":177,"column":4},"end":{"line":179,"column":null}},"58":{"start":{"line":178,"column":6},"end":{"line":178,"column":null}},"59":{"start":{"line":181,"column":4},"end":{"line":183,"column":null}},"60":{"start":{"line":182,"column":6},"end":{"line":182,"column":null}},"61":{"start":{"line":185,"column":4},"end":{"line":187,"column":null}},"62":{"start":{"line":186,"column":6},"end":{"line":186,"column":null}},"63":{"start":{"line":189,"column":4},"end":{"line":191,"column":null}},"64":{"start":{"line":190,"column":6},"end":{"line":190,"column":null}},"65":{"start":{"line":194,"column":23},"end":{"line":194,"column":null}},"66":{"start":{"line":197,"column":4},"end":{"line":202,"column":null}},"67":{"start":{"line":198,"column":6},"end":{"line":200,"column":null}},"68":{"start":{"line":199,"column":8},"end":{"line":199,"column":null}},"69":{"start":{"line":201,"column":6},"end":{"line":201,"column":null}},"70":{"start":{"line":204,"column":4},"end":{"line":210,"column":null}},"71":{"start":{"line":207,"column":19},"end":{"line":207,"column":null}},"72":{"start":{"line":208,"column":6},"end":{"line":208,"column":null}},"73":{"start":{"line":209,"column":6},"end":{"line":209,"column":null}},"74":{"start":{"line":214,"column":4},"end":{"line":225,"column":null}},"75":{"start":{"line":215,"column":6},"end":{"line":223,"column":null}},"76":{"start":{"line":216,"column":8},"end":{"line":218,"column":null}},"77":{"start":{"line":217,"column":10},"end":{"line":217,"column":null}},"78":{"start":{"line":220,"column":21},"end":{"line":220,"column":null}},"79":{"start":{"line":221,"column":8},"end":{"line":221,"column":null}},"80":{"start":{"line":222,"column":8},"end":{"line":222,"column":null}},"81":{"start":{"line":224,"column":6},"end":{"line":224,"column":null}},"82":{"start":{"line":227,"column":19},"end":{"line":227,"column":null}},"83":{"start":{"line":228,"column":4},"end":{"line":236,"column":null}},"84":{"start":{"line":229,"column":6},"end":{"line":231,"column":null}},"85":{"start":{"line":230,"column":8},"end":{"line":230,"column":null}},"86":{"start":{"line":233,"column":19},"end":{"line":233,"column":null}},"87":{"start":{"line":234,"column":6},"end":{"line":234,"column":null}},"88":{"start":{"line":235,"column":6},"end":{"line":235,"column":null}},"89":{"start":{"line":237,"column":4},"end":{"line":245,"column":null}},"90":{"start":{"line":238,"column":6},"end":{"line":240,"column":null}},"91":{"start":{"line":239,"column":8},"end":{"line":239,"column":null}},"92":{"start":{"line":242,"column":19},"end":{"line":242,"column":null}},"93":{"start":{"line":243,"column":6},"end":{"line":243,"column":null}},"94":{"start":{"line":244,"column":6},"end":{"line":244,"column":null}},"95":{"start":{"line":247,"column":4},"end":{"line":251,"column":null}},"96":{"start":{"line":248,"column":6},"end":{"line":250,"column":null}},"97":{"start":{"line":249,"column":8},"end":{"line":249,"column":null}},"98":{"start":{"line":254,"column":2},"end":{"line":286,"column":null}},"99":{"start":{"line":262,"column":14},"end":{"line":280,"column":null}},"100":{"start":{"line":301,"column":2},"end":{"line":308,"column":null}},"101":{"start":{"line":303,"column":6},"end":{"line":303,"column":null}},"102":{"start":{"line":305,"column":6},"end":{"line":305,"column":null}},"103":{"start":{"line":307,"column":6},"end":{"line":307,"column":null}},"104":{"start":{"line":316,"column":2},"end":{"line":317,"column":null}},"105":{"start":{"line":333,"column":4},"end":{"line":333,"column":null}},"106":{"start":{"line":334,"column":60},"end":{"line":334,"column":null}},"107":{"start":{"line":335,"column":17},"end":{"line":335,"column":null}},"108":{"start":{"line":336,"column":22},"end":{"line":336,"column":null}},"109":{"start":{"line":337,"column":20},"end":{"line":337,"column":null}},"110":{"start":{"line":338,"column":13},"end":{"line":338,"column":null}},"111":{"start":{"line":341,"column":4},"end":{"line":341,"column":null}},"112":{"start":{"line":345,"column":4},"end":{"line":345,"column":null}},"113":{"start":{"line":349,"column":4},"end":{"line":349,"column":null}},"114":{"start":{"line":353,"column":4},"end":{"line":353,"column":null}},"115":{"start":{"line":356,"column":2},"end":{"line":367,"column":null}}},"fnMap":{"0":{"name":"RfqsPanel","decl":{"start":{"line":42,"column":16},"end":{"line":42,"column":42}},"loc":{"start":{"line":42,"column":42},"end":{"line":288,"column":null}}},"1":{"name":"(anonymous_1)","decl":{"start":{"line":57,"column":22},"end":{"line":57,"column":27}},"loc":{"start":{"line":57,"column":33},"end":{"line":59,"column":3}}},"2":{"name":"(anonymous_2)","decl":{"start":{"line":61,"column":24},"end":{"line":61,"column":32}},"loc":{"start":{"line":61,"column":38},"end":{"line":63,"column":3}}},"3":{"name":"(anonymous_3)","decl":{"start":{"line":65,"column":13},"end":{"line":65,"column":18}},"loc":{"start":{"line":65,"column":24},"end":{"line":67,"column":5}}},"4":{"name":"(anonymous_4)","decl":{"start":{"line":71,"column":32},"end":{"line":71,"column":59}},"loc":{"start":{"line":71,"column":59},"end":{"line":73,"column":3}}},"5":{"name":"(anonymous_5)","decl":{"start":{"line":74,"column":42},"end":{"line":74,"column":69}},"loc":{"start":{"line":74,"column":69},"end":{"line":76,"column":3}}},"6":{"name":"(anonymous_6)","decl":{"start":{"line":101,"column":42},"end":{"line":101,"column":50}},"loc":{"start":{"line":101,"column":57},"end":{"line":108,"column":5}}},"7":{"name":"(anonymous_7)","decl":{"start":{"line":125,"column":5},"end":{"line":125,"column":13}},"loc":{"start":{"line":125,"column":19},"end":{"line":130,"column":5}}},"8":{"name":"(anonymous_8)","decl":{"start":{"line":131,"column":5},"end":{"line":131,"column":11}},"loc":{"start":{"line":131,"column":20},"end":{"line":133,"column":5}}},"9":{"name":"(anonymous_9)","decl":{"start":{"line":134,"column":31},"end":{"line":134,"column":36}},"loc":{"start":{"line":134,"column":42},"end":{"line":136,"column":3}}},"10":{"name":"(anonymous_10)","decl":{"start":{"line":170,"column":18},"end":{"line":170,"column":27}},"loc":{"start":{"line":170,"column":41},"end":{"line":172,"column":9}}},"11":{"name":"handleRemove","decl":{"start":{"line":196,"column":11},"end":{"line":196,"column":24}},"loc":{"start":{"line":196,"column":45},"end":{"line":211,"column":null}}},"12":{"name":"(anonymous_12)","decl":{"start":{"line":198,"column":6},"end":{"line":198,"column":20}},"loc":{"start":{"line":198,"column":29},"end":{"line":200,"column":7}}},"13":{"name":"(anonymous_13)","decl":{"start":{"line":204,"column":4},"end":{"line":204,"column":16}},"loc":{"start":{"line":204,"column":25},"end":{"line":210,"column":5}}},"14":{"name":"handleCardAnimationEnd","decl":{"start":{"line":213,"column":11},"end":{"line":213,"column":34}},"loc":{"start":{"line":213,"column":79},"end":{"line":252,"column":null}}},"15":{"name":"(anonymous_15)","decl":{"start":{"line":215,"column":6},"end":{"line":215,"column":19}},"loc":{"start":{"line":215,"column":28},"end":{"line":223,"column":7}}},"16":{"name":"(anonymous_16)","decl":{"start":{"line":228,"column":4},"end":{"line":228,"column":16}},"loc":{"start":{"line":228,"column":25},"end":{"line":236,"column":5}}},"17":{"name":"(anonymous_17)","decl":{"start":{"line":237,"column":4},"end":{"line":237,"column":17}},"loc":{"start":{"line":237,"column":26},"end":{"line":245,"column":5}}},"18":{"name":"(anonymous_18)","decl":{"start":{"line":248,"column":6},"end":{"line":248,"column":20}},"loc":{"start":{"line":248,"column":29},"end":{"line":250,"column":7}}},"19":{"name":"(anonymous_19)","decl":{"start":{"line":261,"column":22},"end":{"line":261,"column":27}},"loc":{"start":{"line":261,"column":35},"end":{"line":282,"column":13}}},"20":{"name":"matchesFilter","decl":{"start":{"line":300,"column":9},"end":{"line":300,"column":23}},"loc":{"start":{"line":300,"column":74},"end":{"line":309,"column":null}}},"21":{"name":"prefersReducedMotion","decl":{"start":{"line":315,"column":9},"end":{"line":315,"column":41}},"loc":{"start":{"line":315,"column":41},"end":{"line":319,"column":null}}},"22":{"name":"RfqCardCell","decl":{"start":{"line":331,"column":9},"end":{"line":331,"column":21}},"loc":{"start":{"line":331,"column":60},"end":{"line":369,"column":null}}},"23":{"name":"handleAccept","decl":{"start":{"line":340,"column":11},"end":{"line":340,"column":24}},"loc":{"start":{"line":340,"column":47},"end":{"line":342,"column":null}}},"24":{"name":"handleCancel","decl":{"start":{"line":344,"column":11},"end":{"line":344,"column":32}},"loc":{"start":{"line":344,"column":32},"end":{"line":346,"column":null}}},"25":{"name":"handleRemove","decl":{"start":{"line":348,"column":11},"end":{"line":348,"column":32}},"loc":{"start":{"line":348,"column":32},"end":{"line":350,"column":null}}},"26":{"name":"handleAnimationEnd","decl":{"start":{"line":352,"column":11},"end":{"line":352,"column":30}},"loc":{"start":{"line":352,"column":60},"end":{"line":354,"column":null}}}},"branchMap":{"0":{"loc":{"start":{"line":62,"column":11},"end":{"line":62,"column":null}},"type":"binary-expr","locations":[{"start":{"line":62,"column":11},"end":{"line":62,"column":45}},{"start":{"line":62,"column":45},"end":{"line":62,"column":null}}]},"1":{"loc":{"start":{"line":81,"column":24},"end":{"line":81,"column":null}},"type":"binary-expr","locations":[{"start":{"line":81,"column":24},"end":{"line":81,"column":38}},{"start":{"line":81,"column":38},"end":{"line":81,"column":57}},{"start":{"line":81,"column":57},"end":{"line":81,"column":null}}]},"2":{"loc":{"start":{"line":82,"column":18},"end":{"line":82,"column":null}},"type":"binary-expr","locations":[{"start":{"line":82,"column":18},"end":{"line":82,"column":35}},{"start":{"line":82,"column":35},"end":{"line":82,"column":null}}]},"3":{"loc":{"start":{"line":99,"column":2},"end":{"line":120,"column":null}},"type":"if","locations":[{"start":{"line":99,"column":2},"end":{"line":120,"column":null}},{"start":{},"end":{}}]},"4":{"loc":{"start":{"line":99,"column":6},"end":{"line":99,"column":70}},"type":"binary-expr","locations":[{"start":{"line":99,"column":6},"end":{"line":99,"column":23}},{"start":{"line":99,"column":23},"end":{"line":99,"column":35}},{"start":{"line":99,"column":35},"end":{"line":99,"column":54}},{"start":{"line":99,"column":54},"end":{"line":99,"column":70}}]},"5":{"loc":{"start":{"line":103,"column":8},"end":{"line":106,"column":null}},"type":"binary-expr","locations":[{"start":{"line":103,"column":8},"end":{"line":103,"column":null}},{"start":{"line":104,"column":8},"end":{"line":104,"column":null}},{"start":{"line":105,"column":8},"end":{"line":105,"column":null}},{"start":{"line":106,"column":8},"end":{"line":106,"column":null}}]},"6":{"loc":{"start":{"line":110,"column":4},"end":{"line":119,"column":null}},"type":"if","locations":[{"start":{"line":110,"column":4},"end":{"line":119,"column":null}},{"start":{},"end":{}}]},"7":{"loc":{"start":{"line":127,"column":8},"end":{"line":128,"column":null}},"type":"binary-expr","locations":[{"start":{"line":127,"column":8},"end":{"line":127,"column":null}},{"start":{"line":128,"column":9},"end":{"line":128,"column":43}},{"start":{"line":128,"column":43},"end":{"line":128,"column":null}}]},"8":{"loc":{"start":{"line":139,"column":2},"end":{"line":192,"column":null}},"type":"if","locations":[{"start":{"line":139,"column":2},"end":{"line":192,"column":null}},{"start":{},"end":{}}]},"9":{"loc":{"start":{"line":156,"column":6},"end":{"line":159,"column":null}},"type":"if","locations":[{"start":{"line":156,"column":6},"end":{"line":159,"column":null}},{"start":{},"end":{}}]},"10":{"loc":{"start":{"line":162,"column":4},"end":{"line":175,"column":null}},"type":"if","locations":[{"start":{"line":162,"column":4},"end":{"line":175,"column":null}},{"start":{},"end":{}}]},"11":{"loc":{"start":{"line":169,"column":6},"end":{"line":174,"column":null}},"type":"if","locations":[{"start":{"line":169,"column":6},"end":{"line":174,"column":null}},{"start":{},"end":{}}]},"12":{"loc":{"start":{"line":177,"column":4},"end":{"line":179,"column":null}},"type":"if","locations":[{"start":{"line":177,"column":4},"end":{"line":179,"column":null}},{"start":{},"end":{}}]},"13":{"loc":{"start":{"line":181,"column":4},"end":{"line":183,"column":null}},"type":"if","locations":[{"start":{"line":181,"column":4},"end":{"line":183,"column":null}},{"start":{},"end":{}}]},"14":{"loc":{"start":{"line":185,"column":4},"end":{"line":187,"column":null}},"type":"if","locations":[{"start":{"line":185,"column":4},"end":{"line":187,"column":null}},{"start":{},"end":{}}]},"15":{"loc":{"start":{"line":189,"column":4},"end":{"line":191,"column":null}},"type":"if","locations":[{"start":{"line":189,"column":4},"end":{"line":191,"column":null}},{"start":{},"end":{}}]},"16":{"loc":{"start":{"line":197,"column":4},"end":{"line":202,"column":null}},"type":"if","locations":[{"start":{"line":197,"column":4},"end":{"line":202,"column":null}},{"start":{},"end":{}}]},"17":{"loc":{"start":{"line":214,"column":4},"end":{"line":225,"column":null}},"type":"if","locations":[{"start":{"line":214,"column":4},"end":{"line":225,"column":null}},{"start":{},"end":{}}]},"18":{"loc":{"start":{"line":216,"column":8},"end":{"line":218,"column":null}},"type":"if","locations":[{"start":{"line":216,"column":8},"end":{"line":218,"column":null}},{"start":{},"end":{}}]},"19":{"loc":{"start":{"line":229,"column":6},"end":{"line":231,"column":null}},"type":"if","locations":[{"start":{"line":229,"column":6},"end":{"line":231,"column":null}},{"start":{},"end":{}}]},"20":{"loc":{"start":{"line":238,"column":6},"end":{"line":240,"column":null}},"type":"if","locations":[{"start":{"line":238,"column":6},"end":{"line":240,"column":null}},{"start":{},"end":{}}]},"21":{"loc":{"start":{"line":247,"column":4},"end":{"line":251,"column":null}},"type":"if","locations":[{"start":{"line":247,"column":4},"end":{"line":251,"column":null}},{"start":{},"end":{}}]},"22":{"loc":{"start":{"line":257,"column":9},"end":{"line":283,"column":null}},"type":"cond-expr","locations":[{"start":{"line":258,"column":10},"end":{"line":260,"column":11}},{"start":{"line":260,"column":10},"end":{"line":283,"column":null}}]},"23":{"loc":{"start":{"line":276,"column":29},"end":{"line":276,"column":null}},"type":"binary-expr","locations":[{"start":{"line":276,"column":29},"end":{"line":276,"column":53}},{"start":{"line":276,"column":53},"end":{"line":276,"column":null}}]},"24":{"loc":{"start":{"line":301,"column":2},"end":{"line":308,"column":null}},"type":"switch","locations":[{"start":{"line":302,"column":4},"end":{"line":303,"column":null}},{"start":{"line":304,"column":4},"end":{"line":305,"column":null}},{"start":{"line":306,"column":4},"end":{"line":307,"column":null}}]},"25":{"loc":{"start":{"line":317,"column":4},"end":{"line":317,"column":null}},"type":"binary-expr","locations":[{"start":{"line":317,"colu
[...]
,"/__w/ReactiveTraderCloudClone/ReactiveTraderCloudClone/packages/client-react/src/ui/shell/layout/engine/appPanelRegistry.tsx": {"path":"/__w/ReactiveTraderCloudClone/ReactiveTraderCloudClone/packages/client-react/src/ui/shell/layout/engine/appPanelRegistry.tsx","statementMap":{"0":{"start":{"line":31,"column":47},"end":{"line":81,"column":null}},"1":{"start":{"line":33,"column":4},"end":{"line":33,"column":null}},"2":{"start":{"line":36,"column":4},"end":{"line":36,"column":null}},"3":{"start":{"line":39,"column":4},"end":{"line":39,"column":null}},"4":{"start":{"line":42,"column":4},"end":{"line":42,"column":null}},"5":{"start":{"line":45,"column":4},"end":{"line":45,"column":null}},"6":{"start":{"line":48,"column":4},"end":{"line":48,"column":null}},"7":{"start":{"line":51,"column":4},"end":{"line":51,"column":null}},"8":{"start":{"line":54,"column":4},"end":{"line":54,"column":null}},"9":{"start":{"line":57,"column":4},"end":{"line":57,"column":null}},"10":{"start":{"line":60,"column":4},"end":{"line":60,"column":null}},"11":{"start":{"line":63,"column":4},"end":{"line":63,"column":null}},"12":{"start":{"line":66,"column":4},"end":{"line":66,"column":null}},"13":{"start":{"line":69,"column":4},"end":{"line":69,"column":null}},"14":{"start":{"line":76,"column":4},"end":{"line":76,"column":null}},"15":{"start":{"line":79,"column":4},"end":{"line":79,"column":null}}},"fnMap":{"0":{"name":"noop","decl":{"start":{"line":27,"column":9},"end":{"line":27,"column":22}},"loc":{"start":{"line":27,"column":22},"end":{"line":27,"column":null}}},"1":{"name":"(anonymous_1)","decl":{"start":{"line":32,"column":2},"end":{"line":32,"column":20}},"loc":{"start":{"line":32,"column":20},"end":{"line":34,"column":null}}},"2":{"name":"(anonymous_2)","decl":{"start":{"line":35,"column":2},"end":{"line":35,"column":24}},"loc":{"start":{"line":35,"column":24},"end":{"line":37,"column":null}}},"3":{"name":"(anonymous_3)","decl":{"start":{"line":38,"column":2},"end":{"line":38,"column":24}},"loc":{"start":{"line":38,"column":24},"end":{"line":40,"column":null}}},"4":{"name":"(anonymous_4)","decl":{"start":{"line":41,"column":2},"end":{"line":41,"column":22}},"loc":{"start":{"line":41,"column":22},"end":{"line":43,"column":null}}},"5":{"name":"(anonymous_5)","decl":{"start":{"line":44,"column":2},"end":{"line":44,"column":26}},"loc":{"start":{"line":44,"column":26},"end":{"line":46,"column":null}}},"6":{"name":"(anonymous_6)","decl":{"start":{"line":47,"column":2},"end":{"line":47,"column":23}},"loc":{"start":{"line":47,"column":23},"end":{"line":49,"column":null}}},"7":{"name":"(anonymous_7)","decl":{"start":{"line":50,"column":2},"end":{"line":50,"column":26}},"loc":{"start":{"line":50,"column":26},"end":{"line":52,"column":null}}},"8":{"name":"(anonymous_8)","decl":{"start":{"line":53,"column":2},"end":{"line":53,"column":28}},"loc":{"start":{"line":53,"column":28},"end":{"line":55,"column":null}}},"9":{"name":"(anonymous_9)","decl":{"start":{"line":56,"column":2},"end":{"line":56,"column":27}},"loc":{"start":{"line":56,"column":27},"end":{"line":58,"column":null}}},"10":{"name":"(anonymous_10)","decl":{"start":{"line":59,"column":2},"end":{"line":59,"column":20}},"loc":{"start":{"line":59,"column":20},"end":{"line":61,"column":null}}},"11":{"name":"(anonymous_11)","decl":{"start":{"line":62,"column":2},"end":{"line":62,"column":22}},"loc":{"start":{"line":62,"column":22},"end":{"line":64,"column":null}}},"12":{"name":"(anonymous_12)","decl":{"start":{"line":65,"column":2},"end":{"line":65,"column":21}},"loc":{"start":{"line":65,"column":21},"end":{"line":67,"column":null}}},"13":{"name":"(anonymous_13)","decl":{"start":{"line":68,"column":2},"end":{"line":68,"column":24}},"loc":{"start":{"line":68,"column":24},"end":{"line":70,"column":null}}},"14":{"name":"(anonymous_14)","decl":{"start":{"line":75,"column":2},"end":{"line":75,"column":20}},"loc":{"start":{"line":75,"column":20},"end":{"line":77,"column":null}}},"15":{"name":"(anonymous_15)","decl":{"start":{"line":78,"column":2},"end":{"line":78,"column":22}},"loc":{"start":{"line":78,"column":22},"end":{"line":80,"column":null}}}},"branchMap":{},"s":{"0":1,"1":42,"2":42,"3":42,"4":42,"5":10,"6":10,"7":10,"8":0,"9":10,"10":10,"11":10,"12":10,"13":10,"14":0,"15":0},"f":{"0":0,"1":42,"2":42,"3":42,"4":42,"5":10,"6":10,"7":10,"8":0,"9":10,"10":10,"11":10,"12":10,"13":10,"14":0,"15":0},"b":{}}
,"/__w/ReactiveTraderCloudClone/ReactiveTraderCloudClone/packages/client-react/src/ui/shell/layout/engine/__tests__/panelErrorFixtures.tsx": {"path":"/__w/ReactiveTraderCloudClone/ReactiveTraderCloudClone/packages/client-react/src/ui/shell/layout/engine/__tests__/panelErrorFixtures.tsx","statementMap":{"0":{"start":{"line":10,"column":2},"end":{"line":10,"column":null}}},"fnMap":{"0":{"name":"ThrowingPanel","decl":{"start":{"line":9,"column":16},"end":{"line":9,"column":39}},"loc":{"start":{"line":9,"column":39},"end":{"line":11,"column":null}}}},"branchMap":{},"s":{"0":0},"f":{"0":0},"b":{}}
,"/__w/ReactiveTraderCloudClone/ReactiveTraderCloudClone/packages/client-react/src/ui/shell/lock/BiometricChannel.tsx": {"path":"/__w/ReactiveTraderCloudClone/ReactiveTraderCloudClone/packages/client-react/src/ui/shell/lock/BiometricChannel.tsx","statementMap":{"0":{"start":{"line":13,"column":2},"end":{"line":16,"column":null}}},"fnMap":{"0":{"name":"BiometricChannel","decl":{"start":{"line":12,"column":16},"end":{"line":12,"column":49}},"loc":{"start":{"line":12,"column":49},"end":{"line":18,"column":null}}}},"branchMap":{},"s":{"0":10},"f":{"0":10},"b":{}}
,"/__w/ReactiveTraderCloudClone/ReactiveTraderCloudClone/packages/client-react/src/ui/shell/lock/BiometricDots.tsx": {"path":"/__w/ReactiveTraderCloudClone/ReactiveTraderCloudClone/packages/client-react/src/ui/shell/lock/BiometricDots.tsx","statementMap":{"0":{"start":{"line":14,"column":2},"end":{"line":22,"column":null}}},"fnMap":{"0":{"name":"BiometricDots","decl":{"start":{"line":13,"column":16},"end":{"line":13,"column":46}},"loc":{"start":{"line":13,"column":46},"end":{"line":24,"column":null}}}},"branchMap":{},"s":{"0":10},"f":{"0":10},"b":{}}
,"/__w/ReactiveTraderCloudClone/ReactiveTraderCloudClone/packages/client-react/src/ui/shell/lock/LockScreen.tsx": {"path":"/__w/ReactiveTraderCloudClone/ReactiveTraderCloudClone/packages/client-react/src/ui/shell/lock/LockScreen.tsx","statementMap":{"0":{"start":{"line":18,"column":25},"end":{"line":18,"column":null}},"1":{"start":{"line":19,"column":28},"end":{"line":19,"column":null}},"2":{"start":{"line":21,"column":2},"end":{"line":23,"column":null}},"3":{"start":{"line":22,"column":4},"end":{"line":22,"column":null}},"4":{"start":{"line":25,"column":19},"end":{"line":25,"column":null}},"5":{"start":{"line":27,"column":2},"end":{"line":78,"column":null}}},"fnMap":{"0":{"name":"LockScreen","decl":{"start":{"line":17,"column":16},"end":{"line":17,"column":50}},"loc":{"start":{"line":17,"column":50},"end":{"line":80,"column":null}}}},"branchMap":{"0":{"loc":{"start":{"line":21,"column":2},"end":{"line":23,"column":null}},"type":"if","locations":[{"start":{"line":21,"column":2},"end":{"line":23,"column":null}},{"start":{},"end":{}}]}},"s":{"0":82,"1":82,"2":82,"3":72,"4":10,"5":10},"f":{"0":82},"b":{"0":[72,10]}}
,"/__w/ReactiveTraderCloudClone/ReactiveTraderCloudClone/packages/client-react/src/ui/shell/logo/HudLogo.tsx": {"path":"/__w/ReactiveTraderCloudClone/ReactiveTraderCloudClone/packages/client-react/src/ui/shell/logo/HudLogo.tsx","statementMap":{"0":{"start":{"line":22,"column":2},"end":{"line":99,"column":null}}},"fnMap":{"0":{"name":"HudLogo","decl":{"start":{"line":21,"column":16},"end":{"line":21,"column":40}},"loc":{"start":{"line":21,"column":40},"end":{"line":101,"column":null}}}},"branchMap":{},"s":{"0":92},"f":{"0":92},"b":{}}
,"/__w/ReactiveTraderCloudClone/ReactiveTraderCloudClone/packages/client-react/src/ui/shell/prefs/PrefSegment.tsx": {"path":"/__w/ReactiveTraderCloudClone/ReactiveTraderCloudClone/packages/client-react/src/ui/shell/prefs/PrefSegment.tsx","statementMap":{"0":{"start":{"line":18,"column":2},"end":{"line":43,"column":null}},"1":{"start":{"line":25,"column":25},"end":{"line":25,"column":null}},"2":{"start":{"line":26,"column":10},"end":{"line":39,"column":null}},"3":{"start":{"line":35,"column":16},"end":{"line":35,"column":null}}},"fnMap":{"0":{"name":"PrefSegment","decl":{"start":{"line":11,"column":16},"end":{"line":11,"column":28}},"loc":{"start":{"line":17,"column":35},"end":{"line":45,"column":null}}},"1":{"name":"(anonymous_1)","decl":{"start":{"line":24,"column":17},"end":{"line":24,"column":22}},"loc":{"start":{"line":24,"column":33},"end":{"line":41,"column":9}}},"2":{"name":"(anonymous_2)","decl":{"start":{"line":34,"column":14},"end":{"line":34,"column":29}},"loc":{"start":{"line":34,"column":29},"end":{"line":36,"column":null}}}},"branchMap":{"0":{"loc":{"start":{"line":32,"column":23},"end":{"line":32,"column":null}},"type":"cond-expr","locations":[{"start":{"line":32,"column":32},"end":{"line":32,"column":41}},{"start":{"line":32,"column":41},"end":{"line":32,"column":null}}]}},"s":{"0":60,"1":190,"2":190,"3":0},"f":{"0":60,"1":190,"2":0},"b":{"0":[60,130]}}
,"/__w/ReactiveTraderCloudClone/ReactiveTraderCloudClone/packages/client-react/src/ui/shell/prefs/PrefToggle.tsx": {"path":"/__w/ReactiveTraderCloudClone/ReactiveTraderCloudClone/packages/client-react/src/ui/shell/prefs/PrefToggle.tsx","statementMap":{"0":{"start":{"line":18,"column":2},"end":{"line":36,"column":null}}},"fnMap":{"0":{"name":"PrefToggle","decl":{"start":{"line":11,"column":16},"end":{"line":11,"column":27}},"loc":{"start":{"line":17,"column":34},"end":{"line":38,"column":null}}}},"branchMap":{"0":{"loc":{"start":{"line":22,"column":9},"end":{"line":24,"column":null}},"type":"cond-expr","locations":[{"start":{"line":23,"column":10},"end":{"line":24,"column":null}},{"start":{"line":24,"column":12},"end":{"line":24,"column":null}}]},"1":{"loc":{"start":{"line":32,"column":17},"end":{"line":32,"column":null}},"type":"cond-expr","locations":[{"start":{"line":32,"column":22},"end":{"line":32,"column":31}},{"start":{"line":32,"column":31},"end":{"line":32,"column":null}}]}},"s":{"0":150},"f":{"0":150},"b":{"0":[70,80],"1":[80,70]}}
,"/__w/ReactiveTraderCloudClone/ReactiveTraderCloudClone/packages/client-react/src/ui/shell/prefs/PreferencesModal.tsx": {"path":"/__w/ReactiveTraderCloudClone/ReactiveTraderCloudClone/packages/client-react/src/ui/shell/prefs/PreferencesModal.tsx","statementMap":{"0":{"start":{"line":23,"column":36},"end":{"line":23,"column":null}},"1":{"start":{"line":25,"column":4},"end":{"line":25,"column":null}},"2":{"start":{"line":28,"column":4},"end":{"line":28,"column":null}},"3":{"start":{"line":30,"column":4},"end":{"line":30,"column":null}},"4":{"start":{"line":32,"column":2},"end":{"line":34,"column":null}},"5":{"start":{"line":33,"column":4},"end":{"line":33,"column":null}},"6":{"start":{"line":37,"column":4},"end":{"line":39,"column":null}},"7":{"start":{"line":38,"column":6},"end":{"line":38,"column":null}},"8":{"start":{"line":43,"column":4},"end":{"line":45,"column":null}},"9":{"start":{"line":44,"column":6},"end":{"line":44,"column":null}},"10":{"start":{"line":48,"column":2},"end":{"line":141,"column":null}},"11":{"start":{"line":152,"column":2},"end":{"line":168,"column":null}},"12":{"start":{"line":155,"column":8},"end":{"line":165,"column":null}},"13":{"start":{"line":162,"column":14},"end":{"line":162,"column":null}},"14":{"start":{"line":178,"column":2},"end":{"line":194,"column":null}},"15":{"start":{"line":181,"column":8},"end":{"line":191,"column":null}},"16":{"start":{"line":188,"column":14},"end":{"line":188,"column":null}},"17":{"start":{"line":234,"column":46},"end":{"line":247,"column":null}},"18":{"start":{"line":249,"column":46},"end":{"line":257,"column":null}},"19":{"start":{"line":259,"column":51},"end":{"line":267,"column":null}},"20":{"start":{"line":269,"column":43},"end":{"line":282,"column":null}},"21":{"start":{"line":284,"column":48},"end":{"line":311,"column":null}},"22":{"start":{"line":313,"column":48},"end":{"line":323,"column":null}},"23":{"start":{"line":325,"column":45},"end":{"line":346,"column":null}},"24":{"start":{"line":348,"column":49},"end":{"line":363,"column":null}},"25":{"start":{"line":365,"column":49},"end":{"line":372,"column":null}}},"fnMap":{"0":{"name":"PreferencesModal","decl":{"start":{"line":19,"column":16},"end":{"line":19,"column":33}},"loc":{"start":{"line":22,"column":47},"end":{"line":143,"column":null}}},"1":{"name":"toggleCosmetic","decl":{"start":{"line":36,"column":11},"end":{"line":36,"column":26}},"loc":{"start":{"line":36,"column":45},"end":{"line":40,"column":null}}},"2":{"name":"(anonymous_2)","decl":{"start":{"line":37,"column":4},"end":{"line":37,"column":16}},"loc":{"start":{"line":37,"column":25},"end":{"line":39,"column":5}}},"3":{"name":"selectSegment","decl":{"start":{"line":42,"column":11},"end":{"line":42,"column":25}},"loc":{"start":{"line":42,"column":61},"end":{"line":46,"column":null}}},"4":{"name":"(anonymous_4)","decl":{"start":{"line":43,"column":4},"end":{"line":43,"column":17}},"loc":{"start":{"line":43,"column":26},"end":{"line":45,"column":5}}},"5":{"name":"ToggleGroup","decl":{"start":{"line":147,"column":9},"end":{"line":147,"column":21}},"loc":{"start":{"line":151,"column":35},"end":{"line":170,"column":null}}},"6":{"name":"(anonymous_6)","decl":{"start":{"line":154,"column":12},"end":{"line":154,"column":17}},"loc":{"start":{"line":154,"column":25},"end":{"line":167,"column":7}}},"7":{"name":"(anonymous_7)","decl":{"start":{"line":161,"column":12},"end":{"line":161,"column":28}},"loc":{"start":{"line":161,"column":28},"end":{"line":163,"column":null}}},"8":{"name":"SegmentGroup","decl":{"start":{"line":173,"column":9},"end":{"line":173,"column":22}},"loc":{"start":{"line":177,"column":36},"end":{"line":196,"column":null}}},"9":{"name":"(anonymous_9)","decl":{"start":{"line":180,"column":12},"end":{"line":180,"column":17}},"loc":{"start":{"line":180,"column":25},"end":{"line":193,"column":7}}},"10":{"name":"(anonymous_10)","decl":{"start":{"line":187,"column":12},"end":{"line":187,"column":23}},"loc":{"start":{"line":187,"column":41},"end":{"line":189,"column":null}}}},"branchMap":{"0":{"loc":{"start":{"line":32,"column":2},"end":{"line":34,"column":null}},"type":"if","locations":[{"start":{"line":32,"column":2},"end":{"line":34,"column":null}},{"start":{},"end":{}}]}},"s":{"0":92,"1":92,"2":92,"3":92,"4":92,"5":82,"6":0,"7":0,"8":0,"9":0,"10":10,"11":40,"12":140,"13":0,"14":30,"15":60,"16":0,"17":1,"18":1,"19":1,"20":1,"21":1,"22":1,"23":1,"24":1,"25":1},"f":{"0":92,"1":0,"2":0,"3":0,"4":0,"5":40,"6":140,"7":0,"8":30,"9":60,"10":0},"b":{"0":[82,10]}}
,"/__w/ReactiveTraderCloudClone/ReactiveTraderCloudClone/packages/client-react/src/ui/shell/stale/StaleIndicator.tsx": {"path":"/__w/ReactiveTraderCloudClone/ReactiveTraderCloudClone/packages/client-react/src/ui/shell/stale/StaleIndicator.tsx","statementMap":{"0":{"start":{"line":13,"column":2},"end":{"line":27,"column":null}}},"fnMap":{"0":{"name":"StaleIndicator","decl":{"start":{"line":8,"column":16},"end":{"line":8,"column":31}},"loc":{"start":{"line":12,"column":38},"end":{"line":29,"column":null}}}},"branchMap":{"0":{"loc":{"start":{"line":15,"column":18},"end":{"line":15,"column":null}},"type":"binary-expr","locations":[{"start":{"line":15,"column":18},"end":{"line":15,"column":27}},{"start":{"line":15,"column":27},"end":{"line":15,"column":null}}]},"1":{"loc":{"start":{"line":20,"column":7},"end":{"line":27,"column":null}},"type":"binary-expr","locations":[{"start":{"line":20,"column":7},"end":{"line":20,"column":null}},{"start":{"line":21,"column":8},"end":{"line":27,"column":null}}]}},"s":{"0":520},"f":{"0":520},"b":{"0":[520,510],"1":[520,10]}}
,"/__w/ReactiveTraderCloudClone/ReactiveTraderCloudClone/packages/client-react/src/ui/shell/status/CosmeticMetrics.tsx": {"path":"/__w/ReactiveTraderCloudClone/ReactiveTraderCloudClone/packages/client-react/src/ui/shell/status/CosmeticMetrics.tsx","statementMap":{"0":{"start":{"line":7,"column":2},"end":{"line":24,"column":null}},"1":{"start":{"line":10,"column":8},"end":{"line":17,"column":null}},"2":{"start":{"line":35,"column":16},"end":{"line":44,"column":null}},"3":{"start":{"line":46,"column":14},"end":{"line":46,"column":null}},"4":{"start":{"line":47,"column":14},"end":{"line":47,"column":null}}},"fnMap":{"0":{"name":"CosmeticMetrics","decl":{"start":{"line":6,"column":16},"end":{"line":6,"column":48}},"loc":{"start":{"line":6,"column":48},"end":{"line":26,"column":null}}},"1":{"name":"(anonymous_1)","decl":{"start":{"line":9,"column":15},"end":{"line":9,"column":20}},"loc":{"start":{"line":9,"column":26},"end":{"line":19,"column":7}}}},"branchMap":{},"s":{"0":82,"1":656,"2":1,"3":1,"4":1},"f":{"0":82,"1":656},"b":{}}
,"/__w/ReactiveTraderCloudClone/ReactiveTraderCloudClone/packages/client-react/src/ui/shell/status/StatusBar.tsx": {"path":"/__w/ReactiveTraderCloudClone/ReactiveTraderCloudClone/packages/client-react/src/ui/shell/status/StatusBar.tsx","statementMap":{"0":{"start":{"line":19,"column":25},"end":{"line":19,"column":null}},"1":{"start":{"line":20,"column":20},"end":{"line":20,"column":null}},"2":{"start":{"line":22,"column":2},"end":{"line":30,"column":null}}},"fnMap":{"0":{"name":"StatusBar","decl":{"start":{"line":18,"column":16},"end":{"line":18,"column":42}},"loc":{"start":{"line":18,"column":42},"end":{"line":32,"column":null}}}},"branchMap":{},"s":{"0":82,"1":82,"2":82},"f":{"0":82},"b":{}}
,"/__w/ReactiveTraderCloudClone/ReactiveTraderCloudClone/packages/client-react/src/ui/shell/theme/ThemeProvider.tsx": {"path":"/__w/ReactiveTraderCloudClone/ReactiveTraderCloudClone/packages/client-react/src/ui/shell/theme/ThemeProvider.tsx","statementMap":{"0":{"start":{"line":23,"column":57},"end":{"line":23,"column":null}},"1":{"start":{"line":24,"column":53},"end":{"line":24,"column":null}},"2":{"start":{"line":25,"column":28},"end":{"line":25,"column":null}},"3":{"start":{"line":27,"column":2},"end":{"line":31,"column":null}},"4":{"start":{"line":28,"column":4},"end":{"line":28,"column":null}},"5":{"start":{"line":29,"column":4},"end":{"line":29,"column":null}},"6":{"start":{"line":30,"column":4},"end":{"line":30,"column":null}},"7":{"start":{"line":33,"column":2},"end":{"line":38,"column":null}},"8":{"start":{"line":43,"column":15},"end":{"line":43,"column":null}},"9":{"start":{"line":45,"column":2},"end":{"line":47,"column":null}},"10":{"start":{"line":46,"column":4},"end":{"line":46,"column":null}}},"fnMap":{"0":{"name":"ThemeProvider","decl":{"start":{"line":9,"column":16},"end":{"line":9,"column":30}},"loc":{"start":{"line":9,"column":78},"end":{"line":40,"column":null}}},"1":{"name":"(anonymous_1)","decl":{"start":{"line":27,"column":2},"end":{"line":27,"column":24}},"loc":{"start":{"line":27,"column":24},"end":{"line":31,"column":5}}},"2":{"name":"applyTokens","decl":{"start":{"line":42,"column":9},"end":{"line":42,"column":21}},"loc":{"start":{"line":42,"column":48},"end":{"line":48,"column":null}}}},"branchMap":{},"s":{"0":1242,"1":1242,"2":1242,"3":1242,"4":1242,"5":1242,"6":1242,"7":1242,"8":1242,"9":1242,"10":47196},"f":{"0":1242,"1":1242,"2":1242},"b":{}}
,"/__w/ReactiveTraderCloudClone/ReactiveTraderCloudClone/packages/client-react/src/ui/shell/theme/ThemeToggle.tsx": {"path":"/__w/ReactiveTraderCloudClone/ReactiveTraderCloudClone/packages/client-react/src/ui/shell/theme/ThemeToggle.tsx","statementMap":{"0":{"start":{"line":10,"column":40},"end":{"line":10,"column":null}},"1":{"start":{"line":12,"column":2},"end":{"line":23,"column":null}},"2":{"start":{"line":29,"column":50},"end":{"line":33,"column":null}}},"fnMap":{"0":{"name":"ThemeToggle","decl":{"start":{"line":9,"column":16},"end":{"line":9,"column":44}},"loc":{"start":{"line":9,"column":44},"end":{"line":25,"column":null}}}},"branchMap":{},"s":{"0":102,"1":102,"2":1},"f":{"0":102},"b":{}}
}
