{"/__w/ReactiveTraderCloudClone/ReactiveTraderCloudClone/packages/client-react/src/ui/App.module.css": {"path":"/__w/ReactiveTraderCloudClone/ReactiveTraderCloudClone/packages/client-react/src/ui/App.module.css","statementMap":{},"fnMap":{},"branchMap":{},"s":{},"f":{},"b":{},"meta":{"lastBranch":0,"lastFunction":0,"lastStatement":0,"seen":{},"fnNames":{}}}
,"/__w/ReactiveTraderCloudClone/ReactiveTraderCloudClone/packages/client-react/src/ui/admin/AdminDashboard.module.css": {"path":"/__w/ReactiveTraderCloudClone/ReactiveTraderCloudClone/packages/client-react/src/ui/admin/AdminDashboard.module.css","statementMap":{},"fnMap":{},"branchMap":{},"s":{},"f":{},"b":{},"meta":{"lastBranch":0,"lastFunction":0,"lastStatement":0,"seen":{},"fnNames":{}}}
,"/__w/ReactiveTraderCloudClone/ReactiveTraderCloudClone/packages/client-react/src/ui/admin/AdminDashboard.tsx": {"path":"/__w/ReactiveTraderCloudClone/ReactiveTraderCloudClone/packages/client-react/src/ui/admin/AdminDashboard.tsx","statementMap":{"0":{"start":{"line":35,"column":2},"end":{"line":60,"column":null}},"1":{"start":{"line":74,"column":2},"end":{"line":80,"column":null}}},"fnMap":{"0":{"name":"AdminDashboard","decl":{"start":{"line":34,"column":16},"end":{"line":34,"column":47}},"loc":{"start":{"line":34,"column":47},"end":{"line":62,"column":null}},"line":34},"1":{"name":"RetainedCard","decl":{"start":{"line":69,"column":9},"end":{"line":69,"column":22}},"loc":{"start":{"line":73,"column":36},"end":{"line":82,"column":null}},"line":73}},"branchMap":{"0":{"loc":{"start":{"line":76,"column":7},"end":{"line":79,"column":7}},"type":"binary-expr","locations":[{"start":{"line":76,"column":7},"end":{"line":76,"column":null}},{"start":{"line":77,"column":8},"end":{"line":79,"column":7}}],"line":76}},"s":{"0":10,"1":40},"f":{"0":10,"1":40},"b":{"0":[40,10]},"meta":{"lastBranch":1,"lastFunction":2,"lastStatement":2,"seen":{"f:34:16:34:47":0,"s:35:2:60:Infinity":0,"f:69:9:69:22":1,"s:74:2:80:Infinity":1,"b:76:7:76:Infinity:77:8:79:7":0},"fnNames":{}}}
,"/__w/ReactiveTraderCloudClone/ReactiveTraderCloudClone/packages/client-react/src/ui/admin/AdminHead.module.css": {"path":"/__w/ReactiveTraderCloudClone/ReactiveTraderCloudClone/packages/client-react/src/ui/admin/AdminHead.module.css","statementMap":{},"fnMap":{},"branchMap":{},"s":{},"f":{},"b":{},"meta":{"lastBranch":0,"lastFunction":0,"lastStatement":0,"seen":{},"fnNames":{}}}
,"/__w/ReactiveTraderCloudClone/ReactiveTraderCloudClone/packages/client-react/src/ui/admin/AdminHead.tsx": {"path":"/__w/ReactiveTraderCloudClone/ReactiveTraderCloudClone/packages/client-react/src/ui/admin/AdminHead.tsx","statementMap":{"0":{"start":{"line":23,"column":10},"end":{"line":23,"column":null}},"1":{"start":{"line":24,"column":20},"end":{"line":24,"column":null}},"2":{"start":{"line":25,"column":25},"end":{"line":25,"column":null}},"3":{"start":{"line":27,"column":2},"end":{"line":44,"column":null}}},"fnMap":{"0":{"name":"AdminHead","decl":{"start":{"line":22,"column":16},"end":{"line":22,"column":42}},"loc":{"start":{"line":22,"column":42},"end":{"line":46,"column":null}},"line":22}},"branchMap":{"0":{"loc":{"start":{"line":39,"column":23},"end":{"line":39,"column":null}},"type":"cond-expr","locations":[{"start":{"line":39,"column":40},"end":{"line":39,"column":49}},{"start":{"line":39,"column":49},"end":{"line":39,"column":null}}],"line":39},"1":{"loc":{"start":{"line":42,"column":9},"end":{"line":42,"column":null}},"type":"cond-expr","locations":[{"start":{"line":42,"column":26},"end":{"line":42,"column":48}},{"start":{"line":42,"column":48},"end":{"line":42,"column":null}}],"line":42}},"s":{"0":10,"1":10,"2":10,"3":10},"f":{"0":10},"b":{"0":[4,6],"1":[4,6]},"meta":{"lastBranch":2,"lastFunction":1,"lastStatement":4,"seen":{"f:22:16:22:42":0,"s:23:10:23:Infinity":0,"s:24:20:24:Infinity":1,"s:25:25:25:Infinity":2,"s:27:2:44:Infinity":3,"b:39:40:39:49:39:49:39:Infinity":0,"b:42:26:42:48:42:48:42:Infinity":1},"fnNames":{}}}
,"/__w/ReactiveTraderCloudClone/ReactiveTraderCloudClone/packages/client-react/src/ui/admin/AdminPanel.module.css": {"path":"/__w/ReactiveTraderCloudClone/ReactiveTraderCloudClone/packages/client-react/src/ui/admin/AdminPanel.module.css","statementMap":{},"fnMap":{},"branchMap":{},"s":{},"f":{},"b":{},"meta":{"lastBranch":0,"lastFunction":0,"lastStatement":0,"seen":{},"fnNames":{}}}
,"/__w/ReactiveTraderCloudClone/ReactiveTraderCloudClone/packages/client-react/src/ui/admin/AdminPanel.tsx": {"path":"/__w/ReactiveTraderCloudClone/ReactiveTraderCloudClone/packages/client-react/src/ui/admin/AdminPanel.tsx","statementMap":{"0":{"start":{"line":8,"column":10},"end":{"line":8,"column":null}},"1":{"start":{"line":9,"column":48},"end":{"line":9,"column":null}},"2":{"start":{"line":11,"column":2},"end":{"line":13,"column":null}},"3":{"start":{"line":12,"column":4},"end":{"line":12,"column":null}},"4":{"start":{"line":15,"column":2},"end":{"line":60,"column":null}},"5":{"start":{"line":27,"column":12},"end":{"line":27,"column":null}},"6":{"start":{"line":40,"column":24},"end":{"line":40,"column":null}},"7":{"start":{"line":42,"column":14},"end":{"line":44,"column":null}},"8":{"start":{"line":43,"column":16},"end":{"line":43,"column":null}}},"fnMap":{"0":{"name":"AdminPanel","decl":{"start":{"line":7,"column":16},"end":{"line":7,"column":43}},"loc":{"start":{"line":7,"column":43},"end":{"line":62,"column":null}},"line":7},"1":{"name":"(anonymous_1)","decl":{"start":{"line":26,"column":10},"end":{"line":26,"column":21}},"loc":{"start":{"line":26,"column":64},"end":{"line":28,"column":null}},"line":26},"2":{"name":"(anonymous_2)","decl":{"start":{"line":39,"column":12},"end":{"line":39,"column":23}},"loc":{"start":{"line":39,"column":66},"end":{"line":45,"column":null}},"line":39}},"branchMap":{"0":{"loc":{"start":{"line":11,"column":2},"end":{"line":13,"column":null}},"type":"if","locations":[{"start":{"line":11,"column":2},"end":{"line":13,"column":null}},{"start":{},"end":{}}],"line":11},"1":{"loc":{"start":{"line":42,"column":14},"end":{"line":44,"column":null}},"type":"if","locations":[{"start":{"line":42,"column":14},"end":{"line":44,"column":null}},{"start":{},"end":{}}],"line":42},"2":{"loc":{"start":{"line":42,"column":18},"end":{"line":42,"column":61}},"type":"binary-expr","locations":[{"start":{"line":42,"column":18},"end":{"line":42,"column":40}},{"start":{"line":42,"column":40},"end":{"line":42,"column":50}},{"start":{"line":42,"column":50},"end":{"line":42,"column":61}}],"line":42},"3":{"loc":{"start":{"line":52,"column":7},"end":{"line":58,"column":null}},"type":"binary-expr","locations":[{"start":{"line":52,"column":7},"end":{"line":52,"column":null}},{"start":{"line":53,"column":8},"end":{"line":58,"column":null}}],"line":52},"4":{"loc":{"start":{"line":54,"column":22},"end":{"line":54,"column":null}},"type":"cond-expr","locations":[{"start":{"line":54,"column":40},"end":{"line":54,"column":49}},{"start":{"line":54,"column":49},"end":{"line":54,"column":null}}],"line":54}},"s":{"0":49,"1":49,"2":49,"3":1,"4":48,"5":2,"6":13,"7":13,"8":12},"f":{"0":49,"1":2,"2":13},"b":{"0":[1,48],"1":[12,1],"2":[13,13,13],"3":[48,4],"4":[2,2]},"meta":{"lastBranch":5,"lastFunction":3,"lastStatement":9,"seen":{"f:7:16:7:43":0,"s:8:10:8:Infinity":0,"s:9:48:9:Infinity":1,"b:11:2:13:Infinity:undefined:undefined:undefined:undefined":0,"s:11:2:13:Infinity":2,"s:12:4:12:Infinity":3,"s:15:2:60:Infinity":4,"f:26:10:26:21":1,"s:27:12:27:Infinity":5,"f:39:12:39:23":2,"s:40:24:40:Infinity":6,"b:42:14:44:Infinity:undefined:undefined:undefined:undefined":1,"s:42:14:44:Infinity":7,"b:42:18:42:40:42:40:42:50:42:50:42:61":2,"s:43:16:43:Infinity":8,"b:52:7:52:Infinity:53:8:58:Infinity":3,"b:54:40:54:49:54:49:54:Infinity":4},"fnNames":{}}}
,"/__w/ReactiveTraderCloudClone/ReactiveTraderCloudClone/packages/client-react/src/ui/admin/IncidentControls.module.css": {"path":"/__w/ReactiveTraderCloudClone/ReactiveTraderCloudClone/packages/client-react/src/ui/admin/IncidentControls.module.css","statementMap":{},"fnMap":{},"branchMap":{},"s":{},"f":{},"b":{},"meta":{"lastBranch":0,"lastFunction":0,"lastStatement":0,"seen":{},"fnNames":{}}}
,"/__w/ReactiveTraderCloudClone/ReactiveTraderCloudClone/packages/client-react/src/ui/admin/IncidentControls.tsx": {"path":"/__w/ReactiveTraderCloudClone/ReactiveTraderCloudClone/packages/client-react/src/ui/admin/IncidentControls.tsx","statementMap":{"0":{"start":{"line":13,"column":10},"end":{"line":13,"column":null}},"1":{"start":{"line":14,"column":35},"end":{"line":14,"column":null}},"2":{"start":{"line":16,"column":2},"end":{"line":49,"column":null}},"3":{"start":{"line":21,"column":25},"end":{"line":21,"column":null}},"4":{"start":{"line":22,"column":10},"end":{"line":34,"column":null}},"5":{"start":{"line":30,"column":16},"end":{"line":30,"column":null}},"6":{"start":{"line":43,"column":12},"end":{"line":43,"column":null}},"7":{"start":{"line":56,"column":18},"end":{"line":60,"column":null}}},"fnMap":{"0":{"name":"IncidentControls","decl":{"start":{"line":12,"column":16},"end":{"line":12,"column":49}},"loc":{"start":{"line":12,"column":49},"end":{"line":51,"column":null}},"line":12},"1":{"name":"(anonymous_1)","decl":{"start":{"line":20,"column":19},"end":{"line":20,"column":24}},"loc":{"start":{"line":20,"column":37},"end":{"line":36,"column":9}},"line":20},"2":{"name":"(anonymous_2)","decl":{"start":{"line":29,"column":14},"end":{"line":29,"column":29}},"loc":{"start":{"line":29,"column":29},"end":{"line":31,"column":null}},"line":29},"3":{"name":"(anonymous_3)","decl":{"start":{"line":42,"column":10},"end":{"line":42,"column":25}},"loc":{"start":{"line":42,"column":25},"end":{"line":44,"column":null}},"line":42}},"branchMap":{"0":{"loc":{"start":{"line":27,"column":27},"end":{"line":27,"column":null}},"type":"cond-expr","locations":[{"start":{"line":27,"column":36},"end":{"line":27,"column":45}},{"start":{"line":27,"column":45},"end":{"line":27,"column":null}}],"line":27},"1":{"loc":{"start":{"line":40,"column":23},"end":{"line":40,"column":null}},"type":"cond-expr","locations":[{"start":{"line":40,"column":51},"end":{"line":40,"column":61}},{"start":{"line":40,"column":61},"end":{"line":40,"column":null}}],"line":40}},"s":{"0":41,"1":41,"2":41,"3":123,"4":123,"5":8,"6":2,"7":103},"f":{"0":41,"1":123,"2":8,"3":2},"b":{"0":[16,107],"1":[25,16]},"meta":{"lastBranch":2,"lastFunction":4,"lastStatement":8,"seen":{"f:12:16:12:49":0,"s:13:10:13:Infinity":0,"s:14:35:14:Infinity":1,"s:16:2:49:Infinity":2,"f:20:19:20:24":1,"s:21:25:21:Infinity":3,"s:22:10:34:Infinity":4,"b:27:36:27:45:27:45:27:Infinity":0,"f:29:14:29:29":2,"s:30:16:30:Infinity":5,"b:40:51:40:61:40:61:40:Infinity":1,"f:42:10:42:25":3,"s:43:12:43:Infinity":6,"s:56:18:60:Infinity":7},"fnNames":{}}}
,"/__w/ReactiveTraderCloudClone/ReactiveTraderCloudClone/packages/client-react/src/ui/admin/LatencyHistogram.module.css": {"path":"/__w/ReactiveTraderCloudClone/ReactiveTraderCloudClone/packages/client-react/src/ui/admin/LatencyHistogram.module.css","statementMap":{},"fnMap":{},"branchMap":{},"s":{},"f":{},"b":{},"meta":{"lastBranch":0,"lastFunction":0,"lastStatement":0,"seen":{},"fnNames":{}}}
,"/__w/ReactiveTraderCloudClone/ReactiveTraderCloudClone/packages/client-react/src/ui/admin/LatencyHistogram.tsx": {"path":"/__w/ReactiveTraderCloudClone/ReactiveTraderCloudClone/packages/client-react/src/ui/admin/LatencyHistogram.tsx","statementMap":{"0":{"start":{"line":16,"column":10},"end":{"line":16,"column":null}},"1":{"start":{"line":17,"column":22},"end":{"line":17,"column":null}},"2":{"start":{"line":18,"column":8},"end":{"line":18,"column":null}},"3":{"start":{"line":20,"column":2},"end":{"line":47,"column":null}},"4":{"start":{"line":31,"column":12},"end":{"line":42,"column":null}}},"fnMap":{"0":{"name":"LatencyHistogram","decl":{"start":{"line":15,"column":16},"end":{"line":15,"column":49}},"loc":{"start":{"line":15,"column":49},"end":{"line":49,"column":null}},"line":15},"1":{"name":"(anonymous_1)","decl":{"start":{"line":30,"column":16},"end":{"line":30,"column":21}},"loc":{"start":{"line":30,"column":29},"end":{"line":44,"column":11}},"line":30}},"branchMap":{"0":{"loc":{"start":{"line":26,"column":7},"end":{"line":47,"column":null}},"type":"cond-expr","locations":[{"start":{"line":27,"column":8},"end":{"line":29,"column":9}},{"start":{"line":29,"column":8},"end":{"line":47,"column":null}}],"line":26}},"s":{"0":17,"1":17,"2":17,"3":17,"4":24},"f":{"0":17,"1":24},"b":{"0":[13,4]},"meta":{"lastBranch":1,"lastFunction":2,"lastStatement":5,"seen":{"f:15:16:15:49":0,"s:16:10:16:Infinity":0,"s:17:22:17:Infinity":1,"s:18:8:18:Infinity":2,"s:20:2:47:Infinity":3,"b:27:8:29:9:29:8:47:Infinity":0,"f:30:16:30:21":1,"s:31:12:42:Infinity":4},"fnNames":{}}}
,"/__w/ReactiveTraderCloudClone/ReactiveTraderCloudClone/packages/client-react/src/ui/admin/LiveEventLog.module.css": {"path":"/__w/ReactiveTraderCloudClone/ReactiveTraderCloudClone/packages/client-react/src/ui/admin/LiveEventLog.module.css","statementMap":{},"fnMap":{},"branchMap":{},"s":{},"f":{},"b":{},"meta":{"lastBranch":0,"lastFunction":0,"lastStatement":0,"seen":{},"fnNames":{}}}
,"/__w/ReactiveTraderCloudClone/ReactiveTraderCloudClone/packages/client-react/src/ui/admin/LiveEventLog.tsx": {"path":"/__w/ReactiveTraderCloudClone/ReactiveTraderCloudClone/packages/client-react/src/ui/admin/LiveEventLog.tsx","statementMap":{"0":{"start":{"line":16,"column":10},"end":{"line":16,"column":null}},"1":{"start":{"line":17,"column":17},"end":{"line":17,"column":null}},"2":{"start":{"line":19,"column":2},"end":{"line":47,"column":null}},"3":{"start":{"line":30,"column":24},"end":{"line":30,"column":null}},"4":{"start":{"line":31,"column":12},"end":{"line":42,"column":null}},"5":{"start":{"line":53,"column":68},"end":{"line":57,"column":null}},"6":{"start":{"line":60,"column":2},"end":{"line":60,"column":null}},"7":{"start":{"line":65,"column":12},"end":{"line":65,"column":null}},"8":{"start":{"line":66,"column":2},"end":{"line":66,"column":null}}},"fnMap":{"0":{"name":"LiveEventLog","decl":{"start":{"line":15,"column":16},"end":{"line":15,"column":45}},"loc":{"start":{"line":15,"column":45},"end":{"line":49,"column":null}},"line":15},"1":{"name":"(anonymous_1)","decl":{"start":{"line":29,"column":18},"end":{"line":29,"column":23}},"loc":{"start":{"line":29,"column":29},"end":{"line":44,"column":11}},"line":29},"2":{"name":"pad2","decl":{"start":{"line":59,"column":9},"end":{"line":59,"column":14}},"loc":{"start":{"line":59,"column":33},"end":{"line":61,"column":null}},"line":59},"3":{"name":"clock","decl":{"start":{"line":64,"column":9},"end":{"line":64,"column":15}},"loc":{"start":{"line":64,"column":34},"end":{"line":67,"column":null}},"line":64}},"branchMap":{"0":{"loc":{"start":{"line":25,"column":7},"end":{"line":47,"column":null}},"type":"cond-expr","locations":[{"start":{"line":26,"column":8},"end":{"line":28,"column":9}},{"start":{"line":28,"column":8},"end":{"line":47,"column":null}}],"line":25}},"s":{"0":20,"1":20,"2":20,"3":17,"4":17,"5":103,"6":51,"7":17,"8":17},"f":{"0":20,"1":17,"2":51,"3":17},"b":{"0":[13,7]},"meta":{"lastBranch":1,"lastFunction":4,"lastStatement":9,"seen":{"f:15:16:15:45":0,"s:16:10:16:Infinity":0,"s:17:17:17:Infinity":1,"s:19:2:47:Infinity":2,"b:26:8:28:9:28:8:47:Infinity":0,"f:29:18:29:23":1,"s:30:24:30:Infinity":3,"s:31:12:42:Infinity":4,"s:53:68:57:Infinity":5,"f:59:9:59:14":2,"s:60:2:60:Infinity":6,"f:64:9:64:15":3,"s:65:12:65:Infinity":7,"s:66:2:66:Infinity":8},"fnNames":{}}}
,"/__w/ReactiveTraderCloudClone/ReactiveTraderCloudClone/packages/client-react/src/ui/admin/ServiceTopologyGraph.module.css": {"path":"/__w/ReactiveTraderCloudClone/ReactiveTraderCloudClone/packages/client-react/src/ui/admin/ServiceTopologyGraph.module.css","statementMap":{},"fnMap":{},"branchMap":{},"s":{},"f":{},"b":{},"meta":{"lastBranch":0,"lastFunction":0,"lastStatement":0,"seen":{},"fnNames":{}}}
,"/__w/ReactiveTraderCloudClone/ReactiveTraderCloudClone/packages/client-react/src/ui/admin/ServiceTopologyGraph.tsx": {"path":"/__w/ReactiveTraderCloudClone/ReactiveTraderCloudClone/packages/client-react/src/ui/admin/ServiceTopologyGraph.tsx","statementMap":{"0":{"start":{"line":16,"column":10},"end":{"line":16,"column":null}},"1":{"start":{"line":17,"column":19},"end":{"line":17,"column":null}},"2":{"start":{"line":19,"column":2},"end":{"line":25,"column":null}},"3":{"start":{"line":20,"column":4},"end":{"line":23,"column":null}},"4":{"start":{"line":27,"column":25},"end":{"line":32,"column":null}},"5":{"start":{"line":30,"column":6},"end":{"line":30,"column":null}},"6":{"start":{"line":33,"column":22},"end":{"line":38,"column":null}},"7":{"start":{"line":36,"column":6},"end":{"line":36,"column":null}},"8":{"start":{"line":40,"column":2},"end":{"line":113,"column":null}},"9":{"start":{"line":53,"column":22},"end":{"line":53,"column":null}},"10":{"start":{"line":54,"column":22},"end":{"line":54,"column":null}},"11":{"start":{"line":55,"column":12},"end":{"line":69,"column":null}},"12":{"start":{"line":73,"column":22},"end":{"line":73,"column":null}},"13":{"start":{"line":74,"column":12},"end":{"line":79,"column":null}},"14":{"start":{"line":87,"column":20},"end":{"line":87,"column":null}},"15":{"start":{"line":88,"column":10},"end":{"line":109,"column":null}},"16":{"start":{"line":117,"column":15},"end":{"line":117,"column":null}},"17":{"start":{"line":118,"column":15},"end":{"line":118,"column":null}},"18":{"start":{"line":127,"column":53},"end":{"line":135,"column":null}},"19":{"start":{"line":139,"column":19},"end":{"line":139,"column":null}},"20":{"start":{"line":140,"column":2},"end":{"line":140,"column":null}},"21":{"start":{"line":145,"column":19},"end":{"line":145,"column":null}},"22":{"start":{"line":146,"column":2},"end":{"line":146,"column":null}},"23":{"start":{"line":151,"column":19},"end":{"line":151,"column":null}},"24":{"start":{"line":152,"column":2},"end":{"line":152,"column":null}}},"fnMap":{"0":{"name":"ServiceTopologyGraph","decl":{"start":{"line":15,"column":16},"end":{"line":15,"column":53}},"loc":{"start":{"line":15,"column":53},"end":{"line":115,"column":null}},"line":15},"1":{"name":"(anonymous_1)","decl":{"start":{"line":29,"column":22},"end":{"line":29,"column":27}},"loc":{"start":{"line":29,"column":33},"end":{"line":31,"column":5}},"line":29},"2":{"name":"(anonymous_2)","decl":{"start":{"line":35,"column":22},"end":{"line":35,"column":27}},"loc":{"start":{"line":35,"column":33},"end":{"line":37,"column":5}},"line":35},"3":{"name":"(anonymous_3)","decl":{"start":{"line":52,"column":26},"end":{"line":52,"column":31}},"loc":{"start":{"line":52,"column":40},"end":{"line":71,"column":11}},"line":52},"4":{"name":"(anonymous_4)","decl":{"start":{"line":72,"column":26},"end":{"line":72,"column":31}},"loc":{"start":{"line":72,"column":40},"end":{"line":81,"column":11}},"line":72},"5":{"name":"(anonymous_5)","decl":{"start":{"line":86,"column":24},"end":{"line":86,"column":29}},"loc":{"start":{"line":86,"column":38},"end":{"line":111,"column":9}},"line":86},"6":{"name":"nodeRadius","decl":{"start":{"line":138,"column":9},"end":{"line":138,"column":20}},"loc":{"start":{"line":138,"column":62},"end":{"line":141,"column":null}},"line":138},"7":{"name":"nodeOpacity","decl":{"start":{"line":144,"column":9},"end":{"line":144,"column":21}},"loc":{"start":{"line":144,"column":63},"end":{"line":147,"column":null}},"line":144},"8":{"name":"edgeHeat","decl":{"start":{"line":150,"column":9},"end":{"line":150,"column":18}},"loc":{"start":{"line":150,"column":59},"end":{"line":153,"column":null}},"line":150}},"branchMap":{"0":{"loc":{"start":{"line":19,"column":2},"end":{"line":25,"column":null}},"type":"if","locations":[{"start":{"line":19,"column":2},"end":{"line":25,"column":null}},{"start":{},"end":{}}],"line":19},"1":{"loc":{"start":{"line":139,"column":19},"end":{"line":139,"column":null}},"type":"cond-expr","locations":[{"start":{"line":139,"column":30},"end":{"line":139,"column":50}},{"start":{"line":139,"column":50},"end":{"line":139,"column":null}}],"line":139},"2":{"loc":{"start":{"line":145,"column":19},"end":{"line":145,"column":null}},"type":"cond-expr","locations":[{"start":{"line":145,"column":30},"end":{"line":145,"column":50}},{"start":{"line":145,"column":50},"end":{"line":145,"column":null}}],"line":145},"3":{"loc":{"start":{"line":151,"column":19},"end":{"line":151,"column":null}},"type":"cond-expr","locations":[{"start":{"line":151,"column":30},"end":{"line":151,"column":49}},{"start":{"line":151,"column":49},"end":{"line":151,"column":null}}],"line":151}},"s":{"0":19,"1":19,"2":19,"3":12,"4":7,"5":49,"6":7,"7":19,"8":7,"9":19,"10":19,"11":19,"12":49,"13":49,"14":49,"15":49,"16":103,"17":103,"18":103,"19":49,"20":49,"21":49,"22":49,"23":19,"24":19},"f":{"0":19,"1":49,"2":19,"3":19,"4":49,"5":49,"6":49,"7":49,"8":19},"b":{"0":[12,7],"1":[49,0],"2":[49,0],"3":[19,0]},"meta":{"lastBranch":4,"lastFunction":9,"lastStatement":25,"seen":{"f:15:16:15:53":0,"s:16:10:16:Infinity":0,"s:17:19:17:Infinity":1,"b:19:2:25:Infinity:undefined:undefined:undefined:undefined":0,"s:19:2:25:Infinity":2,"s:20:4:23:Infinity":3,"s:27:25:32:Infinity":4,"f:29:22:29:27":1,"s:30:6:30:Infinity":5,"s:33:22:38:Infinity":6,"f:35:22:35:27":2,"s:36:6:36:Infinity":7,"s:40:2:113:Infinity":8,"f:52:26:52:31":3,"s:53:22:53:Infinity":9,"s:54:22:54:Infinity":10,"s:55:12:69:Infinity":11,"f:72:26:72:31":4,"s:73:22:73:Infinity":12,"s:74:12:79:Infinity":13,"f:86:24:86:29":5,"s:87:20:87:Infinity":14,"s:88:10:109:Infinity":15,"s:117:15:117:Infinity":16,"s:118:15:118:Infinity":17,"s:127:53:135:Infinity":18,"f:138:9:138:20":6,"s:139:19:139:Infinity":19,"b:139:30:139:50:139:50:139:Infinity":1,"s:140:2:140:Infinity":20,"f:144:9:144:21":7,"s:145:19:145:Infinity":21,"b:145:30:145:50:145:50:145:Infinity":2,"s:146:2:146:Infinity":22,"f:150:9:150:18":8,"s:151:19:151:Infinity":23,"b:151:30:151:49:151:49:151:Infinity":3,"s:152:2:152:Infinity":24},"fnNames":{}}}
,"/__w/ReactiveTraderCloudClone/ReactiveTraderCloudClone/packages/client-react/src/ui/admin/SessionsPanel.module.css": {"path":"/__w/ReactiveTraderCloudClone/ReactiveTraderCloudClone/packages/client-react/src/ui/admin/SessionsPanel.module.css","statementMap":{},"fnMap":{},"branchMap":{},"s":{},"f":{},"b":{},"meta":{"lastBranch":0,"lastFunction":0,"lastStatement":0,"seen":{},"fnNames":{}}}
,"/__w/ReactiveTraderCloudClone/ReactiveTraderCloudClone/packages/client-react/src/ui/admin/SessionsPanel.tsx": {"path":"/__w/ReactiveTraderCloudClone/ReactiveTraderCloudClone/packages/client-react/src/ui/admin/SessionsPanel.tsx","statementMap":{"0":{"start":{"line":12,"column":10},"end":{"line":12,"column":null}},"1":{"start":{"line":13,"column":19},"end":{"line":13,"column":null}},"2":{"start":{"line":15,"column":2},"end":{"line":35,"column":null}},"3":{"start":{"line":26,"column":12},"end":{"line":30,"column":null}}},"fnMap":{"0":{"name":"SessionsPanel","decl":{"start":{"line":11,"column":16},"end":{"line":11,"column":46}},"loc":{"start":{"line":11,"column":46},"end":{"line":37,"column":null}},"line":11},"1":{"name":"(anonymous_1)","decl":{"start":{"line":25,"column":20},"end":{"line":25,"column":25}},"loc":{"start":{"line":25,"column":31},"end":{"line":32,"column":11}},"line":25}},"branchMap":{"0":{"loc":{"start":{"line":21,"column":7},"end":{"line":35,"column":null}},"type":"cond-expr","locations":[{"start":{"line":22,"column":8},"end":{"line":24,"column":9}},{"start":{"line":24,"column":8},"end":{"line":35,"column":null}}],"line":21}},"s":{"0":18,"1":18,"2":18,"3":10},"f":{"0":18,"1":10},"b":{"0":[14,4]},"meta":{"lastBranch":1,"lastFunction":2,"lastStatement":4,"seen":{"f:11:16:11:46":0,"s:12:10:12:Infinity":0,"s:13:19:13:Infinity":1,"s:15:2:35:Infinity":2,"b:22:8:24:9:24:8:35:Infinity":0,"f:25:20:25:25":1,"s:26:12:30:Infinity":3},"fnNames":{}}}
,"/__w/ReactiveTraderCloudClone/ReactiveTraderCloudClone/packages/client-react/src/ui/admin/ThroughputChart.module.css": {"path":"/__w/ReactiveTraderCloudClone/ReactiveTraderCloudClone/packages/client-react/src/ui/admin/ThroughputChart.module.css","statementMap":{},"fnMap":{},"branchMap":{},"s":{},"f":{},"b":{},"meta":{"lastBranch":0,"lastFunction":0,"lastStatement":0,"seen":{},"fnNames":{}}}
,"/__w/ReactiveTraderCloudClone/ReactiveTraderCloudClone/packages/client-react/src/ui/admin/kpis/KpiCard.tsx": {"path":"/__w/ReactiveTraderCloudClone/ReactiveTraderCloudClone/packages/client-react/src/ui/admin/kpis/KpiCard.tsx","statementMap":{"0":{"start":{"line":15,"column":2},"end":{"line":32,"column":null}}},"fnMap":{"0":{"name":"KpiCard","decl":{"start":{"line":14,"column":16},"end":{"line":14,"column":24}},"loc":{"start":{"line":14,"column":61},"end":{"line":34,"column":null}},"line":14}},"branchMap":{},"s":{"0":88},"f":{"0":88},"b":{},"meta":{"lastBranch":0,"lastFunction":1,"lastStatement":1,"seen":{"f:14:16:14:24":0,"s:15:2:32:Infinity":0},"fnNames":{}}}
,"/__w/ReactiveTraderCloudClone/ReactiveTraderCloudClone/packages/client-react/src/ui/admin/kpis/KpiRow.module.css": {"path":"/__w/ReactiveTraderCloudClone/ReactiveTraderCloudClone/packages/client-react/src/ui/admin/kpis/KpiRow.module.css","statementMap":{},"fnMap":{},"branchMap":{},"s":{},"f":{},"b":{},"meta":{"lastBranch":0,"lastFunction":0,"lastStatement":0,"seen":{},"fnNames":{}}}
,"/__w/ReactiveTraderCloudClone/ReactiveTraderCloudClone/packages/client-react/src/ui/admin/kpis/KpiRow.tsx": {"path":"/__w/ReactiveTraderCloudClone/ReactiveTraderCloudClone/packages/client-react/src/ui/admin/kpis/KpiRow.tsx","statementMap":{"0":{"start":{"line":19,"column":22},"end":{"line":19,"column":null}},"1":{"start":{"line":20,"column":45},"end":{"line":20,"column":null}},"2":{"start":{"line":21,"column":19},"end":{"line":21,"column":null}},"3":{"start":{"line":22,"column":8},"end":{"line":22,"column":null}},"4":{"start":{"line":24,"column":2},"end":{"line":29,"column":null}},"5":{"start":{"line":27,"column":8},"end":{"line":27,"column":null}}},"fnMap":{"0":{"name":"KpiRow","decl":{"start":{"line":18,"column":16},"end":{"line":18,"column":39}},"loc":{"start":{"line":18,"column":39},"end":{"line":31,"column":null}},"line":18},"1":{"name":"(anonymous_1)","decl":{"start":{"line":26,"column":12},"end":{"line":26,"column":17}},"loc":{"start":{"line":26,"column":25},"end":{"line":28,"column":7}},"line":26}},"branchMap":{},"s":{"0":24,"1":24,"2":24,"3":24,"4":24,"5":96},"f":{"0":24,"1":96},"b":{},"meta":{"lastBranch":0,"lastFunction":2,"lastStatement":6,"seen":{"f:18:16:18:39":0,"s:19:22:19:Infinity":0,"s:20:45:20:Infinity":1,"s:21:19:21:Infinity":2,"s:22:8:22:Infinity":3,"s:24:2:29:Infinity":4,"f:26:12:26:17":1,"s:27:8:27:Infinity":5},"fnNames":{}}}
,"/__w/ReactiveTraderCloudClone/ReactiveTraderCloudClone/packages/client-react/src/ui/admin/kpis/KpiSparkline.tsx": {"path":"/__w/ReactiveTraderCloudClone/ReactiveTraderCloudClone/packages/client-react/src/ui/admin/kpis/KpiSparkline.tsx","statementMap":{"0":{"start":{"line":14,"column":2},"end":{"line":27,"column":null}}},"fnMap":{"0":{"name":"KpiSparkline","decl":{"start":{"line":13,"column":16},"end":{"line":13,"column":29}},"loc":{"start":{"line":13,"column":71},"end":{"line":29,"column":null}},"line":13}},"branchMap":{},"s":{"0":88},"f":{"0":88},"b":{},"meta":{"lastBranch":0,"lastFunction":1,"lastStatement":1,"seen":{"f:13:16:13:29":0,"s:14:2:27:Infinity":0},"fnNames":{}}}
,"/__w/ReactiveTraderCloudClone/ReactiveTraderCloudClone/packages/client-react/src/ui/admin/services/ServiceHealth.module.css": {"path":"/__w/ReactiveTraderCloudClone/ReactiveTraderCloudClone/packages/client-react/src/ui/admin/services/ServiceHealth.module.css","statementMap":{},"fnMap":{},"branchMap":{},"s":{},"f":{},"b":{},"meta":{"lastBranch":0,"lastFunction":0,"lastStatement":0,"seen":{},"fnNames":{}}}
,"/__w/ReactiveTraderCloudClone/ReactiveTraderCloudClone/packages/client-react/src/ui/admin/services/ServiceHealth.tsx": {"path":"/__w/ReactiveTraderCloudClone/ReactiveTraderCloudClone/packages/client-react/src/ui/admin/services/ServiceHealth.tsx","statementMap":{"0":{"start":{"line":18,"column":10},"end":{"line":18,"column":null}},"1":{"start":{"line":19,"column":19},"end":{"line":19,"column":null}},"2":{"start":{"line":20,"column":15},"end":{"line":20,"column":null}},"3":{"start":{"line":22,"column":2},"end":{"line":32,"column":null}},"4":{"start":{"line":29,"column":10},"end":{"line":29,"column":null}}},"fnMap":{"0":{"name":"ServiceHealth","decl":{"start":{"line":17,"column":16},"end":{"line":17,"column":46}},"loc":{"start":{"line":17,"column":46},"end":{"line":34,"column":null}},"line":17},"1":{"name":"(anonymous_1)","decl":{"start":{"line":28,"column":13},"end":{"line":28,"column":18}},"loc":{"start":{"line":28,"column":26},"end":{"line":30,"column":9}},"line":28}},"branchMap":{"0":{"loc":{"start":{"line":20,"column":15},"end":{"line":20,"column":null}},"type":"cond-expr","locations":[{"start":{"line":20,"column":15},"end":{"line":20,"column":55}},{"start":{"line":20,"column":55},"end":{"line":20,"column":null}}],"line":20},"1":{"loc":{"start":{"line":25,"column":7},"end":{"line":30,"column":null}},"type":"cond-expr","locations":[{"start":{"line":26,"column":8},"end":{"line":28,"column":13}},{"start":{"line":28,"column":8},"end":{"line":30,"column":null}}],"line":25}},"s":{"0":22,"1":22,"2":22,"3":22,"4":24},"f":{"0":22,"1":24},"b":{"0":[10,12],"1":[12,10]},"meta":{"lastBranch":2,"lastFunction":2,"lastStatement":5,"seen":{"f:17:16:17:46":0,"s:18:10:18:Infinity":0,"s:19:19:19:Infinity":1,"s:20:15:20:Infinity":2,"b:20:15:20:55:20:55:20:Infinity":0,"s:22:2:32:Infinity":3,"b:26:8:28:13:28:8:30:Infinity":1,"f:28:13:28:18":1,"s:29:10:29:Infinity":4},"fnNames":{}}}
,"/__w/ReactiveTraderCloudClone/ReactiveTraderCloudClone/packages/client-react/src/ui/admin/services/ServiceRow.tsx": {"path":"/__w/ReactiveTraderCloudClone/ReactiveTraderCloudClone/packages/client-react/src/ui/admin/services/ServiceRow.tsx","statementMap":{"0":{"start":{"line":17,"column":2},"end":{"line":35,"column":null}}},"fnMap":{"0":{"name":"ServiceRow","decl":{"start":{"line":16,"column":16},"end":{"line":16,"column":27}},"loc":{"start":{"line":16,"column":67},"end":{"line":37,"column":null}},"line":16}},"branchMap":{},"s":{"0":22},"f":{"0":22},"b":{},"meta":{"lastBranch":0,"lastFunction":1,"lastStatement":1,"seen":{"f:16:16:16:27":0,"s:17:2:35:Infinity":0},"fnNames":{}}}
,"/__w/ReactiveTraderCloudClone/ReactiveTraderCloudClone/packages/client-react/src/ui/admin/services/servicesVm.ts": {"path":"/__w/ReactiveTraderCloudClone/ReactiveTraderCloudClone/packages/client-react/src/ui/admin/services/servicesVm.ts","statementMap":{"0":{"start":{"line":28,"column":64},"end":{"line":32,"column":null}},"1":{"start":{"line":41,"column":2},"end":{"line":56,"column":null}},"2":{"start":{"line":42,"column":19},"end":{"line":42,"column":null}},"3":{"start":{"line":43,"column":4},"end":{"line":55,"column":null}},"4":{"start":{"line":62,"column":2},"end":{"line":62,"column":null}},"5":{"start":{"line":71,"column":2},"end":{"line":73,"column":null}},"6":{"start":{"line":72,"column":4},"end":{"line":72,"column":null}},"7":{"start":{"line":75,"column":2},"end":{"line":77,"column":null}},"8":{"start":{"line":76,"column":4},"end":{"line":76,"column":null}},"9":{"start":{"line":79,"column":16},"end":{"line":79,"column":null}},"10":{"start":{"line":80,"column":2},"end":{"line":80,"column":null}}},"fnMap":{"0":{"name":"servicesVm","decl":{"start":{"line":38,"column":16},"end":{"line":38,"column":null}},"loc":{"start":{"line":40,"column":27},"end":{"line":57,"column":null}},"line":40},"1":{"name":"(anonymous_1)","decl":{"start":{"line":41,"column":15},"end":{"line":41,"column":20}},"loc":{"start":{"line":41,"column":29},"end":{"line":56,"column":3}},"line":41},"2":{"name":"clampHealth","decl":{"start":{"line":61,"column":9},"end":{"line":61,"column":21}},"loc":{"start":{"line":61,"column":45},"end":{"line":63,"column":null}},"line":61},"3":{"name":"uptimeLabelFor","decl":{"start":{"line":70,"column":9},"end":{"line":70,"column":24}},"loc":{"start":{"line":70,"column":71},"end":{"line":81,"column":null}},"line":70}},"branchMap":{"0":{"loc":{"start":{"line":71,"column":2},"end":{"line":73,"column":null}},"type":"if","locations":[{"start":{"line":71,"column":2},"end":{"line":73,"column":null}},{"start":{},"end":{}}],"line":71},"1":{"loc":{"start":{"line":75,"column":2},"end":{"line":77,"column":null}},"type":"if","locations":[{"start":{"line":75,"column":2},"end":{"line":77,"column":null}},{"start":{},"end":{}}],"line":75}},"s":{"0":103,"1":24,"2":46,"3":46,"4":46,"5":46,"6":7,"7":39,"8":8,"9":31,"10":31},"f":{"0":24,"1":46,"2":46,"3":46},"b":{"0":[7,39],"1":[8,31]},"meta":{"lastBranch":2,"lastFunction":4,"lastStatement":11,"seen":{"s:28:64:32:Infinity":0,"f:38:16:38:Infinity":0,"s:41:2:56:Infinity":1,"f:41:15:41:20":1,"s:42:19:42:Infinity":2,"s:43:4:55:Infinity":3,"f:61:9:61:21":2,"s:62:2:62:Infinity":4,"f:70:9:70:24":3,"b:71:2:73:Infinity:undefined:undefined:undefined:undefined":0,"s:71:2:73:Infinity":5,"s:72:4:72:Infinity":6,"b:75:2:77:Infinity:undefined:undefined:undefined:undefined":1,"s:75:2:77:Infinity":7,"s:76:4:76:Infinity":8,"s:79:16:79:Infinity":9,"s:80:2:80:Infinity":10},"fnNames":{}}}
,"/__w/ReactiveTraderCloudClone/ReactiveTraderCloudClone/packages/client-react/src/ui/credit/CreditViewProvider.tsx": {"path":"/__w/ReactiveTraderCloudClone/ReactiveTraderCloudClone/packages/client-react/src/ui/credit/CreditViewProvider.tsx","statementMap":{"0":{"start":{"line":18,"column":22},"end":{"line":18,"column":null}},"1":{"start":{"line":19,"column":8},"end":{"line":19,"column":null}},"2":{"start":{"line":22,"column":4},"end":{"line":22,"column":null}},"3":{"start":{"line":26,"column":4},"end":{"line":26,"column":null}},"4":{"start":{"line":29,"column":40},"end":{"line":34,"column":null}},"5":{"start":{"line":36,"column":2},"end":{"line":39,"column":null}}},"fnMap":{"0":{"name":"CreditViewProvider","decl":{"start":{"line":15,"column":16},"end":{"line":15,"column":35}},"loc":{"start":{"line":17,"column":42},"end":{"line":41,"column":null}},"line":17},"1":{"name":"(anonymous_1)","decl":{"start":{"line":19,"column":27},"end":{"line":19,"column":52}},"loc":{"start":{"line":19,"column":52},"end":{"line":19,"column":54}},"line":19},"2":{"name":"setExportCsvHandler","decl":{"start":{"line":21,"column":11},"end":{"line":21,"column":31}},"loc":{"start":{"line":21,"column":58},"end":{"line":23,"column":null}},"line":21},"3":{"name":"exportCsv","decl":{"start":{"line":25,"column":11},"end":{"line":25,"column":29}},"loc":{"start":{"line":25,"column":29},"end":{"line":27,"column":null}},"line":25}},"branchMap":{},"s":{"0":634,"1":634,"2":52,"3":2,"4":634,"5":634},"f":{"0":634,"1":0,"2":52,"3":2},"b":{},"meta":{"lastBranch":0,"lastFunction":4,"lastStatement":6,"seen":{"f:15:16:15:35":0,"s:18:22:18:Infinity":0,"s:19:8:19:Infinity":1,"f:19:27:19:52":1,"f:21:11:21:31":2,"s:22:4:22:Infinity":2,"f:25:11:25:29":3,"s:26:4:26:Infinity":3,"s:29:40:34:Infinity":4,"s:36:2:39:Infinity":5},"fnNames":{}}}
,"/__w/ReactiveTraderCloudClone/ReactiveTraderCloudClone/packages/client-react/src/ui/credit/creditViewContext.ts": {"path":"/__w/ReactiveTraderCloudClone/ReactiveTraderCloudClone/packages/client-react/src/ui/credit/creditViewContext.ts","statementMap":{"0":{"start":{"line":16,"column":13},"end":{"line":18,"column":null}}},"fnMap":{},"branchMap":{},"s":{"0":103},"f":{},"b":{},"meta":{"lastBranch":0,"lastFunction":0,"lastStatement":1,"seen":{"s:16:13:18:Infinity":0},"fnNames":{}}}
,"/__w/ReactiveTraderCloudClone/ReactiveTraderCloudClone/packages/client-react/src/ui/credit/useCreditView.ts": {"path":"/__w/ReactiveTraderCloudClone/ReactiveTraderCloudClone/packages/client-react/src/ui/credit/useCreditView.ts","statementMap":{"0":{"start":{"line":13,"column":8},"end":{"line":13,"column":null}},"1":{"start":{"line":15,"column":2},"end":{"line":17,"column":null}},"2":{"start":{"line":16,"column":4},"end":{"line":16,"column":null}},"3":{"start":{"line":19,"column":2},"end":{"line":19,"column":null}}},"fnMap":{"0":{"name":"useCreditView","decl":{"start":{"line":12,"column":16},"end":{"line":12,"column":56}},"loc":{"start":{"line":12,"column":56},"end":{"line":20,"column":null}},"line":12}},"branchMap":{"0":{"loc":{"start":{"line":15,"column":2},"end":{"line":17,"column":null}},"type":"if","locations":[{"start":{"line":15,"column":2},"end":{"line":17,"column":null}},{"start":{},"end":{}}],"line":15}},"s":{"0":84,"1":84,"2":2,"3":82},"f":{"0":84},"b":{"0":[2,82]},"meta":{"lastBranch":1,"lastFunction":1,"lastStatement":4,"seen":{"f:12:16:12:56":0,"s:13:8:13:Infinity":0,"b:15:2:17:Infinity:undefined:undefined:undefined:undefined":0,"s:15:2:17:Infinity":1,"s:16:4:16:Infinity":2,"s:19:2:19:Infinity":3},"fnNames":{}}}
,"/__w/ReactiveTraderCloudClone/ReactiveTraderCloudClone/packages/client-react/src/ui/credit/blotter/CreditBlotter.module.css": {"path":"/__w/ReactiveTraderCloudClone/ReactiveTraderCloudClone/packages/client-react/src/ui/credit/blotter/CreditBlotter.module.css","statementMap":{},"fnMap":{},"branchMap":{},"s":{},"f":{},"b":{},"meta":{"lastBranch":0,"lastFunction":0,"lastStatement":0,"seen":{},"fnNames":{}}}
,"/__w/ReactiveTraderCloudClone/ReactiveTraderCloudClone/packages/client-react/src/ui/credit/blotter/CreditBlotter.tsx": {"path":"/__w/ReactiveTraderCloudClone/ReactiveTraderCloudClone/packages/client-react/src/ui/credit/blotter/CreditBlotter.tsx","statementMap":{"0":{"start":{"line":30,"column":49},"end":{"line":30,"column":null}},"1":{"start":{"line":31,"column":15},"end":{"line":31,"column":null}},"2":{"start":{"line":32,"column":20},"end":{"line":32,"column":null}},"3":{"start":{"line":33,"column":22},"end":{"line":33,"column":null}},"4":{"start":{"line":34,"column":18},"end":{"line":34,"column":null}},"5":{"start":{"line":36,"column":15},"end":{"line":39,"column":null}},"6":{"start":{"line":40,"column":18},"end":{"line":42,"column":null}},"7":{"start":{"line":43,"column":23},"end":{"line":43,"column":null}},"8":{"start":{"line":45,"column":8},"end":{"line":45,"column":null}},"9":{"start":{"line":56,"column":19},"end":{"line":58,"column":null}},"10":{"start":{"line":57,"column":4},"end":{"line":57,"column":null}},"11":{"start":{"line":59,"column":22},"end":{"line":59,"column":null}},"12":{"start":{"line":60,"column":23},"end":{"line":62,"column":null}},"13":{"start":{"line":61,"column":4},"end":{"line":61,"column":null}},"14":{"start":{"line":63,"column":22},"end":{"line":65,"column":null}},"15":{"start":{"line":67,"column":2},"end":{"line":73,"column":null}},"16":{"start":{"line":68,"column":25},"end":{"line":70,"column":null}},"17":{"start":{"line":69,"column":6},"end":{"line":69,"column":null}},"18":{"start":{"line":71,"column":4},"end":{"line":71,"column":null}},"19":{"start":{"line":72,"column":4},"end":{"line":72,"column":null}},"20":{"start":{"line":76,"column":4},"end":{"line":78,"column":null}},"21":{"start":{"line":77,"column":6},"end":{"line":77,"column":null}},"22":{"start":{"line":85,"column":4},"end":{"line":95,"column":null}},"23":{"start":{"line":86,"column":19},"end":{"line":86,"column":null}},"24":{"start":{"line":88,"column":6},"end":{"line":92,"column":null}},"25":{"start":{"line":89,"column":8},"end":{"line":89,"column":null}},"26":{"start":{"line":91,"column":8},"end":{"line":91,"column":null}},"27":{"start":{"line":94,"column":6},"end":{"line":94,"column":null}},"28":{"start":{"line":98,"column":8},"end":{"line":98,"column":null}},"29":{"start":{"line":99,"column":8},"end":{"line":99,"column":null}},"30":{"start":{"line":105,"column":2},"end":{"line":116,"column":null}},"31":{"start":{"line":106,"column":4},"end":{"line":115,"column":null}},"32":{"start":{"line":108,"column":6},"end":{"line":114,"column":null}},"33":{"start":{"line":118,"column":39},"end":{"line":118,"column":null}},"34":{"start":{"line":120,"column":2},"end":{"line":128,"column":null}},"35":{"start":{"line":121,"column":16},"end":{"line":123,"column":null}},"36":{"start":{"line":122,"column":6},"end":{"line":122,"column":null}},"37":{"start":{"line":125,"column":4},"end":{"line":127,"column":null}},"38":{"start":{"line":126,"column":6},"end":{"line":126,"column":null}},"39":{"start":{"line":135,"column":2},"end":{"line":200,"column":null}},"40":{"start":{"line":164,"column":26},"end":{"line":164,"column":null}},"41":{"start":{"line":166,"column":14},"end":{"line":182,"column":null}},"42":{"start":{"line":176,"column":20},"end":{"line":179,"column":null}},"43":{"start":{"line":208,"column":2},"end":{"line":210,"column":null}}},"fnMap":{"0":{"name":"CreditBlotter","decl":{"start":{"line":29,"column":16},"end":{"line":29,"column":46}},"loc":{"start":{"line":29,"column":46},"end":{"line":202,"column":null}},"line":29},"1":{"name":"(anonymous_1)","decl":{"start":{"line":56,"column":26},"end":{"line":56,"column":31}},"loc":{"start":{"line":56,"column":37},"end":{"line":58,"column":3}},"line":56},"2":{"name":"(anonymous_2)","decl":{"start":{"line":60,"column":42},"end":{"line":60,"column":74}},"loc":{"start":{"line":60,"column":74},"end":{"line":62,"column":3}},"line":60},"3":{"name":"(anonymous_3)","decl":{"start":{"line":68,"column":34},"end":{"line":68,"column":42}},"loc":{"start":{"line":68,"column":49},"end":{"line":70,"column":5}},"line":68},"4":{"name":"handleSort","decl":{"start":{"line":75,"column":11},"end":{"line":75,"column":22}},"loc":{"start":{"line":75,"column":55},"end":{"line":79,"column":null}},"line":75},"5":{"name":"(anonymous_5)","decl":{"start":{"line":76,"column":4},"end":{"line":76,"column":13}},"loc":{"start":{"line":76,"column":22},"end":{"line":78,"column":5}},"line":76},"6":{"name":"handleFilter","decl":{"start":{"line":81,"column":11},"end":{"line":81,"column":null}},"loc":{"start":{"line":84,"column":10},"end":{"line":96,"column":null}},"line":84},"7":{"name":"(anonymous_7)","decl":{"start":{"line":85,"column":4},"end":{"line":85,"column":16}},"loc":{"start":{"line":85,"column":25},"end":{"line":95,"column":5}},"line":85},"8":{"name":"(anonymous_8)","decl":{"start":{"line":105,"column":2},"end":{"line":105,"column":18}},"loc":{"start":{"line":105,"column":18},"end":{"line":116,"column":5}},"line":105},"9":{"name":"(anonymous_9)","decl":{"start":{"line":106,"column":4},"end":{"line":106,"column":30}},"loc":{"start":{"line":106,"column":30},"end":{"line":115,"column":5}},"line":106},"10":{"name":"(anonymous_10)","decl":{"start":{"line":121,"column":31},"end":{"line":121,"column":37}},"loc":{"start":{"line":121,"column":43},"end":{"line":123,"column":5}},"line":121},"11":{"name":"(anonymous_11)","decl":{"start":{"line":163,"column":29},"end":{"line":163,"column":34}},"loc":{"start":{"line":163,"column":44},"end":{"line":184,"column":13}},"line":163},"12":{"name":"(anonymous_12)","decl":{"start":{"line":175,"column":34},"end":{"line":175,"column":39}},"loc":{"start":{"line":175,"column":47},"end":{"line":181,"column":19}},"line":175},"13":{"name":"rowAccentVar","decl":{"start":{"line":207,"column":9},"end":{"line":207,"column":22}},"loc":{"start":{"line":207,"column":52},"end":{"line":211,"column":null}},"line":207}},"branchMap":{"0":{"loc":{"start":{"line":67,"column":2},"end":{"line":73,"column":null}},"type":"if","locations":[{"start":{"line":67,"column":2},"end":{"line":73,"column":null}},{"start":{},"end":{}}],"line":67},"1":{"loc":{"start":{"line":88,"column":6},"end":{"line":92,"column":null}},"type":"if","locations":[{"start":{"line":88,"column":6},"end":{"line":92,"column":null}},{"start":{"line":90,"column":13},"end":{"line":92,"column":null}}],"line":88},"2":{"loc":{"start":{"line":125,"column":4},"end":{"line":127,"column":null}},"type":"if","locations":[{"start":{"line":125,"column":4},"end":{"line":127,"column":null}},{"start":{},"end":{}}],"line":125},"3":{"loc":{"start":{"line":137,"column":7},"end":{"line":140,"column":null}},"type":"binary-expr","locations":[{"start":{"line":137,"column":7},"end":{"line":137,"column":null}},{"start":{"line":138,"column":8},"end":{"line":140,"column":null}}],"line":137},"4":{"loc":{"start":{"line":169,"column":28},"end":{"line":169,"column":null}},"type":"cond-expr","locations":[{"start":{"line":169,"column":61},"end":{"line":169,"column":70}},{"start":{"line":169,"column":70},"end":{"line":169,"column":null}}],"line":169},"5":{"loc":{"start":{"line":185,"column":13},"end":{"line":197,"column":null}},"type":"binary-expr","locations":[{"start":{"line":185,"column":13},"end":{"line":185,"column":null}},{"start":{"line":186,"column":14},"end":{"line":197,"column":null}}],"line":185},"6":{"loc":{"start":{"line":191,"column":19},"end":{"line":193,"column":null}},"type":"cond-expr","locations":[{"start":{"line":192,"column":22},"end":{"line":192,"column":null}},{"start":{"line":193,"column":22},"end":{"line":193,"column":null}}],"line":191},"7":{"loc":{"start":{"line":208,"column":9},"end":{"line":210,"column":null}},"type":"cond-expr","locations":[{"start":{"line":209,"column":6},"end":{"line":209,"column":null}},{"start":{"line":210,"column":6},"end":{"line":210,"column":null}}],"line":208}},"s":{"0":56,"1":56,"2":56,"3":56,"4":56,"5":56,"6":56,"7":56,"8":56,"9":56,"10":101,"11":56,"12":56,"13":22,"14":56,"15":56,"16":2,"17":3,"18":2,"19":2,"20":12,"21":12,"22":2,"23":2,"24":2,"25":2,"26":0,"27":2,"28":56,"29":56,"30":56,"31":52,"32":2,"33":56,"34":56,"35":2,"36":13,"37":2,"38":2,"39":56,"40":85,"41":85,"42":850,"43":85},"f":{"0":56,"1":101,"2":22,"3":3,"4":12,"5":12,"6":2,"7":2,"8":52,"9":2,"10":13,"11":85,"12":850,"13":85},"b":{"0":[2,54],"1":[2,0],"2":[2,0],"3":[56,2],"4":[4,81],"5":[56,6],"6":[6,0],"7":[84,1]},"meta":{"lastBranch":8,"lastFunction":14,"lastStatement":44,"seen":{"f:29:16:29:46":0,"s:30:49:30:Infinity":0,"s:31:15:31:Infinity":1,"s:32:20:32:Infinity":2,"s:33:22:33:Infinity":3,"s:34:18:34:Infinity":4,"s:36:15:39:Infinity":5,"s:40:18:42:Infinity":6,"s:43:23:43:Infinity":7,"s:45:8:45:Infinity":8,"s:56:19:58:Infinity":9,"f:56:26:56:31":1,"s:57:4:57:Infinity":10,"s:59:22:59:Infinity":11,"s:60:23:62:Infinity":12,"f:60:42:60:74":2,"s:61:4:61:Infinity":13,"s:63:22:65:Infinity":14,"b:67:2:73:Infinity:undefined:undefined:undefined:undefined":0,"s:67:2:73:Infinity":15,"s:68:25:70:Infinity":16,"f:68:34:68:42":3,"s:69:6:69:Infinity":17,"s:71:4:71:Infinity":18,"s:72:4:72:Infinity":19,"f:75:11:75:22":4,"s:76:4:78:Infinity":20,"f:76:4:76:13":5,"s:77:6:77:Infinity":21,"f:81:11:81:Infinity":6,"s:85:4:95:Infinity":22,"f:85:4:85:16":7,"s:86:19:86:Infinity":23,"b:88:6:92:Infinity:90:13:92:Infinity":1,"s:88:6:92:Infinity":24,"s:89:8:89:Infinity":25,"s:91:8:91:Infinity":26,"s:94:6:94:Infinity":27,"s:98:8:98:Infinity":28,"s:99:8:99:Infinity":29,"s:105:2:116:Infinity":30,"f:105:2:105:18":8,"s:106:4:115:Infinity":31,"f:106:4:106:30":9,"s:108:6:114:Infinity":32,"s:118:39:118:Infinity":33,"s:120:2:128:Infinity":34,"s:121:16:123:Infinity":35,"f:121:31:121:37":10,"s:122:6:122:Infinity":36,"b:125:4:127:Infinity:undefined:undefined:undefined:undefined":2,"s:125:4:127:Infinity":37,"s:126:6:126:Infinity":38,"s:135:2:200:Infinity":39,"b:137:7:137:Infinity:138:8:140:Infinity":3,"f:163:29:163:34":11,"s:164:26:164:Infinity":40,"s:166:14:182:Infinity":41,"b:169:61:169:70:169:70:169:Infinity":4,"f:175:34:175:39":12,"s:176:20:179:Infinity":42,"b:185:13:185:Infinity:186:14:197:Infinity":5,"b:192:22:192:Infinity:193:22:193:Infinity":6,"f:207:9:207:22":13,"s:208:2:210:Infinity":43,"b:209:6:209:Infinity:210:6:210:Infinity":7},"fnNames":{}}}
,"/__w/ReactiveTraderCloudClone/ReactiveTraderCloudClone/packages/client-react/src/ui/credit/blotter/CreditBlotterHead.tsx": {"path":"/__w/ReactiveTraderCloudClone/ReactiveTraderCloudClone/packages/client-react/src/ui/credit/blotter/CreditBlotterHead.tsx","statementMap":{"0":{"start":{"line":22,"column":39},"end":{"line":22,"column":null}},"1":{"start":{"line":23,"column":49},"end":{"line":23,"column":null}},"2":{"start":{"line":24,"column":15},"end":{"line":24,"column":null}},"3":{"start":{"line":25,"column":20},"end":{"line":25,"column":null}},"4":{"start":{"line":26,"column":22},"end":{"line":26,"column":null}},"5":{"start":{"line":27,"column":18},"end":{"line":27,"column":null}},"6":{"start":{"line":28,"column":8},"end":{"line":28,"column":null}},"7":{"start":{"line":30,"column":2},"end":{"line":52,"column":null}}},"fnMap":{"0":{"name":"CreditBlotterHead","decl":{"start":{"line":21,"column":16},"end":{"line":21,"column":50}},"loc":{"start":{"line":21,"column":50},"end":{"line":54,"column":null}},"line":21}},"branchMap":{},"s":{"0":26,"1":26,"2":26,"3":26,"4":26,"5":26,"6":26,"7":26},"f":{"0":26},"b":{},"meta":{"lastBranch":0,"lastFunction":1,"lastStatement":8,"seen":{"f:21:16:21:50":0,"s:22:39:22:Infinity":0,"s:23:49:23:Infinity":1,"s:24:15:24:Infinity":2,"s:25:20:25:Infinity":3,"s:26:22:26:Infinity":4,"s:27:18:27:Infinity":5,"s:28:8:28:Infinity":6,"s:30:2:52:Infinity":7},"fnNames":{}}}
,"/__w/ReactiveTraderCloudClone/ReactiveTraderCloudClone/packages/client-react/src/ui/credit/blotter/creditBlotterColumns.ts": {"path":"/__w/ReactiveTraderCloudClone/ReactiveTraderCloudClone/packages/client-react/src/ui/credit/blotter/creditBlotterColumns.ts","statementMap":{"0":{"start":{"line":9,"column":65},"end":{"line":20,"column":null}},"1":{"start":{"line":22,"column":33},"end":{"line":25,"column":null}},"2":{"start":{"line":27,"column":38},"end":{"line":30,"column":null}},"3":{"start":{"line":32,"column":15},"end":{"line":45,"column":null}},"4":{"start":{"line":51,"column":2},"end":{"line":72,"column":null}},"5":{"start":{"line":53,"column":6},"end":{"line":53,"column":null}},"6":{"start":{"line":56,"column":16},"end":{"line":56,"column":null}},"7":{"start":{"line":58,"column":6},"end":{"line":60,"column":null}},"8":{"start":{"line":59,"column":8},"end":{"line":59,"column":null}},"9":{"start":{"line":62,"column":18},"end":{"line":62,"column":null}},"10":{"start":{"line":63,"column":6},"end":{"line":63,"column":null}},"11":{"start":{"line":67,"column":6},"end":{"line":67,"column":null}},"12":{"start":{"line":69,"column":6},"end":{"line":69,"column":null}},"13":{"start":{"line":71,"column":6},"end":{"line":71,"column":null}}},"fnMap":{"0":{"name":"formatCreditCell","decl":{"start":{"line":47,"column":16},"end":{"line":47,"column":null}},"loc":{"start":{"line":50,"column":10},"end":{"line":73,"column":null}},"line":50}},"branchMap":{"0":{"loc":{"start":{"line":51,"column":2},"end":{"line":72,"column":null}},"type":"switch","locations":[{"start":{"line":52,"column":4},"end":{"line":53,"column":null}},{"start":{"line":55,"column":4},"end":{"line":64,"column":null}},{"start":{"line":66,"column":4},"end":{"line":67,"column":null}},{"start":{"line":68,"column":4},"end":{"line":69,"column":null}},{"start":{"line":70,"column":4},"end":{"line":71,"column":null}}],"line":51},"1":{"loc":{"start":{"line":58,"column":6},"end":{"line":60,"column":null}},"type":"if","locations":[{"start":{"line":58,"column":6},"end":{"line":60,"column":null}},{"start":{},"end":{}}],"line":58}},"s":{"0":103,"1":103,"2":103,"3":103,"4":874,"5":88,"6":88,"7":88,"8":0,"9":88,"10":88,"11":85,"12":85,"13":528},"f":{"0":874},"b":{"0":[88,88,85,85,528],"1":[0,88]},"meta":{"lastBranch":2,"lastFunction":1,"lastStatement":14,"seen":{"s:9:65:20:Infinity":0,"s:22:33:25:Infinity":1,"s:27:38:30:Infinity":2,"s:32:15:45:Infinity":3,"f:47:16:47:Infinity":0,"b:52:4:53:Infinity:55:4:64:Infinity:66:4:67:Infinity:68:4:69:Infinity:70:4:71:Infinity":0,"s:51:2:72:Infinity":4,"s:53:6:53:Infinity":5,"s:56:16:56:Infinity":6,"b:58:6:60:Infinity:undefined:undefined:undefined:undefined":1,"s:58:6:60:Infinity":7,"s:59:8:59:Infinity":8,"s:62:18:62:Infinity":9,"s:63:6:63:Infinity":10,"s:67:6:67:Infinity":11,"s:69:6:69:Infinity":12,"s:71:6:71:Infinity":13},"fnNames":{}}}
,"/__w/ReactiveTraderCloudClone/ReactiveTraderCloudClone/packages/client-react/src/ui/credit/blotter/creditTradesVm.ts": {"path":"/__w/ReactiveTraderCloudClone/ReactiveTraderCloudClone/packages/client-react/src/ui/credit/blotter/creditTradesVm.ts","statementMap":{"0":{"start":{"line":21,"column":24},"end":{"line":21,"column":null}},"1":{"start":{"line":23,"column":2},"end":{"line":25,"column":null}},"2":{"start":{"line":24,"column":4},"end":{"line":24,"column":null}},"3":{"start":{"line":27,"column":20},"end":{"line":27,"column":null}},"4":{"start":{"line":29,"column":2},"end":{"line":31,"column":null}},"5":{"start":{"line":30,"column":4},"end":{"line":30,"column":null}},"6":{"start":{"line":33,"column":32},"end":{"line":33,"column":null}},"7":{"start":{"line":35,"column":2},"end":{"line":63,"column":null}},"8":{"start":{"line":36,"column":4},"end":{"line":38,"column":null}},"9":{"start":{"line":37,"column":6},"end":{"line":37,"column":null}},"10":{"start":{"line":41,"column":4},"end":{"line":62,"column":null}},"11":{"start":{"line":42,"column":6},"end":{"line":44,"column":null}},"12":{"start":{"line":43,"column":8},"end":{"line":43,"column":null}},"13":{"start":{"line":46,"column":25},"end":{"line":46,"column":null}},"14":{"start":{"line":47,"column":21},"end":{"line":47,"column":null}},"15":{"start":{"line":49,"column":6},"end":{"line":60,"column":null}},"16":{"start":{"line":61,"column":6},"end":{"line":61,"column":null}},"17":{"start":{"line":65,"column":2},"end":{"line":67,"column":null}},"18":{"start":{"line":66,"column":4},"end":{"line":66,"column":null}}},"fnMap":{"0":{"name":"deriveCreditTrades","decl":{"start":{"line":15,"column":16},"end":{"line":15,"column":null}},"loc":{"start":{"line":20,"column":17},"end":{"line":68,"column":null}},"line":20},"1":{"name":"(anonymous_1)","decl":{"start":{"line":65,"column":16},"end":{"line":65,"column":22}},"loc":{"start":{"line":65,"column":31},"end":{"line":67,"column":3}},"line":65}},"branchMap":{"0":{"loc":{"start":{"line":36,"column":4},"end":{"line":38,"column":null}},"type":"if","locations":[{"start":{"line":36,"column":4},"end":{"line":38,"column":null}},{"start":{},"end":{}}],"line":36},"1":{"loc":{"start":{"line":42,"column":6},"end":{"line":44,"column":null}},"type":"if","locations":[{"start":{"line":42,"column":6},"end":{"line":44,"column":null}},{"start":{},"end":{}}],"line":42},"2":{"loc":{"start":{"line":42,"column":10},"end":{"line":42,"column":69}},"type":"binary-expr","locations":[{"start":{"line":42,"column":10},"end":{"line":42,"column":36}},{"start":{"line":42,"column":36},"end":{"line":42,"column":69}}],"line":42},"3":{"loc":{"start":{"line":54,"column":22},"end":{"line":54,"column":null}},"type":"binary-expr","locations":[{"start":{"line":54,"column":22},"end":{"line":54,"column":38}},{"start":{"line":54,"column":38},"end":{"line":54,"column":null}}],"line":54},"4":{"loc":{"start":{"line":55,"column":15},"end":{"line":55,"column":null}},"type":"binary-expr","locations":[{"start":{"line":55,"column":15},"end":{"line":55,"column":36}},{"start":{"line":55,"column":36},"end":{"line":55,"column":null}}],"line":55},"5":{"loc":{"start":{"line":56,"column":18},"end":{"line":56,"column":null}},"type":"binary-expr","locations":[{"start":{"line":56,"column":18},"end":{"line":56,"column":40}},{"start":{"line":56,"column":40},"end":{"line":56,"column":null}}],"line":56}},"s":{"0":82,"1":82,"2":155,"3":82,"4":82,"5":156,"6":82,"7":82,"8":146,"9":1,"10":145,"11":226,"12":82,"13":144,"14":144,"15":144,"16":226,"17":82,"18":81},"f":{"0":82,"1":81},"b":{"0":[1,145],"1":[82,144],"2":[226,145],"3":[144,1],"4":[226,1],"5":[226,1]},"meta":{"lastBranch":6,"lastFunction":2,"lastStatement":19,"seen":{"f:15:16:15:Infinity":0,"s:21:24:21:Infinity":0,"s:23:2:25:Infinity":1,"s:24:4:24:Infinity":2,"s:27:20:27:Infinity":3,"s:29:2:31:Infinity":4,"s:30:4:30:Infinity":5,"s:33:32:33:Infinity":6,"s:35:2:63:Infinity":7,"b:36:4:38:Infinity:undefined:undefined:undefined:undefined":0,"s:36:4:38:Infinity":8,"s:37:6:37:Infinity":9,"s:41:4:62:Infinity":10,"b:42:6:44:Infinity:undefined:undefined:undefined:undefined":1,"s:42:6:44:Infinity":11,"b:42:10:42:36:42:36:42:69":2,"s:43:8:43:Infinity":12,"s:46:25:46:Infinity":13,"s:47:21:47:Infinity":14,"s:49:6:60:Infinity":15,"b:54:22:54:38:54:38:54:Infinity":3,"b:55:15:55:36:55:36:55:Infinity":4,"b:56:18:56:40:56:40:56:Infinity":5,"s:61:6:61:Infinity":16,"s:65:2:67:Infinity":17,"f:65:16:65:22":1,"s:66:4:66:Infinity":18},"fnNames":{}}}
,"/__w/ReactiveTraderCloudClone/ReactiveTraderCloudClone/packages/client-react/src/ui/credit/newRfq/DealerChecklist.module.css": {"path":"/__w/ReactiveTraderCloudClone/ReactiveTraderCloudClone/packages/client-react/src/ui/credit/newRfq/DealerChecklist.module.css","statementMap":{},"fnMap":{},"branchMap":{},"s":{},"f":{},"b":{},"meta":{"lastBranch":0,"lastFunction":0,"lastStatement":0,"seen":{},"fnNames":{}}}
,"/__w/ReactiveTraderCloudClone/ReactiveTraderCloudClone/packages/client-react/src/ui/credit/newRfq/DealerChecklist.tsx": {"path":"/__w/ReactiveTraderCloudClone/ReactiveTraderCloudClone/packages/client-react/src/ui/credit/newRfq/DealerChecklist.tsx","statementMap":{"0":{"start":{"line":11,"column":64},"end":{"line":11,"column":null}},"1":{"start":{"line":13,"column":4},"end":{"line":16,"column":null}},"2":{"start":{"line":15,"column":6},"end":{"line":15,"column":null}},"3":{"start":{"line":18,"column":2},"end":{"line":51,"column":null}},"4":{"start":{"line":32,"column":24},"end":{"line":32,"column":null}},"5":{"start":{"line":34,"column":8},"end":{"line":48,"column":null}},"6":{"start":{"line":43,"column":14},"end":{"line":43,"column":null}},"7":{"start":{"line":67,"column":22},"end":{"line":67,"column":null}},"8":{"start":{"line":69,"column":2},"end":{"line":72,"column":null}}},"fnMap":{"0":{"name":"DealerChecklist","decl":{"start":{"line":10,"column":16},"end":{"line":10,"column":32}},"loc":{"start":{"line":10,"column":75},"end":{"line":53,"column":null}},"line":10},"1":{"name":"(anonymous_1)","decl":{"start":{"line":14,"column":12},"end":{"line":14,"column":19}},"loc":{"start":{"line":14,"column":30},"end":{"line":16,"column":5}},"line":14},"2":{"name":"(anonymous_2)","decl":{"start":{"line":31,"column":15},"end":{"line":31,"column":20}},"loc":{"start":{"line":31,"column":31},"end":{"line":50,"column":7}},"line":31},"3":{"name":"(anonymous_3)","decl":{"start":{"line":42,"column":12},"end":{"line":42,"column":27}},"loc":{"start":{"line":42,"column":27},"end":{"line":44,"column":null}},"line":42},"4":{"name":"CheckBox","decl":{"start":{"line":66,"column":9},"end":{"line":66,"column":18}},"loc":{"start":{"line":66,"column":54},"end":{"line":74,"column":null}},"line":66}},"branchMap":{"0":{"loc":{"start":{"line":13,"column":4},"end":{"line":16,"column":null}},"type":"binary-expr","locations":[{"start":{"line":13,"column":4},"end":{"line":13,"column":null}},{"start":{"line":14,"column":4},"end":{"line":16,"column":null}}],"line":13},"1":{"loc":{"start":{"line":71,"column":7},"end":{"line":71,"column":null}},"type":"cond-expr","locations":[{"start":{"line":71,"column":17},"end":{"line":71,"column":23}},{"start":{"line":71,"column":23},"end":{"line":71,"column":null}}],"line":71}},"s":{"0":66,"1":66,"2":75,"3":66,"4":198,"5":198,"6":14,"7":264,"8":264},"f":{"0":66,"1":75,"2":198,"3":14,"4":264},"b":{"0":[66,66],"1":[26,238]},"meta":{"lastBranch":2,"lastFunction":5,"lastStatement":9,"seen":{"f:10:16:10:32":0,"s:11:64:11:Infinity":0,"s:13:4:16:Infinity":1,"b:13:4:13:Infinity:14:4:16:Infinity":0,"f:14:12:14:19":1,"s:15:6:15:Infinity":2,"s:18:2:51:Infinity":3,"f:31:15:31:20":2,"s:32:24:32:Infinity":4,"s:34:8:48:Infinity":5,"f:42:12:42:27":3,"s:43:14:43:Infinity":6,"f:66:9:66:18":4,"s:67:22:67:Infinity":7,"s:69:2:72:Infinity":8,"b:71:17:71:23:71:23:71:Infinity":1},"fnNames":{}}}
,"/__w/ReactiveTraderCloudClone/ReactiveTraderCloudClone/packages/client-react/src/ui/credit/newRfq/InstrumentSelect.module.css": {"path":"/__w/ReactiveTraderCloudClone/ReactiveTraderCloudClone/packages/client-react/src/ui/credit/newRfq/InstrumentSelect.module.css","statementMap":{},"fnMap":{},"branchMap":{},"s":{},"f":{},"b":{},"meta":{"lastBranch":0,"lastFunction":0,"lastStatement":0,"seen":{},"fnNames":{}}}
,"/__w/ReactiveTraderCloudClone/ReactiveTraderCloudClone/packages/client-react/src/ui/credit/newRfq/InstrumentSelect.tsx": {"path":"/__w/ReactiveTraderCloudClone/ReactiveTraderCloudClone/packages/client-react/src/ui/credit/newRfq/InstrumentSelect.tsx","statementMap":{"0":{"start":{"line":11,"column":62},"end":{"line":11,"column":null}},"1":{"start":{"line":13,"column":2},"end":{"line":42,"column":null}},"2":{"start":{"line":30,"column":12},"end":{"line":37,"column":null}},"3":{"start":{"line":35,"column":18},"end":{"line":35,"column":null}},"4":{"start":{"line":60,"column":35},"end":{"line":60,"column":null}},"5":{"start":{"line":62,"column":2},"end":{"line":73,"column":null}}},"fnMap":{"0":{"name":"InstrumentSelect","decl":{"start":{"line":10,"column":16},"end":{"line":10,"column":33}},"loc":{"start":{"line":10,"column":77},"end":{"line":44,"column":null}},"line":10},"1":{"name":"(anonymous_1)","decl":{"start":{"line":29,"column":23},"end":{"line":29,"column":28}},"loc":{"start":{"line":29,"column":43},"end":{"line":39,"column":11}},"line":29},"2":{"name":"(anonymous_2)","decl":{"start":{"line":34,"column":16},"end":{"line":34,"column":32}},"loc":{"start":{"line":34,"column":32},"end":{"line":36,"column":null}},"line":34},"3":{"name":"InstrumentRow","decl":{"start":{"line":59,"column":9},"end":{"line":59,"column":23}},"loc":{"start":{"line":59,"column":64},"end":{"line":75,"column":null}},"line":59}},"branchMap":{"0":{"loc":{"start":{"line":23,"column":15},"end":{"line":23,"column":70}},"type":"cond-expr","locations":[{"start":{"line":23,"column":26},"end":{"line":23,"column":44}},{"start":{"line":23,"column":44},"end":{"line":23,"column":70}}],"line":23},"1":{"loc":{"start":{"line":27,"column":7},"end":{"line":41,"column":null}},"type":"cond-expr","locations":[{"start":{"line":28,"column":8},"end":{"line":41,"column":null}},{"start":{"line":41,"column":10},"end":{"line":41,"column":null}}],"line":27}},"s":{"0":66,"1":66,"2":20,"3":10,"4":20,"5":20},"f":{"0":66,"1":20,"2":10,"3":20},"b":{"0":[32,34],"1":[10,56]},"meta":{"lastBranch":2,"lastFunction":4,"lastStatement":6,"seen":{"f:10:16:10:33":0,"s:11:62:11:Infinity":0,"s:13:2:42:Infinity":1,"b:23:26:23:44:23:44:23:70":0,"b:28:8:41:Infinity:41:10:41:Infinity":1,"f:29:23:29:28":1,"s:30:12:37:Infinity":2,"f:34:16:34:32":2,"s:35:18:35:Infinity":3,"f:59:9:59:23":3,"s:60:35:60:Infinity":4,"s:62:2:73:Infinity":5},"fnNames":{}}}
,"/__w/ReactiveTraderCloudClone/ReactiveTraderCloudClone/packages/client-react/src/ui/credit/newRfq/NewRfqHead.tsx": {"path":"/__w/ReactiveTraderCloudClone/ReactiveTraderCloudClone/packages/client-react/src/ui/credit/newRfq/NewRfqHead.tsx","statementMap":{"0":{"start":{"line":13,"column":2},"end":{"line":22,"column":null}}},"fnMap":{"0":{"name":"NewRfqHead","decl":{"start":{"line":12,"column":16},"end":{"line":12,"column":43}},"loc":{"start":{"line":12,"column":43},"end":{"line":24,"column":null}},"line":12}},"branchMap":{},"s":{"0":2},"f":{"0":2},"b":{},"meta":{"lastBranch":0,"lastFunction":1,"lastStatement":1,"seen":{"f:12:16:12:43":0,"s:13:2:22:Infinity":0},"fnNames":{}}}
,"/__w/ReactiveTraderCloudClone/ReactiveTraderCloudClone/packages/client-react/src/ui/credit/newRfq/NewRfqPanel.module.css": {"path":"/__w/ReactiveTraderCloudClone/ReactiveTraderCloudClone/packages/client-react/src/ui/credit/newRfq/NewRfqPanel.module.css","statementMap":{},"fnMap":{},"branchMap":{},"s":{},"f":{},"b":{},"meta":{"lastBranch":0,"lastFunction":0,"lastStatement":0,"seen":{},"fnNames":{}}}
,"/__w/ReactiveTraderCloudClone/ReactiveTraderCloudClone/packages/client-react/src/ui/credit/newRfq/NewRfqPanel.tsx": {"path":"/__w/ReactiveTraderCloudClone/ReactiveTraderCloudClone/packages/client-react/src/ui/credit/newRfq/NewRfqPanel.tsx","statementMap":{"0":{"start":{"line":22,"column":24},"end":{"line":22,"column":null}},"1":{"start":{"line":23,"column":38},"end":{"line":23,"column":null}},"2":{"start":{"line":24,"column":22},"end":{"line":24,"column":null}},"3":{"start":{"line":25,"column":18},"end":{"line":25,"column":null}},"4":{"start":{"line":26,"column":21},"end":{"line":26,"column":null}},"5":{"start":{"line":27,"column":21},"end":{"line":27,"column":null}},"6":{"start":{"line":28,"column":21},"end":{"line":28,"column":null}},"7":{"start":{"line":30,"column":16},"end":{"line":30,"column":null}},"8":{"start":{"line":31,"column":25},"end":{"line":31,"column":null}},"9":{"start":{"line":39,"column":8},"end":{"line":39,"column":null}},"10":{"start":{"line":40,"column":2},"end":{"line":51,"column":null}},"11":{"start":{"line":41,"column":27},"end":{"line":41,"column":null}},"12":{"start":{"line":42,"column":4},"end":{"line":42,"column":null}},"13":{"start":{"line":44,"column":4},"end":{"line":50,"column":null}},"14":{"start":{"line":48,"column":6},"end":{"line":48,"column":null}},"15":{"start":{"line":49,"column":6},"end":{"line":49,"column":null}},"16":{"start":{"line":54,"column":4},"end":{"line":56,"column":null}},"17":{"start":{"line":55,"column":6},"end":{"line":55,"column":null}},"18":{"start":{"line":57,"column":19},"end":{"line":57,"column":null}},"19":{"start":{"line":59,"column":4},"end":{"line":62,"column":null}},"20":{"start":{"line":63,"column":20},"end":{"line":63,"column":null}},"21":{"start":{"line":66,"column":4},"end":{"line":68,"column":null}},"22":{"start":{"line":67,"column":6},"end":{"line":67,"column":null}},"23":{"start":{"line":72,"column":4},"end":{"line":74,"column":null}},"24":{"start":{"line":73,"column":6},"end":{"line":73,"column":null}},"25":{"start":{"line":78,"column":4},"end":{"line":80,"column":null}},"26":{"start":{"line":79,"column":6},"end":{"line":79,"column":null}},"27":{"start":{"line":81,"column":4},"end":{"line":81,"column":null}},"28":{"start":{"line":85,"column":4},"end":{"line":87,"column":null}},"29":{"start":{"line":86,"column":6},"end":{"line":86,"column":null}},"30":{"start":{"line":91,"column":4},"end":{"line":101,"column":null}},"31":{"start":{"line":92,"column":18},"end":{"line":92,"column":null}},"32":{"start":{"line":93,"column":6},"end":{"line":100,"column":null}},"33":{"start":{"line":97,"column":14},"end":{"line":97,"column":null}},"34":{"start":{"line":105,"column":4},"end":{"line":119,"column":null}},"35":{"start":{"line":107,"column":8},"end":{"line":110,"column":null}},"36":{"start":{"line":109,"column":10},"end":{"line":109,"column":null}},"37":{"start":{"line":111,"column":6},"end":{"line":118,"column":null}},"38":{"start":{"line":116,"column":14},"end":{"line":116,"column":null}},"39":{"start":{"line":123,"column":4},"end":{"line":123,"column":null}},"40":{"start":{"line":124,"column":4},"end":{"line":124,"column":null}},"41":{"start":{"line":128,"column":4},"end":{"line":130,"column":null}},"42":{"start":{"line":129,"column":6},"end":{"line":129,"column":null}},"43":{"start":{"line":132,"column":4},"end":{"line":141,"column":null}},"44":{"start":{"line":144,"column":2},"end":{"line":154,"column":null}},"45":{"start":{"line":145,"column":4},"end":{"line":152,"column":null}},"46":{"start":{"line":156,"column":2},"end":{"line":225,"column":null}},"47":{"start":{"line":229,"column":27},"end":{"line":229,"column":null}},"48":{"start":{"line":231,"column":23},"end":{"line":231,"column":null}},"49":{"start":{"line":240,"column":31},"end":{"line":245,"column":null}},"50":{"start":{"line":258,"column":36},"end":{"line":258,"column":null}},"51":{"start":{"line":261,"column":4},"end":{"line":261,"column":null}},"52":{"start":{"line":264,"column":2},"end":{"line":274,"column":null}}},"fnMap":{"0":{"name":"NewRfqPanel","decl":{"start":{"line":21,"column":16},"end":{"line":21,"column":28}},"loc":{"start":{"line":21,"column":67},"end":{"line":227,"column":null}},"line":21},"1":{"name":"(anonymous_1)","decl":{"start":{"line":40,"column":2},"end":{"line":40,"column":18}},"loc":{"start":{"line":40,"column":18},"end":{"line":51,"column":5}},"line":40},"2":{"name":"(anonymous_2)","decl":{"start":{"line":54,"column":16},"end":{"line":54,"column":22}},"loc":{"start":{"line":54,"column":37},"end":{"line":56,"column":5}},"line":54},"3":{"name":"handleDir","decl":{"start":{"line":65,"column":11},"end":{"line":65,"column":21}},"loc":{"start":{"line":65,"column":43},"end":{"line":69,"column":null}},"line":65},"4":{"name":"(anonymous_4)","decl":{"start":{"line":66,"column":4},"end":{"line":66,"column":14}},"loc":{"start":{"line":66,"column":23},"end":{"line":68,"column":5}},"line":66},"5":{"name":"handleInstrumentToggle","decl":{"start":{"line":71,"column":11},"end":{"line":71,"column":42}},"loc":{"start":{"line":71,"column":42},"end":{"line":75,"column":null}},"line":71},"6":{"name":"(anonymous_6)","decl":{"start":{"line":72,"column":4},"end":{"line":72,"column":23}},"loc":{"start":{"line":72,"column":32},"end":{"line":74,"column":5}},"line":72},"7":{"name":"handleInstrumentSelect","decl":{"start":{"line":77,"column":11},"end":{"line":77,"column":34}},"loc":{"start":{"line":77,"column":64},"end":{"line":82,"column":null}},"line":77},"8":{"name":"(anonymous_8)","decl":{"start":{"line":78,"column":4},"end":{"line":78,"column":14}},"loc":{"start":{"line":78,"column":23},"end":{"line":80,"column":5}},"line":78},"9":{"name":"handleQty","decl":{"start":{"line":84,"column":11},"end":{"line":84,"column":21}},"loc":{"start":{"line":84,"column":61},"end":{"line":88,"column":null}},"line":84},"10":{"name":"(anonymous_10)","decl":{"start":{"line":85,"column":4},"end":{"line":85,"column":14}},"loc":{"start":{"line":85,"column":23},"end":{"line":87,"column":5}},"line":85},"11":{"name":"handleToggleDealer","decl":{"start":{"line":90,"column":11},"end":{"line":90,"column":30}},"loc":{"start":{"line":90,"column":48},"end":{"line":102,"column":null}},"line":90},"12":{"name":"(anonymous_12)","decl":{"start":{"line":91,"column":4},"end":{"line":91,"column":14}},"loc":{"start":{"line":91,"column":23},"end":{"line":101,"column":5}},"line":91},"13":{"name":"(anonymous_13)","decl":{"start":{"line":96,"column":27},"end":{"line":96,"column":35}},"loc":{"start":{"line":96,"column":48},"end":{"line":98,"column":13}},"line":96},"14":{"name":"handleToggleAllDealers","decl":{"start":{"line":104,"column":11},"end":{"line":104,"column":42}},"loc":{"start":{"line":104,"column":42},"end":{"line":120,"column":null}},"line":104},"15":{"name":"(anonymous_15)","decl":{"start":{"line":105,"column":4},"end":{"line":105,"column":14}},"loc":{"start":{"line":105,"column":23},"end":{"line":119,"column":5}},"line":105},"16":{"name":"(anonymous_16)","decl":{"start":{"line":108,"column":16},"end":{"line":108,"column":23}},"loc":{"start":{"line":108,"column":34},"end":{"line":110,"column":9}},"line":108},"17":{"name":"(anonymous_17)","decl":{"start":{"line":115,"column":20},"end":{"line":115,"column":25}},"loc":{"start":{"line":115,"column":36},"end":{"line":117,"column":13}},"line":115},"18":{"name":"handleClear","decl":{"start":{"line":122,"column":11},"end":{"line":122,"column":31}},"loc":{"start":{"line":122,"column":31},"end":{"line":125,"column":null}},"line":122},"19":{"name":"handleSend","decl":{"start":{"line":127,"column":11},"end":{"line":127,"column":30}},"loc":{"start":{"line":127,"column":30},"end":{"line":142,"column":null}},"line":127},"20":{"name":"DirButton","decl":{"start":{"line":257,"column":9},"end":{"line":257,"column":19}},"loc":{"start":{"line":257,"column":56},"end":{"line":276,"column":null}},"line":257},"21":{"name":"handleClick","decl":{"start":{"line":260,"column":11},"end":{"line":260,"column":31}},"loc":{"start":{"line":260,"column":31},"end":{"line":262,"column":null}},"line":260}},"branchMap":{"0":{"loc":{"start":{"line":44,"column":4},"end":{"line":50,"column":null}},"type":"if","locations":[{"start":{"line":44,"column":4},"end":{"line":50,"column":null}},{"start":{},"end":{}}],"line":44},"1":{"loc":{"start":{"line":45,"column":6},"end":{"line":46,"column":null}},"type":"binary-expr","locations":[{"start":{"line":45,"column":6},"end":{"line":45,"column":null}},{"start":{"line":46,"column":6},"end":{"line":46,"column":null}}],"line":45},"2":{"loc":{"start":{"line":54,"column":4},"end":{"line":56,"column":null}},"type":"binary-expr","locations":[{"start":{"line":54,"column":4},"end":{"line":56,"column":10}},{"start":{"line":56,"column":10},"end":{"line":56,"column":null}}],"line":54},"3":{"loc":{"start":{"line":59,"column":4},"end":{"line":62,"column":null}},"type":"binary-expr","locations":[{"start":{"line":59,"column":4},"end":{"line":59,"column":null}},{"start":{"line":60,"column":4},"end":{"line":60,"column":null}},{"start":{"line":61,"column":4},"end":{"line":61,"column":null}},{"start":{"line":62,"column":4},"end":{"line":62,"column":null}}],"line":59},"4":{"loc":{"start":{"line":63,"column":20},"end":{"line":63,"column":null}},"type":"binary-expr","locations":[{"start":{"line":63,"column":20},"end":{"line":63,"column":29}},{"start":{"line":63,"column":29},"end":{"line":63,"column":null}}],"line":63},"5":{"loc":{"start":{"line":95,"column":19},"end":{"line":99,"column":null}},"type":"cond-expr","locations":[{"start":{"line":96,"column":12},"end":{"line":98,"column":null}},{"start":{"line":99,"column":12},"end":{"line":99,"column":null}}],"line":95},"6":{"loc":{"start":{"line":107,"column":8},"end":{"line":110,"column":null}},"type":"binary-expr","locations":[{"start":{"line":107,"column":8},"end":{"line":107,"column":null}},{"start":{"line":108,"column":8},"end":{"line":110,"column":null}}],"line":107},"7":{"loc":{"start":{"line":113,"column":19},"end":{"line":117,"column":null}},"type":"cond-expr","locations":[{"start":{"line":114,"column":12},"end":{"line":114,"column":null}},{"start":{"line":115,"column":12},"end":{"line":117,"column":null}}],"line":113},"8":{"loc":{"start":{"line":128,"column":4},"end":{"line":130,"column":null}},"type":"if","locations":[{"start":{"line":128,"column":4},"end":{"line":130,"column":null}},{"start":{},"end":{}}],"line":128},"9":{"loc":{"start":{"line":128,"column":8},"end":{"line":128,"column":43}},"type":"binary-expr","locations":[{"start":{"line":128,"column":8},"end":{"line":128,"column":22}},{"start":{"line":128,"column":22},"end":{"line":128,"column":43}}],"line":128},"10":{"loc":{"start":{"line":144,"column":2},"end":{"line":154,"column":null}},"type":"if","locations":[{"start":{"line":144,"column":2},"end":{"line":154,"column":null}},{"start":{},"end":{}}],"line":144}},"s":{"0":70,"1":70,"2":70,"3":70,"4":70,"5":70,"6":70,"7":70,"8":70,"9":70,"10":70,"11":19,"12":19,"13":19,"14":1,"15":1,"16":70,"17":136,"18":70,"19":70,"20":70,"21":4,"22":4,"23":10,"24":10,"25":10,"26":10,"27":10,"28":9,"29":9,"30":14,"31":14,"32":14,"33":1,"34":2,"35":2,"36":4,"37":2,"38":3,"39":1,"40":1,"41":4,"42":0,"43":4,"44":70,"45":4,"46":66,"47":103,"48":103,"49":103,"50":132,"51":4,"52":132},"f":{"0":70,"1":19,"2":136,"3":4,"4":4,"5":10,"6":10,"7":10,"8":10,"9":9,"10":9,"11":14,"12":14,"13":1,"14":2,"15":2,"16":4,"17":3,"18":1,"19":4,"20":132,"21":4},"b":{"0":[1,18],"1":[19,1],"2":[70,34],"3":[70,36,26,26],"4":[70,15],"5":[1,13],"6":[2,2],"7":[1,1],"8":[0,4],"9":[4,4],"10":[4,66]},"meta":{"lastBranch":11,"lastFunction":22,"lastStatement":53,"seen":{"f:21:16:21:28":0,"s:22:24:22:Infinity":0,"s:23:38:23:Infinity":1,"s:24:22:24:Infinity":2,"s:25:18:25:Infinity":3,"s:26:21:26:Infinity":4,"s:27:21:27:Infinity":5,"s:28:21:28:Infinity":6,"s:30:16:30:Infinity":7,"s:31:25:31:Infinity":8,"s:39:8:39:Infinity":9,"s:40:2:51:Infinity":10,"f:40:2:40:18":1,"s:41:27:41:Infinity":11,"s:42:4:42:Infinity":12,"b:44:4:50:Infinity:undefined:undefined:undefined:undefined":0,"s:44:4:50:Infinity":13,"b:45:6:45:Infinity:46:6:46:Infinity":1,"s:48:6:48:Infinity":14,"s:49:6:49:Infinity":15,"s:54:4:56:Infinity":16,"b:54:4:56:10:56:10:56:Infinity":2,"f:54:16:54:22":2,"s:55:6:55:Infinity":17,"s:57:19:57:Infinity":18,"s:59:4:62:Infinity":19,"b:59:4:59:Infinity:60:4:60:Infinity:61:4:61:Infinity:62:4:62:Infinity":3,"s:63:20:63:Infinity":20,"b:63:20:63:29:63:29:63:Infinity":4,"f:65:11:65:21":3,"s:66:4:68:Infinity":21,"f:66:4:66:14":4,"s:67:6:67:Infinity":22,"f:71:11:71:42":5,"s:72:4:74:Infinity":23,"f:72:4:72:23":6,"s:73:6:73:Infinity":24,"f:77:11:77:34":7,"s:78:4:80:Infinity":25,"f:78:4:78:14":8,"s:79:6:79:Infinity":26,"s:81:4:81:Infinity":27,"f:84:11:84:21":9,"s:85:4:87:Infinity":28,"f:85:4:85:14":10,"s:86:6:86:Infinity":29,"f:90:11:90:30":11,"s:91:4:101:Infinity":30,"f:91:4:91:14":12,"s:92:18:92:Infinity":31,"s:93:6:100:Infinity":32,"b:96:12:98:Infinity:99:12:99:Infinity":5,"f:96:27:96:35":13,"s:97:14:97:Infinity":33,"f:104:11:104:42":14,"s:105:4:119:Infinity":34,"f:105:4:105:14":15,"s:107:8:110:Infinity":35,"b:107:8:107:Infinity:108:8:110:Infinity":6,"f:108:16:108:23":16,"s:109:10:109:Infinity":36,"s:111:6:118:Infinity":37,"b:114:12:114:Infinity:115:12:117:Infinity":7,"f:115:20:115:25":17,"s:116:14:116:Infinity":38,"f:122:11:122:31":18,"s:123:4:123:Infinity":39,"s:124:4:124:Infinity":40,"f:127:11:127:30":19,"b:128:4:130:Infinity:undefined:undefined:undefined:undefined":8,"s:128:4:130:Infinity":41,"b:128:8:128:22:128:22:128:43":9,"s:129:6:129:Infinity":42,"s:132:4:141:Infinity":43,"b:144:2:154:Infinity:undefined:undefined:undefined:undefined":10,"s:144:2:154:Infinity":44,"s:145:4:152:Infinity":45,"s:156:2:225:Infinity":46,"s:229:27:229:Infinity":47,"s:231:23:231:Infinity":48,"s:240:31:245:Infinity":49,"f:257:9:257:19":20,"s:258:36:258:Infinity":50,"f:260:11:260:31":21,"s:261:4:261:Infinity":51,"s:264:2:274:Infinity":52},"fnNames":{}}}
,"/__w/ReactiveTraderCloudClone/ReactiveTraderCloudClone/packages/client-react/src/ui/credit/rfqs/EmptyRfqs.module.css": {"path":"/__w/ReactiveTraderCloudClone/ReactiveTraderCloudClone/packages/client-react/src/ui/credit/rfqs/EmptyRfqs.module.css","statementMap":{},"fnMap":{},"branchMap":{},"s":{},"f":{},"b":{},"meta":{"lastBranch":0,"lastFunction":0,"lastStatement":0,"seen":{},"fnNames":{}}}
,"/__w/ReactiveTraderCloudClone/ReactiveTraderCloudClone/packages/client-react/src/ui/credit/rfqs/EmptyRfqs.tsx": {"path":"/__w/ReactiveTraderCloudClone/ReactiveTraderCloudClone/packages/client-react/src/ui/credit/rfqs/EmptyRfqs.tsx","statementMap":{"0":{"start":{"line":8,"column":2},"end":{"line":13,"column":null}}},"fnMap":{"0":{"name":"EmptyRfqs","decl":{"start":{"line":7,"column":16},"end":{"line":7,"column":42}},"loc":{"start":{"line":7,"column":42},"end":{"line":15,"column":null}},"line":7}},"branchMap":{},"s":{"0":8},"f":{"0":8},"b":{},"meta":{"lastBranch":0,"lastFunction":1,"lastStatement":1,"seen":{"f:7:16:7:42":0,"s:8:2:13:Infinity":0},"fnNames":{}}}
,"/__w/ReactiveTraderCloudClone/ReactiveTraderCloudClone/packages/client-react/src/ui/credit/rfqs/QuoteRow.module.css": {"path":"/__w/ReactiveTraderCloudClone/ReactiveTraderCloudClone/packages/client-react/src/ui/credit/rfqs/QuoteRow.module.css","statementMap":{},"fnMap":{},"branchMap":{},"s":{},"f":{},"b":{},"meta":{"lastBranch":0,"lastFunction":0,"lastStatement":0,"seen":{},"fnNames":{}}}
[...]
:69:Infinity":11,"f:67:24:67:33":3,"s:68:6:68:Infinity":12,"s:70:4:70:Infinity":13,"s:72:4:76:Infinity":14,"f:72:4:72:23":4,"s:73:6:73:Infinity":15,"s:74:6:74:Infinity":16,"s:75:6:75:Infinity":17,"s:79:2:133:Infinity":18,"f:79:2:79:24":5,"s:80:26:80:Infinity":19,"s:81:26:81:Infinity":20,"b:83:4:122:Infinity:undefined:undefined:undefined:undefined":5,"s:83:4:122:Infinity":21,"b:83:8:83:34:83:34:83:59":6,"s:84:6:90:Infinity":22,"s:85:19:85:Infinity":23,"b:87:8:89:Infinity:undefined:undefined:undefined:undefined":7,"s:87:8:89:Infinity":24,"s:88:10:88:Infinity":25,"b:94:6:104:Infinity:undefined:undefined:undefined:undefined":8,"s:94:6:104:Infinity":26,"s:95:8:103:Infinity":27,"f:95:22:95:31":6,"b:96:10:102:Infinity:undefined:undefined:undefined:undefined":9,"s:96:10:102:Infinity":28,"s:97:23:97:Infinity":29,"b:99:12:101:Infinity:undefined:undefined:undefined:undefined":10,"s:99:12:101:Infinity":30,"s:100:14:100:Infinity":31,"b:110:6:121:Infinity:undefined:undefined:undefined:undefined":11,"s:110:6:121:Infinity":32,"s:111:26:111:Infinity":33,"s:112:8:120:Infinity":34,"f:112:22:112:31":7,"b:113:10:119:Infinity:undefined:undefined:undefined:undefined":12,"s:113:10:119:Infinity":35,"s:114:25:114:Infinity":36,"b:116:12:118:Infinity:undefined:undefined:undefined:undefined":13,"s:116:12:118:Infinity":37,"s:117:14:117:Infinity":38,"s:124:4:124:Infinity":39,"s:125:4:125:Infinity":40,"f:135:11:135:20":8,"s:136:4:150:Infinity":41,"f:136:4:136:12":9,"b:137:6:149:Infinity:140:13:149:Infinity":14,"s:137:6:149:Infinity":42,"s:138:8:138:Infinity":43,"s:139:8:139:Infinity":44,"s:141:21:141:Infinity":45,"b:143:8:146:Infinity:undefined:undefined:undefined:undefined":15,"s:143:8:146:Infinity":46,"s:144:10:144:Infinity":47,"s:145:10:145:Infinity":48,"s:148:8:148:Infinity":49,"s:153:2:153:Infinity":50,"f:161:9:161:25":10,"s:162:16:162:Infinity":51,"s:163:2:167:Infinity":52,"f:163:11:163:20":11,"b:164:4:166:Infinity:undefined:undefined:undefined:undefined":16,"s:164:4:166:Infinity":53,"b:164:8:164:28:164:28:164:59":17,"s:165:6:165:Infinity":54,"s:168:2:168:Infinity":55,"f:172:9:172:Infinity":12,"s:175:20:175:Infinity":56,"s:176:2:184:Infinity":57,"f:176:11:176:20":13,"s:177:17:177:Infinity":58,"s:178:4:183:Infinity":59,"s:185:2:185:Infinity":60,"f:188:9:188:18":14,"s:189:2:192:Infinity":61,"f:200:9:200:19":15,"b:202:2:204:Infinity:undefined:undefined:undefined:undefined":18,"s:202:2:204:Infinity":62,"s:203:4:203:Infinity":63,"s:206:15:206:Infinity":64,"s:207:17:208:Infinity":65,"b:207:17:207:Infinity:208:4:208:Infinity":19,"s:209:20:209:Infinity":66,"s:210:13:210:Infinity":67,"b:210:25:210:56:210:56:210:Infinity":20,"s:212:2:218:Infinity":68,"f:223:9:223:Infinity":16,"s:226:2:232:Infinity":69,"s:227:18:227:Infinity":70,"b:229:4:231:Infinity:undefined:undefined:undefined:undefined":21,"s:229:4:231:Infinity":71,"s:230:6:230:Infinity":72,"s:234:2:234:Infinity":73,"f:243:9:243:Infinity":17,"b:248:2:250:Infinity:undefined:undefined:undefined:undefined":22,"s:248:2:250:Infinity":74,"s:249:4:249:Infinity":75,"s:252:2:252:Infinity":76,"s:253:2:253:Infinity":77,"s:254:2:254:Infinity":78,"s:255:2:255:Infinity":79,"s:256:2:256:Infinity":80,"s:257:2:257:Infinity":81,"s:258:2:258:Infinity":82,"s:262:2:262:Infinity":83,"s:263:2:263:Infinity":84,"s:264:2:266:Infinity":85,"f:264:41:264:50":18,"s:265:4:265:Infinity":86,"s:267:2:267:Infinity":87,"s:269:22:269:Infinity":88,"s:270:13:270:Infinity":89,"b:270:25:270:58:270:58:270:Infinity":23,"s:271:20:277:Infinity":90,"f:279:11:279:26":19,"s:280:4:280:Infinity":91,"s:283:2:283:Infinity":92,"f:286:9:286:41":20,"s:287:2:287:Infinity":93,"b:287:9:287:62:287:62:287:Infinity":24},"fnNames":{}}}
,"/__w/ReactiveTraderCloudClone/ReactiveTraderCloudClone/packages/client-react/src/ui/shell/prefs/PrefSegment.tsx": {"path":"/__w/ReactiveTraderCloudClone/ReactiveTraderCloudClone/packages/client-react/src/ui/shell/prefs/PrefSegment.tsx","statementMap":{"0":{"start":{"line":18,"column":2},"end":{"line":43,"column":null}},"1":{"start":{"line":25,"column":25},"end":{"line":25,"column":null}},"2":{"start":{"line":26,"column":10},"end":{"line":39,"column":null}},"3":{"start":{"line":35,"column":16},"end":{"line":35,"column":null}}},"fnMap":{"0":{"name":"PrefSegment","decl":{"start":{"line":11,"column":16},"end":{"line":11,"column":28}},"loc":{"start":{"line":17,"column":35},"end":{"line":45,"column":null}},"line":17},"1":{"name":"(anonymous_1)","decl":{"start":{"line":24,"column":17},"end":{"line":24,"column":22}},"loc":{"start":{"line":24,"column":33},"end":{"line":41,"column":9}},"line":24},"2":{"name":"(anonymous_2)","decl":{"start":{"line":34,"column":14},"end":{"line":34,"column":29}},"loc":{"start":{"line":34,"column":29},"end":{"line":36,"column":null}},"line":34}},"branchMap":{"0":{"loc":{"start":{"line":32,"column":23},"end":{"line":32,"column":null}},"type":"cond-expr","locations":[{"start":{"line":32,"column":32},"end":{"line":32,"column":41}},{"start":{"line":32,"column":41},"end":{"line":32,"column":null}}],"line":32}},"s":{"0":60,"1":190,"2":190,"3":1},"f":{"0":60,"1":190,"2":1},"b":{"0":[60,130]},"meta":{"lastBranch":1,"lastFunction":3,"lastStatement":4,"seen":{"f:11:16:11:28":0,"s:18:2:43:Infinity":0,"f:24:17:24:22":1,"s:25:25:25:Infinity":1,"s:26:10:39:Infinity":2,"b:32:32:32:41:32:41:32:Infinity":0,"f:34:14:34:29":2,"s:35:16:35:Infinity":3},"fnNames":{}}}
,"/__w/ReactiveTraderCloudClone/ReactiveTraderCloudClone/packages/client-react/src/ui/shell/prefs/PrefToggle.tsx": {"path":"/__w/ReactiveTraderCloudClone/ReactiveTraderCloudClone/packages/client-react/src/ui/shell/prefs/PrefToggle.tsx","statementMap":{"0":{"start":{"line":18,"column":2},"end":{"line":36,"column":null}}},"fnMap":{"0":{"name":"PrefToggle","decl":{"start":{"line":11,"column":16},"end":{"line":11,"column":27}},"loc":{"start":{"line":17,"column":34},"end":{"line":38,"column":null}},"line":17}},"branchMap":{"0":{"loc":{"start":{"line":22,"column":9},"end":{"line":24,"column":null}},"type":"cond-expr","locations":[{"start":{"line":23,"column":10},"end":{"line":24,"column":null}},{"start":{"line":24,"column":12},"end":{"line":24,"column":null}}],"line":22},"1":{"loc":{"start":{"line":32,"column":17},"end":{"line":32,"column":null}},"type":"cond-expr","locations":[{"start":{"line":32,"column":22},"end":{"line":32,"column":31}},{"start":{"line":32,"column":31},"end":{"line":32,"column":null}}],"line":32}},"s":{"0":150},"f":{"0":150},"b":{"0":[70,80],"1":[82,68]},"meta":{"lastBranch":2,"lastFunction":1,"lastStatement":1,"seen":{"f:11:16:11:27":0,"s:18:2:36:Infinity":0,"b:23:10:24:Infinity:24:12:24:Infinity":0,"b:32:22:32:31:32:31:32:Infinity":1},"fnNames":{}}}
,"/__w/ReactiveTraderCloudClone/ReactiveTraderCloudClone/packages/client-react/src/ui/shell/prefs/PreferencesModal.module.css": {"path":"/__w/ReactiveTraderCloudClone/ReactiveTraderCloudClone/packages/client-react/src/ui/shell/prefs/PreferencesModal.module.css","statementMap":{},"fnMap":{},"branchMap":{},"s":{},"f":{},"b":{},"meta":{"lastBranch":0,"lastFunction":0,"lastStatement":0,"seen":{},"fnNames":{}}}
,"/__w/ReactiveTraderCloudClone/ReactiveTraderCloudClone/packages/client-react/src/ui/shell/prefs/PreferencesModal.tsx": {"path":"/__w/ReactiveTraderCloudClone/ReactiveTraderCloudClone/packages/client-react/src/ui/shell/prefs/PreferencesModal.tsx","statementMap":{"0":{"start":{"line":23,"column":10},"end":{"line":23,"column":null}},"1":{"start":{"line":25,"column":4},"end":{"line":25,"column":null}},"2":{"start":{"line":27,"column":18},"end":{"line":28,"column":null}},"3":{"start":{"line":29,"column":19},"end":{"line":30,"column":null}},"4":{"start":{"line":32,"column":2},"end":{"line":34,"column":null}},"5":{"start":{"line":33,"column":4},"end":{"line":33,"column":null}},"6":{"start":{"line":37,"column":4},"end":{"line":39,"column":null}},"7":{"start":{"line":38,"column":6},"end":{"line":38,"column":null}},"8":{"start":{"line":43,"column":4},"end":{"line":45,"column":null}},"9":{"start":{"line":44,"column":6},"end":{"line":44,"column":null}},"10":{"start":{"line":48,"column":2},"end":{"line":141,"column":null}},"11":{"start":{"line":152,"column":2},"end":{"line":168,"column":null}},"12":{"start":{"line":155,"column":8},"end":{"line":165,"column":null}},"13":{"start":{"line":162,"column":14},"end":{"line":162,"column":null}},"14":{"start":{"line":178,"column":2},"end":{"line":194,"column":null}},"15":{"start":{"line":181,"column":8},"end":{"line":191,"column":null}},"16":{"start":{"line":188,"column":14},"end":{"line":188,"column":null}},"17":{"start":{"line":234,"column":46},"end":{"line":247,"column":null}},"18":{"start":{"line":249,"column":46},"end":{"line":257,"column":null}},"19":{"start":{"line":259,"column":51},"end":{"line":267,"column":null}},"20":{"start":{"line":269,"column":43},"end":{"line":282,"column":null}},"21":{"start":{"line":284,"column":48},"end":{"line":311,"column":null}},"22":{"start":{"line":313,"column":48},"end":{"line":323,"column":null}},"23":{"start":{"line":325,"column":45},"end":{"line":346,"column":null}},"24":{"start":{"line":348,"column":49},"end":{"line":363,"column":null}},"25":{"start":{"line":365,"column":49},"end":{"line":372,"column":null}}},"fnMap":{"0":{"name":"PreferencesModal","decl":{"start":{"line":19,"column":16},"end":{"line":19,"column":33}},"loc":{"start":{"line":22,"column":47},"end":{"line":143,"column":null}},"line":22},"1":{"name":"toggleCosmetic","decl":{"start":{"line":36,"column":11},"end":{"line":36,"column":26}},"loc":{"start":{"line":36,"column":45},"end":{"line":40,"column":null}},"line":36},"2":{"name":"(anonymous_2)","decl":{"start":{"line":37,"column":4},"end":{"line":37,"column":16}},"loc":{"start":{"line":37,"column":25},"end":{"line":39,"column":5}},"line":37},"3":{"name":"selectSegment","decl":{"start":{"line":42,"column":11},"end":{"line":42,"column":25}},"loc":{"start":{"line":42,"column":61},"end":{"line":46,"column":null}},"line":42},"4":{"name":"(anonymous_4)","decl":{"start":{"line":43,"column":4},"end":{"line":43,"column":17}},"loc":{"start":{"line":43,"column":26},"end":{"line":45,"column":5}},"line":43},"5":{"name":"ToggleGroup","decl":{"start":{"line":147,"column":9},"end":{"line":147,"column":21}},"loc":{"start":{"line":151,"column":35},"end":{"line":170,"column":null}},"line":151},"6":{"name":"(anonymous_6)","decl":{"start":{"line":154,"column":12},"end":{"line":154,"column":17}},"loc":{"start":{"line":154,"column":25},"end":{"line":167,"column":7}},"line":154},"7":{"name":"(anonymous_7)","decl":{"start":{"line":161,"column":12},"end":{"line":161,"column":28}},"loc":{"start":{"line":161,"column":28},"end":{"line":163,"column":null}},"line":161},"8":{"name":"SegmentGroup","decl":{"start":{"line":173,"column":9},"end":{"line":173,"column":22}},"loc":{"start":{"line":177,"column":36},"end":{"line":196,"column":null}},"line":177},"9":{"name":"(anonymous_9)","decl":{"start":{"line":180,"column":12},"end":{"line":180,"column":17}},"loc":{"start":{"line":180,"column":25},"end":{"line":193,"column":7}},"line":180},"10":{"name":"(anonymous_10)","decl":{"start":{"line":187,"column":12},"end":{"line":187,"column":23}},"loc":{"start":{"line":187,"column":41},"end":{"line":189,"column":null}},"line":187}},"branchMap":{"0":{"loc":{"start":{"line":32,"column":2},"end":{"line":34,"column":null}},"type":"if","locations":[{"start":{"line":32,"column":2},"end":{"line":34,"column":null}},{"start":{},"end":{}}],"line":32}},"s":{"0":29,"1":29,"2":29,"3":29,"4":29,"5":18,"6":1,"7":1,"8":1,"9":1,"10":11,"11":40,"12":140,"13":1,"14":30,"15":60,"16":1,"17":103,"18":103,"19":103,"20":103,"21":103,"22":103,"23":103,"24":103,"25":103},"f":{"0":29,"1":1,"2":1,"3":1,"4":1,"5":40,"6":140,"7":1,"8":30,"9":60,"10":1},"b":{"0":[18,11]},"meta":{"lastBranch":1,"lastFunction":11,"lastStatement":26,"seen":{"f:19:16:19:33":0,"s:23:10:23:Infinity":0,"s:25:4:25:Infinity":1,"s:27:18:28:Infinity":2,"s:29:19:30:Infinity":3,"b:32:2:34:Infinity:undefined:undefined:undefined:undefined":0,"s:32:2:34:Infinity":4,"s:33:4:33:Infinity":5,"f:36:11:36:26":1,"s:37:4:39:Infinity":6,"f:37:4:37:16":2,"s:38:6:38:Infinity":7,"f:42:11:42:25":3,"s:43:4:45:Infinity":8,"f:43:4:43:17":4,"s:44:6:44:Infinity":9,"s:48:2:141:Infinity":10,"f:147:9:147:21":5,"s:152:2:168:Infinity":11,"f:154:12:154:17":6,"s:155:8:165:Infinity":12,"f:161:12:161:28":7,"s:162:14:162:Infinity":13,"f:173:9:173:22":8,"s:178:2:194:Infinity":14,"f:180:12:180:17":9,"s:181:8:191:Infinity":15,"f:187:12:187:23":10,"s:188:14:188:Infinity":16,"s:234:46:247:Infinity":17,"s:249:46:257:Infinity":18,"s:259:51:267:Infinity":19,"s:269:43:282:Infinity":20,"s:284:48:311:Infinity":21,"s:313:48:323:Infinity":22,"s:325:45:346:Infinity":23,"s:348:49:363:Infinity":24,"s:365:49:372:Infinity":25},"fnNames":{}}}
,"/__w/ReactiveTraderCloudClone/ReactiveTraderCloudClone/packages/client-react/src/ui/shell/stale/StaleIndicator.module.css": {"path":"/__w/ReactiveTraderCloudClone/ReactiveTraderCloudClone/packages/client-react/src/ui/shell/stale/StaleIndicator.module.css","statementMap":{},"fnMap":{},"branchMap":{},"s":{},"f":{},"b":{},"meta":{"lastBranch":0,"lastFunction":0,"lastStatement":0,"seen":{},"fnNames":{}}}
,"/__w/ReactiveTraderCloudClone/ReactiveTraderCloudClone/packages/client-react/src/ui/shell/stale/StaleIndicator.tsx": {"path":"/__w/ReactiveTraderCloudClone/ReactiveTraderCloudClone/packages/client-react/src/ui/shell/stale/StaleIndicator.tsx","statementMap":{"0":{"start":{"line":13,"column":2},"end":{"line":27,"column":null}}},"fnMap":{"0":{"name":"StaleIndicator","decl":{"start":{"line":8,"column":16},"end":{"line":8,"column":31}},"loc":{"start":{"line":12,"column":38},"end":{"line":29,"column":null}},"line":12}},"branchMap":{"0":{"loc":{"start":{"line":15,"column":18},"end":{"line":15,"column":null}},"type":"binary-expr","locations":[{"start":{"line":15,"column":18},"end":{"line":15,"column":27}},{"start":{"line":15,"column":27},"end":{"line":15,"column":null}}],"line":15},"1":{"loc":{"start":{"line":20,"column":7},"end":{"line":27,"column":null}},"type":"binary-expr","locations":[{"start":{"line":20,"column":7},"end":{"line":20,"column":null}},{"start":{"line":21,"column":8},"end":{"line":27,"column":null}}],"line":20}},"s":{"0":168},"f":{"0":168},"b":{"0":[168,161],"1":[168,7]},"meta":{"lastBranch":2,"lastFunction":1,"lastStatement":1,"seen":{"f:8:16:8:31":0,"s:13:2:27:Infinity":0,"b:15:18:15:27:15:27:15:Infinity":0,"b:20:7:20:Infinity:21:8:27:Infinity":1},"fnNames":{}}}
,"/__w/ReactiveTraderCloudClone/ReactiveTraderCloudClone/packages/client-react/src/ui/shell/status/CosmeticMetrics.tsx": {"path":"/__w/ReactiveTraderCloudClone/ReactiveTraderCloudClone/packages/client-react/src/ui/shell/status/CosmeticMetrics.tsx","statementMap":{"0":{"start":{"line":7,"column":2},"end":{"line":24,"column":null}},"1":{"start":{"line":10,"column":8},"end":{"line":17,"column":null}},"2":{"start":{"line":35,"column":16},"end":{"line":44,"column":null}},"3":{"start":{"line":46,"column":14},"end":{"line":46,"column":null}},"4":{"start":{"line":47,"column":14},"end":{"line":47,"column":null}}},"fnMap":{"0":{"name":"CosmeticMetrics","decl":{"start":{"line":6,"column":16},"end":{"line":6,"column":48}},"loc":{"start":{"line":6,"column":48},"end":{"line":26,"column":null}},"line":6},"1":{"name":"(anonymous_1)","decl":{"start":{"line":9,"column":15},"end":{"line":9,"column":20}},"loc":{"start":{"line":9,"column":26},"end":{"line":19,"column":7}},"line":9}},"branchMap":{},"s":{"0":4,"1":32,"2":103,"3":103,"4":103},"f":{"0":4,"1":32},"b":{},"meta":{"lastBranch":0,"lastFunction":2,"lastStatement":5,"seen":{"f:6:16:6:48":0,"s:7:2:24:Infinity":0,"f:9:15:9:20":1,"s:10:8:17:Infinity":1,"s:35:16:44:Infinity":2,"s:46:14:46:Infinity":3,"s:47:14:47:Infinity":4},"fnNames":{}}}
,"/__w/ReactiveTraderCloudClone/ReactiveTraderCloudClone/packages/client-react/src/ui/shell/status/StatusBar.module.css": {"path":"/__w/ReactiveTraderCloudClone/ReactiveTraderCloudClone/packages/client-react/src/ui/shell/status/StatusBar.module.css","statementMap":{},"fnMap":{},"branchMap":{},"s":{},"f":{},"b":{},"meta":{"lastBranch":0,"lastFunction":0,"lastStatement":0,"seen":{},"fnNames":{}}}
,"/__w/ReactiveTraderCloudClone/ReactiveTraderCloudClone/packages/client-react/src/ui/shell/status/StatusBar.tsx": {"path":"/__w/ReactiveTraderCloudClone/ReactiveTraderCloudClone/packages/client-react/src/ui/shell/status/StatusBar.tsx","statementMap":{"0":{"start":{"line":19,"column":10},"end":{"line":19,"column":null}},"1":{"start":{"line":20,"column":20},"end":{"line":20,"column":null}},"2":{"start":{"line":22,"column":2},"end":{"line":30,"column":null}}},"fnMap":{"0":{"name":"StatusBar","decl":{"start":{"line":18,"column":16},"end":{"line":18,"column":42}},"loc":{"start":{"line":18,"column":42},"end":{"line":32,"column":null}},"line":18}},"branchMap":{},"s":{"0":4,"1":4,"2":4},"f":{"0":4},"b":{},"meta":{"lastBranch":0,"lastFunction":1,"lastStatement":3,"seen":{"f:18:16:18:42":0,"s:19:10:19:Infinity":0,"s:20:20:20:Infinity":1,"s:22:2:30:Infinity":2},"fnNames":{}}}
,"/__w/ReactiveTraderCloudClone/ReactiveTraderCloudClone/packages/client-react/src/ui/shell/theme/ThemeContext.ts": {"path":"/__w/ReactiveTraderCloudClone/ReactiveTraderCloudClone/packages/client-react/src/ui/shell/theme/ThemeContext.ts","statementMap":{"0":{"start":{"line":18,"column":13},"end":{"line":18,"column":null}}},"fnMap":{},"branchMap":{},"s":{"0":103},"f":{},"b":{},"meta":{"lastBranch":0,"lastFunction":0,"lastStatement":1,"seen":{"s:18:13:18:Infinity":0},"fnNames":{}}}
,"/__w/ReactiveTraderCloudClone/ReactiveTraderCloudClone/packages/client-react/src/ui/shell/theme/ThemeToggle.module.css": {"path":"/__w/ReactiveTraderCloudClone/ReactiveTraderCloudClone/packages/client-react/src/ui/shell/theme/ThemeToggle.module.css","statementMap":{},"fnMap":{},"branchMap":{},"s":{},"f":{},"b":{},"meta":{"lastBranch":0,"lastFunction":0,"lastStatement":0,"seen":{},"fnNames":{}}}
,"/__w/ReactiveTraderCloudClone/ReactiveTraderCloudClone/packages/client-react/src/ui/shell/theme/ThemeToggle.tsx": {"path":"/__w/ReactiveTraderCloudClone/ReactiveTraderCloudClone/packages/client-react/src/ui/shell/theme/ThemeToggle.tsx","statementMap":{"0":{"start":{"line":10,"column":26},"end":{"line":10,"column":null}},"1":{"start":{"line":12,"column":2},"end":{"line":23,"column":null}},"2":{"start":{"line":29,"column":50},"end":{"line":33,"column":null}}},"fnMap":{"0":{"name":"ThemeToggle","decl":{"start":{"line":9,"column":16},"end":{"line":9,"column":44}},"loc":{"start":{"line":9,"column":44},"end":{"line":25,"column":null}},"line":9}},"branchMap":{},"s":{"0":42,"1":42,"2":103},"f":{"0":42},"b":{},"meta":{"lastBranch":0,"lastFunction":1,"lastStatement":3,"seen":{"f:9:16:9:44":0,"s:10:26:10:Infinity":0,"s:12:2:23:Infinity":1,"s:29:50:33:Infinity":2},"fnNames":{}}}
,"/__w/ReactiveTraderCloudClone/ReactiveTraderCloudClone/packages/client-react/src/ui/shell/theme/useTheme.ts": {"path":"/__w/ReactiveTraderCloudClone/ReactiveTraderCloudClone/packages/client-react/src/ui/shell/theme/useTheme.ts","statementMap":{"0":{"start":{"line":6,"column":8},"end":{"line":6,"column":null}},"1":{"start":{"line":8,"column":2},"end":{"line":10,"column":null}},"2":{"start":{"line":9,"column":4},"end":{"line":9,"column":null}},"3":{"start":{"line":12,"column":2},"end":{"line":12,"column":null}}},"fnMap":{"0":{"name":"useTheme","decl":{"start":{"line":5,"column":16},"end":{"line":5,"column":46}},"loc":{"start":{"line":5,"column":46},"end":{"line":13,"column":null}},"line":5}},"branchMap":{"0":{"loc":{"start":{"line":8,"column":2},"end":{"line":10,"column":null}},"type":"if","locations":[{"start":{"line":8,"column":2},"end":{"line":10,"column":null}},{"start":{},"end":{}}],"line":8}},"s":{"0":79,"1":79,"2":2,"3":77},"f":{"0":79},"b":{"0":[2,77]},"meta":{"lastBranch":1,"lastFunction":1,"lastStatement":4,"seen":{"f:5:16:5:46":0,"s:6:8:6:Infinity":0,"b:8:2:10:Infinity:undefined:undefined:undefined:undefined":0,"s:8:2:10:Infinity":1,"s:9:4:9:Infinity":2,"s:12:2:12:Infinity":3},"fnNames":{}}}
}
