{"/__w/ReactiveTraderCloudClone/ReactiveTraderCloudClone/packages/domain/src/index.ts": {"path":"/__w/ReactiveTraderCloudClone/ReactiveTraderCloudClone/packages/domain/src/index.ts","statementMap":{},"fnMap":{},"branchMap":{},"s":{},"f":{},"b":{},"meta":{"lastBranch":0,"lastFunction":0,"lastStatement":0,"seen":{},"fnNames":{}}}
,"/__w/ReactiveTraderCloudClone/ReactiveTraderCloudClone/packages/domain/src/analytics/aggregatePositions.ts": {"path":"/__w/ReactiveTraderCloudClone/ReactiveTraderCloudClone/packages/domain/src/analytics/aggregatePositions.ts","statementMap":{"0":{"start":{"line":4,"column":35},"end":{"line":4,"column":null}},"1":{"start":{"line":5,"column":35},"end":{"line":5,"column":null}},"2":{"start":{"line":16,"column":20},"end":{"line":19,"column":null}},"3":{"start":{"line":34,"column":17},"end":{"line":34,"column":null}},"4":{"start":{"line":36,"column":2},"end":{"line":40,"column":null}},"5":{"start":{"line":37,"column":18},"end":{"line":37,"column":null}},"6":{"start":{"line":38,"column":4},"end":{"line":38,"column":null}},"7":{"start":{"line":39,"column":4},"end":{"line":39,"column":null}},"8":{"start":{"line":42,"column":15},"end":{"line":48,"column":null}},"9":{"start":{"line":44,"column":6},"end":{"line":44,"column":null}},"10":{"start":{"line":47,"column":6},"end":{"line":47,"column":null}},"11":{"start":{"line":50,"column":21},"end":{"line":52,"column":null}},"12":{"start":{"line":51,"column":4},"end":{"line":51,"column":null}},"13":{"start":{"line":53,"column":19},"end":{"line":53,"column":null}},"14":{"start":{"line":54,"column":17},"end":{"line":54,"column":null}},"15":{"start":{"line":55,"column":19},"end":{"line":55,"column":null}},"16":{"start":{"line":64,"column":15},"end":{"line":64,"column":null}},"17":{"start":{"line":67,"column":10},"end":{"line":67,"column":null}},"18":{"start":{"line":68,"column":4},"end":{"line":70,"column":null}},"19":{"start":{"line":74,"column":2},"end":{"line":82,"column":null}},"20":{"start":{"line":75,"column":4},"end":{"line":81,"column":null}}},"fnMap":{"0":{"name":"aggregatePositionsByCurrency","decl":{"start":{"line":31,"column":16},"end":{"line":31,"column":null}},"loc":{"start":{"line":33,"column":35},"end":{"line":83,"column":null}},"line":33},"1":{"name":"(anonymous_1)","decl":{"start":{"line":43,"column":5},"end":{"line":43,"column":10}},"loc":{"start":{"line":43,"column":39},"end":{"line":45,"column":5}},"line":43},"2":{"name":"(anonymous_2)","decl":{"start":{"line":46,"column":5},"end":{"line":46,"column":13}},"loc":{"start":{"line":46,"column":19},"end":{"line":48,"column":5}},"line":46},"3":{"name":"(anonymous_3)","decl":{"start":{"line":50,"column":26},"end":{"line":50,"column":31}},"loc":{"start":{"line":50,"column":37},"end":{"line":52,"column":3}},"line":50},"4":{"name":"scaleRadius","decl":{"start":{"line":66,"column":11},"end":{"line":66,"column":23}},"loc":{"start":{"line":66,"column":47},"end":{"line":72,"column":null}},"line":66},"5":{"name":"(anonymous_5)","decl":{"start":{"line":74,"column":14},"end":{"line":74,"column":19}},"loc":{"start":{"line":74,"column":25},"end":{"line":82,"column":3}},"line":74}},"branchMap":{"0":{"loc":{"start":{"line":38,"column":22},"end":{"line":38,"column":47}},"type":"binary-expr","locations":[{"start":{"line":38,"column":22},"end":{"line":38,"column":42}},{"start":{"line":38,"column":42},"end":{"line":38,"column":47}}],"line":38},"1":{"loc":{"start":{"line":39,"column":23},"end":{"line":39,"column":49}},"type":"binary-expr","locations":[{"start":{"line":39,"column":23},"end":{"line":39,"column":44}},{"start":{"line":39,"column":44},"end":{"line":39,"column":49}}],"line":39},"2":{"loc":{"start":{"line":53,"column":19},"end":{"line":53,"column":null}},"type":"cond-expr","locations":[{"start":{"line":53,"column":43},"end":{"line":53,"column":69}},{"start":{"line":53,"column":69},"end":{"line":53,"column":null}}],"line":53},"3":{"loc":{"start":{"line":54,"column":17},"end":{"line":54,"column":null}},"type":"cond-expr","locations":[{"start":{"line":54,"column":41},"end":{"line":54,"column":67}},{"start":{"line":54,"column":67},"end":{"line":54,"column":null}}],"line":54},"4":{"loc":{"start":{"line":55,"column":19},"end":{"line":55,"column":null}},"type":"cond-expr","locations":[{"start":{"line":55,"column":41},"end":{"line":55,"column":50}},{"start":{"line":55,"column":50},"end":{"line":55,"column":null}}],"line":55},"5":{"loc":{"start":{"line":79,"column":12},"end":{"line":79,"column":null}},"type":"cond-expr","locations":[{"start":{"line":79,"column":33},"end":{"line":79,"column":41}},{"start":{"line":79,"column":41},"end":{"line":79,"column":null}}],"line":79}},"s":{"0":3,"1":3,"2":3,"3":11,"4":11,"5":47,"6":47,"7":47,"8":11,"9":44,"10":44,"11":11,"12":31,"13":11,"14":11,"15":11,"16":11,"17":31,"18":31,"19":11,"20":31},"f":{"0":11,"1":44,"2":44,"3":31,"4":31,"5":31},"b":{"0":[47,22],"1":[47,22],"2":[10,1],"3":[10,1],"4":[8,3],"5":[17,14]},"meta":{"lastBranch":6,"lastFunction":6,"lastStatement":21,"seen":{"s:4:35:4:Infinity":0,"s:5:35:5:Infinity":1,"s:16:20:19:Infinity":2,"f:31:16:31:Infinity":0,"s:34:17:34:Infinity":3,"s:36:2:40:Infinity":4,"s:37:18:37:Infinity":5,"s:38:4:38:Infinity":6,"b:38:22:38:42:38:42:38:47":0,"s:39:4:39:Infinity":7,"b:39:23:39:44:39:44:39:49":1,"s:42:15:48:Infinity":8,"f:43:5:43:10":1,"s:44:6:44:Infinity":9,"f:46:5:46:13":2,"s:47:6:47:Infinity":10,"s:50:21:52:Infinity":11,"f:50:26:50:31":3,"s:51:4:51:Infinity":12,"s:53:19:53:Infinity":13,"b:53:43:53:69:53:69:53:Infinity":2,"s:54:17:54:Infinity":14,"b:54:41:54:67:54:67:54:Infinity":3,"s:55:19:55:Infinity":15,"b:55:41:55:50:55:50:55:Infinity":4,"s:64:15:64:Infinity":16,"f:66:11:66:23":4,"s:67:10:67:Infinity":17,"s:68:4:70:Infinity":18,"s:74:2:82:Infinity":19,"f:74:14:74:19":5,"s:75:4:81:Infinity":20,"b:79:33:79:41:79:41:79:Infinity":5},"fnNames":{}}}
,"/__w/ReactiveTraderCloudClone/ReactiveTraderCloudClone/packages/domain/src/analytics/formatPnlHeadline.ts": {"path":"/__w/ReactiveTraderCloudClone/ReactiveTraderCloudClone/packages/domain/src/analytics/formatPnlHeadline.ts","statementMap":{"0":{"start":{"line":6,"column":15},"end":{"line":6,"column":null}},"1":{"start":{"line":7,"column":2},"end":{"line":7,"column":null}},"2":{"start":{"line":14,"column":12},"end":{"line":14,"column":null}},"3":{"start":{"line":15,"column":15},"end":{"line":15,"column":null}},"4":{"start":{"line":16,"column":2},"end":{"line":16,"column":null}}},"fnMap":{"0":{"name":"formatPnlHeadline","decl":{"start":{"line":5,"column":16},"end":{"line":5,"column":34}},"loc":{"start":{"line":5,"column":55},"end":{"line":8,"column":null}},"line":5},"1":{"name":"formatPnlK","decl":{"start":{"line":13,"column":16},"end":{"line":13,"column":27}},"loc":{"start":{"line":13,"column":50},"end":{"line":17,"column":null}},"line":13}},"branchMap":{"0":{"loc":{"start":{"line":6,"column":15},"end":{"line":6,"column":null}},"type":"cond-expr","locations":[{"start":{"line":6,"column":26},"end":{"line":6,"column":32}},{"start":{"line":6,"column":32},"end":{"line":6,"column":null}}],"line":6},"1":{"loc":{"start":{"line":15,"column":15},"end":{"line":15,"column":null}},"type":"cond-expr","locations":[{"start":{"line":15,"column":28},"end":{"line":15,"column":34}},{"start":{"line":15,"column":34},"end":{"line":15,"column":null}}],"line":15}},"s":{"0":4,"1":4,"2":4,"3":4,"4":4},"f":{"0":4,"1":4},"b":{"0":[3,1],"1":[3,1]},"meta":{"lastBranch":2,"lastFunction":2,"lastStatement":5,"seen":{"f:5:16:5:34":0,"s:6:15:6:Infinity":0,"b:6:26:6:32:6:32:6:Infinity":0,"s:7:2:7:Infinity":1,"f:13:16:13:27":1,"s:14:12:14:Infinity":2,"s:15:15:15:Infinity":3,"b:15:28:15:34:15:34:15:Infinity":1,"s:16:2:16:Infinity":4},"fnNames":{}}}
,"/__w/ReactiveTraderCloudClone/ReactiveTraderCloudClone/packages/domain/src/analytics/formatPnlValue.ts": {"path":"/__w/ReactiveTraderCloudClone/ReactiveTraderCloudClone/packages/domain/src/analytics/formatPnlValue.ts","statementMap":{"0":{"start":{"line":10,"column":15},"end":{"line":10,"column":null}},"1":{"start":{"line":11,"column":2},"end":{"line":11,"column":null}}},"fnMap":{"0":{"name":"formatPnlValue","decl":{"start":{"line":9,"column":16},"end":{"line":9,"column":31}},"loc":{"start":{"line":9,"column":54},"end":{"line":12,"column":null}},"line":9}},"branchMap":{"0":{"loc":{"start":{"line":10,"column":15},"end":{"line":10,"column":null}},"type":"cond-expr","locations":[{"start":{"line":10,"column":28},"end":{"line":10,"column":34}},{"start":{"line":10,"column":34},"end":{"line":10,"column":null}}],"line":10}},"s":{"0":5,"1":5},"f":{"0":5},"b":{"0":[4,1]},"meta":{"lastBranch":1,"lastFunction":1,"lastStatement":2,"seen":{"f:9:16:9:31":0,"s:10:15:10:Infinity":0,"b:10:28:10:34:10:34:10:Infinity":0,"s:11:2:11:Infinity":1},"fnNames":{}}}
,"/__w/ReactiveTraderCloudClone/ReactiveTraderCloudClone/packages/domain/src/analytics/formatScale.ts": {"path":"/__w/ReactiveTraderCloudClone/ReactiveTraderCloudClone/packages/domain/src/analytics/formatScale.ts","statementMap":{"0":{"start":{"line":14,"column":10},"end":{"line":14,"column":null}},"1":{"start":{"line":15,"column":18},"end":{"line":15,"column":null}},"2":{"start":{"line":16,"column":18},"end":{"line":16,"column":null}},"3":{"start":{"line":17,"column":18},"end":{"line":17,"column":null}},"4":{"start":{"line":19,"column":17},"end":{"line":22,"column":null}},"5":{"start":{"line":25,"column":20},"end":{"line":25,"column":null}},"6":{"start":{"line":27,"column":2},"end":{"line":29,"column":null}},"7":{"start":{"line":28,"column":4},"end":{"line":28,"column":null}},"8":{"start":{"line":31,"column":2},"end":{"line":33,"column":null}},"9":{"start":{"line":32,"column":4},"end":{"line":32,"column":null}},"10":{"start":{"line":35,"column":2},"end":{"line":37,"column":null}},"11":{"start":{"line":36,"column":4},"end":{"line":36,"column":null}},"12":{"start":{"line":39,"column":2},"end":{"line":41,"column":null}},"13":{"start":{"line":40,"column":4},"end":{"line":40,"column":null}},"14":{"start":{"line":43,"column":2},"end":{"line":43,"column":null}},"15":{"start":{"line":52,"column":35},"end":{"line":52,"column":null}},"16":{"start":{"line":53,"column":2},"end":{"line":53,"column":null}},"17":{"start":{"line":58,"column":2},"end":{"line":58,"column":null}}},"fnMap":{"0":{"name":"scaleNumber","decl":{"start":{"line":24,"column":16},"end":{"line":24,"column":28}},"loc":{"start":{"line":24,"column":57},"end":{"line":44,"column":null}},"line":24},"1":{"name":"formatWithScale","decl":{"start":{"line":51,"column":16},"end":{"line":51,"column":32}},"loc":{"start":{"line":51,"column":55},"end":{"line":54,"column":null}},"line":51},"2":{"name":"formatPrecise2","decl":{"start":{"line":57,"column":16},"end":{"line":57,"column":31}},"loc":{"start":{"line":57,"column":54},"end":{"line":59,"column":null}},"line":57}},"branchMap":{"0":{"loc":{"start":{"line":27,"column":2},"end":{"line":29,"column":null}},"type":"if","locations":[{"start":{"line":27,"column":2},"end":{"line":29,"column":null}},{"start":{},"end":{}}],"line":27},"1":{"loc":{"start":{"line":31,"column":2},"end":{"line":33,"column":null}},"type":"if","locations":[{"start":{"line":31,"column":2},"end":{"line":33,"column":null}},{"start":{},"end":{}}],"line":31},"2":{"loc":{"start":{"line":35,"column":2},"end":{"line":37,"column":null}},"type":"if","locations":[{"start":{"line":35,"column":2},"end":{"line":37,"column":null}},{"start":{},"end":{}}],"line":35},"3":{"loc":{"start":{"line":39,"column":2},"end":{"line":41,"column":null}},"type":"if","locations":[{"start":{"line":39,"column":2},"end":{"line":41,"column":null}},{"start":{},"end":{}}],"line":39}},"s":{"0":1,"1":1,"2":1,"3":1,"4":1,"5":11,"6":11,"7":2,"8":9,"9":3,"10":6,"11":1,"12":5,"13":3,"14":2,"15":8,"16":8,"17":6},"f":{"0":11,"1":8,"2":6},"b":{"0":[2,9],"1":[3,6],"2":[1,5],"3":[3,2]},"meta":{"lastBranch":4,"lastFunction":3,"lastStatement":18,"seen":{"s:14:10:14:Infinity":0,"s:15:18:15:Infinity":1,"s:16:18:16:Infinity":2,"s:17:18:17:Infinity":3,"s:19:17:22:Infinity":4,"f:24:16:24:28":0,"s:25:20:25:Infinity":5,"b:27:2:29:Infinity:undefined:undefined:undefined:undefined":0,"s:27:2:29:Infinity":6,"s:28:4:28:Infinity":7,"b:31:2:33:Infinity:undefined:undefined:undefined:undefined":1,"s:31:2:33:Infinity":8,"s:32:4:32:Infinity":9,"b:35:2:37:Infinity:undefined:undefined:undefined:undefined":2,"s:35:2:37:Infinity":10,"s:36:4:36:Infinity":11,"b:39:2:41:Infinity:undefined:undefined:undefined:undefined":3,"s:39:2:41:Infinity":12,"s:40:4:40:Infinity":13,"s:43:2:43:Infinity":14,"f:51:16:51:32":1,"s:52:35:52:Infinity":15,"s:53:2:53:Infinity":16,"f:57:16:57:31":2,"s:58:2:58:Infinity":17},"fnNames":{}}}
,"/__w/ReactiveTraderCloudClone/ReactiveTraderCloudClone/packages/domain/src/analytics/netExposure.ts": {"path":"/__w/ReactiveTraderCloudClone/ReactiveTraderCloudClone/packages/domain/src/analytics/netExposure.ts","statementMap":{"0":{"start":{"line":18,"column":2},"end":{"line":23,"column":null}},"1":{"start":{"line":19,"column":4},"end":{"line":22,"column":null}}},"fnMap":{"0":{"name":"netExposureByCurrency","decl":{"start":{"line":15,"column":16},"end":{"line":15,"column":null}},"loc":{"start":{"line":17,"column":31},"end":{"line":24,"column":null}},"line":17},"1":{"name":"(anonymous_1)","decl":{"start":{"line":18,"column":49},"end":{"line":18,"column":54}},"loc":{"start":{"line":18,"column":63},"end":{"line":23,"column":3}},"line":18}},"branchMap":{},"s":{"0":5,"1":13},"f":{"0":5,"1":13},"b":{},"meta":{"lastBranch":0,"lastFunction":2,"lastStatement":2,"seen":{"f:15:16:15:Infinity":0,"s:18:2:23:Infinity":0,"f:18:49:18:54":1,"s:19:4:22:Infinity":1},"fnNames":{}}}
,"/__w/ReactiveTraderCloudClone/ReactiveTraderCloudClone/packages/domain/src/analytics/numberFormat.ts": {"path":"/__w/ReactiveTraderCloudClone/ReactiveTraderCloudClone/packages/domain/src/analytics/numberFormat.ts","statementMap":{"0":{"start":{"line":5,"column":33},"end":{"line":8,"column":null}}},"fnMap":{},"branchMap":{},"s":{"0":2},"f":{},"b":{},"meta":{"lastBranch":0,"lastFunction":0,"lastStatement":1,"seen":{"s:5:33:8:Infinity":0},"fnNames":{}}}
,"/__w/ReactiveTraderCloudClone/ReactiveTraderCloudClone/packages/domain/src/analytics/position.ts": {"path":"/__w/ReactiveTraderCloudClone/ReactiveTraderCloudClone/packages/domain/src/analytics/position.ts","statementMap":{},"fnMap":{},"branchMap":{},"s":{},"f":{},"b":{},"meta":{"lastBranch":0,"lastFunction":0,"lastStatement":0,"seen":{},"fnNames":{}}}
,"/__w/ReactiveTraderCloudClone/ReactiveTraderCloudClone/packages/domain/src/auth/authTtl.ts": {"path":"/__w/ReactiveTraderCloudClone/ReactiveTraderCloudClone/packages/domain/src/auth/authTtl.ts","statementMap":{"0":{"start":{"line":7,"column":35},"end":{"line":7,"column":null}}},"fnMap":{},"branchMap":{},"s":{"0":1},"f":{},"b":{},"meta":{"lastBranch":0,"lastFunction":0,"lastStatement":1,"seen":{"s:7:35:7:Infinity":0},"fnNames":{}}}
,"/__w/ReactiveTraderCloudClone/ReactiveTraderCloudClone/packages/domain/src/auth/roster.ts": {"path":"/__w/ReactiveTraderCloudClone/ReactiveTraderCloudClone/packages/domain/src/auth/roster.ts","statementMap":{"0":{"start":{"line":10,"column":46},"end":{"line":59,"column":null}},"1":{"start":{"line":62,"column":2},"end":{"line":64,"column":null}},"2":{"start":{"line":63,"column":4},"end":{"line":63,"column":null}}},"fnMap":{"0":{"name":"findRosterUser","decl":{"start":{"line":61,"column":16},"end":{"line":61,"column":31}},"loc":{"start":{"line":61,"column":74},"end":{"line":65,"column":null}},"line":61},"1":{"name":"(anonymous_1)","decl":{"start":{"line":62,"column":16},"end":{"line":62,"column":22}},"loc":{"start":{"line":62,"column":32},"end":{"line":64,"column":3}},"line":62}},"branchMap":{},"s":{"0":2,"1":6,"2":21},"f":{"0":6,"1":21},"b":{},"meta":{"lastBranch":0,"lastFunction":2,"lastStatement":3,"seen":{"s:10:46:59:Infinity":0,"f:61:16:61:31":0,"s:62:2:64:Infinity":1,"f:62:16:62:22":1,"s:63:4:63:Infinity":2},"fnNames":{}}}
,"/__w/ReactiveTraderCloudClone/ReactiveTraderCloudClone/packages/domain/src/auth/sessionUser.ts": {"path":"/__w/ReactiveTraderCloudClone/ReactiveTraderCloudClone/packages/domain/src/auth/sessionUser.ts","statementMap":{},"fnMap":{},"branchMap":{},"s":{},"f":{},"b":{},"meta":{"lastBranch":0,"lastFunction":0,"lastStatement":0,"seen":{},"fnNames":{}}}
,"/__w/ReactiveTraderCloudClone/ReactiveTraderCloudClone/packages/domain/src/connection/connectionStatus.ts": {"path":"/__w/ReactiveTraderCloudClone/ReactiveTraderCloudClone/packages/domain/src/connection/connectionStatus.ts","statementMap":{"0":{"start":{"line":1,"column":7},"end":{"line":7,"column":null}},"1":{"start":{"line":2,"column":2},"end":{"line":2,"column":null}},"2":{"start":{"line":3,"column":2},"end":{"line":3,"column":null}},"3":{"start":{"line":4,"column":2},"end":{"line":4,"column":null}},"4":{"start":{"line":5,"column":2},"end":{"line":5,"column":null}},"5":{"start":{"line":6,"column":2},"end":{"line":6,"column":null}},"6":{"start":{"line":9,"column":31},"end":{"line":9,"column":null}},"7":{"start":{"line":10,"column":37},"end":{"line":10,"column":null}},"8":{"start":{"line":30,"column":2},"end":{"line":94,"column":null}},"9":{"start":{"line":32,"column":6},"end":{"line":41,"column":null}},"10":{"start":{"line":34,"column":10},"end":{"line":34,"column":null}},"11":{"start":{"line":36,"column":10},"end":{"line":36,"column":null}},"12":{"start":{"line":38,"column":10},"end":{"line":38,"column":null}},"13":{"start":{"line":40,"column":10},"end":{"line":40,"column":null}},"14":{"start":{"line":44,"column":6},"end":{"line":53,"column":null}},"15":{"start":{"line":46,"column":10},"end":{"line":46,"column":null}},"16":{"start":{"line":48,"column":10},"end":{"line":48,"column":null}},"17":{"start":{"line":50,"column":10},"end":{"line":50,"column":null}},"18":{"start":{"line":52,"column":10},"end":{"line":52,"column":null}},"19":{"start":{"line":56,"column":6},"end":{"line":68,"column":null}},"20":{"start":{"line":61,"column":10},"end":{"line":61,"column":null}},"21":{"start":{"line":63,"column":10},"end":{"line":63,"column":null}},"22":{"start":{"line":65,"column":10},"end":{"line":65,"column":null}},"23":{"start":{"line":67,"column":10},"end":{"line":67,"column":null}},"24":{"start":{"line":76,"column":6},"end":{"line":85,"column":null}},"25":{"start":{"line":80,"column":10},"end":{"line":80,"column":null}},"26":{"start":{"line":82,"column":10},"end":{"line":82,"column":null}},"27":{"start":{"line":84,"column":10},"end":{"line":84,"column":null}},"28":{"start":{"line":88,"column":6},"end":{"line":93,"column":null}},"29":{"start":{"line":90,"column":10},"end":{"line":90,"column":null}},"30":{"start":{"line":92,"column":10},"end":{"line":92,"column":null}},"31":{"start":{"line":110,"column":2},"end":{"line":119,"column":null}},"32":{"start":{"line":113,"column":6},"end":{"line":113,"column":null}},"33":{"start":{"line":115,"column":6},"end":{"line":115,"column":null}},"34":{"start":{"line":118,"column":6},"end":{"line":118,"column":null}}},"fnMap":{"0":{"name":"(anonymous_0)","decl":{"start":{"line":1,"column":7},"end":{"line":1,"column":12}},"loc":{"start":{"line":1,"column":7},"end":{"line":7,"column":null}},"line":1},"1":{"name":"nextConnectionStatus","decl":{"start":{"line":26,"column":16},"end":{"line":26,"column":null}},"loc":{"start":{"line":29,"column":20},"end":{"line":95,"column":null}},"line":29},"2":{"name":"mapGatewayStatus","decl":{"start":{"line":104,"column":16},"end":{"line":104,"column":null}},"loc":{"start":{"line":109,"column":34},"end":{"line":120,"column":null}},"line":109}},"branchMap":{"0":{"loc":{"start":{"line":30,"column":2},"end":{"line":94,"column":null}},"type":"switch","locations":[{"start":{"line":31,"column":4},"end":{"line":41,"column":null}},{"start":{"line":43,"column":4},"end":{"line":53,"column":null}},{"start":{"line":55,"column":4},"end":{"line":68,"column":null}},{"start":{"line":70,"column":4},"end":{"line":85,"column":null}},{"start":{"line":87,"column":4},"end":{"line":93,"column":null}}],"line":30},"1":{"loc":{"start":{"line":32,"column":6},"end":{"line":41,"column":null}},"type":"switch","locations":[{"start":{"line":33,"column":8},"end":{"line":34,"column":null}},{"start":{"line":35,"column":8},"end":{"line":36,"column":null}},{"start":{"line":37,"column":8},"end":{"line":38,"column":null}},{"start":{"line":39,"column":8},"end":{"line":40,"column":null}}],"line":32},"2":{"loc":{"start":{"line":44,"column":6},"end":{"line":53,"column":null}},"type":"switch","locations":[{"start":{"line":45,"column":8},"end":{"line":46,"column":null}},{"start":{"line":47,"column":8},"end":{"line":48,"column":null}},{"start":{"line":49,"column":8},"end":{"line":50,"column":null}},{"start":{"line":51,"column":8},"end":{"line":52,"column":null}}],"line":44},"3":{"loc":{"start":{"line":56,"column":6},"end":{"line":68,"column":null}},"type":"switch","locations":[{"start":{"line":60,"column":8},"end":{"line":61,"column":null}},{"start":{"line":62,"column":8},"end":{"line":63,"column":null}},{"start":{"line":64,"column":8},"end":{"line":65,"column":null}},{"start":{"line":66,"column":8},"end":{"line":67,"column":null}}],"line":56},"4":{"loc":{"start":{"line":76,"column":6},"end":{"line":85,"column":null}},"type":"switch","locations":[{"start":{"line":77,"column":8},"end":{"line":80,"column":null}},{"start":{"line":81,"column":8},"end":{"line":82,"column":null}},{"start":{"line":83,"column":8},"end":{"line":84,"column":null}}],"line":76},"5":{"loc":{"start":{"line":88,"column":6},"end":{"line":93,"column":null}},"type":"switch","locations":[{"start":{"line":89,"column":8},"end":{"line":90,"column":null}},{"start":{"line":91,"column":8},"end":{"line":92,"column":null}}],"line":88},"6":{"loc":{"start":{"line":110,"column":2},"end":{"line":119,"column":null}},"type":"switch","locations":[{"start":{"line":111,"column":4},"end":{"line":111,"column":null}},{"start":{"line":112,"column":4},"end":{"line":113,"column":null}},{"start":{"line":114,"column":4},"end":{"line":115,"column":null}},{"start":{"line":116,"column":4},"end":{"line":116,"column":null}},{"start":{"line":117,"column":4},"end":{"line":118,"column":null}}],"line":110}},"s":{"0":2,"1":2,"2":2,"3":2,"4":2,"5":2,"6":2,"7":2,"8":25,"9":5,"10":2,"11":1,"12":1,"13":1,"14":6,"15":2,"16":2,"17":1,"18":1,"19":6,"20":1,"21":1,"22":1,"23":3,"24":5,"25":2,"26":1,"27":2,"28":3,"29":1,"30":2,"31":5,"32":2,"33":1,"34":2},"f":{"0":2,"1":25,"2":5},"b":{"0":[5,6,6,5,3],"1":[2,1,1,1],"2":[2,2,1,1],"3":[1,1,1,3],"4":[2,1,2],"5":[1,2],"6":[1,2,1,1,2]},"meta":{"lastBranch":7,"lastFunction":3,"lastStatement":35,"seen":{"s:1:7:7:Infinity":0,"f:1:7:1:12":0,"s:2:2:2:Infinity":1,"s:3:2:3:Infinity":2,"s:4:2:4:Infinity":3,"s:5:2:5:Infinity":4,"s:6:2:6:Infinity":5,"s:9:31:9:Infinity":6,"s:10:37:10:Infinity":7,"f:26:16:26:Infinity":1,"b:31:4:41:Infinity:43:4:53:Infinity:55:4:68:Infinity:70:4:85:Infinity:87:4:93:Infinity":0,"s:30:2:94:Infinity":8,"b:33:8:34:Infinity:35:8:36:Infinity:37:8:38:Infinity:39:8:40:Infinity":1,"s:32:6:41:Infinity":9,"s:34:10:34:Infinity":10,"s:36:10:36:Infinity":11,"s:38:10:38:Infinity":12,"s:40:10:40:Infinity":13,"b:45:8:46:Infinity:47:8:48:Infinity:49:8:50:Infinity:51:8:52:Infinity":2,"s:44:6:53:Infinity":14,"s:46:10:46:Infinity":15,"s:48:10:48:Infinity":16,"s:50:10:50:Infinity":17,"s:52:10:52:Infinity":18,"b:60:8:61:Infinity:62:8:63:Infinity:64:8:65:Infinity:66:8:67:Infinity":3,"s:56:6:68:Infinity":19,"s:61:10:61:Infinity":20,"s:63:10:63:Infinity":21,"s:65:10:65:Infinity":22,"s:67:10:67:Infinity":23,"b:77:8:80:Infinity:81:8:82:Infinity:83:8:84:Infinity":4,"s:76:6:85:Infinity":24,"s:80:10:80:Infinity":25,"s:82:10:82:Infinity":26,"s:84:10:84:Infinity":27,"b:89:8:90:Infinity:91:8:92:Infinity":5,"s:88:6:93:Infinity":28,"s:90:10:90:Infinity":29,"s:92:10:92:Infinity":30,"f:104:16:104:Infinity":2,"b:111:4:111:Infinity:112:4:113:Infinity:114:4:115:Infinity:116:4:116:Infinity:117:4:118:Infinity":6,"s:110:2:119:Infinity":31,"s:113:6:113:Infinity":32,"s:115:6:115:Infinity":33,"s:118:6:118:Infinity":34},"fnNames":{}}}
,"/__w/ReactiveTraderCloudClone/ReactiveTraderCloudClone/packages/domain/src/credit/creditTrade.ts": {"path":"/__w/ReactiveTraderCloudClone/ReactiveTraderCloudClone/packages/domain/src/credit/creditTrade.ts","statementMap":{},"fnMap":{},"branchMap":{},"s":{},"f":{},"b":{},"meta":{"lastBranch":0,"lastFunction":0,"lastStatement":0,"seen":{},"fnNames":{}}}
,"/__w/ReactiveTraderCloudClone/ReactiveTraderCloudClone/packages/domain/src/credit/dealer.ts": {"path":"/__w/ReactiveTraderCloudClone/ReactiveTraderCloudClone/packages/domain/src/credit/dealer.ts","statementMap":{"0":{"start":{"line":6,"column":34},"end":{"line":6,"column":null}}},"fnMap":{},"branchMap":{},"s":{"0":3},"f":{},"b":{},"meta":{"lastBranch":0,"lastFunction":0,"lastStatement":1,"seen":{"s:6:34:6:Infinity":0},"fnNames":{}}}
,"/__w/ReactiveTraderCloudClone/ReactiveTraderCloudClone/packages/domain/src/credit/instrument.ts": {"path":"/__w/ReactiveTraderCloudClone/ReactiveTraderCloudClone/packages/domain/src/credit/instrument.ts","statementMap":{},"fnMap":{},"branchMap":{},"s":{},"f":{},"b":{},"meta":{"lastBranch":0,"lastFunction":0,"lastStatement":0,"seen":{},"fnNames":{}}}
,"/__w/ReactiveTraderCloudClone/ReactiveTraderCloudClone/packages/domain/src/credit/quote.ts": {"path":"/__w/ReactiveTraderCloudClone/ReactiveTraderCloudClone/packages/domain/src/credit/quote.ts","statementMap":{"0":{"start":{"line":22,"column":2},"end":{"line":35,"column":null}},"1":{"start":{"line":24,"column":6},"end":{"line":24,"column":null}},"2":{"start":{"line":26,"column":6},"end":{"line":26,"column":null}},"3":{"start":{"line":28,"column":6},"end":{"line":28,"column":null}},"4":{"start":{"line":30,"column":6},"end":{"line":30,"column":null}},"5":{"start":{"line":32,"column":6},"end":{"line":32,"column":null}},"6":{"start":{"line":34,"column":6},"end":{"line":34,"column":null}}},"fnMap":{"0":{"name":"validQuoteTransitions","decl":{"start":{"line":19,"column":16},"end":{"line":19,"column":null}},"loc":{"start":{"line":21,"column":33},"end":{"line":36,"column":null}},"line":21}},"branchMap":{"0":{"loc":{"start":{"line":22,"column":2},"end":{"line":35,"column":null}},"type":"switch","locations":[{"start":{"line":23,"column":4},"end":{"line":24,"column":null}},{"start":{"line":25,"column":4},"end":{"line":26,"column":null}},{"start":{"line":27,"column":4},"end":{"line":28,"column":null}},{"start":{"line":29,"column":4},"end":{"line":30,"column":null}},{"start":{"line":31,"column":4},"end":{"line":32,"column":null}},{"start":{"line":33,"column":4},"end":{"line":34,"column":null}}],"line":22}},"s":{"0":6,"1":1,"2":1,"3":1,"4":1,"5":1,"6":1},"f":{"0":6},"b":{"0":[1,1,1,1,1,1]},"meta":{"lastBranch":1,"lastFunction":1,"lastStatement":7,"seen":{"f:19:16:19:Infinity":0,"b:23:4:24:Infinity:25:4:26:Infinity:27:4:28:Infinity:29:4:30:Infinity:31:4:32:Infinity:33:4:34:Infinity":0,"s:22:2:35:Infinity":0,"s:24:6:24:Infinity":1,"s:26:6:26:Infinity":2,"s:28:6:28:Infinity":3,"s:30:6:30:Infinity":4,"s:32:6:32:Infinity":5,"s:34:6:34:Infinity":6},"fnNames":{}}}
,"/__w/ReactiveTraderCloudClone/ReactiveTraderCloudClone/packages/domain/src/credit/rfq.ts": {"path":"/__w/ReactiveTraderCloudClone/ReactiveTraderCloudClone/packages/domain/src/credit/rfq.ts","statementMap":{"0":{"start":{"line":3,"column":7},"end":{"line":8,"column":null}},"1":{"start":{"line":4,"column":2},"end":{"line":4,"column":null}},"2":{"start":{"line":5,"column":2},"end":{"line":5,"column":null}},"3":{"start":{"line":6,"column":2},"end":{"line":6,"column":null}},"4":{"start":{"line":7,"column":2},"end":{"line":7,"column":null}},"5":{"start":{"line":20,"column":42},"end":{"line":20,"column":null}},"6":{"start":{"line":21,"column":41},"end":{"line":21,"column":null}},"7":{"start":{"line":24,"column":41},"end":{"line":24,"column":null}},"8":{"start":{"line":32,"column":2},"end":{"line":32,"column":null}}},"fnMap":{"0":{"name":"(anonymous_0)","decl":{"start":{"line":3,"column":7},"end":{"line":3,"column":12}},"loc":{"start":{"line":3,"column":7},"end":{"line":8,"column":null}},"line":3},"1":{"name":"applyMaximum","decl":{"start":{"line":31,"column":16},"end":{"line":31,"column":29}},"loc":{"start":{"line":31,"column":52},"end":{"line":33,"column":null}},"line":31}},"branchMap":{},"s":{"0":6,"1":6,"2":6,"3":6,"4":6,"5":6,"6":6,"7":6,"8":7},"f":{"0":6,"1":7},"b":{},"meta":{"lastBranch":0,"lastFunction":2,"lastStatement":9,"seen":{"s:3:7:8:Infinity":0,"f:3:7:3:12":0,"s:4:2:4:Infinity":1,"s:5:2:5:Infinity":2,"s:6:2:6:Infinity":3,"s:7:2:7:Infinity":4,"s:20:42:20:Infinity":5,"s:21:41:21:Infinity":6,"s:24:41:24:Infinity":7,"f:31:16:31:29":1,"s:32:2:32:Infinity":8},"fnNames":{}}}
,"/__w/ReactiveTraderCloudClone/ReactiveTraderCloudClone/packages/domain/src/equities/candle.ts": {"path":"/__w/ReactiveTraderCloudClone/ReactiveTraderCloudClone/packages/domain/src/equities/candle.ts","statementMap":{},"fnMap":{},"branchMap":{},"s":{},"f":{},"b":{},"meta":{"lastBranch":0,"lastFunction":0,"lastStatement":0,"seen":{},"fnNames":{}}}
,"/__w/ReactiveTraderCloudClone/ReactiveTraderCloudClone/packages/domain/src/equities/depth.ts": {"path":"/__w/ReactiveTraderCloudClone/ReactiveTraderCloudClone/packages/domain/src/equities/depth.ts","statementMap":{},"fnMap":{},"branchMap":{},"s":{},"f":{},"b":{},"meta":{"lastBranch":0,"lastFunction":0,"lastStatement":0,"seen":{},"fnNames":{}}}
,"/__w/ReactiveTraderCloudClone/ReactiveTraderCloudClone/packages/domain/src/equities/index.ts": {"path":"/__w/ReactiveTraderCloudClone/ReactiveTraderCloudClone/packages/domain/src/equities/index.ts","statementMap":{},"fnMap":{},"branchMap":{},"s":{},"f":{},"b":{},"meta":{"lastBranch":0,"lastFunction":0,"lastStatement":0,"seen":{},"fnNames":{}}}
,"/__w/ReactiveTraderCloudClone/ReactiveTraderCloudClone/packages/domain/src/equities/instrument.ts": {"path":"/__w/ReactiveTraderCloudClone/ReactiveTraderCloudClone/packages/domain/src/equities/instrument.ts","statementMap":{},"fnMap":{},"branchMap":{},"s":{},"f":{},"b":{},"meta":{"lastBranch":0,"lastFunction":0,"lastStatement":0,"seen":{},"fnNames":{}}}
,"/__w/ReactiveTraderCloudClone/ReactiveTraderCloudClone/packages/domain/src/equities/order.ts": {"path":"/__w/ReactiveTraderCloudClone/ReactiveTraderCloudClone/packages/domain/src/equities/order.ts","statementMap":{},"fnMap":{},"branchMap":{},"s":{},"f":{},"b":{},"meta":{"lastBranch":0,"lastFunction":0,"lastStatement":0,"seen":{},"fnNames":{}}}
,"/__w/ReactiveTraderCloudClone/ReactiveTraderCloudClone/packages/domain/src/equities/position.ts": {"path":"/__w/ReactiveTraderCloudClone/ReactiveTraderCloudClone/packages/domain/src/equities/position.ts","statementMap":{},"fnMap":{},"branchMap":{},"s":{},"f":{},"b":{},"meta":{"lastBranch":0,"lastFunction":0,"lastStatement":0,"seen":{},"fnNames":{}}}
,"/__w/ReactiveTraderCloudClone/ReactiveTraderCloudClone/packages/domain/src/equities/quote.ts": {"path":"/__w/ReactiveTraderCloudClone/ReactiveTraderCloudClone/packages/domain/src/equities/quote.ts","statementMap":{},"fnMap":{},"branchMap":{},"s":{},"f":{},"b":{},"meta":{"lastBranch":0,"lastFunction":0,"lastStatement":0,"seen":{},"fnNames":{}}}
,"/__w/ReactiveTraderCloudClone/ReactiveTraderCloudClone/packages/domain/src/equities/timeframe.ts": {"path":"/__w/ReactiveTraderCloudClone/ReactiveTraderCloudClone/packages/domain/src/equities/timeframe.ts","statementMap":{"0":{"start":{"line":10,"column":61},"end":{"line":15,"column":null}}},"fnMap":{},"branchMap":{},"s":{"0":3},"f":{},"b":{},"meta":{"lastBranch":0,"lastFunction":0,"lastStatement":1,"seen":{"s:10:61:15:Infinity":0},"fnNames":{}}}
,"/__w/ReactiveTraderCloudClone/ReactiveTraderCloudClone/packages/domain/src/fx/currencyFilter.ts": {"path":"/__w/ReactiveTraderCloudClone/ReactiveTraderCloudClone/packages/domain/src/fx/currencyFilter.ts","statementMap":{"0":{"start":{"line":11,"column":64},"end":{"line":20,"column":null}},"1":{"start":{"line":30,"column":2},"end":{"line":32,"column":null}},"2":{"start":{"line":31,"column":4},"end":{"line":31,"column":null}},"3":{"start":{"line":34,"column":2},"end":{"line":34,"column":null}}},"fnMap":{"0":{"name":"matchesCurrencyFilter","decl":{"start":{"line":26,"column":16},"end":{"line":26,"column":null}},"loc":{"start":{"line":29,"column":11},"end":{"line":35,"column":null}},"line":29}},"branchMap":{"0":{"loc":{"start":{"line":30,"column":2},"end":{"line":32,"column":null}},"type":"if","locations":[{"start":{"line":30,"column":2},"end":{"line":32,"column":null}},{"start":{},"end":{}}],"line":30}},"s":{"0":1,"1":27,"2":2,"3":25},"f":{"0":27},"b":{"0":[2,25]},"meta":{"lastBranch":1,"lastFunction":1,"lastStatement":4,"seen":{"s:11:64:20:Infinity":0,"f:26:16:26:Infinity":0,"b:30:2:32:Infinity:undefined:undefined:undefined:undefined":0,"s:30:2:32:Infinity":1,"s:31:4:31:Infinity":2,"s:34:2:34:Infinity":3},"fnNames":{}}}
,"/__w/ReactiveTraderCloudClone/ReactiveTraderCloudClone/packages/domain/src/fx/currencyPair.ts": {"path":"/__w/ReactiveTraderCloudClone/ReactiveTraderCloudClone/packages/domain/src/fx/currencyPair.ts","statementMap":{"0":{"start":{"line":20,"column":2},"end":{"line":23,"column":null}},"1":{"start":{"line":26,"column":61},"end":{"line":117,"column":null}}},"fnMap":{"0":{"name":"deriveBaseTerm","decl":{"start":{"line":19,"column":16},"end":{"line":19,"column":31}},"loc":{"start":{"line":19,"column":57},"end":{"line":24,"column":null}},"line":19}},"branchMap":{},"s":{"0":58,"1":9},"f":{"0":58},"b":{},"meta":{"lastBranch":0,"lastFunction":1,"lastStatement":2,"seen":{"f:19:16:19:31":0,"s:20:2:23:Infinity":0,"s:26:61:117:Infinity":1},"fnNames":{}}}
,"/__w/ReactiveTraderCloudClone/ReactiveTraderCloudClone/packages/domain/src/fx/notional.ts": {"path":"/__w/ReactiveTraderCloudClone/ReactiveTraderCloudClone/packages/domain/src/fx/notional.ts","statementMap":{"0":{"start":{"line":1,"column":32},"end":{"line":1,"column":null}},"1":{"start":{"line":2,"column":28},"end":{"line":2,"column":null}},"2":{"start":{"line":3,"column":29},"end":{"line":3,"column":null}},"3":{"start":{"line":17,"column":18},"end":{"line":17,"column":null}},"4":{"start":{"line":19,"column":2},"end":{"line":21,"column":null}},"5":{"start":{"line":20,"column":4},"end":{"line":20,"column":null}},"6":{"start":{"line":29,"column":16},"end":{"line":29,"column":null}},"7":{"start":{"line":31,"column":2},"end":{"line":33,"column":null}},"8":{"start":{"line":32,"column":4},"end":{"line":32,"column":null}},"9":{"start":{"line":35,"column":18},"end":{"line":35,"column":null}},"10":{"start":{"line":36,"column":17},"end":{"line":36,"column":null}},"11":{"start":{"line":38,"column":19},"end":{"line":38,"column":null}},"12":{"start":{"line":40,"column":2},"end":{"line":44,"column":null}},"13":{"start":{"line":41,"column":4},"end":{"line":41,"column":null}},"14":{"start":{"line":42,"column":9},"end":{"line":44,"column":null}},"15":{"start":{"line":43,"column":4},"end":{"line":43,"column":null}},"16":{"start":{"line":46,"column":16},"end":{"line":46,"column":null}},"17":{"start":{"line":48,"column":2},"end":{"line":50,"column":null}},"18":{"start":{"line":49,"column":4},"end":{"line":49,"column":null}},"19":{"start":{"line":52,"column":2},"end":{"line":52,"column":null}},"20":{"start":{"line":56,"column":2},"end":{"line":56,"column":null}},"21":{"start":{"line":60,"column":2},"end":{"line":62,"column":null}},"22":{"start":{"line":61,"column":4},"end":{"line":61,"column":null}},"23":{"start":{"line":64,"column":2},"end":{"line":66,"column":null}},"24":{"start":{"line":65,"column":4},"end":{"line":65,"column":null}},"25":{"start":{"line":68,"column":2},"end":{"line":68,"column":null}}},"fnMap":{"0":{"name":"parseNotional","decl":{"start":{"line":16,"column":16},"end":{"line":16,"column":30}},"loc":{"start":{"line":16,"column":66},"end":{"line":53,"column":null}},"line":16},"1":{"name":"isRfqRequired","decl":{"start":{"line":55,"column":16},"end":{"line":55,"column":30}},"loc":{"start":{"line":55,"column":57},"end":{"line":57,"column":null}},"line":55},"2":{"name":"validateNotional","decl":{"start":{"line":59,"column":16},"end":{"line":59,"column":33}},"loc":{"start":{"line":59,"column":63},"end":{"line":69,"column":null}},"line":59}},"branchMap":{"0":{"loc":{"start":{"line":19,"column":2},"end":{"line":21,"column":null}},"type":"if","locations":[{"start":{"line":19,"column":2},"end":{"line":21,"column":null}},{"start":{},"end":{}}],"line":19},"1":{"loc":{"start":{"line":31,"column":2},"end":{"line":33,"column":null}},"type":"if","locations":[{"start":{"line":31,"column":2},"end":{"line":33,"column":null}},{"start":{},"end":{}}],"line":31},"2":{"loc":{"start":{"line":40,"column":2},"end":{"line":44,"column":null}},"type":"if","locations":[{"start":{"line":40,"column":2},"end":{"line":44,"column":null}},{"start":{"line":42,"column":9},"end":{"line":44,"column":null}}],"line":40},"3":{"loc":{"start":{"line":42,"column":9},"end":{"line":44,"column":null}},"type":"if","locations":[{"start":{"line":42,"column":9},"end":{"line":44,"column":null}},{"start":{},"end":{}}],"line":42},"4":{"loc":{"start":{"line":48,"column":2},"end":{"line":50,"column":null}},"type":"if","locations":[{"start":{"line":48,"column":2},"end":{"line":50,"column":null}},{"start":{},"end":{}}],"line":48},"5":{"loc":{"start":{"line":60,"column":2},"end":{"line":62,"column":null}},"type":"if","locations":[{"start":{"line":60,"column":2},"end":{"line":62,"column":null}},{"start":{},"end":{}}],"line":60},"6":{"loc":{"start":{"line":64,"column":2},"end":{"line":66,"column":null}},"type":"if","locations":[{"start":{"line":64,"column":2},"end":{"line":66,"column":null}},{"start":{},"end":{}}],"line":64}},"s":{"0":1,"1":1,"2":1,"3":9,"4":9,"5":1,"6":8,"7":8,"8":2,"9":6,"10":6,"11":6,"12":6,"13":2,"14":4,"15":3,"16":6,"17":6,"18":1,"19":5,"20":3,"21":4,"22":1,"23":3,"24":2,"25":1},"f":{"0":9,"1":3,"2":4},"b":{"0":[1,8],"1":[2,6],"2":[2,4],"3":[3,1],"4":[1,5],"5":[1,3],"6":[2,1]},"meta":{"lastBranch":7,"lastFunction":3,"lastStatement":26,"seen":{"s:1:32:1:Infinity":0,"s:2:28:2:Infinity":1,"s:3:29:3:Infinity":2,"f:16:16:16:30":0,"s:17:18:17:Infinity":3,"b:19:2:21:Infinity:undefined:undefined:undefined:undefined":0,"s:19:2:21:Infinity":4,"s:20:4:20:Infinity":5,"s:29:16:29:Infinity":6,"b:31:2:33:Infinity:undefined:undefined:undefined:undefined":1,"s:31:2:33:Infinity":7,"s:32:4:32:Infinity":8,"s:35:18:35:Infinity":9,"s:36:17:36:Infinity":10,"s:38:19:38:Infinity":11,"b:40:2:44:Infinity:42:9:44:Infinity":2,"s:40:2:44:Infinity":12,"s:41:4:41:Infinity":13,"b:42:9:44:Infinity:undefined:undefined:undefined:undefined":3,"s:42:9:44:Infinity":14,"s:43:4:43:Infinity":15,"s:46:16:46:Infinity":16,"b:48:2:50:Infinity:undefined:undefined:undefined:undefined":4,"s:48:2:50:Infinity":17,"s:49:4:49:Infinity":18,"s:52:2:52:Infinity":19,"f:55:16:55:30":1,"s:56:2:56:Infinity":20,"f:59:16:59:33":2,"b:60:2:62:Infinity:undefined:undefined:undefined:undefined":5,"s:60:2:62:Infinity":21,"s:61:4:61:Infinity":22,"b:64:2:66:Infinity:undefined:undefined:undefined:undefined":6,"s:64:2:66:Infinity":23,"s:65:4:65:Infinity":24,"s:68:2:68:Infinity":25},"fnNames":{}}}
,"/__w/ReactiveTraderCloudClone/ReactiveTraderCloudClone/packages/domain/src/fx/price.ts": {"path":"/__w/ReactiveTraderCloudClone/ReactiveTraderCloudClone/packages/domain/src/fx/price.ts","statementMap":{"0":{"start":{"line":10,"column":7},"end":{"line":14,"column":null}},"1":{"start":{"line":11,"column":2},"end":{"line":11,"column":null}},"2":{"start":{"line":12,"column":2},"end":{"line":12,"column":null}},"3":{"start":{"line":13,"column":2},"end":{"line":13,"column":null}},"4":{"start":{"line":30,"column":8},"end":{"line":30,"column":null}},"5":{"start":{"line":31,"column":24},"end":{"line":31,"column":null}},"6":{"start":{"line":32,"column":2},"end":{"line":32,"column":null}},"7":{"start":{"line":42,"column":2},"end":{"line":44,"column":null}},"8":{"start":{"line":43,"column":4},"end":{"line":43,"column":null}},"9":{"start":{"line":46,"column":2},"end":{"line":46,"column":null}},"10":{"start":{"line":51,"column":34},"end":{"line":51,"column":null}}},"fnMap":{"0":{"name":"(anonymous_0)","decl":{"start":{"line":10,"column":7},"end":{"line":10,"column":12}},"loc":{"start":{"line":10,"column":7},"end":{"line":14,"column":null}},"line":10},"1":{"name":"calculateSpread","decl":{"start":{"line":24,"column":16},"end":{"line":24,"column":null}},"loc":{"start":{"line":29,"column":10},"end":{"line":33,"column":null}},"line":29},"2":{"name":"detectMovement","decl":{"start":{"line":38,"column":16},"end":{"line":38,"column":null}},"loc":{"start":{"line":41,"column":21},"end":{"line":49,"column":null}},"line":41}},"branchMap":{"0":{"loc":{"start":{"line":42,"column":2},"end":{"line":44,"column":null}},"type":"if","locations":[{"start":{"line":42,"column":2},"end":{"line":44,"column":null}},{"start":{},"end":{}}],"line":42},"1":{"loc":{"start":{"line":46,"column":9},"end":{"line":46,"column":null}},"type":"cond-expr","locations":[{"start":{"line":46,"column":22},"end":{"line":46,"column":null}},{"start":{"line":46,"column":22},"end":{"line":46,"column":null}}],"line":46}},"s":{"0":7,"1":7,"2":7,"3":7,"4":8,"5":8,"6":8,"7":9,"8":4,"9":5,"10":7},"f":{"0":7,"1":8,"2":9},"b":{"0":[4,5],"1":[2,3]},"meta":{"lastBranch":2,"lastFunction":3,"lastStatement":11,"seen":{"s:10:7:14:Infinity":0,"f:10:7:10:12":0,"s:11:2:11:Infinity":1,"s:12:2:12:Infinity":2,"s:13:2:13:Infinity":3,"f:24:16:24:Infinity":1,"s:30:8:30:Infinity":4,"s:31:24:31:Infinity":5,"s:32:2:32:Infinity":6,"f:38:16:38:Infinity":2,"b:42:2:44:Infinity:undefined:undefined:undefined:undefined":0,"s:42:2:44:Infinity":7,"s:43:4:43:Infinity":8,"s:46:2:46:Infinity":9,"b:46:22:46:Infinity:46:22:46:Infinity":1,"s:51:34:51:Infinity":10},"fnNames":{}}}
,"/__w/ReactiveTraderCloudClone/ReactiveTraderCloudClone/packages/domain/src/fx/trade.ts": {"path":"/__w/ReactiveTraderCloudClone/ReactiveTraderCloudClone/packages/domain/src/fx/trade.ts","statementMap":{"0":{"start":{"line":1,"column":7},"end":{"line":4,"column":null}},"1":{"start":{"line":2,"column":2},"end":{"line":2,"column":null}},"2":{"start":{"line":3,"column":2},"end":{"line":3,"column":null}},"3":{"start":{"line":6,"column":7},"end":{"line":10,"column":null}},"4":{"start":{"line":7,"column":2},"end":{"line":7,"column":null}},"5":{"start":{"line":8,"column":2},"end":{"line":8,"column":null}},"6":{"start":{"line":9,"column":2},"end":{"line":9,"column":null}},"7":{"start":{"line":12,"column":7},"end":{"line":17,"column":null}},"8":{"start":{"line":13,"column":2},"end":{"line":13,"column":null}},"9":{"start":{"line":14,"column":2},"end":{"line":14,"column":null}},"10":{"start":{"line":15,"column":2},"end":{"line":15,"column":null}},"11":{"start":{"line":16,"column":2},"end":{"line":16,"column":null}},"12":{"start":{"line":52,"column":2},"end":{"line":52,"column":null}},"13":{"start":{"line":55,"column":15},"end":{"line":55,"column":null}},"14":{"start":{"line":58,"column":43},"end":{"line":58,"column":null}},"15":{"start":{"line":70,"column":2},"end":{"line":70,"column":null}},"16":{"start":{"line":73,"column":36},"end":{"line":73,"column":null}},"17":{"start":{"line":74,"column":37},"end":{"line":74,"column":null}},"18":{"start":{"line":75,"column":39},"end":{"line":75,"column":null}},"19":{"start":{"line":78,"column":30},"end":{"line":78,"column":null}},"20":{"start":{"line":80,"column":35},"end":{"line":80,"column":null}}},"fnMap":{"0":{"name":"(anonymous_0)","decl":{"start":{"line":1,"column":7},"end":{"line":1,"column":12}},"loc":{"start":{"line":1,"column":7},"end":{"line":4,"column":null}},"line":1},"1":{"name":"(anonymous_1)","decl":{"start":{"line":6,"column":7},"end":{"line":6,"column":12}},"loc":{"start":{"line":6,"column":7},"end":{"line":10,"column":null}},"line":6},"2":{"name":"(anonymous_2)","decl":{"start":{"line":12,"column":7},"end":{"line":12,"column":12}},"loc":{"start":{"line":12,"column":7},"end":{"line":17,"column":null}},"line":12},"3":{"name":"deriveDealtCurrency","decl":{"start":{"line":48,"column":16},"end":{"line":48,"column":null}},"loc":{"start":{"line":51,"column":10},"end":{"line":53,"column":null}},"line":51},"4":{"name":"isoDaysFromNow","decl":{"start":{"line":66,"column":16},"end":{"line":66,"column":null}},"loc":{"start":{"line":69,"column":10},"end":{"line":71,"column":null}},"line":69}},"branchMap":{"0":{"loc":{"start":{"line":68,"column":2},"end":{"line":68,"column":null}},"type":"default-arg","locations":[{"start":{"line":68,"column":19},"end":{"line":68,"column":null}}],"line":68}},"s":{"0":11,"1":11,"2":11,"3":11,"4":11,"5":11,"6":11,"7":11,"8":11,"9":11,"10":11,"11":11,"12":8,"13":11,"14":11,"15":106,"16":11,"17":11,"18":11,"19":11,"20":11},"f":{"0":11,"1":11,"2":11,"3":8,"4":106},"b":{"0":[106]},"meta":{"lastBranch":1,"lastFunction":5,"lastStatement":21,"seen":{"s:1:7:4:Infinity":0,"f:1:7:1:12":0,"s:2:2:2:Infinity":1,"s:3:2:3:Infinity":2,"s:6:7:10:Infinity":3,"f:6:7:6:12":1,"s:7:2:7:Infinity":4,"s:8:2:8:Infinity":5,"s:9:2:9:Infinity":6,"s:12:7:17:Infinity":7,"f:12:7:12:12":2,"s:13:2:13:Infinity":8,"s:14:2:14:Infinity":9,"s:15:2:15:Infinity":10,"s:16:2:16:Infinity":11,"f:48:16:48:Infinity":3,"s:52:2:52:Infinity":12,"s:55:15:55:Infinity":13,"s:58:43:58:Infinity":14,"f:66:16:66:Infinity":4,"b:68:19:68:Infinity":0,"s:70:2:70:Infinity":15,"s:73:36:73:Infinity":16,"s:74:37:74:Infinity":17,"s:75:39:75:Infinity":18,"s:78:30:78:Infinity":19,"s:80:35:80:Infinity":20},"fnNames":{}}}
,"/__w/ReactiveTraderCloudClone/ReactiveTraderCloudClone/packages/domain/src/ports/adminPort.ts": {"path":"/__w/ReactiveTraderCloudClone/ReactiveTraderCloudClone/packages/domain/src/ports/adminPort.ts","statementMap":{},"fnMap":{},"branchMap":{},"s":{},"f":{},"b":{},"meta":{"lastBranch":0,"lastFunction":0,"lastStatement":0,"seen":{},"fnNames":{}}}
,"/__w/ReactiveTraderCloudClone/ReactiveTraderCloudClone/packages/domain/src/ports/analyticsPort.ts": {"path":"/__w/ReactiveTraderCloudClone/ReactiveTraderCloudClone/packages/domain/src/ports/analyticsPort.ts","statementMap":{},"fnMap":{},"branchMap":{},"s":{},"f":{},"b":{},"meta":{"lastBranch":0,"lastFunction":0,"lastStatement":0,"seen":{},"fnNames":{}}}
,"/__w/ReactiveTraderCloudClone/ReactiveTraderCloudClone/packages/domain/src/ports/authPort.ts": {"path":"/__w/ReactiveTraderCloudClone/ReactiveTraderCloudClone/packages/domain/src/ports/authPort.ts","statementMap":{},"fnMap":{},"branchMap":{},"s":{},"f":{},"b":{},"meta":{"lastBranch":0,"lastFunction":0,"lastStatement":0,"seen":{},"fnNames":{}}}
,"/__w/ReactiveTraderCloudClone/ReactiveTraderCloudClone/packages/domain/src/ports/blotterPort.ts": {"path":"/__w/ReactiveTraderCloudClone/ReactiveTraderCloudClone/packages/domain/src/ports/blotterPort.ts","statementMap":{},"fnMap":{},"branchMap":{},"s":{},"f":{},"b":{},"meta":{"lastBranch":0,"lastFunction":0,"lastStatement":0,"seen":{},"fnNames":{}}}
,"/__w/ReactiveTraderCloudClone/ReactiveTraderCloudClone/packages/domain/src/ports/connectionEventsPort.ts": {"path":"/__w/ReactiveTraderCloudClone/ReactiveTraderCloudClone/packages/domain/src/ports/connectionEventsPort.ts","statementMap":{},"fnMap":{},"branchMap":{},"s":{},"f":{},"b":{},"meta":{"lastBranch":0,"lastFunction":0,"lastStatement":0,"seen":{},"fnNames":{}}}
,"/__w/ReactiveTraderCloudClone/ReactiveTraderCloudClone/packages/domain/src/ports/dealerPort.ts": {"path":"/__w/ReactiveTraderCloudClone/ReactiveTraderCloudClone/packages/domain/src/ports/dealerPort.ts","statementMap":{},"fnMap":{},"branchMap":{},"s":{},"f":{},"b":{},"meta":{"lastBranch":0,"lastFunction":0,"lastStatement":0,"seen":{},"fnNames":{}}}
,"/__w/ReactiveTraderCloudClone/ReactiveTraderCloudClone/packages/domain/src/ports/eventLogPort.ts": {"path":"/__w/ReactiveTraderCloudClone/ReactiveTraderCloudClone/packages/domain/src/ports/eventLogPort.ts","statementMap":{},"fnMap":{},"branchMap":{},"s":{},"f":{},"b":{},"meta":{"lastBranch":0,"lastFunction":0,"lastStatement":0,"seen":{},"fnNames":{}}}
,"/__w/ReactiveTraderCloudClone/ReactiveTraderCloudClone/packages/domain/src/ports/executionPort.ts": {"path":"/__w/ReactiveTraderCloudClone/ReactiveTraderCloudClone/packages/domain/src/ports/executionPort.ts","statementMap":{},"fnMap":{},"branchMap":{},"s":{},"f":{},"b":{},"meta":{"lastBranch":0,"lastFunction":0,"lastStatement":0,"seen":{},"fnNames":{}}}
,"/__w/ReactiveTraderCloudClone/ReactiveTraderCloudClone/packages/domain/src/ports/instrumentPort.ts": {"path":"/__w/ReactiveTraderCloudClone/ReactiveTraderCloudClone/packages/domain/src/ports/instrumentPort.ts","statementMap":{},"fnMap":{},"branchMap":{},"s":{},"f":{},"b":{},"meta":{"lastBranch":0,"lastFunction":0,"lastStatement":0,"seen":{},"fnNames":{}}}
,"/__w/ReactiveTraderCloudClone/ReactiveTraderCloudClone/packages/domain/src/ports/marketDataPort.ts": {"path":"/__w/ReactiveTraderCloudClone/ReactiveTraderCloudClone/packages/domain/src/ports/marketDataPort.ts","statementMap":{},"fnMap":{},"branchMap":{},"s":{},"f":{},"b":{},"meta":{"lastBranch":0,"lastFunction":0,"lastStatement":0,"seen":{},"fnNames":{}}}
,"/__w/ReactiveTraderCloudClone/ReactiveTraderCloudClone/packages/domain/src/ports/orderPort.ts": {"path":"/__w/ReactiveTraderCloudClone/ReactiveTraderCloudClone/packages/domain/src/ports/orderPort.ts","statementMap":{},"fnMap":{},"branchMap":{},"s":{},"f":{},"b":{},"meta":{"lastBranch":0,"lastFunction":0,"lastStatement":0,"seen":{},"fnNames":{}}}
,"/__w/ReactiveTraderCloudClone/ReactiveTraderCloudClone/packages/domain/src/ports/positionPort.ts": {"path":"/__w/ReactiveTraderCloudClone/ReactiveTraderCloudClone/packages/domain/src/ports/positionPort.ts","statementMap":{},"fnMap":{},"branchMap":{},"s":{},"f":{},"b":{},"meta":{"lastBranch":0,"lastFunction":0,"lastStatement":0,"seen":{},"fnNames":{}}}
,"/__w/ReactiveTraderCloudClone/ReactiveTraderCloudClone/packages/domain/src/ports/preferencesPort.ts": {"path":"/__w/ReactiveTraderCloudClone/ReactiveTraderCloudClone/packages/domain/src/ports/preferencesPort.ts","statementMap":{},"fnMap":{},"branchMap":{},"s":{},"f":{},"b":{},"meta":{"lastBranch":0,"lastFunction":0,"lastStatement":0,"seen":{},"fnNames":{}}}
,"/__w/ReactiveTraderCloudClone/ReactiveTraderCloudClone/packages/domain/src/ports/pricingPort.ts": {"path":"/__w/ReactiveTraderCloudClone/ReactiveTraderCloudClone/packages/domain/src/ports/pricingPort.ts","statementMap":{},"fnMap":{},"branchMap":{},"s":{},"f":{},"b":{},"meta":{"lastBranch":0,"lastFunction":0,"lastStatement":0,"seen":{},"fnNames":{}}}
,"/__w/ReactiveTraderCloudClone/ReactiveTraderCloudClone/packages/domain/src/ports/referenceDataPort.ts": {"path":"/__w/ReactiveTraderCloudClone/ReactiveTraderCloudClone/packages/domain/src/ports/referenceDataPort.ts","statementMap":{},"fnMap":{},"branchMap":{},"s":{},"f":{},"b":{},"meta":{"lastBranch":0,"lastFunction":0,"lastStatement":0,"seen":{},"fnNames":{}}}
,"/__w/ReactiveTraderCloudClone/ReactiveTraderCloudClone/packages/domain/src/ports/serviceHealthPort.ts": {"path":"/__w/ReactiveTraderCloudClone/ReactiveTraderCloudClone/packages/domain/src/ports/serviceHealthPort.ts","statementMap":{},"fnMap":{},"branchMap":{},"s":{},"f":{},"b":{},"meta":{"lastBranch":0,"lastFunction":0,"lastStatement":0,"seen":{},"fnNames":{}}}
,"/__w/ReactiveTraderCloudClone/ReactiveTraderCloudClone/packages/domain/src/ports/sessionsPort.ts": {"path":"/__w/ReactiveTraderCloudClone/ReactiveTraderCloudClone/packages/domain/src/ports/sessionsPort.ts","statementMap":{},"fnMap":{},"branchMap":{},"s":{},"f":{},"b":{},"meta":{"lastBranch":0,"lastFunction":0,"lastStatement":0,"seen":{},"fnNames":{}}}
,"/__w/ReactiveTraderCloudClone/ReactiveTraderCloudClone/packages/domain/src/ports/telemetryPort.ts": {"path":"/__w/ReactiveTraderCloudClone/ReactiveTraderCloudClone/packages/domain/src/ports/telemetryPort.ts","statementMap":{},"fnMap":{},"branchMap":{},"s":{},"f":{},"b":{},"meta":{"lastBranch":0,"lastFunction":0,"lastStatement":0,"seen":{},"fnNames":{}}}
,"/__w/ReactiveTraderCloudClone/ReactiveTraderCloudClone/packages/domain/src/ports/workflowPort.ts": {"path":"/__w/ReactiveTraderCloudClone/ReactiveTraderCloudClone/packages/domain/src/ports/workflowPort.ts","statementMap":{},"fnMap":{},"branchMap":{},"s":{},"f":{},"b":{},"meta":{"lastBranch":0,"lastFunction":0,"lastStatement":0,"seen":{},"fnNames":{}}}
,"/__w/ReactiveTraderCloudClone/ReactiveTraderCloudClone/packages/domain/src/preferences/preferences.ts": {"path":"/__w/ReactiveTraderCloudClone/ReactiveTraderCloudClone/packages/domain/src/preferences/preferences.ts","statementMap":{"0":{"start":{"line":70,"column":53},"end":{"line":79,"column":null}},"1":{"start":{"line":82,"column":64},"end":{"line":85,"column":null}},"2":{"start":{"line":87,"column":45},"end":{"line":87,"column":null}},"3":{"start":{"line":88,"column":45},"end":{"line":88,"column":null}},"4":{"start":{"line":89,"column":43},"end":{"line":89,"column":null}},"5":{"start":{"line":96,"column":43},"end":{"line":96,"column":null}},"6":{"start":{"line":100,"column":51},"end":{"line":100,"column":null}},"7":{"start":{"line":103,"column":44},"end":{"line":103,"column":null}},"8":{"start":{"line":104,"column":58},"end":{"line":104,"column":null}},"9":{"start":{"line":105,"column":49},"end":{"line":105,"column":null}},"10":{"start":{"line":106,"column":60},"end":{"line":106,"column":null}},"11":{"start":{"line":107,"column":58},"end":{"line":107,"column":null}},"12":{"start":{"line":108,"column":54},"end":{"line":108,"column":null}},"13":{"start":{"line":111,"column":62},"end":{"line":115,"column":null}},"14":{"start":{"line":117,"column":49},"end":{"line":124,"column":null}},"15":{"start":{"line":125,"column":49},"end":{"line":125,"column":null}},"16":{"start":{"line":128,"column":55},"end":{"line":128,"column":null}},"17":{"start":{"line":133,"column":66},"end":{"line":133,"column":null}},"18":{"start":{"line":136,"column":70},"end":{"line":140,"column":null}},"19":{"start":{"line":146,"column":12},"end":{"line":146,"column":null}},"20":{"start":{"line":147,"column":2},"end":{"line":148,"column":null}},"21":{"start":{"line":158,"column":2},"end":{"line":160,"column":null}},"22":{"start":{"line":159,"column":4},"end":{"line":159,"column":null}},"23":{"start":{"line":162,"column":2},"end":{"line":162,"column":null}},"24":{"start":{"line":167,"column":12},"end":{"line":167,"column":null}},"25":{"start":{"line":168,"column":2},"end":{"line":170,"column":null}},"26":{"start":{"line":181,"column":58},"end":{"line":181,"column":null}},"27":{"start":{"line":184,"column":62},"end":{"line":188,"column":null}},"28":{"start":{"line":192,"column":12},"end":{"line":192,"column":null}},"29":{"start":{"line":193,"column":2},"end":{"line":195,"column":null}},"30":{"start":{"line":204,"column":2},"end":{"line":204,"column":null}}},"fnMap":{"0":{"name":"nextThemeModePreference","decl":{"start":{"line":143,"column":16},"end":{"line":143,"column":null}},"loc":{"start":{"line":145,"column":23},"end":{"line":150,"column":null}},"line":145},"1":{"name":"resolveThemeMode","decl":{"start":{"line":154,"column":16},"end":{"line":154,"column":null}},"loc":{"start":{"line":157,"column":13},"end":{"line":163,"column":null}},"line":157},"2":{"name":"nextEqWatchlistSort","decl":{"start":{"line":166,"column":16},"end":{"line":166,"column":36}},"loc":{"start":{"line":166,"column":79},"end":{"line":172,"column":null}},"line":166},"3":{"name":"nextPowerSaverLevel","decl":{"start":{"line":191,"column":16},"end":{"line":191,"column":36}},"loc":{"start":{"line":191,"column":79},"end":{"line":197,"column":null}},"line":191},"4":{"name":"isPowerSaverLevel","decl":{"start":{"line":201,"column":16},"end":{"line":201,"column":null}},"loc":{"start":{"line":203,"column":28},"end":{"line":205,"column":null}},"line":203}},"branchMap":{"0":{"loc":{"start":{"line":148,"column":4},"end":{"line":148,"column":null}},"type":"binary-expr","locations":[{"start":{"line":148,"column":4},"end":{"line":148,"column":71}},{"start":{"line":148,"column":71},"end":{"line":148,"column":null}}],"line":148},"1":{"loc":{"start":{"line":158,"column":2},"end":{"line":160,"column":null}},"type":"if","locations":[{"start":{"line":158,"column":2},"end":{"line":160,"column":null}},{"start":{},"end":{}}],"line":158},"2":{"loc":{"start":{"line":159,"column":11},"end":{"line":159,"column":null}},"type":"cond-expr","locations":[{"start":{"line":159,"column":25},"end":{"line":159,"column":34}},{"start":{"line":159,"column":34},"end":{"line":159,"column":null}}],"line":159},"3":{"loc":{"start":{"line":169,"column":4},"end":{"line":170,"column":null}},"type":"binary-expr","locations":[{"start":{"line":169,"column":4},"end":{"line":169,"column":null}},{"start":{"line":170,"column":4},"end":{"line":170,"column":null}}],"line":169},"4":{"loc":{"start":{"line":194,"column":4},"end":{"line":195,"column":null}},"type":"binary-expr","locations":[{"start":{"line":194,"column":4},"end":{"line":194,"column":null}},{"start":{"line":195,"column":4},"end":{"line":195,"column":null}}],"line":194},"5":{"loc":{"start":{"line":204,"column":9},"end":{"line":204,"column":null}},"type":"binary-expr","locations":[{"start":{"line":204,"column":9},"end":{"line":204,"column":28}},{"start":{"line":204,"column":28},"end":{"line":204,"column":48}},{"start":{"line":204,"column":48},"end":{"line":204,"column":null}}],"line":204}},"s":{"0":3,"1":3,"2":3,"3":3,"4":3,"5":3,"6":3,"7":3,"8":3,"9":3,"10":3,"11":3,"12":3,"13":3,"14":3,"15":3,"16":3,"17":3,"18":3,"19":3,"20":3,"21":4,"22":2,"23":2,"24":3,"25":3,"26":3,"27":3,"28":12,"29":12,"30":7},"f":{"0":3,"1":4,"2":3,"3":12,"4":7},"b":{"0":[3,0],"1":[2,2],"2":[1,1],"3":[3,0],"4":[12,0],"5":[7,6,5]},"meta":{"lastBranch":6,"lastFunction":5,"lastStatement":31,"seen":{"s:70:53:79:Infinity":0,"s:82:64:85:Infinity":1,"s:87:45:87:Infinity":2,"s:88:45:88:Infinity":3,"s:89:43:89:Infinity":4,"s:96:43:96:Infinity":5,"s:100:51:100:Infinity":6,"s:103:44:103:Infinity":7,"s:104:58:104:Infinity":8,"s:105:49:105:Infinity":9,"s:106:60:106:Infinity":10,"s:107:58:107:Infinity":11,"s:108:54:108:Infinity":12,"s:111:62:115:Infinity":13,"s:117:49:124:Infinity":14,"s:125:49:125:Infinity":15,"s:128:55:128:Infinity":16,"s:133:66:133:Infinity":17,"s:136:70:140:Infinity":18,"f:143:16:143:Infinity":0,"s:146:12:146:Infinity":19,"s:147:2:148:Infinity":20,"b:148:4:148:71:148:71:148:Infinity":0,"f:154:16:154:Infinity":1,"b:158:2:160:Infinity:undefined:undefined:undefined:undefined":1,"s:158:2:160:Infinity":21,"s:159:4:159:Infinity":22,"b:159:25:159:34:159:34:159:Infinity":2,"s:162:2:162:Infinity":23,"f:166:16:166:36":2,"s:167:12:167:Infinity":24,"s:168:2:170:Infinity":25,"b:169:4:169:Infinity:170:4:170:Infinity":3,"s:181:58:181:Infinity":26,"s:184:62:188:Infinity":27,"f:191:16:191:36":3,"s:192:12:192:Infinity":28,"s:193:2:195:Infinity":29,"b:194:4:194:Infinity:195:4:195:Infinity":4,"f:201:16:201:Infinity":4,"s:204:2:204:Infinity":30,"b:204:9:204:28:204:28:204:48:204:48:204:Infinity":5},"fnNames":{}}}
,"/__w/ReactiveTraderCloudClone/ReactiveTraderCloudClone/packages/domain/src/simulators/AnalyticsSimulator.ts": {"path":"/__w/ReactiveTraderCloudClone/ReactiveTraderCloudClone/packages/domain/src/simulators/AnalyticsSimulator.ts","statementMap":{"0":{"start":{"line":11,"column":21},"end":{"line":11,"column":null}},"1":{"start":{"line":12,"column":27},"end":{"line":12,"column":null}},"2":{"start":{"line":13,"column":21},"end":{"line":13,"column":null}},"3":{"start":{"line":22,"column":58},"end":{"line":77,"column":null}},"4":{"start":{"line":80,"column":2},"end":{"line":80,"column":null}},"5":{"start":{"line":84,"column":40},"end":{"line":84,"column":null}},"6":{"start":{"line":90,"column":4},"end":{"line":90,"column":null}},"7":{"start":{"line":92,"column":16},"end":{"line":92,"column":null}},"8":{"start":{"line":95,"column":4},"end":{"line":101,"column":null}},"9":{"start":{"line":95,"column":17},"end":{"line":95,"column":35}},"10":{"start":{"line":96,"column":6},"end":{"line":96,"column":null}},"11":{"start":{"line":97,"column":6},"end":{"line":100,"column":null}},"12":{"start":{"line":105,"column":4},"end":{"line":130,"column":null}},"13":{"start":{"line":106,"column":39},"end":{"line":109,"column":null}},"14":{"start":{"line":111,"column":12},"end":{"line":128,"column":null}},"15":{"start":{"line":113,"column":10},"end":{"line":113,"column":null}},"16":{"start":{"line":114,"column":10},"end":{"line":117,"column":null}},"17":{"start":{"line":119,"column":10},"end":{"line":121,"column":null}},"18":{"start":{"line":120,"column":12},"end":{"line":120,"column":null}},"19":{"start":{"line":123,"column":10},"end":{"line":126,"column":null}},"20":{"start":{"line":129,"column":6},"end":{"line":129,"column":null}}},"fnMap":{"0":{"name":"randomWalkStep","decl":{"start":{"line":79,"column":9},"end":{"line":79,"column":24}},"loc":{"start":{"line":79,"column":47},"end":{"line":81,"column":null}},"line":79},"1":{"name":"constructor","decl":{"start":{"line":88,"column":2},"end":{"line":88,"column":16}},"loc":{"start":{"line":88,"column":16},"end":{"line":102,"column":null}},"line":88},"2":{"name":"getAnalytics","decl":{"start":{"line":104,"column":2},"end":{"line":104,"column":15}},"loc":{"start":{"line":104,"column":63},"end":{"line":131,"column":null}},"line":104},"3":{"name":"(anonymous_3)","decl":{"start":{"line":105,"column":11},"end":{"line":105,"column":23}},"loc":{"start":{"line":105,"column":23},"end":{"line":130,"column":5}},"line":105},"4":{"name":"(anonymous_4)","decl":{"start":{"line":112,"column":8},"end":{"line":112,"column":43}},"loc":{"start":{"line":112,"column":43},"end":{"line":127,"column":9}},"line":112}},"branchMap":{"0":{"loc":{"start":{"line":119,"column":10},"end":{"line":121,"column":null}},"type":"if","locations":[{"start":{"line":119,"column":10},"end":{"line":121,"column":null}},{"start":{},"end":{}}],"line":119}},"s":{"0":2,"1":2,"2":2,"3":2,"4":998,"5":10,"6":10,"7":10,"8":10,"9":10,"10":900,"11":900,"12":10,"13":10,"14":10,"15":98,"16":98,"17":98,"18":98,"19":98,"20":10},"f":{"0":998,"1":10,"2":10,"3":10,"4":98},"b":{"0":[98,0]},"meta":{"lastBranch":1,"lastFunction":5,"lastStatement":21,"seen":{"s:11:21:11:Infinity":0,"s:12:27:12:Infinity":1,"s:13:21:13:Infinity":2,"s:22:58:77:Infinity":3,"f:79:9:79:24":0,"s:80:2:80:Infinity":4,"s:84:40:84:Infinity":5,"f:88:2:88:16":1,"s:90:4:90:Infinity":6,"s:92:16:92:Infinity":7,"s:95:4:101:Infinity":8,"s:95:17:95:35":9,"s:96:6:96:Infinity":10,"s:97:6:100:Infinity":11,"f:104:2:104:15":2,"s:105:4:130:Infinity":12,"f:105:11:105:23":3,"s:106:39:109:Infinity":13,"s:111:12:128:Infinity":14,"f:112:8:112:43":4,"s:113:10:113:Infinity":15,"s:114:10:117:Infinity":16,"b:119:10:121:Infinity:undefined:undefined:undefined:undefined":0,"s:119:10:121:Infinity":17,"s:120:12:120:Infinity":18,"s:123:10:126:Infinity":19,"s:129:6:129:Infinity":20},"fnNames":{}}}
,"/__w/ReactiveTraderCloudClone/ReactiveTraderCloudClone/packages/domain/src/simulators/AuthSimulator.ts": {"path":"/__w/ReactiveTraderCloudClone/ReactiveTraderCloudClone/packages/domain/src/simulators/AuthSimulator.ts","statementMap":{"0":{"start":{"line":22,"column":6},"end":{"line":22,"column":null}},"1":{"start":{"line":19,"column":21},"end":{"line":19,"column":null}},"2":{"start":{"line":20,"column":21},"end":{"line":20,"column":37}},"3":{"start":{"line":21,"column":21},"end":{"line":21,"column":55}},"4":{"start":{"line":27,"column":10},"end":{"line":27,"column":null}},"5":{"start":{"line":28,"column":21},"end":{"line":28,"column":null}},"6":{"start":{"line":30,"column":4},"end":{"line":32,"column":null}},"7":{"start":{"line":31,"column":6},"end":{"line":31,"column":null}},"8":{"start":{"line":34,"column":18},"end":{"line":34,"column":null}},"9":{"start":{"line":35,"column":4},"end":{"line":40,"column":null}}},"fnMap":{"0":{"name":"constructor","decl":{"start":{"line":18,"column":2},"end":{"line":18,"column":null}},"loc":{"start":{"line":24,"column":4},"end":{"line":24,"column":null}},"line":24},"1":{"name":"(anonymous_1)","decl":{"start":{"line":21,"column":21},"end":{"line":21,"column":55}},"loc":{"start":{"line":21,"column":55},"end":{"line":23,"column":null}},"line":21},"2":{"name":"login","decl":{"start":{"line":26,"column":2},"end":{"line":26,"column":8}},"loc":{"start":{"line":26,"column":69},"end":{"line":41,"column":null}},"line":26}},"branchMap":{"0":{"loc":{"start":{"line":20,"column":4},"end":{"line":20,"column":null}},"type":"default-arg","locations":[{"start":{"line":20,"column":37},"end":{"line":20,"column":null}}],"line":20},"1":{"loc":{"start":{"line":21,"column":4},"end":{"line":23,"column":null}},"type":"default-arg","locations":[{"start":{"line":21,"column":21},"end":{"line":23,"column":null}}],"line":21},"2":{"loc":{"start":{"line":30,"column":4},"end":{"line":32,"column":null}},"type":"if","locations":[{"start":{"line":30,"column":4},"end":{"line":32,"column":null}},{"start":{},"end":{}}],"line":30},"3":{"loc":{"start":{"line":30,"column":8},"end":{"line":30,"column":67}},"type":"binary-expr","locations":[{"start":{"line":30,"column":8},"end":{"line":30,"column":18}},{"start":{"line":30,"column":18},"end":{"line":30,"column":44}},{"start":{"line":30,"column":44},"end":{"line":30,"column":67}}],"line":30}},"s":{"0":1,"1":2,"2":2,"3":2,"4":4,"5":4,"6":4,"7":2,"8":2,"9":2},"f":{"0":2,"1":1,"2":4},"b":{"0":[2],"1":[1],"2":[2,2],"3":[4,3,3]},"meta":{"lastBranch":4,"lastFunction":3,"lastStatement":10,"seen":{"f:18:2:18:Infinity":0,"b:20:37:20:Infinity":0,"b:21:21:23:Infinity":1,"f:21:21:21:55":1,"s:22:6:22:Infinity":0,"s:19:21:19:Infinity":1,"s:20:21:20:37":2,"s:21:21:21:55":3,"f:26:2:26:8":2,"s:27:10:27:Infinity":4,"s:28:21:28:Infinity":5,"b:30:4:32:Infinity:undefined:undefined:undefined:undefined":2,"s:30:4:32:Infinity":6,"b:30:8:30:18:30:18:30:44:30:44:30:67":3,"s:31:6:31:Infinity":7,"s:34:18:34:Infinity":8,"s:35:4:40:Infinity":9},"fnNames":{}}}
,"/__w/ReactiveTraderCloudClone/ReactiveTraderCloudClone/packages/domain/src/simulators/ConnectionEventsSimulator.ts": {"path":"/__w/ReactiveTraderCloudClone/ReactiveTraderCloudClone/packages/domain/src/simulators/ConnectionEventsSimulator.ts","statementMap":{"0":{"start":{"line":17,"column":4},"end":{"line":17,"column":null}}},"fnMap":{"0":{"name":"events","decl":{"start":{"line":16,"column":2},"end":{"line":16,"column":40}},"loc":{"start":{"line":16,"column":40},"end":{"line":18,"column":null}},"line":16}},"branchMap":{},"s":{"0":3},"f":{"0":3},"b":{},"meta":{"lastBranch":0,"lastFunction":1,"lastStatement":1,"seen":{"f:16:2:16:40":0,"s:17:4:17:Infinity":0},"fnNames":{}}}
,"/__w/ReactiveTraderCloudClone/ReactiveTraderCloudClone/packages/domain/src/simulators/CreditRfqSimulator.ts": {"path":"/__w/ReactiveTraderCloudClone/ReactiveTraderCloudClone/packages/domain/src/simulators/CreditRfqSimulator.ts","statementMap":{"0":{"start":{"line":16,"column":32},"end":{"line":16,"column":null}},"1":{"start":{"line":17,"column":34},"end":{"line":17,"column":null}},"2":{"start":{"line":18,"column":23},"end":{"line":18,"column":null}},"3":{"start":{"line":19,"column":25},"end":{"line":19,"column":null}},"4":{"start":{"line":22,"column":22},"end":{"line":22,"column":null}},"5":{"start":{"line":24,"column":24},"end":{"line":24,"column":null}},"6":{"start":{"line":26,"column":26},"end":{"line":26,"column":null}},"7":{"start":{"line":28,"column":28},"end":{"line":28,"column":null}},"8":{"start":{"line":30,"column":31},"end":{"line":30,"column":null}},"9":{"start":{"line":34,"column":29},"end":{"line":34,"column":null}},"10":{"start":{"line":36,"column":37},"end":{"line":36,"column":null}},"11":{"start":{"line":39,"column":4},"end":{"line":39,"column":null}},"12":{"start":{"line":40,"column":4},"end":{"line":40,"column":null}},"13":{"start":{"line":50,"column":19},"end":{"line":50,"column":null}},"14":{"start":{"line":51,"column":37},"end":{"line":79,"column":null}},"15":{"start":{"line":82,"column":41},"end":{"line":135,"column":null}},"16":{"start":{"line":137,"column":4},"end":{"line":140,"column":null}},"17":{"start":{"line":138,"column":6},"end":{"line":138,"column":null}},"18":{"start":{"line":139,"column":6},"end":{"line":139,"column":null}},"19":{"start":{"line":142,"column":4},"end":{"line":145,"column":null}},"20":{"start":{"line":143,"column":6},"end":{"line":143,"column":null}},"21":{"start":{"line":144,"column":6},"end":{"line":144,"column":null}},"22":{"start":{"line":149,"column":4},"end":{"line":168,"column":null}},"23":{"start":{"line":150,"column":35},"end":{"line":150,"column":null}},"24":{"start":{"line":151,"column":6},"end":{"line":151,"column":null}},"25":{"start":{"line":153,"column":6},"end":{"line":164,"column":null}},"26":{"start":{"line":154,"column":8},"end":{"line":154,"column":null}},"27":{"start":{"line":155,"column":25},"end":{"line":155,"column":null}},"28":{"start":{"line":157,"column":8},"end":{"line":163,"column":null}},"29":{"start":{"line":158,"column":20},"end":{"line":158,"column":null}},"30":{"start":{"line":160,"column":10},"end":{"line":162,"column":null}},"31":{"start":{"line":161,"column":12},"end":{"line":161,"column":null}},"32":{"start":{"line":166,"column":6},"end":{"line":166,"column":null}},"33":{"start":{"line":167,"column":6},"end":{"line":167,"column":null}},"34":{"start":{"line":172,"column":4},"end":{"line":225,"column":null}},"35":{"start":{"line":173,"column":20},"end":{"line":173,"column":null}},"36":{"start":{"line":174,"column":23},"end":{"line":182,"column":null}},"37":{"start":{"line":184,"column":6},"end":{"line":184,"column":null}},"38":{"start":{"line":185,"column":6},"end":{"line":185,"column":null}},"39":{"start":{"line":186,"column":6},"end":{"line":186,"column":null}},"40":{"start":{"line":188,"column":6},"end":{"line":188,"column":null}},"41":{"start":{"line":191,"column":6},"end":{"line":222,"column":null}},"42":{"start":{"line":192,"column":23},"end":{"line":194,"column":null}},"43":{"start":{"line":193,"column":10},"end":{"line":193,"column":null}},"44":{"start":{"line":196,"column":8},"end":{"line":198,"column":null}},"45":{"start":{"line":197,"column":10},"end":{"line":197,"column":null}},"46":{"start":{"line":200,"column":24},"end":{"line":200,"column":null}},"47":{"start":{"line":201,"column":29},"end":{"line":206,"column":null}},"48":{"start":{"line":208,"column":8},"end":{"line":208,"column":null}},"49":{"start":{"line":209,"column":29},"end":{"line":209,"column":null}},"50":{"start":{"line":211,"column":8},"end":{"line":213,"column":null}},"51":{"start":{"line":212,"column":10},"end":{"line":212,"column":null}},"52":{"start":{"line":215,"column":8},"end":{"line":215,"column":null}},"53":{"start":{"line":216,"column":8},"end":{"line":216,"column":null}},"54":{"start":{"line":219,"column":8},"end":{"line":221,"column":null}},"55":{"start":{"line":220,"column":10},"end":{"line":220,"column":null}},"56":{"start":{"line":224,"column":6},"end":{"line":224,"column":null}},"57":{"start":{"line":236,"column":20},"end":{"line":239,"column":null}},"58":{"start":{"line":237,"column":6},"end":{"line":237,"column":null}},"59":{"start":{"line":238,"column":6},"end":{"line":238,"column":null}},"60":{"start":{"line":240,"column":4},"end":{"line":240,"column":null}},"61":{"start":{"line":244,"column":4},"end":{"line":254,"column":null}},"62":{"start":{"line":245,"column":18},"end":{"line":245,"column":null}},"63":{"start":{"line":247,"column":6},"end":{"line":249,"column":null}},"64":{"start":{"line":248,"column":8},"end":{"line":248,"column":null}},"65":{"start":{"line":251,"column":27},"end":{"line":251,"column":null}},"66":{"start":{"line":252,"column":6},"end":{"line":252,"column":null}},"67":{"start":{"line":253,"column":6},"end":{"line":253,"column":null}},"68":{"start":{"line":263,"column":4},"end":{"line":265,"column":null}},"69":{"start":{"line":264,"column":6},"end":{"line":264,"column":null}},"70":{"start":{"line":267,"column":26},"end":{"line":267,"column":null}},"71":{"start":{"line":269,"column":4},"end":{"line":285,"column":null}},"72":{"start":{"line":270,"column":6},"end":{"line":284,"column":null}},"73":{"start":{"line":271,"column":20},"end":{"line":271,"column":null}},"74":{"start":{"line":273,"column":8},"end":{"line":275,"column":null}},"75":{"start":{"line":274,"column":10},"end":{"line":274,"column":null}},"76":{"start":{"line":277,"column":28},"end":{"line":277,"column":null}},"77":{"start":{"line":278,"column":26},"end":{"line":278,"column":null}},"78":{"start":{"line":279,"column":22},"end":{"line":279,"column":null}},"79":{"start":{"line":281,"column":8},"end":{"line":281,"column":null}},"80":{"start":{"line":283,"column":8},"end":{"line":283,"column":null}},"81":{"start":{"line":289,"column":4},"end":{"line":300,"column":null}},"82":{"start":{"line":290,"column":18},"end":{"line":290,"column":null}},"83":{"start":{"line":292,"column":6},"end":{"line":294,"column":null}},"84":{"start":{"line":293,"column":8},"end":{"line":293,"column":null}},"85":{"start":{"line":296,"column":27},"end":{"line":296,"column":null}},"86":{"start":{"line":297,"column":6},"end":{"line":297,"column":null}},"87":{"start":{"line":298,"column":6},"end":{"line":298,"column":null}},"88":{"start":{"line":299,"column":6},"end":{"line":299,"column":null}},"89":{"start":{"line":304,"column":4},"end":{"line":307,"column":null}},"90":{"start":{"line":305,"column":6},"end":{"line":305,"column":null}},"91":{"start":{"line":306,"column":6},"end":{"line":306,"column":null}},"92":{"start":{"line":311,"column":18},"end":{"line":311,"column":null}},"93":{"start":{"line":313,"column":4},"end":{"line":315,"column":null}},"94":{"start":{"line":314,"column":6},"end":{"line":314,"column":null}},"95":{"start":{"line":317,"column":16},"end":{"line":317,"column":null}},"96":{"start":{"line":319,"column":4},"end":{"line":321,"column":null}},"97":{"start":{"line":320,"column":6},"end":{"line":320,"column":null}},"98":{"start":{"line":323,"column":27},"end":{"line":326,"column":null}},"99":{"start":{"line":327,"column":4},"end":{"line":327,"column":null}},"100":{"start":{"line":328,"column":4},"end":{"line":328,"column":null}},"101":{"start":{"line":332,"column":4},"end":{"line":343,"column":null}},"102":{"start":{"line":333,"column":20},"end":{"line":333,"column":null}},"103":{"start":{"line":335,"column":6},"end":{"line":337,"column":null}},"104":{"start":{"line":336,"column":8},"end":{"line":336,"column":null}},"105":{"start":{"line":339,"column":29},"end":{"line":339,"column":null}},"106":{"start":{"line":340,"column":6},"end":{"line":340,"column":null}},"107":{"start":{"line":341,"column":6},"end":{"line":341,"column":null}},"108":{"start":{"line":342,"column":6},"end":{"line":342,"column":null}},"109":{"start":{"line":347,"column":4},"end":{"line":408,"column":null}},"110":{"start":{"line":348,"column":20},"end":{"line":348,"column":null}},"111":{"start":{"line":350,"column":6},"end":{"line":352,"column":null}},"112":{"start":{"line":351,"column":8},"end":{"line":351,"column":null}},"113":{"start":{"line":354,"column":20},"end":{"line":354,"column":null}},"114":{"start":{"line":357,"column":30},"end":{"line":360,"column":null}},"115":{"start":{"line":361,"column":6},"end":{"line":361,"column":null}},"116":{"start":{"line":362,"column":6},"end":{"line":362,"column":null}},"117":{"start":{"line":365,"column":23},"end":{"line":365,"column":null}},"118":{"start":{"line":367,"column":6},"end":{"line":396,"column":null}},"119":{"start":{"line":368,"column":8},"end":{"line":370,"column":null}},"120":{"start":{"line":369,"column":10},"end":{"line":369,"column":null}},"121":{"start":{"line":372,"column":22},"end":{"line":372,"column":null}},"122":{"start":{"line":374,"column":8},"end":{"line":376,"column":null}},"123":{"start":{"line":375,"column":10},"end":{"line":375,"column":null}},"124":{"start":{"line":378,"column":47},"end":{"line":378,"column":null}},"125":{"start":{"line":380,"column":8},"end":{"line":387,"column":null}},"126":{"start":{"line":381,"column":10},"end":{"line":384,"column":null}},"127":{"start":{"line":385,"column":15},"end":{"line":387,"column":null}},"128":{"start":{"line":386,"column":10},"end":{"line":386,"column":null}},"129":{"start":{"line":389,"column":8},"end":{"line":395,"column":null}},"130":{"start":{"line":390,"column":34},"end":{"line":390,"column":null}},"131":{"start":{"line":391,"column":10},"end":{"line":391,"column":null}},"132":{"start":{"line":394,"column":10},"end":{"line":394,"column":null}},"133":{"start":{"line":399,"column":18},"end":{"line":399,"column":null}},"134":{"start":{"line":401,"column":6},"end":{"line":405,"column":null}},"135":{"start":{"line":402,"column":28},"end":{"line":402,"column":null}},"136":{"start":{"line":403,"column":8},"end":{"line":403,"column":null}},"137":{"start":{"line":404,"column":8},"end":{"line":404,"column":null}},"138":{"start":{"line":407,"column":6},"end":{"line":407,"column":null}},"139":{"start":{"line":412,"column":4},"end":{"line":414,"column":null}},"140":{"start":{"line":413,"column":6},"end":{"line":413,"column":null}},"141":{"start":{"line":416,"column":4},"end":{"line":416,"column":null}}},"fnMap":{"0":{"name":"constructor","decl":{"start":{"line":38,"column":2},"end":{"line":38,"column":14}},"loc":{"start":{"line":38,"column":42},"end":{"line":41,"column":null}},"line":38},"1":{"name":"seedDemoState","decl":{"start":{"line":49,"column":2},"end":{"line":49,"column":10}},"loc":{"start":{"line":49,"column":32},"end":{"line":146,"column":null}},"line":49},"2":{"name":"events","decl":{"start":{"line":148,"column":2},"end":{"line":148,"column":33}},"loc":{"start":{"line":148,"column":33},"end":{"line":169,"column":null}},"line":148},"3":{"name":"(anonymous_3)","decl":{"start":{"line":149,"column":11},"end":{"line":149,"column":23}},"loc":{"start":{"line":149,"column":23},"end":{"line":168,"column":5}},"line":149},"4":{"name":"createRfq","decl":{"start":{"line":171,"column":2},"end":{"line":171,"column":12}},"loc":{"start":{"line":171,"column":59},"end":{"line":226,"column":null}},"line":171},"5":{"name":"(anonymous_5)","decl":{"start":{"line":172,"column":11},"end":{"line":172,"column":23}},"loc":{"start":{"line":172,"column":23},"end":{"line":225,"column":5}},"line":172},"6":{"name":"(anonymous_6)","decl":{"start":{"line":192,"column":36},"end":{"line":192,"column":42}},"loc":{"start":{"line":192,"column":48},"end":{"line":194,"column":9}},"line":192},"7":{"name":"schedule","decl":{"start":{"line":235,"column":2},"end":{"line":235,"column":10}},"loc":{"start":{"line":235,"column":59},"end":{"line":241,"column":null}},"line":235},"8":{"name":"(anonymous_8)","decl":{"start":{"line":236,"column":20},"end":{"line":236,"column":37}},"loc":{"start":{"line":236,"column":37},"end":{"line":239,"column":7}},"line":236},"9":{"name":"scheduleExpiry","decl":{"start":{"line":243,"column":2},"end":{"line":243,"column":10}},"loc":{"start":{"line":243,"column":66},"end":{"line":255,"column":null}},"line":243},"10":{"name":"(anonymous_10)","decl":{"start":{"line":244,"column":9},"end":{"line":244,"column":24}},"loc":{"start":{"line":244,"column":24},"end":{"line":254,"column":7}},"line":244},"11":{"name":"scheduleDealerResponse","decl":{"start":{"line":257,"column":2},"end":{"line":257,"column":10}},"loc":{"start":{"line":261,"column":10},"end":{"line":286,"column":null}},"line":261},"12":{"name":"(anonymous_12)","decl":{"start":{"line":269,"column":9},"end":{"line":269,"column":24}},"loc":{"start":{"line":269,"column":24},"end":{"line":285,"column":7}},"line":269},"13":{"name":"cancelRfq","decl":{"start":{"line":288,"column":2},"end":{"line":288,"column":12}},"loc":{"start":{"line":288,"column":45},"end":{"line":301,"column":null}},"line":288},"14":{"name":"(anonymous_14)","decl":{"start":{"line":289,"column":11},"end":{"line":289,"column":23}},"loc":{"start":{"line":289,"column":23},"end":{"line":300,"column":5}},"line":289},"15":{"name":"quote","decl":{"start":{"line":303,"column":2},"end":{"line":303,"column":8}},"loc":{"start":{"line":303,"column":49},"end":{"line":308,"column":null}},"line":303},"16":{"name":"(anonymous_16)","decl":{"start":{"line":304,"column":11},"end":{"line":304,"column":23}},"loc":{"start":{"line":304,"column":23},"end":{"line":307,"column":5}},"line":304},"17":{"
[...]
,"/__w/ReactiveTraderCloudClone/ReactiveTraderCloudClone/packages/domain/src/telemetry/session.ts": {"path":"/__w/ReactiveTraderCloudClone/ReactiveTraderCloudClone/packages/domain/src/telemetry/session.ts","statementMap":{},"fnMap":{},"branchMap":{},"s":{},"f":{},"b":{},"meta":{"lastBranch":0,"lastFunction":0,"lastStatement":0,"seen":{},"fnNames":{}}}
,"/__w/ReactiveTraderCloudClone/ReactiveTraderCloudClone/packages/domain/src/telemetry/topology.ts": {"path":"/__w/ReactiveTraderCloudClone/ReactiveTraderCloudClone/packages/domain/src/telemetry/topology.ts","statementMap":{},"fnMap":{},"branchMap":{},"s":{},"f":{},"b":{},"meta":{"lastBranch":0,"lastFunction":0,"lastStatement":0,"seen":{},"fnNames":{}}}
,"/__w/ReactiveTraderCloudClone/ReactiveTraderCloudClone/packages/domain/src/usecases/AnalyticsUseCase.ts": {"path":"/__w/ReactiveTraderCloudClone/ReactiveTraderCloudClone/packages/domain/src/usecases/AnalyticsUseCase.ts","statementMap":{"0":{"start":{"line":6,"column":30},"end":{"line":6,"column":null}},"1":{"start":{"line":10,"column":21},"end":{"line":10,"column":null}},"2":{"start":{"line":11,"column":21},"end":{"line":11,"column":44}},"3":{"start":{"line":15,"column":4},"end":{"line":15,"column":null}}},"fnMap":{"0":{"name":"constructor","decl":{"start":{"line":9,"column":2},"end":{"line":9,"column":null}},"loc":{"start":{"line":12,"column":4},"end":{"line":12,"column":null}},"line":12},"1":{"name":"execute","decl":{"start":{"line":14,"column":2},"end":{"line":14,"column":41}},"loc":{"start":{"line":14,"column":41},"end":{"line":16,"column":null}},"line":14}},"branchMap":{"0":{"loc":{"start":{"line":11,"column":4},"end":{"line":11,"column":null}},"type":"default-arg","locations":[{"start":{"line":11,"column":44},"end":{"line":11,"column":null}}],"line":11}},"s":{"0":1,"1":4,"2":4,"3":4},"f":{"0":4,"1":4},"b":{"0":[4]},"meta":{"lastBranch":1,"lastFunction":2,"lastStatement":4,"seen":{"s:6:30:6:Infinity":0,"f:9:2:9:Infinity":0,"b:11:44:11:Infinity":0,"s:10:21:10:Infinity":1,"s:11:21:11:44":2,"f:14:2:14:41":1,"s:15:4:15:Infinity":3},"fnNames":{}}}
,"/__w/ReactiveTraderCloudClone/ReactiveTraderCloudClone/packages/domain/src/usecases/ConnectionStatusUseCase.ts": {"path":"/__w/ReactiveTraderCloudClone/ReactiveTraderCloudClone/packages/domain/src/usecases/ConnectionStatusUseCase.ts","statementMap":{"0":{"start":{"line":12,"column":21},"end":{"line":12,"column":null}},"1":{"start":{"line":13,"column":21},"end":{"line":13,"column":49}},"2":{"start":{"line":17,"column":4},"end":{"line":22,"column":null}},"3":{"start":{"line":19,"column":8},"end":{"line":19,"column":null}}},"fnMap":{"0":{"name":"constructor","decl":{"start":{"line":11,"column":2},"end":{"line":11,"column":null}},"loc":{"start":{"line":14,"column":4},"end":{"line":14,"column":null}},"line":14},"1":{"name":"execute","decl":{"start":{"line":16,"column":2},"end":{"line":16,"column":42}},"loc":{"start":{"line":16,"column":42},"end":{"line":23,"column":null}},"line":16},"2":{"name":"(anonymous_2)","decl":{"start":{"line":18,"column":6},"end":{"line":18,"column":12}},"loc":{"start":{"line":18,"column":64},"end":{"line":20,"column":9}},"line":18}},"branchMap":{"0":{"loc":{"start":{"line":13,"column":4},"end":{"line":13,"column":null}},"type":"default-arg","locations":[{"start":{"line":13,"column":49},"end":{"line":13,"column":null}}],"line":13}},"s":{"0":4,"1":4,"2":4,"3":5},"f":{"0":4,"1":4,"2":5},"b":{"0":[4]},"meta":{"lastBranch":1,"lastFunction":3,"lastStatement":4,"seen":{"f:11:2:11:Infinity":0,"b:13:49:13:Infinity":0,"s:12:21:12:Infinity":0,"s:13:21:13:49":1,"f:16:2:16:42":1,"s:17:4:22:Infinity":2,"f:18:6:18:12":2,"s:19:8:19:Infinity":3},"fnNames":{}}}
,"/__w/ReactiveTraderCloudClone/ReactiveTraderCloudClone/packages/domain/src/usecases/CreateRfqUseCase.ts": {"path":"/__w/ReactiveTraderCloudClone/ReactiveTraderCloudClone/packages/domain/src/usecases/CreateRfqUseCase.ts","statementMap":{"0":{"start":{"line":7,"column":39},"end":{"line":7,"column":null}},"1":{"start":{"line":19,"column":31},"end":{"line":19,"column":55}},"2":{"start":{"line":22,"column":38},"end":{"line":28,"column":null}},"3":{"start":{"line":29,"column":4},"end":{"line":29,"column":null}}},"fnMap":{"0":{"name":"constructor","decl":{"start":{"line":19,"column":2},"end":{"line":19,"column":14}},"loc":{"start":{"line":19,"column":55},"end":{"line":19,"column":null}},"line":19},"1":{"name":"execute","decl":{"start":{"line":21,"column":2},"end":{"line":21,"column":10}},"loc":{"start":{"line":21,"column":53},"end":{"line":30,"column":null}},"line":21}},"branchMap":{"0":{"loc":{"start":{"line":27,"column":18},"end":{"line":27,"column":null}},"type":"binary-expr","locations":[{"start":{"line":27,"column":18},"end":{"line":27,"column":38}},{"start":{"line":27,"column":38},"end":{"line":27,"column":null}}],"line":27}},"s":{"0":1,"1":2,"2":2,"3":2},"f":{"0":2,"1":2},"b":{"0":[2,1]},"meta":{"lastBranch":1,"lastFunction":2,"lastStatement":4,"seen":{"s:7:39:7:Infinity":0,"f:19:2:19:14":0,"s:19:31:19:55":1,"f:21:2:21:10":1,"s:22:38:28:Infinity":2,"b:27:18:27:38:27:38:27:Infinity":0,"s:29:4:29:Infinity":3},"fnNames":{}}}
,"/__w/ReactiveTraderCloudClone/ReactiveTraderCloudClone/packages/domain/src/usecases/CurrencyPairsUseCase.ts": {"path":"/__w/ReactiveTraderCloudClone/ReactiveTraderCloudClone/packages/domain/src/usecases/CurrencyPairsUseCase.ts","statementMap":{"0":{"start":{"line":7,"column":31},"end":{"line":7,"column":65}},"1":{"start":{"line":10,"column":4},"end":{"line":10,"column":null}}},"fnMap":{"0":{"name":"constructor","decl":{"start":{"line":7,"column":2},"end":{"line":7,"column":14}},"loc":{"start":{"line":7,"column":65},"end":{"line":7,"column":null}},"line":7},"1":{"name":"execute","decl":{"start":{"line":9,"column":2},"end":{"line":9,"column":49}},"loc":{"start":{"line":9,"column":49},"end":{"line":11,"column":null}},"line":9}},"branchMap":{},"s":{"0":1,"1":1},"f":{"0":1,"1":1},"b":{},"meta":{"lastBranch":0,"lastFunction":2,"lastStatement":2,"seen":{"f:7:2:7:14":0,"s:7:31:7:65":0,"f:9:2:9:49":1,"s:10:4:10:Infinity":1},"fnNames":{}}}
,"/__w/ReactiveTraderCloudClone/ReactiveTraderCloudClone/packages/domain/src/usecases/DealersUseCase.ts": {"path":"/__w/ReactiveTraderCloudClone/ReactiveTraderCloudClone/packages/domain/src/usecases/DealersUseCase.ts","statementMap":{"0":{"start":{"line":7,"column":31},"end":{"line":7,"column":52}},"1":{"start":{"line":10,"column":4},"end":{"line":10,"column":null}}},"fnMap":{"0":{"name":"constructor","decl":{"start":{"line":7,"column":2},"end":{"line":7,"column":14}},"loc":{"start":{"line":7,"column":52},"end":{"line":7,"column":null}},"line":7},"1":{"name":"execute","decl":{"start":{"line":9,"column":2},"end":{"line":9,"column":43}},"loc":{"start":{"line":9,"column":43},"end":{"line":11,"column":null}},"line":9}},"branchMap":{},"s":{"0":1,"1":1},"f":{"0":1,"1":1},"b":{},"meta":{"lastBranch":0,"lastFunction":2,"lastStatement":2,"seen":{"f:7:2:7:14":0,"s:7:31:7:52":0,"f:9:2:9:43":1,"s:10:4:10:Infinity":1},"fnNames":{}}}
,"/__w/ReactiveTraderCloudClone/ReactiveTraderCloudClone/packages/domain/src/usecases/ExecuteTradeUseCase.ts": {"path":"/__w/ReactiveTraderCloudClone/ReactiveTraderCloudClone/packages/domain/src/usecases/ExecuteTradeUseCase.ts","statementMap":{"0":{"start":{"line":28,"column":31},"end":{"line":28,"column":57}},"1":{"start":{"line":32,"column":6},"end":{"line":32,"column":null}},"2":{"start":{"line":34,"column":10},"end":{"line":37,"column":null}},"3":{"start":{"line":39,"column":38},"end":{"line":45,"column":null}},"4":{"start":{"line":46,"column":4},"end":{"line":56,"column":null}},"5":{"start":{"line":48,"column":8},"end":{"line":54,"column":null}}},"fnMap":{"0":{"name":"constructor","decl":{"start":{"line":28,"column":2},"end":{"line":28,"column":14}},"loc":{"start":{"line":28,"column":57},"end":{"line":28,"column":null}},"line":28},"1":{"name":"execute","decl":{"start":{"line":30,"column":2},"end":{"line":30,"column":10}},"loc":{"start":{"line":30,"column":68},"end":{"line":57,"column":null}},"line":30},"2":{"name":"(anonymous_2)","decl":{"start":{"line":47,"column":6},"end":{"line":47,"column":11}},"loc":{"start":{"line":47,"column":21},"end":{"line":55,"column":7}},"line":47}},"branchMap":{"0":{"loc":{"start":{"line":32,"column":6},"end":{"line":32,"column":null}},"type":"cond-expr","locations":[{"start":{"line":32,"column":42},"end":{"line":32,"column":60}},{"start":{"line":32,"column":60},"end":{"line":32,"column":null}}],"line":32},"1":{"loc":{"start":{"line":51,"column":12},"end":{"line":53,"column":null}},"type":"cond-expr","locations":[{"start":{"line":52,"column":16},"end":{"line":52,"column":null}},{"start":{"line":53,"column":16},"end":{"line":53,"column":null}}],"line":51}},"s":{"0":4,"1":4,"2":4,"3":4,"4":4,"5":3},"f":{"0":4,"1":4,"2":3},"b":{"0":[3,1],"1":[1,2]},"meta":{"lastBranch":2,"lastFunction":3,"lastStatement":6,"seen":{"f:28:2:28:14":0,"s:28:31:28:57":0,"f:30:2:30:10":1,"s:32:6:32:Infinity":1,"b:32:42:32:60:32:60:32:Infinity":0,"s:34:10:37:Infinity":2,"s:39:38:45:Infinity":3,"s:46:4:56:Infinity":4,"f:47:6:47:11":2,"s:48:8:54:Infinity":5,"b:52:16:52:Infinity:53:16:53:Infinity":1},"fnNames":{}}}
,"/__w/ReactiveTraderCloudClone/ReactiveTraderCloudClone/packages/domain/src/usecases/InstrumentsUseCase.ts": {"path":"/__w/ReactiveTraderCloudClone/ReactiveTraderCloudClone/packages/domain/src/usecases/InstrumentsUseCase.ts","statementMap":{"0":{"start":{"line":7,"column":31},"end":{"line":7,"column":60}},"1":{"start":{"line":10,"column":4},"end":{"line":10,"column":null}}},"fnMap":{"0":{"name":"constructor","decl":{"start":{"line":7,"column":2},"end":{"line":7,"column":14}},"loc":{"start":{"line":7,"column":60},"end":{"line":7,"column":null}},"line":7},"1":{"name":"execute","decl":{"start":{"line":9,"column":2},"end":{"line":9,"column":47}},"loc":{"start":{"line":9,"column":47},"end":{"line":11,"column":null}},"line":9}},"branchMap":{},"s":{"0":1,"1":1},"f":{"0":1,"1":1},"b":{},"meta":{"lastBranch":0,"lastFunction":2,"lastStatement":2,"seen":{"f:7:2:7:14":0,"s:7:31:7:60":0,"f:9:2:9:47":1,"s:10:4:10:Infinity":1},"fnNames":{}}}
,"/__w/ReactiveTraderCloudClone/ReactiveTraderCloudClone/packages/domain/src/usecases/PriceHistoryUseCase.ts": {"path":"/__w/ReactiveTraderCloudClone/ReactiveTraderCloudClone/packages/domain/src/usecases/PriceHistoryUseCase.ts","statementMap":{"0":{"start":{"line":9,"column":31},"end":{"line":9,"column":53}},"1":{"start":{"line":26,"column":4},"end":{"line":38,"column":null}},"2":{"start":{"line":27,"column":6},"end":{"line":37,"column":null}},"3":{"start":{"line":29,"column":10},"end":{"line":29,"column":null}},"4":{"start":{"line":31,"column":10},"end":{"line":33,"column":null}},"5":{"start":{"line":32,"column":12},"end":{"line":32,"column":null}},"6":{"start":{"line":35,"column":10},"end":{"line":35,"column":null}}},"fnMap":{"0":{"name":"constructor","decl":{"start":{"line":9,"column":2},"end":{"line":9,"column":14}},"loc":{"start":{"line":9,"column":53},"end":{"line":9,"column":null}},"line":9},"1":{"name":"execute","decl":{"start":{"line":22,"column":2},"end":{"line":22,"column":null}},"loc":{"start":{"line":25,"column":38},"end":{"line":39,"column":null}},"line":25},"2":{"name":"(anonymous_2)","decl":{"start":{"line":26,"column":11},"end":{"line":26,"column":23}},"loc":{"start":{"line":26,"column":23},"end":{"line":38,"column":5}},"line":26},"3":{"name":"(anonymous_3)","decl":{"start":{"line":28,"column":8},"end":{"line":28,"column":13}},"loc":{"start":{"line":28,"column":22},"end":{"line":36,"column":9}},"line":28}},"branchMap":{"0":{"loc":{"start":{"line":24,"column":4},"end":{"line":24,"column":null}},"type":"default-arg","locations":[{"start":{"line":24,"column":26},"end":{"line":24,"column":null}}],"line":24},"1":{"loc":{"start":{"line":31,"column":10},"end":{"line":33,"column":null}},"type":"if","locations":[{"start":{"line":31,"column":10},"end":{"line":33,"column":null}},{"start":{},"end":{}}],"line":31}},"s":{"0":2,"1":2,"2":2,"3":56,"4":56,"5":3,"6":56},"f":{"0":2,"1":2,"2":2,"3":56},"b":{"0":[2],"1":[3,53]},"meta":{"lastBranch":2,"lastFunction":4,"lastStatement":7,"seen":{"f:9:2:9:14":0,"s:9:31:9:53":0,"f:22:2:22:Infinity":1,"b:24:26:24:Infinity":0,"s:26:4:38:Infinity":1,"f:26:11:26:23":2,"s:27:6:37:Infinity":2,"f:28:8:28:13":3,"s:29:10:29:Infinity":3,"b:31:10:33:Infinity:undefined:undefined:undefined:undefined":1,"s:31:10:33:Infinity":4,"s:32:12:32:Infinity":5,"s:35:10:35:Infinity":6},"fnNames":{}}}
,"/__w/ReactiveTraderCloudClone/ReactiveTraderCloudClone/packages/domain/src/usecases/PriceStreamUseCase.ts": {"path":"/__w/ReactiveTraderCloudClone/ReactiveTraderCloudClone/packages/domain/src/usecases/PriceStreamUseCase.ts","statementMap":{"0":{"start":{"line":10,"column":31},"end":{"line":10,"column":53}},"1":{"start":{"line":13,"column":4},"end":{"line":31,"column":null}},"2":{"start":{"line":15,"column":6},"end":{"line":30,"column":null}},"3":{"start":{"line":17,"column":34},"end":{"line":26,"column":null}},"4":{"start":{"line":27,"column":10},"end":{"line":27,"column":null}},"5":{"start":{"line":28,"column":10},"end":{"line":28,"column":null}}},"fnMap":{"0":{"name":"constructor","decl":{"start":{"line":10,"column":2},"end":{"line":10,"column":14}},"loc":{"start":{"line":10,"column":53},"end":{"line":10,"column":null}},"line":10},"1":{"name":"execute","decl":{"start":{"line":12,"column":2},"end":{"line":12,"column":10}},"loc":{"start":{"line":12,"column":49},"end":{"line":32,"column":null}},"line":12},"2":{"name":"(anonymous_2)","decl":{"start":{"line":13,"column":11},"end":{"line":13,"column":23}},"loc":{"start":{"line":13,"column":23},"end":{"line":31,"column":5}},"line":13},"3":{"name":"(anonymous_3)","decl":{"start":{"line":16,"column":8},"end":{"line":16,"column":13}},"loc":{"start":{"line":16,"column":22},"end":{"line":29,"column":9}},"line":16}},"branchMap":{},"s":{"0":2,"1":3,"2":3,"3":5,"4":5,"5":5},"f":{"0":2,"1":3,"2":3,"3":5},"b":{},"meta":{"lastBranch":0,"lastFunction":4,"lastStatement":6,"seen":{"f:10:2:10:14":0,"s:10:31:10:53":0,"f:12:2:12:10":1,"s:13:4:31:Infinity":1,"f:13:11:13:23":2,"s:15:6:30:Infinity":2,"f:16:8:16:13":3,"s:17:34:26:Infinity":3,"s:27:10:27:Infinity":4,"s:28:10:28:Infinity":5},"fnNames":{}}}
,"/__w/ReactiveTraderCloudClone/ReactiveTraderCloudClone/packages/domain/src/usecases/RfqQuoteUseCase.ts": {"path":"/__w/ReactiveTraderCloudClone/ReactiveTraderCloudClone/packages/domain/src/usecases/RfqQuoteUseCase.ts","statementMap":{"0":{"start":{"line":6,"column":31},"end":{"line":6,"column":53}},"1":{"start":{"line":9,"column":4},"end":{"line":9,"column":null}}},"fnMap":{"0":{"name":"constructor","decl":{"start":{"line":6,"column":2},"end":{"line":6,"column":14}},"loc":{"start":{"line":6,"column":53},"end":{"line":6,"column":null}},"line":6},"1":{"name":"execute","decl":{"start":{"line":8,"column":2},"end":{"line":8,"column":10}},"loc":{"start":{"line":8,"column":76},"end":{"line":10,"column":null}},"line":8}},"branchMap":{},"s":{"0":1,"1":1},"f":{"0":1,"1":1},"b":{},"meta":{"lastBranch":0,"lastFunction":2,"lastStatement":2,"seen":{"f:6:2:6:14":0,"s:6:31:6:53":0,"f:8:2:8:10":1,"s:9:4:9:Infinity":1},"fnNames":{}}}
,"/__w/ReactiveTraderCloudClone/ReactiveTraderCloudClone/packages/domain/src/usecases/TradeBlotterUseCase.ts": {"path":"/__w/ReactiveTraderCloudClone/ReactiveTraderCloudClone/packages/domain/src/usecases/TradeBlotterUseCase.ts","statementMap":{"0":{"start":{"line":7,"column":31},"end":{"line":7,"column":53}},"1":{"start":{"line":10,"column":4},"end":{"line":10,"column":null}}},"fnMap":{"0":{"name":"constructor","decl":{"start":{"line":7,"column":2},"end":{"line":7,"column":14}},"loc":{"start":{"line":7,"column":53},"end":{"line":7,"column":null}},"line":7},"1":{"name":"execute","decl":{"start":{"line":9,"column":2},"end":{"line":9,"column":42}},"loc":{"start":{"line":9,"column":42},"end":{"line":11,"column":null}},"line":9}},"branchMap":{},"s":{"0":1,"1":1},"f":{"0":1,"1":1},"b":{},"meta":{"lastBranch":0,"lastFunction":2,"lastStatement":2,"seen":{"f:7:2:7:14":0,"s:7:31:7:53":0,"f:9:2:9:42":1,"s:10:4:10:Infinity":1},"fnNames":{}}}
,"/__w/ReactiveTraderCloudClone/ReactiveTraderCloudClone/packages/domain/src/usecases/WorkflowEventStreamUseCase.ts": {"path":"/__w/ReactiveTraderCloudClone/ReactiveTraderCloudClone/packages/domain/src/usecases/WorkflowEventStreamUseCase.ts","statementMap":{"0":{"start":{"line":14,"column":2},"end":{"line":14,"column":null}},"1":{"start":{"line":21,"column":2},"end":{"line":44,"column":null}},"2":{"start":{"line":23,"column":6},"end":{"line":23,"column":null}},"3":{"start":{"line":25,"column":6},"end":{"line":25,"column":null}},"4":{"start":{"line":29,"column":19},"end":{"line":29,"column":null}},"5":{"start":{"line":30,"column":6},"end":{"line":30,"column":null}},"6":{"start":{"line":31,"column":6},"end":{"line":31,"column":null}},"7":{"start":{"line":40,"column":19},"end":{"line":40,"column":null}},"8":{"start":{"line":41,"column":6},"end":{"line":41,"column":null}},"9":{"start":{"line":42,"column":6},"end":{"line":42,"column":null}},"10":{"start":{"line":48,"column":31},"end":{"line":48,"column":55}},"11":{"start":{"line":51,"column":4},"end":{"line":51,"column":null}}},"fnMap":{"0":{"name":"emptyState","decl":{"start":{"line":13,"column":9},"end":{"line":13,"column":38}},"loc":{"start":{"line":13,"column":38},"end":{"line":15,"column":null}},"line":13},"1":{"name":"reduceRfqEvent","decl":{"start":{"line":17,"column":16},"end":{"line":17,"column":null}},"loc":{"start":{"line":20,"column":18},"end":{"line":45,"column":null}},"line":20},"2":{"name":"constructor","decl":{"start":{"line":48,"column":2},"end":{"line":48,"column":14}},"loc":{"start":{"line":48,"column":55},"end":{"line":48,"column":null}},"line":48},"3":{"name":"execute","decl":{"start":{"line":50,"column":2},"end":{"line":50,"column":40}},"loc":{"start":{"line":50,"column":40},"end":{"line":52,"column":null}},"line":50}},"branchMap":{"0":{"loc":{"start":{"line":21,"column":2},"end":{"line":44,"column":null}},"type":"switch","locations":[{"start":{"line":22,"column":4},"end":{"line":23,"column":null}},{"start":{"line":24,"column":4},"end":{"line":25,"column":null}},{"start":{"line":26,"column":4},"end":{"line":26,"column":null}},{"start":{"line":28,"column":4},"end":{"line":32,"column":null}},{"start":{"line":34,"column":4},"end":{"line":34,"column":null}},{"start":{"line":35,"column":4},"end":{"line":35,"column":null}},{"start":{"line":36,"column":4},"end":{"line":36,"column":null}},{"start":{"line":37,"column":4},"end":{"line":37,"column":null}},{"start":{"line":39,"column":4},"end":{"line":43,"column":null}}],"line":21}},"s":{"0":4,"1":20,"2":3,"3":2,"4":4,"5":4,"6":4,"7":11,"8":11,"9":11,"10":1,"11":1},"f":{"0":4,"1":20,"2":1,"3":1},"b":{"0":[3,2,3,4,4,5,6,9,11]},"meta":{"lastBranch":1,"lastFunction":4,"lastStatement":12,"seen":{"f:13:9:13:38":0,"s:14:2:14:Infinity":0,"f:17:16:17:Infinity":1,"b:22:4:23:Infinity:24:4:25:Infinity:26:4:26:Infinity:28:4:32:Infinity:34:4:34:Infinity:35:4:35:Infinity:36:4:36:Infinity:37:4:37:Infinity:39:4:43:Infinity":0,"s:21:2:44:Infinity":1,"s:23:6:23:Infinity":2,"s:25:6:25:Infinity":3,"s:29:19:29:Infinity":4,"s:30:6:30:Infinity":5,"s:31:6:31:Infinity":6,"s:40:19:40:Infinity":7,"s:41:6:41:Infinity":8,"s:42:6:42:Infinity":9,"f:48:2:48:14":2,"s:48:31:48:55":10,"f:50:2:50:40":3,"s:51:4:51:Infinity":11},"fnNames":{}}}
,"/__w/ReactiveTraderCloudClone/ReactiveTraderCloudClone/packages/domain/src/usecases/index.ts": {"path":"/__w/ReactiveTraderCloudClone/ReactiveTraderCloudClone/packages/domain/src/usecases/index.ts","statementMap":{},"fnMap":{},"branchMap":{},"s":{},"f":{},"b":{},"meta":{"lastBranch":0,"lastFunction":0,"lastStatement":0,"seen":{},"fnNames":{}}}
}
