{"/__w/ReactiveTraderCloudClone/ReactiveTraderCloudClone/packages/server/src/auth/AuthService.ts": {"path":"/__w/ReactiveTraderCloudClone/ReactiveTraderCloudClone/packages/server/src/auth/AuthService.ts","statementMap":{"0":{"start":{"line":11,"column":26},"end":{"line":11,"column":null}},"1":{"start":{"line":12,"column":20},"end":{"line":12,"column":null}},"2":{"start":{"line":32,"column":2},"end":{"line":32,"column":null}},"3":{"start":{"line":45,"column":4},"end":{"line":47,"column":null}},"4":{"start":{"line":46,"column":6},"end":{"line":46,"column":null}},"5":{"start":{"line":49,"column":4},"end":{"line":49,"column":null}},"6":{"start":{"line":50,"column":4},"end":{"line":50,"column":null}},"7":{"start":{"line":51,"column":4},"end":{"line":55,"column":null}},"8":{"start":{"line":54,"column":8},"end":{"line":54,"column":null}},"9":{"start":{"line":56,"column":4},"end":{"line":56,"column":null}},"10":{"start":{"line":58,"column":4},"end":{"line":62,"column":null}},"11":{"start":{"line":59,"column":12},"end":{"line":59,"column":null}},"12":{"start":{"line":60,"column":21},"end":{"line":60,"column":null}},"13":{"start":{"line":61,"column":6},"end":{"line":61,"column":null}},"14":{"start":{"line":66,"column":19},"end":{"line":66,"column":null}},"15":{"start":{"line":68,"column":4},"end":{"line":70,"column":null}},"16":{"start":{"line":69,"column":6},"end":{"line":69,"column":null}},"17":{"start":{"line":72,"column":22},"end":{"line":72,"column":null}},"18":{"start":{"line":74,"column":4},"end":{"line":79,"column":null}},"19":{"start":{"line":78,"column":6},"end":{"line":78,"column":null}},"20":{"start":{"line":81,"column":10},"end":{"line":81,"column":null}},"21":{"start":{"line":83,"column":4},"end":{"line":85,"column":null}},"22":{"start":{"line":84,"column":6},"end":{"line":84,"column":null}},"23":{"start":{"line":87,"column":4},"end":{"line":90,"column":null}},"24":{"start":{"line":94,"column":4},"end":{"line":94,"column":null}}},"fnMap":{"0":{"name":"hashPassword","decl":{"start":{"line":31,"column":9},"end":{"line":31,"column":22}},"loc":{"start":{"line":31,"column":62},"end":{"line":33,"column":null}},"line":31},"1":{"name":"constructor","decl":{"start":{"line":44,"column":2},"end":{"line":44,"column":14}},"loc":{"start":{"line":44,"column":40},"end":{"line":63,"column":null}},"line":44},"2":{"name":"(anonymous_2)","decl":{"start":{"line":52,"column":11},"end":{"line":52,"column":null}},"loc":{"start":{"line":53,"column":21},"end":{"line":55,"column":null}},"line":53},"3":{"name":"login","decl":{"start":{"line":65,"column":2},"end":{"line":65,"column":8}},"loc":{"start":{"line":65,"column":64},"end":{"line":91,"column":null}},"line":65},"4":{"name":"verifyToken","decl":{"start":{"line":93,"column":2},"end":{"line":93,"column":14}},"loc":{"start":{"line":93,"column":51},"end":{"line":95,"column":null}},"line":93}},"branchMap":{"0":{"loc":{"start":{"line":45,"column":4},"end":{"line":47,"column":null}},"type":"if","locations":[{"start":{"line":45,"column":4},"end":{"line":47,"column":null}},{"start":{},"end":{}}],"line":45},"1":{"loc":{"start":{"line":45,"column":8},"end":{"line":45,"column":51}},"type":"binary-expr","locations":[{"start":{"line":45,"column":8},"end":{"line":45,"column":37}},{"start":{"line":45,"column":37},"end":{"line":45,"column":51}}],"line":45},"2":{"loc":{"start":{"line":52,"column":6},"end":{"line":55,"column":null}},"type":"binary-expr","locations":[{"start":{"line":52,"column":6},"end":{"line":52,"column":null}},{"start":{"line":52,"column":11},"end":{"line":55,"column":null}}],"line":52},"3":{"loc":{"start":{"line":68,"column":4},"end":{"line":70,"column":null}},"type":"if","locations":[{"start":{"line":68,"column":4},"end":{"line":70,"column":null}},{"start":{},"end":{}}],"line":68},"4":{"loc":{"start":{"line":74,"column":4},"end":{"line":79,"column":null}},"type":"if","locations":[{"start":{"line":74,"column":4},"end":{"line":79,"column":null}},{"start":{},"end":{}}],"line":74},"5":{"loc":{"start":{"line":75,"column":6},"end":{"line":76,"column":null}},"type":"binary-expr","locations":[{"start":{"line":75,"column":6},"end":{"line":75,"column":null}},{"start":{"line":76,"column":6},"end":{"line":76,"column":null}}],"line":75},"6":{"loc":{"start":{"line":83,"column":4},"end":{"line":85,"column":null}},"type":"if","locations":[{"start":{"line":83,"column":4},"end":{"line":85,"column":null}},{"start":{},"end":{}}],"line":83}},"s":{"0":2,"1":2,"2":19,"3":12,"4":1,"5":11,"6":11,"7":11,"8":0,"9":12,"10":12,"11":12,"12":12,"13":12,"14":8,"15":8,"16":1,"17":7,"18":7,"19":2,"20":5,"21":5,"22":0,"23":5,"24":5},"f":{"0":19,"1":12,"2":0,"3":8,"4":5},"b":{"0":[1,11],"1":[12,12],"2":[11,0],"3":[1,7],"4":[2,5],"5":[7,7],"6":[0,5]},"meta":{"lastBranch":7,"lastFunction":5,"lastStatement":25,"seen":{"s:11:26:11:Infinity":0,"s:12:20:12:Infinity":1,"f:31:9:31:22":0,"s:32:2:32:Infinity":2,"f:44:2:44:14":1,"b:45:4:47:Infinity:undefined:undefined:undefined:undefined":0,"s:45:4:47:Infinity":3,"b:45:8:45:37:45:37:45:51":1,"s:46:6:46:Infinity":4,"s:49:4:49:Infinity":5,"s:50:4:50:Infinity":6,"s:51:4:55:Infinity":7,"b:52:6:52:Infinity:52:11:55:Infinity":2,"f:52:11:52:Infinity":2,"s:54:8:54:Infinity":8,"s:56:4:56:Infinity":9,"s:58:4:62:Infinity":10,"s:59:12:59:Infinity":11,"s:60:21:60:Infinity":12,"s:61:6:61:Infinity":13,"f:65:2:65:8":3,"s:66:19:66:Infinity":14,"b:68:4:70:Infinity:undefined:undefined:undefined:undefined":3,"s:68:4:70:Infinity":15,"s:69:6:69:Infinity":16,"s:72:22:72:Infinity":17,"b:74:4:79:Infinity:undefined:undefined:undefined:undefined":4,"s:74:4:79:Infinity":18,"b:75:6:75:Infinity:76:6:76:Infinity":5,"s:78:6:78:Infinity":19,"s:81:10:81:Infinity":20,"b:83:4:85:Infinity:undefined:undefined:undefined:undefined":6,"s:83:4:85:Infinity":21,"s:84:6:84:Infinity":22,"s:87:4:90:Infinity":23,"f:93:2:93:14":4,"s:94:4:94:Infinity":24},"fnNames":{}}}
,"/__w/ReactiveTraderCloudClone/ReactiveTraderCloudClone/packages/server/src/auth/loadUsers.ts": {"path":"/__w/ReactiveTraderCloudClone/ReactiveTraderCloudClone/packages/server/src/auth/loadUsers.ts","statementMap":{"0":{"start":{"line":6,"column":22},"end":{"line":6,"column":null}},"1":{"start":{"line":8,"column":2},"end":{"line":10,"column":null}},"2":{"start":{"line":9,"column":4},"end":{"line":9,"column":null}},"3":{"start":{"line":12,"column":2},"end":{"line":33,"column":null}},"4":{"start":{"line":13,"column":25},"end":{"line":13,"column":null}},"5":{"start":{"line":15,"column":4},"end":{"line":17,"column":null}},"6":{"start":{"line":16,"column":6},"end":{"line":16,"column":null}},"7":{"start":{"line":19,"column":27},"end":{"line":19,"column":null}},"8":{"start":{"line":21,"column":4},"end":{"line":23,"column":null}},"9":{"start":{"line":22,"column":6},"end":{"line":22,"column":null}},"10":{"start":{"line":25,"column":21},"end":{"line":25,"column":null}},"11":{"start":{"line":26,"column":21},"end":{"line":26,"column":null}},"12":{"start":{"line":28,"column":4},"end":{"line":30,"column":null}},"13":{"start":{"line":29,"column":6},"end":{"line":29,"column":null}},"14":{"start":{"line":32,"column":4},"end":{"line":32,"column":null}},"15":{"start":{"line":35,"column":2},"end":{"line":35,"column":null}}},"fnMap":{"0":{"name":"parseAuthUsers","decl":{"start":{"line":5,"column":16},"end":{"line":5,"column":31}},"loc":{"start":{"line":5,"column":77},"end":{"line":36,"column":null}},"line":5}},"branchMap":{"0":{"loc":{"start":{"line":8,"column":2},"end":{"line":10,"column":null}},"type":"if","locations":[{"start":{"line":8,"column":2},"end":{"line":10,"column":null}},{"start":{},"end":{}}],"line":8},"1":{"loc":{"start":{"line":15,"column":4},"end":{"line":17,"column":null}},"type":"if","locations":[{"start":{"line":15,"column":4},"end":{"line":17,"column":null}},{"start":{},"end":{}}],"line":15},"2":{"loc":{"start":{"line":21,"column":4},"end":{"line":23,"column":null}},"type":"if","locations":[{"start":{"line":21,"column":4},"end":{"line":23,"column":null}},{"start":{},"end":{}}],"line":21},"3":{"loc":{"start":{"line":28,"column":4},"end":{"line":30,"column":null}},"type":"if","locations":[{"start":{"line":28,"column":4},"end":{"line":30,"column":null}},{"start":{},"end":{}}],"line":28},"4":{"loc":{"start":{"line":28,"column":8},"end":{"line":28,"column":32}},"type":"binary-expr","locations":[{"start":{"line":28,"column":8},"end":{"line":28,"column":21}},{"start":{"line":28,"column":21},"end":{"line":28,"column":32}}],"line":28}},"s":{"0":13,"1":13,"2":0,"3":13,"4":16,"5":16,"6":1,"7":15,"8":15,"9":0,"10":15,"11":15,"12":15,"13":0,"14":15,"15":13},"f":{"0":13},"b":{"0":[0,13],"1":[1,15],"2":[0,15],"3":[0,15],"4":[15,15]},"meta":{"lastBranch":5,"lastFunction":1,"lastStatement":16,"seen":{"f:5:16:5:31":0,"s:6:22:6:Infinity":0,"b:8:2:10:Infinity:undefined:undefined:undefined:undefined":0,"s:8:2:10:Infinity":1,"s:9:4:9:Infinity":2,"s:12:2:33:Infinity":3,"s:13:25:13:Infinity":4,"b:15:4:17:Infinity:undefined:undefined:undefined:undefined":1,"s:15:4:17:Infinity":5,"s:16:6:16:Infinity":6,"s:19:27:19:Infinity":7,"b:21:4:23:Infinity:undefined:undefined:undefined:undefined":2,"s:21:4:23:Infinity":8,"s:22:6:22:Infinity":9,"s:25:21:25:Infinity":10,"s:26:21:26:Infinity":11,"b:28:4:30:Infinity:undefined:undefined:undefined:undefined":3,"s:28:4:30:Infinity":12,"b:28:8:28:21:28:21:28:32":4,"s:29:6:29:Infinity":13,"s:32:4:32:Infinity":14,"s:35:2:35:Infinity":15},"fnNames":{}}}
,"/__w/ReactiveTraderCloudClone/ReactiveTraderCloudClone/packages/server/src/auth/rateLimit.ts": {"path":"/__w/ReactiveTraderCloudClone/ReactiveTraderCloudClone/packages/server/src/auth/rateLimit.ts","statementMap":{"0":{"start":{"line":14,"column":18},"end":{"line":14,"column":null}},"1":{"start":{"line":16,"column":2},"end":{"line":35,"column":null}},"2":{"start":{"line":18,"column":20},"end":{"line":18,"column":null}},"3":{"start":{"line":21,"column":6},"end":{"line":24,"column":null}},"4":{"start":{"line":22,"column":8},"end":{"line":22,"column":null}},"5":{"start":{"line":23,"column":8},"end":{"line":23,"column":null}},"6":{"start":{"line":27,"column":6},"end":{"line":30,"column":null}},"7":{"start":{"line":28,"column":8},"end":{"line":28,"column":null}},"8":{"start":{"line":29,"column":8},"end":{"line":29,"column":null}},"9":{"start":{"line":33,"column":6},"end":{"line":33,"column":null}}},"fnMap":{"0":{"name":"createRateLimiter","decl":{"start":{"line":10,"column":16},"end":{"line":10,"column":null}},"loc":{"start":{"line":13,"column":15},"end":{"line":36,"column":null}},"line":13},"1":{"name":"hit","decl":{"start":{"line":17,"column":4},"end":{"line":17,"column":8}},"loc":{"start":{"line":17,"column":43},"end":{"line":34,"column":null}},"line":17}},"branchMap":{"0":{"loc":{"start":{"line":21,"column":6},"end":{"line":24,"column":null}},"type":"if","locations":[{"start":{"line":21,"column":6},"end":{"line":24,"column":null}},{"start":{},"end":{}}],"line":21},"1":{"loc":{"start":{"line":21,"column":10},"end":{"line":21,"column":70}},"type":"binary-expr","locations":[{"start":{"line":21,"column":10},"end":{"line":21,"column":33}},{"start":{"line":21,"column":33},"end":{"line":21,"column":70}}],"line":21},"2":{"loc":{"start":{"line":27,"column":6},"end":{"line":30,"column":null}},"type":"if","locations":[{"start":{"line":27,"column":6},"end":{"line":30,"column":null}},{"start":{},"end":{}}],"line":27}},"s":{"0":8,"1":8,"2":15,"3":15,"4":10,"5":10,"6":5,"7":2,"8":2,"9":3},"f":{"0":8,"1":15},"b":{"0":[10,5],"1":[15,6],"2":[2,3]},"meta":{"lastBranch":3,"lastFunction":2,"lastStatement":10,"seen":{"f:10:16:10:Infinity":0,"s:14:18:14:Infinity":0,"s:16:2:35:Infinity":1,"f:17:4:17:8":1,"s:18:20:18:Infinity":2,"b:21:6:24:Infinity:undefined:undefined:undefined:undefined":0,"s:21:6:24:Infinity":3,"b:21:10:21:33:21:33:21:70":1,"s:22:8:22:Infinity":4,"s:23:8:23:Infinity":5,"b:27:6:30:Infinity:undefined:undefined:undefined:undefined":2,"s:27:6:30:Infinity":6,"s:28:8:28:Infinity":7,"s:29:8:29:Infinity":8,"s:33:6:33:Infinity":9},"fnNames":{}}}
,"/__w/ReactiveTraderCloudClone/ReactiveTraderCloudClone/packages/server/src/auth/token.ts": {"path":"/__w/ReactiveTraderCloudClone/ReactiveTraderCloudClone/packages/server/src/auth/token.ts","statementMap":{"0":{"start":{"line":13,"column":2},"end":{"line":13,"column":null}},"1":{"start":{"line":22,"column":27},"end":{"line":22,"column":null}},"2":{"start":{"line":23,"column":18},"end":{"line":23,"column":null}},"3":{"start":{"line":24,"column":2},"end":{"line":24,"column":null}},"4":{"start":{"line":32,"column":14},"end":{"line":32,"column":null}},"5":{"start":{"line":34,"column":2},"end":{"line":36,"column":null}},"6":{"start":{"line":35,"column":4},"end":{"line":35,"column":null}},"7":{"start":{"line":38,"column":18},"end":{"line":38,"column":null}},"8":{"start":{"line":39,"column":22},"end":{"line":39,"column":null}},"9":{"start":{"line":40,"column":22},"end":{"line":40,"column":null}},"10":{"start":{"line":41,"column":12},"end":{"line":41,"column":null}},"11":{"start":{"line":42,"column":12},"end":{"line":42,"column":null}},"12":{"start":{"line":44,"column":2},"end":{"line":46,"column":null}},"13":{"start":{"line":45,"column":4},"end":{"line":45,"column":null}},"14":{"start":{"line":48,"column":2},"end":{"line":60,"column":null}},"15":{"start":{"line":49,"column":20},"end":{"line":51,"column":null}},"16":{"start":{"line":53,"column":4},"end":{"line":55,"column":null}},"17":{"start":{"line":54,"column":6},"end":{"line":54,"column":null}},"18":{"start":{"line":57,"column":4},"end":{"line":57,"column":null}},"19":{"start":{"line":59,"column":4},"end":{"line":59,"column":null}}},"fnMap":{"0":{"name":"sign","decl":{"start":{"line":12,"column":9},"end":{"line":12,"column":14}},"loc":{"start":{"line":12,"column":55},"end":{"line":14,"column":null}},"line":12},"1":{"name":"signToken","decl":{"start":{"line":16,"column":16},"end":{"line":16,"column":null}},"loc":{"start":{"line":21,"column":10},"end":{"line":25,"column":null}},"line":21},"2":{"name":"verifyToken","decl":{"start":{"line":27,"column":16},"end":{"line":27,"column":null}},"loc":{"start":{"line":31,"column":24},"end":{"line":61,"column":null}},"line":31}},"branchMap":{"0":{"loc":{"start":{"line":34,"column":2},"end":{"line":36,"column":null}},"type":"if","locations":[{"start":{"line":34,"column":2},"end":{"line":36,"column":null}},{"start":{},"end":{}}],"line":34},"1":{"loc":{"start":{"line":44,"column":2},"end":{"line":46,"column":null}},"type":"if","locations":[{"start":{"line":44,"column":2},"end":{"line":46,"column":null}},{"start":{},"end":{}}],"line":44},"2":{"loc":{"start":{"line":44,"column":6},"end":{"line":44,"column":55}},"type":"binary-expr","locations":[{"start":{"line":44,"column":6},"end":{"line":44,"column":31}},{"start":{"line":44,"column":31},"end":{"line":44,"column":55}}],"line":44},"3":{"loc":{"start":{"line":53,"column":4},"end":{"line":55,"column":null}},"type":"if","locations":[{"start":{"line":53,"column":4},"end":{"line":55,"column":null}},{"start":{},"end":{}}],"line":53},"4":{"loc":{"start":{"line":53,"column":8},"end":{"line":53,"column":74}},"type":"binary-expr","locations":[{"start":{"line":53,"column":8},"end":{"line":53,"column":41}},{"start":{"line":53,"column":41},"end":{"line":53,"column":74}}],"line":53},"5":{"loc":{"start":{"line":57,"column":11},"end":{"line":57,"column":null}},"type":"cond-expr","locations":[{"start":{"line":57,"column":31},"end":{"line":57,"column":57}},{"start":{"line":57,"column":57},"end":{"line":57,"column":null}}],"line":57}},"s":{"0":16,"1":9,"2":9,"3":9,"4":9,"5":9,"6":2,"7":7,"8":7,"9":7,"10":7,"11":7,"12":7,"13":2,"14":5,"15":5,"16":5,"17":0,"18":5,"19":0},"f":{"0":16,"1":9,"2":9},"b":{"0":[2,7],"1":[2,5],"2":[7,7],"3":[0,5],"4":[5,5],"5":[4,1]},"meta":{"lastBranch":6,"lastFunction":3,"lastStatement":20,"seen":{"f:12:9:12:14":0,"s:13:2:13:Infinity":0,"f:16:16:16:Infinity":1,"s:22:27:22:Infinity":1,"s:23:18:23:Infinity":2,"s:24:2:24:Infinity":3,"f:27:16:27:Infinity":2,"s:32:14:32:Infinity":4,"b:34:2:36:Infinity:undefined:undefined:undefined:undefined":0,"s:34:2:36:Infinity":5,"s:35:4:35:Infinity":6,"s:38:18:38:Infinity":7,"s:39:22:39:Infinity":8,"s:40:22:40:Infinity":9,"s:41:12:41:Infinity":10,"s:42:12:42:Infinity":11,"b:44:2:46:Infinity:undefined:undefined:undefined:undefined":1,"s:44:2:46:Infinity":12,"b:44:6:44:31:44:31:44:55":2,"s:45:4:45:Infinity":13,"s:48:2:60:Infinity":14,"s:49:20:51:Infinity":15,"b:53:4:55:Infinity:undefined:undefined:undefined:undefined":3,"s:53:4:55:Infinity":16,"b:53:8:53:41:53:41:53:74":4,"s:54:6:54:Infinity":17,"s:57:4:57:Infinity":18,"b:57:31:57:57:57:57:57:Infinity":5,"s:59:4:59:Infinity":19},"fnNames":{}}}
,"/__w/ReactiveTraderCloudClone/ReactiveTraderCloudClone/packages/server/src/effects/admin.effects.ts": {"path":"/__w/ReactiveTraderCloudClone/ReactiveTraderCloudClone/packages/server/src/effects/admin.effects.ts","statementMap":{"0":{"start":{"line":10,"column":6},"end":{"line":16,"column":null}},"1":{"start":{"line":14,"column":4},"end":{"line":14,"column":null}},"2":{"start":{"line":18,"column":6},"end":{"line":26,"column":null}},"3":{"start":{"line":22,"column":22},"end":{"line":22,"column":null}},"4":{"start":{"line":23,"column":4},"end":{"line":23,"column":null}},"5":{"start":{"line":24,"column":4},"end":{"line":24,"column":null}},"6":{"start":{"line":28,"column":45},"end":{"line":28,"column":null}}},"fnMap":{"0":{"name":"(anonymous_0)","decl":{"start":{"line":12,"column":13},"end":{"line":12,"column":null}},"loc":{"start":{"line":13,"column":21},"end":{"line":15,"column":null}},"line":13},"1":{"name":"(anonymous_1)","decl":{"start":{"line":20,"column":13},"end":{"line":20,"column":null}},"loc":{"start":{"line":21,"column":20},"end":{"line":25,"column":null}},"line":21}},"branchMap":{},"s":{"0":2,"1":2,"2":2,"3":1,"4":1,"5":1,"6":2},"f":{"0":2,"1":1},"b":{},"meta":{"lastBranch":0,"lastFunction":2,"lastStatement":7,"seen":{"s:10:6:16:Infinity":0,"f:12:13:12:Infinity":0,"s:14:4:14:Infinity":1,"s:18:6:26:Infinity":2,"f:20:13:20:Infinity":1,"s:22:22:22:Infinity":3,"s:23:4:23:Infinity":4,"s:24:4:24:Infinity":5,"s:28:45:28:Infinity":6},"fnNames":{}}}
,"/__w/ReactiveTraderCloudClone/ReactiveTraderCloudClone/packages/server/src/effects/context.ts": {"path":"/__w/ReactiveTraderCloudClone/ReactiveTraderCloudClone/packages/server/src/effects/context.ts","statementMap":{},"fnMap":{},"branchMap":{},"s":{},"f":{},"b":{},"meta":{"lastBranch":0,"lastFunction":0,"lastStatement":0,"seen":{},"fnNames":{}}}
,"/__w/ReactiveTraderCloudClone/ReactiveTraderCloudClone/packages/server/src/effects/credit.effects.ts": {"path":"/__w/ReactiveTraderCloudClone/ReactiveTraderCloudClone/packages/server/src/effects/credit.effects.ts","statementMap":{"0":{"start":{"line":28,"column":2},"end":{"line":60,"column":null}},"1":{"start":{"line":31,"column":6},"end":{"line":31,"column":null}},"2":{"start":{"line":34,"column":6},"end":{"line":45,"column":null}},"3":{"start":{"line":51,"column":6},"end":{"line":59,"column":null}},"4":{"start":{"line":65,"column":6},"end":{"line":111,"column":null}},"5":{"start":{"line":68,"column":18},"end":{"line":68,"column":null}},"6":{"start":{"line":69,"column":10},"end":{"line":73,"column":null}},"7":{"start":{"line":75,"column":42},"end":{"line":108,"column":null}},"8":{"start":{"line":77,"column":22},"end":{"line":92,"column":null}},"9":{"start":{"line":78,"column":37},"end":{"line":87,"column":null}},"10":{"start":{"line":88,"column":10},"end":{"line":91,"column":null}},"11":{"start":{"line":94,"column":23},"end":{"line":101,"column":null}},"12":{"start":{"line":102,"column":8},"end":{"line":102,"column":null}},"13":{"start":{"line":103,"column":8},"end":{"line":103,"column":null}},"14":{"start":{"line":106,"column":8},"end":{"line":106,"column":null}},"15":{"start":{"line":109,"column":4},"end":{"line":109,"column":null}},"16":{"start":{"line":114,"column":6},"end":{"line":151,"column":null}},"17":{"start":{"line":117,"column":18},"end":{"line":117,"column":null}},"18":{"start":{"line":118,"column":10},"end":{"line":122,"column":null}},"19":{"start":{"line":124,"column":42},"end":{"line":148,"column":null}},"20":{"start":{"line":126,"column":22},"end":{"line":132,"column":null}},"21":{"start":{"line":127,"column":33},"end":{"line":127,"column":null}},"22":{"start":{"line":128,"column":10},"end":{"line":131,"column":null}},"23":{"start":{"line":134,"column":23},"end":{"line":141,"column":null}},"24":{"start":{"line":142,"column":8},"end":{"line":142,"column":null}},"25":{"start":{"line":143,"column":8},"end":{"line":143,"column":null}},"26":{"start":{"line":146,"column":8},"end":{"line":146,"column":null}},"27":{"start":{"line":149,"column":4},"end":{"line":149,"column":null}},"28":{"start":{"line":154,"column":6},"end":{"line":163,"column":null}},"29":{"start":{"line":157,"column":4},"end":{"line":161,"column":null}},"30":{"start":{"line":159,"column":8},"end":{"line":159,"column":null}},"31":{"start":{"line":166,"column":6},"end":{"line":179,"column":null}},"32":{"start":{"line":170,"column":16},"end":{"line":170,"column":null}},"33":{"start":{"line":171,"column":4},"end":{"line":177,"column":null}},"34":{"start":{"line":182,"column":6},"end":{"line":189,"column":null}},"35":{"start":{"line":186,"column":22},"end":{"line":186,"column":null}},"36":{"start":{"line":187,"column":4},"end":{"line":187,"column":null}},"37":{"start":{"line":192,"column":6},"end":{"line":199,"column":null}},"38":{"start":{"line":196,"column":16},"end":{"line":196,"column":null}},"39":{"start":{"line":197,"column":4},"end":{"line":197,"column":null}},"40":{"start":{"line":202,"column":6},"end":{"line":209,"column":null}},"41":{"start":{"line":206,"column":24},"end":{"line":206,"column":null}},"42":{"start":{"line":207,"column":4},"end":{"line":207,"column":null}},"43":{"start":{"line":212,"column":6},"end":{"line":219,"column":null}},"44":{"start":{"line":216,"column":24},"end":{"line":216,"column":null}},"45":{"start":{"line":217,"column":4},"end":{"line":217,"column":null}},"46":{"start":{"line":221,"column":46},"end":{"line":230,"column":null}}},"fnMap":{"0":{"name":"transformWorkflowEvent","decl":{"start":{"line":27,"column":9},"end":{"line":27,"column":32}},"loc":{"start":{"line":27,"column":67},"end":{"line":61,"column":null}},"line":27},"1":{"name":"(anonymous_1)","decl":{"start":{"line":66,"column":13},"end":{"line":66,"column":null}},"loc":{"start":{"line":67,"column":21},"end":{"line":110,"column":null}},"line":67},"2":{"name":"(anonymous_2)","decl":{"start":{"line":76,"column":6},"end":{"line":76,"column":11}},"loc":{"start":{"line":76,"column":62},"end":{"line":104,"column":7}},"line":76},"3":{"name":"(anonymous_3)","decl":{"start":{"line":77,"column":34},"end":{"line":77,"column":39}},"loc":{"start":{"line":77,"column":58},"end":{"line":92,"column":9}},"line":77},"4":{"name":"(anonymous_4)","decl":{"start":{"line":105,"column":6},"end":{"line":105,"column":16}},"loc":{"start":{"line":105,"column":39},"end":{"line":107,"column":7}},"line":105},"5":{"name":"(anonymous_5)","decl":{"start":{"line":115,"column":13},"end":{"line":115,"column":null}},"loc":{"start":{"line":116,"column":21},"end":{"line":150,"column":null}},"line":116},"6":{"name":"(anonymous_6)","decl":{"start":{"line":125,"column":6},"end":{"line":125,"column":11}},"loc":{"start":{"line":125,"column":54},"end":{"line":144,"column":7}},"line":125},"7":{"name":"(anonymous_7)","decl":{"start":{"line":126,"column":30},"end":{"line":126,"column":35}},"loc":{"start":{"line":126,"column":56},"end":{"line":132,"column":9}},"line":126},"8":{"name":"(anonymous_8)","decl":{"start":{"line":145,"column":6},"end":{"line":145,"column":16}},"loc":{"start":{"line":145,"column":39},"end":{"line":147,"column":7}},"line":145},"9":{"name":"(anonymous_9)","decl":{"start":{"line":155,"column":13},"end":{"line":155,"column":null}},"loc":{"start":{"line":156,"column":21},"end":{"line":162,"column":null}},"line":156},"10":{"name":"(anonymous_10)","decl":{"start":{"line":158,"column":6},"end":{"line":158,"column":11}},"loc":{"start":{"line":158,"column":41},"end":{"line":160,"column":7}},"line":158},"11":{"name":"(anonymous_11)","decl":{"start":{"line":168,"column":13},"end":{"line":168,"column":null}},"loc":{"start":{"line":169,"column":40},"end":{"line":178,"column":null}},"line":169},"12":{"name":"(anonymous_12)","decl":{"start":{"line":184,"column":13},"end":{"line":184,"column":null}},"loc":{"start":{"line":185,"column":38},"end":{"line":188,"column":null}},"line":185},"13":{"name":"(anonymous_13)","decl":{"start":{"line":194,"column":13},"end":{"line":194,"column":null}},"loc":{"start":{"line":195,"column":38},"end":{"line":198,"column":null}},"line":195},"14":{"name":"(anonymous_14)","decl":{"start":{"line":204,"column":13},"end":{"line":204,"column":null}},"loc":{"start":{"line":205,"column":38},"end":{"line":208,"column":null}},"line":205},"15":{"name":"(anonymous_15)","decl":{"start":{"line":214,"column":13},"end":{"line":214,"column":null}},"loc":{"start":{"line":215,"column":38},"end":{"line":218,"column":null}},"line":215}},"branchMap":{"0":{"loc":{"start":{"line":28,"column":2},"end":{"line":60,"column":null}},"type":"switch","locations":[{"start":{"line":29,"column":4},"end":{"line":29,"column":null}},{"start":{"line":30,"column":4},"end":{"line":31,"column":null}},{"start":{"line":32,"column":4},"end":{"line":32,"column":null}},{"start":{"line":33,"column":4},"end":{"line":45,"column":null}},{"start":{"line":46,"column":4},"end":{"line":46,"column":null}},{"start":{"line":47,"column":4},"end":{"line":47,"column":null}},{"start":{"line":48,"column":4},"end":{"line":48,"column":null}},{"start":{"line":49,"column":4},"end":{"line":49,"column":null}},{"start":{"line":50,"column":4},"end":{"line":59,"column":null}}],"line":28},"1":{"loc":{"start":{"line":94,"column":23},"end":{"line":101,"column":null}},"type":"cond-expr","locations":[{"start":{"line":95,"column":12},"end":{"line":100,"column":null}},{"start":{"line":101,"column":12},"end":{"line":101,"column":null}}],"line":94},"2":{"loc":{"start":{"line":134,"column":23},"end":{"line":141,"column":null}},"type":"cond-expr","locations":[{"start":{"line":135,"column":12},"end":{"line":140,"column":null}},{"start":{"line":141,"column":12},"end":{"line":141,"column":null}}],"line":134}},"s":{"0":2,"1":0,"2":1,"3":1,"4":2,"5":3,"6":3,"7":3,"8":4,"9":3,"10":3,"11":4,"12":4,"13":4,"14":4,"15":3,"16":2,"17":1,"18":1,"19":1,"20":1,"21":1,"22":1,"23":1,"24":1,"25":1,"26":1,"27":1,"28":2,"29":2,"30":2,"31":2,"32":1,"33":1,"34":2,"35":1,"36":1,"37":2,"38":1,"39":1,"40":2,"41":1,"42":1,"43":2,"44":1,"45":1,"46":2},"f":{"0":2,"1":3,"2":4,"3":3,"4":4,"5":1,"6":1,"7":1,"8":1,"9":2,"10":2,"11":1,"12":1,"13":1,"14":1,"15":1},"b":{"0":[0,0,1,1,0,1,1,1,1],"1":[3,1],"2":[1,0]},"meta":{"lastBranch":3,"lastFunction":16,"lastStatement":47,"seen":{"f:27:9:27:32":0,"b:29:4:29:Infinity:30:4:31:Infinity:32:4:32:Infinity:33:4:45:Infinity:46:4:46:Infinity:47:4:47:Infinity:48:4:48:Infinity:49:4:49:Infinity:50:4:59:Infinity":0,"s:28:2:60:Infinity":0,"s:31:6:31:Infinity":1,"s:34:6:45:Infinity":2,"s:51:6:59:Infinity":3,"s:65:6:111:Infinity":4,"f:66:13:66:Infinity":1,"s:68:18:68:Infinity":5,"s:69:10:73:Infinity":6,"s:75:42:108:Infinity":7,"f:76:6:76:11":2,"s:77:22:92:Infinity":8,"f:77:34:77:39":3,"s:78:37:87:Infinity":9,"s:88:10:91:Infinity":10,"s:94:23:101:Infinity":11,"b:95:12:100:Infinity:101:12:101:Infinity":1,"s:102:8:102:Infinity":12,"s:103:8:103:Infinity":13,"f:105:6:105:16":4,"s:106:8:106:Infinity":14,"s:109:4:109:Infinity":15,"s:114:6:151:Infinity":16,"f:115:13:115:Infinity":5,"s:117:18:117:Infinity":17,"s:118:10:122:Infinity":18,"s:124:42:148:Infinity":19,"f:125:6:125:11":6,"s:126:22:132:Infinity":20,"f:126:30:126:35":7,"s:127:33:127:Infinity":21,"s:128:10:131:Infinity":22,"s:134:23:141:Infinity":23,"b:135:12:140:Infinity:141:12:141:Infinity":2,"s:142:8:142:Infinity":24,"s:143:8:143:Infinity":25,"f:145:6:145:16":8,"s:146:8:146:Infinity":26,"s:149:4:149:Infinity":27,"s:154:6:163:Infinity":28,"f:155:13:155:Infinity":9,"s:157:4:161:Infinity":29,"f:158:6:158:11":10,"s:159:8:159:Infinity":30,"s:166:6:179:Infinity":31,"f:168:13:168:Infinity":11,"s:170:16:170:Infinity":32,"s:171:4:177:Infinity":33,"s:182:6:189:Infinity":34,"f:184:13:184:Infinity":12,"s:186:22:186:Infinity":35,"s:187:4:187:Infinity":36,"s:192:6:199:Infinity":37,"f:194:13:194:Infinity":13,"s:196:16:196:Infinity":38,"s:197:4:197:Infinity":39,"s:202:6:209:Infinity":40,"f:204:13:204:Infinity":14,"s:206:24:206:Infinity":41,"s:207:4:207:Infinity":42,"s:212:6:219:Infinity":43,"f:214:13:214:Infinity":15,"s:216:24:216:Infinity":44,"s:217:4:217:Infinity":45,"s:221:46:230:Infinity":46},"fnNames":{}}}
,"/__w/ReactiveTraderCloudClone/ReactiveTraderCloudClone/packages/server/src/effects/equities.effects.ts": {"path":"/__w/ReactiveTraderCloudClone/ReactiveTraderCloudClone/packages/server/src/effects/equities.effects.ts","statementMap":{"0":{"start":{"line":50,"column":6},"end":{"line":59,"column":null}},"1":{"start":{"line":53,"column":4},"end":{"line":57,"column":null}},"2":{"start":{"line":55,"column":8},"end":{"line":55,"column":null}},"3":{"start":{"line":65,"column":6},"end":{"line":79,"column":null}},"4":{"start":{"line":69,"column":4},"end":{"line":69,"column":null}},"5":{"start":{"line":72,"column":23},"end":{"line":72,"column":null}},"6":{"start":{"line":73,"column":4},"end":{"line":77,"column":null}},"7":{"start":{"line":75,"column":8},"end":{"line":75,"column":null}},"8":{"start":{"line":83,"column":6},"end":{"line":97,"column":null}},"9":{"start":{"line":87,"column":4},"end":{"line":87,"column":null}},"10":{"start":{"line":90,"column":23},"end":{"line":90,"column":null}},"11":{"start":{"line":91,"column":4},"end":{"line":95,"column":null}},"12":{"start":{"line":93,"column":8},"end":{"line":93,"column":null}},"13":{"start":{"line":100,"column":6},"end":{"line":109,"column":null}},"14":{"start":{"line":103,"column":4},"end":{"line":107,"column":null}},"15":{"start":{"line":105,"column":8},"end":{"line":105,"column":null}},"16":{"start":{"line":112,"column":6},"end":{"line":121,"column":null}},"17":{"start":{"line":115,"column":4},"end":{"line":119,"column":null}},"18":{"start":{"line":117,"column":8},"end":{"line":117,"column":null}},"19":{"start":{"line":126,"column":6},"end":{"line":133,"column":null}},"20":{"start":{"line":130,"column":34},"end":{"line":130,"column":null}},"21":{"start":{"line":131,"column":4},"end":{"line":131,"column":null}},"22":{"start":{"line":136,"column":6},"end":{"line":143,"column":null}},"23":{"start":{"line":140,"column":24},"end":{"line":140,"column":null}},"24":{"start":{"line":141,"column":4},"end":{"line":141,"column":null}},"25":{"start":{"line":148,"column":2},"end":{"line":194,"column":null}},"26":{"start":{"line":155,"column":25},"end":{"line":157,"column":null}},"27":{"start":{"line":159,"column":19},"end":{"line":168,"column":null}},"28":{"start":{"line":162,"column":10},"end":{"line":166,"column":null}},"29":{"start":{"line":170,"column":22},"end":{"line":174,"column":null}},"30":{"start":{"line":172,"column":10},"end":{"line":172,"column":null}},"31":{"start":{"line":181,"column":6},"end":{"line":192,"column":null}},"32":{"start":{"line":183,"column":10},"end":{"line":183,"column":null}},"33":{"start":{"line":184,"column":10},"end":{"line":190,"column":null}},"34":{"start":{"line":197,"column":48},"end":{"line":206,"column":null}}},"fnMap":{"0":{"name":"(anonymous_0)","decl":{"start":{"line":51,"column":13},"end":{"line":51,"column":null}},"loc":{"start":{"line":52,"column":21},"end":{"line":58,"column":null}},"line":52},"1":{"name":"(anonymous_1)","decl":{"start":{"line":54,"column":6},"end":{"line":54,"column":11}},"loc":{"start":{"line":54,"column":49},"end":{"line":56,"column":7}},"line":54},"2":{"name":"(anonymous_2)","decl":{"start":{"line":67,"column":13},"end":{"line":67,"column":null}},"loc":{"start":{"line":68,"column":15},"end":{"line":70,"column":null}},"line":68},"3":{"name":"(anonymous_3)","decl":{"start":{"line":70,"column":2},"end":{"line":70,"column":null}},"loc":{"start":{"line":71,"column":20},"end":{"line":78,"column":null}},"line":71},"4":{"name":"(anonymous_4)","decl":{"start":{"line":74,"column":6},"end":{"line":74,"column":11}},"loc":{"start":{"line":74,"column":34},"end":{"line":76,"column":7}},"line":74},"5":{"name":"(anonymous_5)","decl":{"start":{"line":85,"column":13},"end":{"line":85,"column":null}},"loc":{"start":{"line":86,"column":15},"end":{"line":88,"column":null}},"line":86},"6":{"name":"(anonymous_6)","decl":{"start":{"line":88,"column":2},"end":{"line":88,"column":null}},"loc":{"start":{"line":89,"column":20},"end":{"line":96,"column":null}},"line":89},"7":{"name":"(anonymous_7)","decl":{"start":{"line":92,"column":6},"end":{"line":92,"column":11}},"loc":{"start":{"line":92,"column":31},"end":{"line":94,"column":7}},"line":92},"8":{"name":"(anonymous_8)","decl":{"start":{"line":101,"column":13},"end":{"line":101,"column":null}},"loc":{"start":{"line":102,"column":21},"end":{"line":108,"column":null}},"line":102},"9":{"name":"(anonymous_9)","decl":{"start":{"line":104,"column":6},"end":{"line":104,"column":11}},"loc":{"start":{"line":104,"column":46},"end":{"line":106,"column":7}},"line":104},"10":{"name":"(anonymous_10)","decl":{"start":{"line":113,"column":13},"end":{"line":113,"column":null}},"loc":{"start":{"line":114,"column":21},"end":{"line":120,"column":null}},"line":114},"11":{"name":"(anonymous_11)","decl":{"start":{"line":116,"column":6},"end":{"line":116,"column":11}},"loc":{"start":{"line":116,"column":52},"end":{"line":118,"column":7}},"line":116},"12":{"name":"(anonymous_12)","decl":{"start":{"line":128,"column":13},"end":{"line":128,"column":null}},"loc":{"start":{"line":129,"column":51},"end":{"line":132,"column":null}},"line":129},"13":{"name":"(anonymous_13)","decl":{"start":{"line":138,"column":13},"end":{"line":138,"column":null}},"loc":{"start":{"line":139,"column":38},"end":{"line":142,"column":null}},"line":139},"14":{"name":"placeOrder$","decl":{"start":{"line":147,"column":9},"end":{"line":147,"column":21}},"loc":{"start":{"line":147,"column":79},"end":{"line":195,"column":null}},"line":147},"15":{"name":"(anonymous_15)","decl":{"start":{"line":150,"column":4},"end":{"line":150,"column":14}},"loc":{"start":{"line":150,"column":22},"end":{"line":193,"column":5}},"line":150},"16":{"name":"(anonymous_16)","decl":{"start":{"line":161,"column":8},"end":{"line":161,"column":13}},"loc":{"start":{"line":161,"column":36},"end":{"line":167,"column":9}},"line":161},"17":{"name":"(anonymous_17)","decl":{"start":{"line":171,"column":8},"end":{"line":171,"column":13}},"loc":{"start":{"line":171,"column":36},"end":{"line":173,"column":9}},"line":171},"18":{"name":"(anonymous_18)","decl":{"start":{"line":182,"column":8},"end":{"line":182,"column":20}},"loc":{"start":{"line":182,"column":37},"end":{"line":191,"column":9}},"line":182}},"branchMap":{},"s":{"0":2,"1":2,"2":2,"3":2,"4":5,"5":3,"6":3,"7":2,"8":2,"9":5,"10":3,"11":3,"12":1,"13":2,"14":1,"15":1,"16":2,"17":1,"18":1,"19":2,"20":2,"21":2,"22":2,"23":1,"24":1,"25":15,"26":3,"27":3,"28":2,"29":3,"30":2,"31":3,"32":1,"33":1,"34":2},"f":{"0":2,"1":2,"2":5,"3":3,"4":2,"5":5,"6":3,"7":1,"8":1,"9":1,"10":1,"11":1,"12":2,"13":1,"14":15,"15":3,"16":2,"17":2,"18":1},"b":{},"meta":{"lastBranch":0,"lastFunction":19,"lastStatement":35,"seen":{"s:50:6:59:Infinity":0,"f:51:13:51:Infinity":0,"s:53:4:57:Infinity":1,"f:54:6:54:11":1,"s:55:8:55:Infinity":2,"s:65:6:79:Infinity":3,"f:67:13:67:Infinity":2,"s:69:4:69:Infinity":4,"f:70:2:70:Infinity":3,"s:72:23:72:Infinity":5,"s:73:4:77:Infinity":6,"f:74:6:74:11":4,"s:75:8:75:Infinity":7,"s:83:6:97:Infinity":8,"f:85:13:85:Infinity":5,"s:87:4:87:Infinity":9,"f:88:2:88:Infinity":6,"s:90:23:90:Infinity":10,"s:91:4:95:Infinity":11,"f:92:6:92:11":7,"s:93:8:93:Infinity":12,"s:100:6:109:Infinity":13,"f:101:13:101:Infinity":8,"s:103:4:107:Infinity":14,"f:104:6:104:11":9,"s:105:8:105:Infinity":15,"s:112:6:121:Infinity":16,"f:113:13:113:Infinity":10,"s:115:4:119:Infinity":17,"f:116:6:116:11":11,"s:117:8:117:Infinity":18,"s:126:6:133:Infinity":19,"f:128:13:128:Infinity":12,"s:130:34:130:Infinity":20,"s:131:4:131:Infinity":21,"s:136:6:143:Infinity":22,"f:138:13:138:Infinity":13,"s:140:24:140:Infinity":23,"s:141:4:141:Infinity":24,"f:147:9:147:21":14,"s:148:2:194:Infinity":25,"f:150:4:150:14":15,"s:155:25:157:Infinity":26,"s:159:19:168:Infinity":27,"f:161:8:161:13":16,"s:162:10:166:Infinity":28,"s:170:22:174:Infinity":29,"f:171:8:171:13":17,"s:172:10:172:Infinity":30,"s:181:6:192:Infinity":31,"f:182:8:182:20":18,"s:183:10:183:Infinity":32,"s:184:10:190:Infinity":33,"s:197:48:206:Infinity":34},"fnNames":{}}}
,"/__w/ReactiveTraderCloudClone/ReactiveTraderCloudClone/packages/server/src/effects/fx.effects.ts": {"path":"/__w/ReactiveTraderCloudClone/ReactiveTraderCloudClone/packages/server/src/effects/fx.effects.ts","statementMap":{"0":{"start":{"line":41,"column":6},"end":{"line":67,"column":null}},"1":{"start":{"line":44,"column":18},"end":{"line":44,"column":null}},"2":{"start":{"line":45,"column":4},"end":{"line":65,"column":null}},"3":{"start":{"line":47,"column":49},"end":{"line":55,"column":null}},"4":{"start":{"line":48,"column":10},"end":{"line":54,"column":null}},"5":{"start":{"line":57,"column":46},"end":{"line":61,"column":null}},"6":{"start":{"line":62,"column":8},"end":{"line":62,"column":null}},"7":{"start":{"line":63,"column":8},"end":{"line":63,"column":null}},"8":{"start":{"line":75,"column":6},"end":{"line":97,"column":null}},"9":{"start":{"line":79,"column":4},"end":{"line":79,"column":null}},"10":{"start":{"line":82,"column":23},"end":{"line":82,"column":null}},"11":{"start":{"line":83,"column":4},"end":{"line":95,"column":null}},"12":{"start":{"line":85,"column":34},"end":{"line":92,"column":null}},"13":{"start":{"line":93,"column":8},"end":{"line":93,"column":null}},"14":{"start":{"line":100,"column":6},"end":{"line":131,"column":null}},"15":{"start":{"line":103,"column":18},"end":{"line":103,"column":null}},"16":{"start":{"line":104,"column":4},"end":{"line":129,"column":null}},"17":{"start":{"line":106,"column":36},"end":{"line":119,"column":null}},"18":{"start":{"line":107,"column":10},"end":{"line":118,"column":null}},"19":{"start":{"line":121,"column":40},"end":{"line":125,"column":null}},"20":{"start":{"line":126,"column":8},"end":{"line":126,"column":null}},"21":{"start":{"line":127,"column":8},"end":{"line":127,"column":null}},"22":{"start":{"line":134,"column":6},"end":{"line":160,"column":null}},"23":{"start":{"line":137,"column":25},"end":{"line":137,"column":null}},"24":{"start":{"line":138,"column":4},"end":{"line":158,"column":null}},"25":{"start":{"line":140,"column":34},"end":{"line":155,"column":null}},"26":{"start":{"line":142,"column":12},"end":{"line":147,"column":null}},"27":{"start":{"line":150,"column":12},"end":{"line":153,"column":null}},"28":{"start":{"line":156,"column":8},"end":{"line":156,"column":null}},"29":{"start":{"line":163,"column":6},"end":{"line":193,"column":null}},"30":{"start":{"line":167,"column":16},"end":{"line":167,"column":null}},"31":{"start":{"line":168,"column":4},"end":{"line":191,"column":null}},"32":{"start":{"line":178,"column":10},"end":{"line":189,"column":null}},"33":{"start":{"line":196,"column":6},"end":{"line":218,"column":null}},"34":{"start":{"line":200,"column":23},"end":{"line":200,"column":null}},"35":{"start":{"line":201,"column":4},"end":{"line":216,"column":null}},"36":{"start":{"line":203,"column":8},"end":{"line":214,"column":null}},"37":{"start":{"line":205,"column":12},"end":{"line":212,"column":null}},"38":{"start":{"line":220,"column":42},"end":{"line":227,"column":null}}},"fnMap":{"0":{"name":"(anonymous_0)","decl":{"start":{"line":42,"column":13},"end":{"line":42,"column":null}},"loc":{"start":{"line":43,"column":21},"end":{"line":66,"column":null}},"line":43},"1":{"name":"(anonymous_1)","decl":{"start":{"line":46,"column":6},"end":{"line":46,"column":11}},"loc":{"start":{"line":46,"column":56},"end":{"line":64,"column":7}},"line":46},"2":{"name":"(anonymous_2)","decl":{"start":{"line":47,"column":55},"end":{"line":47,"column":60}},"loc":{"start":{"line":47,"column":66},"end":{"line":55,"column":9}},"line":47},"3":{"name":"(anonymous_3)","decl":{"start":{"line":77,"column":13},"end":{"line":77,"column":null}},"loc":{"start":{"line":78,"column":15},"end":{"line":80,"column":null}},"line":78},"4":{"name":"(anonymous_4)","decl":{"start":{"line":80,"column":2},"end":{"line":80,"column":null}},"loc":{"start":{"line":81,"column":20},"end":{"line":96,"column":null}},"line":81},"5":{"name":"(anonymous_5)","decl":{"start":{"line":84,"column":6},"end":{"line":84,"column":11}},"loc":{"start":{"line":84,"column":41},"end":{"line":94,"column":7}},"line":84},"6":{"name":"(anonymous_6)","decl":{"start":{"line":101,"column":13},"end":{"line":101,"column":null}},"loc":{"start":{"line":102,"column":21},"end":{"line":130,"column":null}},"line":102},"7":{"name":"(anonymous_7)","decl":{"start":{"line":105,"column":6},"end":{"line":105,"column":11}},"loc":{"start":{"line":105,"column":50},"end":{"line":128,"column":7}},"line":105},"8":{"name":"(anonymous_8)","decl":{"start":{"line":106,"column":43},"end":{"line":106,"column":48}},"loc":{"start":{"line":106,"column":54},"end":{"line":119,"column":9}},"line":106},"9":{"name":"(anonymous_9)","decl":{"start":{"line":135,"column":13},"end":{"line":135,"column":null}},"loc":{"start":{"line":136,"column":20},"end":{"line":159,"column":null}},"line":136},"10":{"name":"(anonymous_10)","decl":{"start":{"line":139,"column":6},"end":{"line":139,"column":11}},"loc":{"start":{"line":139,"column":46},"end":{"line":157,"column":7}},"line":139},"11":{"name":"(anonymous_11)","decl":{"start":{"line":141,"column":49},"end":{"line":141,"column":54}},"loc":{"start":{"line":141,"column":60},"end":{"line":148,"column":11}},"line":141},"12":{"name":"(anonymous_12)","decl":{"start":{"line":149,"column":31},"end":{"line":149,"column":36}},"loc":{"start":{"line":149,"column":42},"end":{"line":154,"column":11}},"line":149},"13":{"name":"(anonymous_13)","decl":{"start":{"line":165,"column":13},"end":{"line":165,"column":null}},"loc":{"start":{"line":166,"column":54},"end":{"line":192,"column":null}},"line":166},"14":{"name":"(anonymous_14)","decl":{"start":{"line":177,"column":8},"end":{"line":177,"column":13}},"loc":{"start":{"line":177,"column":48},"end":{"line":190,"column":9}},"line":177},"15":{"name":"(anonymous_15)","decl":{"start":{"line":198,"column":13},"end":{"line":198,"column":null}},"loc":{"start":{"line":199,"column":49},"end":{"line":217,"column":null}},"line":199},"16":{"name":"(anonymous_16)","decl":{"start":{"line":202,"column":6},"end":{"line":202,"column":11}},"loc":{"start":{"line":202,"column":61},"end":{"line":215,"column":7}},"line":202},"17":{"name":"(anonymous_17)","decl":{"start":{"line":204,"column":25},"end":{"line":204,"column":30}},"loc":{"start":{"line":204,"column":36},"end":{"line":213,"column":11}},"line":204}},"branchMap":{},"s":{"0":2,"1":1,"2":1,"3":2,"4":2,"5":2,"6":2,"7":2,"8":2,"9":6,"10":4,"11":4,"12":4,"13":4,"14":2,"15":1,"16":1,"17":2,"18":2,"19":2,"20":2,"21":2,"22":2,"23":1,"24":1,"25":1,"26":1,"27":1,"28":1,"29":2,"30":1,"31":1,"32":1,"33":2,"34":1,"35":1,"36":1,"37":1,"38":2},"f":{"0":1,"1":2,"2":2,"3":6,"4":4,"5":4,"6":1,"7":2,"8":2,"9":1,"10":1,"11":1,"12":1,"13":1,"14":1,"15":1,"16":1,"17":1},"b":{},"meta":{"lastBranch":0,"lastFunction":18,"lastStatement":39,"seen":{"s:41:6:67:Infinity":0,"f:42:13:42:Infinity":0,"s:44:18:44:Infinity":1,"s:45:4:65:Infinity":2,"f:46:6:46:11":1,"s:47:49:55:Infinity":3,"f:47:55:47:60":2,"s:48:10:54:Infinity":4,"s:57:46:61:Infinity":5,"s:62:8:62:Infinity":6,"s:63:8:63:Infinity":7,"s:75:6:97:Infinity":8,"f:77:13:77:Infinity":3,"s:79:4:79:Infinity":9,"f:80:2:80:Infinity":4,"s:82:23:82:Infinity":10,"s:83:4:95:Infinity":11,"f:84:6:84:11":5,"s:85:34:92:Infinity":12,"s:93:8:93:Infinity":13,"s:100:6:131:Infinity":14,"f:101:13:101:Infinity":6,"s:103:18:103:Infinity":15,"s:104:4:129:Infinity":16,"f:105:6:105:11":7,"s:106:36:119:Infinity":17,"f:106:43:106:48":8,"s:107:10:118:Infinity":18,"s:121:40:125:Infinity":19,"s:126:8:126:Infinity":20,"s:127:8:127:Infinity":21,"s:134:6:160:Infinity":22,"f:135:13:135:Infinity":9,"s:137:25:137:Infinity":23,"s:138:4:158:Infinity":24,"f:139:6:139:11":10,"s:140:34:155:Infinity":25,"f:141:49:141:54":11,"s:142:12:147:Infinity":26,"f:149:31:149:36":12,"s:150:12:153:Infinity":27,"s:156:8:156:Infinity":28,"s:163:6:193:Infinity":29,"f:165:13:165:Infinity":13,"s:167:16:167:Infinity":30,"s:168:4:191:Infinity":31,"f:177:8:177:13":14,"s:178:10:189:Infinity":32,"s:196:6:218:Infinity":33,"f:198:13:198:Infinity":15,"s:200:23:200:Infinity":34,"s:201:4:216:Infinity":35,"f:202:6:202:11":16,"s:203:8:214:Infinity":36,"f:204:25:204:30":17,"s:205:12:212:Infinity":37,"s:220:42:227:Infinity":38},"fnNames":{}}}
,"/__w/ReactiveTraderCloudClone/ReactiveTraderCloudClone/packages/server/src/effects/index.ts": {"path":"/__w/ReactiveTraderCloudClone/ReactiveTraderCloudClone/packages/server/src/effects/index.ts","statementMap":{"0":{"start":{"line":9,"column":43},"end":{"line":14,"column":null}}},"fnMap":{},"branchMap":{},"s":{"0":1},"f":{},"b":{},"meta":{"lastBranch":0,"lastFunction":0,"lastStatement":1,"seen":{"s:9:43:14:Infinity":0},"fnNames":{}}}
,"/__w/ReactiveTraderCloudClone/ReactiveTraderCloudClone/packages/server/src/http/loginHandler.ts": {"path":"/__w/ReactiveTraderCloudClone/ReactiveTraderCloudClone/packages/server/src/http/loginHandler.ts","statementMap":{"0":{"start":{"line":6,"column":50},"end":{"line":9,"column":null}},"1":{"start":{"line":27,"column":2},"end":{"line":27,"column":null}},"2":{"start":{"line":41,"column":2},"end":{"line":43,"column":null}},"3":{"start":{"line":42,"column":4},"end":{"line":42,"column":null}},"4":{"start":{"line":47,"column":2},"end":{"line":51,"column":null}},"5":{"start":{"line":48,"column":4},"end":{"line":48,"column":null}},"6":{"start":{"line":50,"column":4},"end":{"line":50,"column":null}},"7":{"start":{"line":53,"column":2},"end":{"line":55,"column":null}},"8":{"start":{"line":54,"column":4},"end":{"line":54,"column":null}},"9":{"start":{"line":57,"column":17},"end":{"line":57,"column":null}},"10":{"start":{"line":59,"column":2},"end":{"line":61,"column":null}},"11":{"start":{"line":60,"column":4},"end":{"line":60,"column":null}},"12":{"start":{"line":63,"column":37},"end":{"line":67,"column":null}},"13":{"start":{"line":69,"column":2},"end":{"line":69,"column":null}},"14":{"start":{"line":83,"column":2},"end":{"line":83,"column":null}},"15":{"start":{"line":104,"column":2},"end":{"line":106,"column":null}},"16":{"start":{"line":105,"column":4},"end":{"line":105,"column":null}},"17":{"start":{"line":108,"column":14},"end":{"line":108,"column":null}},"18":{"start":{"line":109,"column":17},"end":{"line":109,"column":null}},"19":{"start":{"line":111,"column":2},"end":{"line":113,"column":null}},"20":{"start":{"line":112,"column":4},"end":{"line":112,"column":null}},"21":{"start":{"line":115,"column":2},"end":{"line":117,"column":null}},"22":{"start":{"line":116,"column":4},"end":{"line":116,"column":null}},"23":{"start":{"line":119,"column":2},"end":{"line":119,"column":null}}},"fnMap":{"0":{"name":"jsonResult","decl":{"start":{"line":23,"column":9},"end":{"line":23,"column":null}},"loc":{"start":{"line":26,"column":22},"end":{"line":28,"column":null}},"line":26},"1":{"name":"handleLogin","decl":{"start":{"line":36,"column":16},"end":{"line":36,"column":null}},"loc":{"start":{"line":40,"column":22},"end":{"line":70,"column":null}},"line":40},"2":{"name":"authorizeUpgrade","decl":{"start":{"line":79,"column":16},"end":{"line":79,"column":null}},"loc":{"start":{"line":82,"column":11},"end":{"line":84,"column":null}},"line":82},"3":{"name":"describeUpgrade","decl":{"start":{"line":100,"column":16},"end":{"line":100,"column":null}},"loc":{"start":{"line":103,"column":19},"end":{"line":120,"column":null}},"line":103}},"branchMap":{"0":{"loc":{"start":{"line":41,"column":2},"end":{"line":43,"column":null}},"type":"if","locations":[{"start":{"line":41,"column":2},"end":{"line":43,"column":null}},{"start":{},"end":{}}],"line":41},"1":{"loc":{"start":{"line":53,"column":2},"end":{"line":55,"column":null}},"type":"if","locations":[{"start":{"line":53,"column":2},"end":{"line":55,"column":null}},{"start":{},"end":{}}],"line":53},"2":{"loc":{"start":{"line":59,"column":2},"end":{"line":61,"column":null}},"type":"if","locations":[{"start":{"line":59,"column":2},"end":{"line":61,"column":null}},{"start":{},"end":{}}],"line":59},"3":{"loc":{"start":{"line":104,"column":2},"end":{"line":106,"column":null}},"type":"if","locations":[{"start":{"line":104,"column":2},"end":{"line":106,"column":null}},{"start":{},"end":{}}],"line":104},"4":{"loc":{"start":{"line":111,"column":2},"end":{"line":113,"column":null}},"type":"if","locations":[{"start":{"line":111,"column":2},"end":{"line":113,"column":null}},{"start":{},"end":{}}],"line":111},"5":{"loc":{"start":{"line":115,"column":2},"end":{"line":117,"column":null}},"type":"if","locations":[{"start":{"line":115,"column":2},"end":{"line":117,"column":null}},{"start":{},"end":{}}],"line":115}},"s":{"0":1,"1":6,"2":6,"3":1,"4":5,"5":5,"6":1,"7":4,"8":1,"9":3,"10":3,"11":1,"12":2,"13":2,"14":4,"15":8,"16":2,"17":6,"18":6,"19":6,"20":2,"21":4,"22":2,"23":2},"f":{"0":6,"1":6,"2":4,"3":8},"b":{"0":[1,5],"1":[1,3],"2":[1,2],"3":[2,6],"4":[2,4],"5":[2,2]},"meta":{"lastBranch":6,"lastFunction":4,"lastStatement":24,"seen":{"s:6:50:9:Infinity":0,"f:23:9:23:Infinity":0,"s:27:2:27:Infinity":1,"f:36:16:36:Infinity":1,"b:41:2:43:Infinity:undefined:undefined:undefined:undefined":0,"s:41:2:43:Infinity":2,"s:42:4:42:Infinity":3,"s:47:2:51:Infinity":4,"s:48:4:48:Infinity":5,"s:50:4:50:Infinity":6,"b:53:2:55:Infinity:undefined:undefined:undefined:undefined":1,"s:53:2:55:Infinity":7,"s:54:4:54:Infinity":8,"s:57:17:57:Infinity":9,"b:59:2:61:Infinity:undefined:undefined:undefined:undefined":2,"s:59:2:61:Infinity":10,"s:60:4:60:Infinity":11,"s:63:37:67:Infinity":12,"s:69:2:69:Infinity":13,"f:79:16:79:Infinity":2,"s:83:2:83:Infinity":14,"f:100:16:100:Infinity":3,"b:104:2:106:Infinity:undefined:undefined:undefined:undefined":3,"s:104:2:106:Infinity":15,"s:105:4:105:Infinity":16,"s:108:14:108:Infinity":17,"s:109:17:109:Infinity":18,"b:111:2:113:Infinity:undefined:undefined:undefined:undefined":4,"s:111:2:113:Infinity":19,"s:112:4:112:Infinity":20,"b:115:2:117:Infinity:undefined:undefined:undefined:undefined":5,"s:115:2:117:Infinity":21,"s:116:4:116:Infinity":22,"s:119:2:119:Infinity":23},"fnNames":{}}}
,"/__w/ReactiveTraderCloudClone/ReactiveTraderCloudClone/packages/server/src/observability/connectionLog.ts": {"path":"/__w/ReactiveTraderCloudClone/ReactiveTraderCloudClone/packages/server/src/observability/connectionLog.ts","statementMap":{"0":{"start":{"line":22,"column":4},"end":{"line":22,"column":null}},"1":{"start":{"line":25,"column":15},"end":{"line":25,"column":null}},"2":{"start":{"line":26,"column":14},"end":{"line":26,"column":null}},"3":{"start":{"line":29,"column":4},"end":{"line":29,"column":null}},"4":{"start":{"line":32,"column":2},"end":{"line":46,"column":null}},"5":{"start":{"line":34,"column":6},"end":{"line":34,"column":null}},"6":{"start":{"line":35,"column":6},"end":{"line":35,"column":null}},"7":{"start":{"line":36,"column":6},"end":{"line":36,"column":null}},"8":{"start":{"line":40,"column":6},"end":{"line":40,"column":null}},"9":{"start":{"line":41,"column":6},"end":{"line":41,"column":null}},"10":{"start":{"line":44,"column":6},"end":{"line":44,"column":null}}},"fnMap":{"0":{"name":"createConnectionLog","decl":{"start":{"line":19,"column":16},"end":{"line":19,"column":null}},"loc":{"start":{"line":24,"column":17},"end":{"line":47,"column":null}},"line":24},"1":{"name":"(anonymous_1)","decl":{"start":{"line":21,"column":2},"end":{"line":21,"column":28}},"loc":{"start":{"line":21,"column":28},"end":{"line":23,"column":null}},"line":21},"2":{"name":"stamp","decl":{"start":{"line":28,"column":11},"end":{"line":28,"column":27}},"loc":{"start":{"line":28,"column":27},"end":{"line":30,"column":null}},"line":28},"3":{"name":"onConnect","decl":{"start":{"line":33,"column":4},"end":{"line":33,"column":22}},"loc":{"start":{"line":33,"column":22},"end":{"line":37,"column":null}},"line":33},"4":{"name":"onDisconnect","decl":{"start":{"line":38,"column":4},"end":{"line":38,"column":25}},"loc":{"start":{"line":38,"column":25},"end":{"line":42,"column":null}},"line":38},"5":{"name":"onRejectedUpgrade","decl":{"start":{"line":43,"column":4},"end":{"line":43,"column":22}},"loc":{"start":{"line":43,"column":54},"end":{"line":45,"column":null}},"line":43}},"branchMap":{"0":{"loc":{"start":{"line":20,"column":2},"end":{"line":20,"column":null}},"type":"default-arg","locations":[{"start":{"line":20,"column":32},"end":{"line":20,"column":null}}],"line":20},"1":{"loc":{"start":{"line":21,"column":2},"end":{"line":23,"column":null}},"type":"default-arg","locations":[{"start":{"line":21,"column":2},"end":{"line":23,"column":null}}],"line":21}},"s":{"0":0,"1":4,"2":4,"3":7,"4":4,"5":3,"6":3,"7":3,"8":2,"9":2,"10":2},"f":{"0":4,"1":0,"2":7,"3":3,"4":2,"5":2},"b":{"0":[4],"1":[0]},"meta":{"lastBranch":2,"lastFunction":6,"lastStatement":11,"seen":{"f:19:16:19:Infinity":0,"b:20:32:20:Infinity":0,"b:21:2:23:Infinity":1,"f:21:2:21:28":1,"s:22:4:22:Infinity":0,"s:25:15:25:Infinity":1,"s:26:14:26:Infinity":2,"f:28:11:28:27":2,"s:29:4:29:Infinity":3,"s:32:2:46:Infinity":4,"f:33:4:33:22":3,"s:34:6:34:Infinity":5,"s:35:6:35:Infinity":6,"s:36:6:36:Infinity":7,"f:38:4:38:25":4,"s:40:6:40:Infinity":8,"s:41:6:41:Infinity":9,"f:43:4:43:22":5,"s:44:6:44:Infinity":10},"fnNames":{}}}
,"/__w/ReactiveTraderCloudClone/ReactiveTraderCloudClone/packages/server/src/services/ThroughputService.ts": {"path":"/__w/ReactiveTraderCloudClone/ReactiveTraderCloudClone/packages/server/src/services/ThroughputService.ts","statementMap":{"0":{"start":{"line":1,"column":27},"end":{"line":1,"column":null}},"1":{"start":{"line":2,"column":23},"end":{"line":2,"column":null}},"2":{"start":{"line":3,"column":23},"end":{"line":3,"column":null}},"3":{"start":{"line":6,"column":18},"end":{"line":6,"column":null}},"4":{"start":{"line":9,"column":4},"end":{"line":9,"column":null}},"5":{"start":{"line":13,"column":4},"end":{"line":15,"column":null}},"6":{"start":{"line":14,"column":6},"end":{"line":14,"column":null}},"7":{"start":{"line":17,"column":4},"end":{"line":21,"column":null}},"8":{"start":{"line":18,"column":6},"end":{"line":20,"column":null}},"9":{"start":{"line":23,"column":4},"end":{"line":23,"column":null}}},"fnMap":{"0":{"name":"getThroughput","decl":{"start":{"line":8,"column":2},"end":{"line":8,"column":26}},"loc":{"start":{"line":8,"column":26},"end":{"line":10,"column":null}},"line":8},"1":{"name":"setThroughput","decl":{"start":{"line":12,"column":2},"end":{"line":12,"column":16}},"loc":{"start":{"line":12,"column":37},"end":{"line":24,"column":null}},"line":12}},"branchMap":{"0":{"loc":{"start":{"line":13,"column":4},"end":{"line":15,"column":null}},"type":"if","locations":[{"start":{"line":13,"column":4},"end":{"line":15,"column":null}},{"start":{},"end":{}}],"line":13},"1":{"loc":{"start":{"line":13,"column":8},"end":{"line":13,"column":62}},"type":"binary-expr","locations":[{"start":{"line":13,"column":8},"end":{"line":13,"column":37}},{"start":{"line":13,"column":37},"end":{"line":13,"column":62}}],"line":13},"2":{"loc":{"start":{"line":17,"column":4},"end":{"line":21,"column":null}},"type":"if","locations":[{"start":{"line":17,"column":4},"end":{"line":21,"column":null}},{"start":{},"end":{}}],"line":17},"3":{"loc":{"start":{"line":17,"column":8},"end":{"line":17,"column":58}},"type":"binary-expr","locations":[{"start":{"line":17,"column":8},"end":{"line":17,"column":34}},{"start":{"line":17,"column":34},"end":{"line":17,"column":58}}],"line":17}},"s":{"0":2,"1":2,"2":2,"3":9,"4":4,"5":7,"6":2,"7":5,"8":2,"9":3},"f":{"0":4,"1":7},"b":{"0":[2,5],"1":[7,7],"2":[2,3],"3":[5,4]},"meta":{"lastBranch":4,"lastFunction":2,"lastStatement":10,"seen":{"s:1:27:1:Infinity":0,"s:2:23:2:Infinity":1,"s:3:23:3:Infinity":2,"s:6:18:6:Infinity":3,"f:8:2:8:26":0,"s:9:4:9:Infinity":4,"f:12:2:12:16":1,"b:13:4:15:Infinity:undefined:undefined:undefined:undefined":0,"s:13:4:15:Infinity":5,"b:13:8:13:37:13:37:13:62":1,"s:14:6:14:Infinity":6,"b:17:4:21:Infinity:undefined:undefined:undefined:undefined":2,"s:17:4:21:Infinity":7,"b:17:8:17:34:17:34:17:58":3,"s:18:6:20:Infinity":8,"s:23:4:23:Infinity":9},"fnNames":{}}}
,"/__w/ReactiveTraderCloudClone/ReactiveTraderCloudClone/packages/server/src/socket/protocol.ts": {"path":"/__w/ReactiveTraderCloudClone/ReactiveTraderCloudClone/packages/server/src/socket/protocol.ts","statementMap":{},"fnMap":{},"branchMap":{},"s":{},"f":{},"b":{},"meta":{"lastBranch":0,"lastFunction":0,"lastStatement":0,"seen":{},"fnNames":{}}}
,"/__w/ReactiveTraderCloudClone/ReactiveTraderCloudClone/packages/server/src/socket/toSocket.ts": {"path":"/__w/ReactiveTraderCloudClone/ReactiveTraderCloudClone/packages/server/src/socket/toSocket.ts","statementMap":{"0":{"start":{"line":7,"column":20},"end":{"line":21,"column":null}},"1":{"start":{"line":9,"column":6},"end":{"line":13,"column":null}},"2":{"start":{"line":10,"column":8},"end":{"line":10,"column":null}},"3":{"start":{"line":16,"column":4},"end":{"line":16,"column":null}},"4":{"start":{"line":18,"column":4},"end":{"line":20,"column":null}},"5":{"start":{"line":19,"column":6},"end":{"line":19,"column":null}},"6":{"start":{"line":23,"column":8},"end":{"line":28,"column":null}},"7":{"start":{"line":26,"column":6},"end":{"line":26,"column":null}},"8":{"start":{"line":30,"column":2},"end":{"line":38,"column":null}},"9":{"start":{"line":34,"column":6},"end":{"line":36,"column":null}},"10":{"start":{"line":35,"column":8},"end":{"line":35,"column":null}}},"fnMap":{"0":{"name":"toSocket","decl":{"start":{"line":6,"column":16},"end":{"line":6,"column":25}},"loc":{"start":{"line":6,"column":48},"end":{"line":39,"column":null}},"line":6},"1":{"name":"(anonymous_1)","decl":{"start":{"line":7,"column":24},"end":{"line":7,"column":45}},"loc":{"start":{"line":7,"column":60},"end":{"line":21,"column":3}},"line":7},"2":{"name":"onMessage","decl":{"start":{"line":8,"column":13},"end":{"line":8,"column":23}},"loc":{"start":{"line":8,"column":44},"end":{"line":14,"column":null}},"line":8},"3":{"name":"(anonymous_3)","decl":{"start":{"line":18,"column":4},"end":{"line":18,"column":17}},"loc":{"start":{"line":18,"column":17},"end":{"line":20,"column":null}},"line":18},"4":{"name":"(anonymous_4)","decl":{"start":{"line":25,"column":4},"end":{"line":25,"column":14}},"loc":{"start":{"line":25,"column":14},"end":{"line":27,"column":5}},"line":25},"5":{"name":"(anonymous_5)","decl":{"start":{"line":33,"column":4},"end":{"line":33,"column":11}},"loc":{"start":{"line":33,"column":39},"end":{"line":37,"column":null}},"line":33}},"branchMap":{"0":{"loc":{"start":{"line":34,"column":6},"end":{"line":36,"column":null}},"type":"if","locations":[{"start":{"line":34,"column":6},"end":{"line":36,"column":null}},{"start":{},"end":{}}],"line":34}},"s":{"0":4,"1":3,"2":3,"3":2,"4":2,"5":1,"6":4,"7":1,"8":4,"9":1,"10":1},"f":{"0":4,"1":2,"2":3,"3":1,"4":1,"5":1},"b":{"0":[1,0]},"meta":{"lastBranch":1,"lastFunction":6,"lastStatement":11,"seen":{"f:6:16:6:25":0,"s:7:20:21:Infinity":0,"f:7:24:7:45":1,"f:8:13:8:23":2,"s:9:6:13:Infinity":1,"s:10:8:10:Infinity":2,"s:16:4:16:Infinity":3,"s:18:4:20:Infinity":4,"f:18:4:18:17":3,"s:19:6:19:Infinity":5,"s:23:8:28:Infinity":6,"f:25:4:25:14":4,"s:26:6:26:Infinity":7,"s:30:2:38:Infinity":8,"f:33:4:33:11":5,"b:34:6:36:Infinity:undefined:undefined:undefined:undefined":0,"s:34:6:36:Infinity":9,"s:35:8:35:Infinity":10},"fnNames":{}}}
}
