{"/__w/ReactiveTraderCloudClone/ReactiveTraderCloudClone/packages/server/src/auth.ts": {"path":"/__w/ReactiveTraderCloudClone/ReactiveTraderCloudClone/packages/server/src/auth.ts","statementMap":{"0":{"start":{"line":12,"column":2},"end":{"line":14,"column":null}},"1":{"start":{"line":13,"column":4},"end":{"line":13,"column":null}},"2":{"start":{"line":16,"column":2},"end":{"line":18,"column":null}},"3":{"start":{"line":17,"column":4},"end":{"line":17,"column":null}},"4":{"start":{"line":20,"column":14},"end":{"line":20,"column":null}},"5":{"start":{"line":21,"column":2},"end":{"line":21,"column":null}}},"fnMap":{"0":{"name":"isAuthorizedUpgrade","decl":{"start":{"line":8,"column":16},"end":{"line":8,"column":null}},"loc":{"start":{"line":11,"column":11},"end":{"line":22,"column":null}},"line":11}},"branchMap":{"0":{"loc":{"start":{"line":12,"column":2},"end":{"line":14,"column":null}},"type":"if","locations":[{"start":{"line":12,"column":2},"end":{"line":14,"column":null}},{"start":{},"end":{}}],"line":12},"1":{"loc":{"start":{"line":16,"column":2},"end":{"line":18,"column":null}},"type":"if","locations":[{"start":{"line":16,"column":2},"end":{"line":18,"column":null}},{"start":{},"end":{}}],"line":16}},"s":{"0":6,"1":2,"2":4,"3":1,"4":3,"5":3},"f":{"0":6},"b":{"0":[2,4],"1":[1,3]},"meta":{"lastBranch":2,"lastFunction":1,"lastStatement":6,"seen":{"f:8:16:8:Infinity":0,"b:12:2:14:Infinity:undefined:undefined:undefined:undefined":0,"s:12:2:14:Infinity":0,"s:13:4:13:Infinity":1,"b:16:2:18:Infinity:undefined:undefined:undefined:undefined":1,"s:16:2:18:Infinity":2,"s:17:4:17:Infinity":3,"s:20:14:20:Infinity":4,"s:21:2:21:Infinity":5},"fnNames":{}}}
,"/__w/ReactiveTraderCloudClone/ReactiveTraderCloudClone/packages/server/src/effects/admin.effects.ts": {"path":"/__w/ReactiveTraderCloudClone/ReactiveTraderCloudClone/packages/server/src/effects/admin.effects.ts","statementMap":{"0":{"start":{"line":10,"column":6},"end":{"line":16,"column":null}},"1":{"start":{"line":14,"column":4},"end":{"line":14,"column":null}},"2":{"start":{"line":18,"column":6},"end":{"line":26,"column":null}},"3":{"start":{"line":22,"column":22},"end":{"line":22,"column":null}},"4":{"start":{"line":23,"column":4},"end":{"line":23,"column":null}},"5":{"start":{"line":24,"column":4},"end":{"line":24,"column":null}},"6":{"start":{"line":28,"column":45},"end":{"line":28,"column":null}}},"fnMap":{"0":{"name":"(anonymous_0)","decl":{"start":{"line":12,"column":13},"end":{"line":12,"column":null}},"loc":{"start":{"line":13,"column":21},"end":{"line":15,"column":null}},"line":13},"1":{"name":"(anonymous_1)","decl":{"start":{"line":20,"column":13},"end":{"line":20,"column":null}},"loc":{"start":{"line":21,"column":20},"end":{"line":25,"column":null}},"line":21}},"branchMap":{},"s":{"0":2,"1":2,"2":2,"3":1,"4":1,"5":1,"6":2},"f":{"0":2,"1":1},"b":{},"meta":{"lastBranch":0,"lastFunction":2,"lastStatement":7,"seen":{"s:10:6:16:Infinity":0,"f:12:13:12:Infinity":0,"s:14:4:14:Infinity":1,"s:18:6:26:Infinity":2,"f:20:13:20:Infinity":1,"s:22:22:22:Infinity":3,"s:23:4:23:Infinity":4,"s:24:4:24:Infinity":5,"s:28:45:28:Infinity":6},"fnNames":{}}}
,"/__w/ReactiveTraderCloudClone/ReactiveTraderCloudClone/packages/server/src/effects/context.ts": {"path":"/__w/ReactiveTraderCloudClone/ReactiveTraderCloudClone/packages/server/src/effects/context.ts","statementMap":{},"fnMap":{},"branchMap":{},"s":{},"f":{},"b":{},"meta":{"lastBranch":0,"lastFunction":0,"lastStatement":0,"seen":{},"fnNames":{}}}
,"/__w/ReactiveTraderCloudClone/ReactiveTraderCloudClone/packages/server/src/effects/credit.effects.ts": {"path":"/__w/ReactiveTraderCloudClone/ReactiveTraderCloudClone/packages/server/src/effects/credit.effects.ts","statementMap":{"0":{"start":{"line":28,"column":2},"end":{"line":60,"column":null}},"1":{"start":{"line":31,"column":6},"end":{"line":31,"column":null}},"2":{"start":{"line":34,"column":6},"end":{"line":45,"column":null}},"3":{"start":{"line":51,"column":6},"end":{"line":59,"column":null}},"4":{"start":{"line":65,"column":6},"end":{"line":109,"column":null}},"5":{"start":{"line":68,"column":18},"end":{"line":68,"column":null}},"6":{"start":{"line":69,"column":10},"end":{"line":73,"column":null}},"7":{"start":{"line":74,"column":42},"end":{"line":106,"column":null}},"8":{"start":{"line":76,"column":22},"end":{"line":91,"column":null}},"9":{"start":{"line":77,"column":37},"end":{"line":86,"column":null}},"10":{"start":{"line":87,"column":10},"end":{"line":90,"column":null}},"11":{"start":{"line":92,"column":23},"end":{"line":99,"column":null}},"12":{"start":{"line":100,"column":8},"end":{"line":100,"column":null}},"13":{"start":{"line":101,"column":8},"end":{"line":101,"column":null}},"14":{"start":{"line":104,"column":8},"end":{"line":104,"column":null}},"15":{"start":{"line":107,"column":4},"end":{"line":107,"column":null}},"16":{"start":{"line":112,"column":6},"end":{"line":147,"column":null}},"17":{"start":{"line":115,"column":18},"end":{"line":115,"column":null}},"18":{"start":{"line":116,"column":10},"end":{"line":120,"column":null}},"19":{"start":{"line":121,"column":42},"end":{"line":144,"column":null}},"20":{"start":{"line":123,"column":22},"end":{"line":129,"column":null}},"21":{"start":{"line":124,"column":33},"end":{"line":124,"column":null}},"22":{"start":{"line":125,"column":10},"end":{"line":128,"column":null}},"23":{"start":{"line":130,"column":23},"end":{"line":137,"column":null}},"24":{"start":{"line":138,"column":8},"end":{"line":138,"column":null}},"25":{"start":{"line":139,"column":8},"end":{"line":139,"column":null}},"26":{"start":{"line":142,"column":8},"end":{"line":142,"column":null}},"27":{"start":{"line":145,"column":4},"end":{"line":145,"column":null}},"28":{"start":{"line":150,"column":6},"end":{"line":159,"column":null}},"29":{"start":{"line":153,"column":4},"end":{"line":157,"column":null}},"30":{"start":{"line":155,"column":8},"end":{"line":155,"column":null}},"31":{"start":{"line":162,"column":6},"end":{"line":175,"column":null}},"32":{"start":{"line":166,"column":16},"end":{"line":166,"column":null}},"33":{"start":{"line":167,"column":4},"end":{"line":173,"column":null}},"34":{"start":{"line":178,"column":6},"end":{"line":185,"column":null}},"35":{"start":{"line":182,"column":22},"end":{"line":182,"column":null}},"36":{"start":{"line":183,"column":4},"end":{"line":183,"column":null}},"37":{"start":{"line":188,"column":6},"end":{"line":195,"column":null}},"38":{"start":{"line":192,"column":16},"end":{"line":192,"column":null}},"39":{"start":{"line":193,"column":4},"end":{"line":193,"column":null}},"40":{"start":{"line":198,"column":6},"end":{"line":205,"column":null}},"41":{"start":{"line":202,"column":24},"end":{"line":202,"column":null}},"42":{"start":{"line":203,"column":4},"end":{"line":203,"column":null}},"43":{"start":{"line":208,"column":6},"end":{"line":215,"column":null}},"44":{"start":{"line":212,"column":24},"end":{"line":212,"column":null}},"45":{"start":{"line":213,"column":4},"end":{"line":213,"column":null}},"46":{"start":{"line":217,"column":46},"end":{"line":226,"column":null}}},"fnMap":{"0":{"name":"transformWorkflowEvent","decl":{"start":{"line":27,"column":9},"end":{"line":27,"column":32}},"loc":{"start":{"line":27,"column":67},"end":{"line":61,"column":null}},"line":27},"1":{"name":"(anonymous_1)","decl":{"start":{"line":66,"column":13},"end":{"line":66,"column":null}},"loc":{"start":{"line":67,"column":21},"end":{"line":108,"column":null}},"line":67},"2":{"name":"(anonymous_2)","decl":{"start":{"line":75,"column":6},"end":{"line":75,"column":11}},"loc":{"start":{"line":75,"column":62},"end":{"line":102,"column":7}},"line":75},"3":{"name":"(anonymous_3)","decl":{"start":{"line":76,"column":34},"end":{"line":76,"column":39}},"loc":{"start":{"line":76,"column":58},"end":{"line":91,"column":9}},"line":76},"4":{"name":"(anonymous_4)","decl":{"start":{"line":103,"column":6},"end":{"line":103,"column":16}},"loc":{"start":{"line":103,"column":39},"end":{"line":105,"column":7}},"line":103},"5":{"name":"(anonymous_5)","decl":{"start":{"line":113,"column":13},"end":{"line":113,"column":null}},"loc":{"start":{"line":114,"column":21},"end":{"line":146,"column":null}},"line":114},"6":{"name":"(anonymous_6)","decl":{"start":{"line":122,"column":6},"end":{"line":122,"column":11}},"loc":{"start":{"line":122,"column":54},"end":{"line":140,"column":7}},"line":122},"7":{"name":"(anonymous_7)","decl":{"start":{"line":123,"column":30},"end":{"line":123,"column":35}},"loc":{"start":{"line":123,"column":56},"end":{"line":129,"column":9}},"line":123},"8":{"name":"(anonymous_8)","decl":{"start":{"line":141,"column":6},"end":{"line":141,"column":16}},"loc":{"start":{"line":141,"column":39},"end":{"line":143,"column":7}},"line":141},"9":{"name":"(anonymous_9)","decl":{"start":{"line":151,"column":13},"end":{"line":151,"column":null}},"loc":{"start":{"line":152,"column":21},"end":{"line":158,"column":null}},"line":152},"10":{"name":"(anonymous_10)","decl":{"start":{"line":154,"column":6},"end":{"line":154,"column":11}},"loc":{"start":{"line":154,"column":41},"end":{"line":156,"column":7}},"line":154},"11":{"name":"(anonymous_11)","decl":{"start":{"line":164,"column":13},"end":{"line":164,"column":null}},"loc":{"start":{"line":165,"column":40},"end":{"line":174,"column":null}},"line":165},"12":{"name":"(anonymous_12)","decl":{"start":{"line":180,"column":13},"end":{"line":180,"column":null}},"loc":{"start":{"line":181,"column":38},"end":{"line":184,"column":null}},"line":181},"13":{"name":"(anonymous_13)","decl":{"start":{"line":190,"column":13},"end":{"line":190,"column":null}},"loc":{"start":{"line":191,"column":38},"end":{"line":194,"column":null}},"line":191},"14":{"name":"(anonymous_14)","decl":{"start":{"line":200,"column":13},"end":{"line":200,"column":null}},"loc":{"start":{"line":201,"column":38},"end":{"line":204,"column":null}},"line":201},"15":{"name":"(anonymous_15)","decl":{"start":{"line":210,"column":13},"end":{"line":210,"column":null}},"loc":{"start":{"line":211,"column":38},"end":{"line":214,"column":null}},"line":211}},"branchMap":{"0":{"loc":{"start":{"line":28,"column":2},"end":{"line":60,"column":null}},"type":"switch","locations":[{"start":{"line":29,"column":4},"end":{"line":29,"column":null}},{"start":{"line":30,"column":4},"end":{"line":31,"column":null}},{"start":{"line":32,"column":4},"end":{"line":32,"column":null}},{"start":{"line":33,"column":4},"end":{"line":45,"column":null}},{"start":{"line":46,"column":4},"end":{"line":46,"column":null}},{"start":{"line":47,"column":4},"end":{"line":47,"column":null}},{"start":{"line":48,"column":4},"end":{"line":48,"column":null}},{"start":{"line":49,"column":4},"end":{"line":49,"column":null}},{"start":{"line":50,"column":4},"end":{"line":59,"column":null}}],"line":28},"1":{"loc":{"start":{"line":92,"column":23},"end":{"line":99,"column":null}},"type":"cond-expr","locations":[{"start":{"line":93,"column":12},"end":{"line":98,"column":null}},{"start":{"line":99,"column":12},"end":{"line":99,"column":null}}],"line":92},"2":{"loc":{"start":{"line":130,"column":23},"end":{"line":137,"column":null}},"type":"cond-expr","locations":[{"start":{"line":131,"column":12},"end":{"line":136,"column":null}},{"start":{"line":137,"column":12},"end":{"line":137,"column":null}}],"line":130}},"s":{"0":2,"1":0,"2":1,"3":1,"4":2,"5":3,"6":3,"7":3,"8":4,"9":3,"10":3,"11":4,"12":4,"13":4,"14":4,"15":3,"16":2,"17":1,"18":1,"19":1,"20":1,"21":1,"22":1,"23":1,"24":1,"25":1,"26":1,"27":1,"28":2,"29":2,"30":2,"31":2,"32":1,"33":1,"34":2,"35":1,"36":1,"37":2,"38":1,"39":1,"40":2,"41":1,"42":1,"43":2,"44":1,"45":1,"46":2},"f":{"0":2,"1":3,"2":4,"3":3,"4":4,"5":1,"6":1,"7":1,"8":1,"9":2,"10":2,"11":1,"12":1,"13":1,"14":1,"15":1},"b":{"0":[0,0,1,1,0,1,1,1,1],"1":[3,1],"2":[1,0]},"meta":{"lastBranch":3,"lastFunction":16,"lastStatement":47,"seen":{"f:27:9:27:32":0,"b:29:4:29:Infinity:30:4:31:Infinity:32:4:32:Infinity:33:4:45:Infinity:46:4:46:Infinity:47:4:47:Infinity:48:4:48:Infinity:49:4:49:Infinity:50:4:59:Infinity":0,"s:28:2:60:Infinity":0,"s:31:6:31:Infinity":1,"s:34:6:45:Infinity":2,"s:51:6:59:Infinity":3,"s:65:6:109:Infinity":4,"f:66:13:66:Infinity":1,"s:68:18:68:Infinity":5,"s:69:10:73:Infinity":6,"s:74:42:106:Infinity":7,"f:75:6:75:11":2,"s:76:22:91:Infinity":8,"f:76:34:76:39":3,"s:77:37:86:Infinity":9,"s:87:10:90:Infinity":10,"s:92:23:99:Infinity":11,"b:93:12:98:Infinity:99:12:99:Infinity":1,"s:100:8:100:Infinity":12,"s:101:8:101:Infinity":13,"f:103:6:103:16":4,"s:104:8:104:Infinity":14,"s:107:4:107:Infinity":15,"s:112:6:147:Infinity":16,"f:113:13:113:Infinity":5,"s:115:18:115:Infinity":17,"s:116:10:120:Infinity":18,"s:121:42:144:Infinity":19,"f:122:6:122:11":6,"s:123:22:129:Infinity":20,"f:123:30:123:35":7,"s:124:33:124:Infinity":21,"s:125:10:128:Infinity":22,"s:130:23:137:Infinity":23,"b:131:12:136:Infinity:137:12:137:Infinity":2,"s:138:8:138:Infinity":24,"s:139:8:139:Infinity":25,"f:141:6:141:16":8,"s:142:8:142:Infinity":26,"s:145:4:145:Infinity":27,"s:150:6:159:Infinity":28,"f:151:13:151:Infinity":9,"s:153:4:157:Infinity":29,"f:154:6:154:11":10,"s:155:8:155:Infinity":30,"s:162:6:175:Infinity":31,"f:164:13:164:Infinity":11,"s:166:16:166:Infinity":32,"s:167:4:173:Infinity":33,"s:178:6:185:Infinity":34,"f:180:13:180:Infinity":12,"s:182:22:182:Infinity":35,"s:183:4:183:Infinity":36,"s:188:6:195:Infinity":37,"f:190:13:190:Infinity":13,"s:192:16:192:Infinity":38,"s:193:4:193:Infinity":39,"s:198:6:205:Infinity":40,"f:200:13:200:Infinity":14,"s:202:24:202:Infinity":41,"s:203:4:203:Infinity":42,"s:208:6:215:Infinity":43,"f:210:13:210:Infinity":15,"s:212:24:212:Infinity":44,"s:213:4:213:Infinity":45,"s:217:46:226:Infinity":46},"fnNames":{}}}
,"/__w/ReactiveTraderCloudClone/ReactiveTraderCloudClone/packages/server/src/effects/equities.effects.ts": {"path":"/__w/ReactiveTraderCloudClone/ReactiveTraderCloudClone/packages/server/src/effects/equities.effects.ts","statementMap":{"0":{"start":{"line":50,"column":6},"end":{"line":59,"column":null}},"1":{"start":{"line":53,"column":4},"end":{"line":57,"column":null}},"2":{"start":{"line":55,"column":8},"end":{"line":55,"column":null}},"3":{"start":{"line":65,"column":6},"end":{"line":79,"column":null}},"4":{"start":{"line":69,"column":4},"end":{"line":69,"column":null}},"5":{"start":{"line":72,"column":23},"end":{"line":72,"column":null}},"6":{"start":{"line":73,"column":4},"end":{"line":77,"column":null}},"7":{"start":{"line":75,"column":8},"end":{"line":75,"column":null}},"8":{"start":{"line":83,"column":6},"end":{"line":97,"column":null}},"9":{"start":{"line":87,"column":4},"end":{"line":87,"column":null}},"10":{"start":{"line":90,"column":23},"end":{"line":90,"column":null}},"11":{"start":{"line":91,"column":4},"end":{"line":95,"column":null}},"12":{"start":{"line":93,"column":8},"end":{"line":93,"column":null}},"13":{"start":{"line":100,"column":6},"end":{"line":109,"column":null}},"14":{"start":{"line":103,"column":4},"end":{"line":107,"column":null}},"15":{"start":{"line":105,"column":8},"end":{"line":105,"column":null}},"16":{"start":{"line":112,"column":6},"end":{"line":121,"column":null}},"17":{"start":{"line":115,"column":4},"end":{"line":119,"column":null}},"18":{"start":{"line":117,"column":8},"end":{"line":117,"column":null}},"19":{"start":{"line":126,"column":6},"end":{"line":133,"column":null}},"20":{"start":{"line":130,"column":34},"end":{"line":130,"column":null}},"21":{"start":{"line":131,"column":4},"end":{"line":131,"column":null}},"22":{"start":{"line":136,"column":6},"end":{"line":143,"column":null}},"23":{"start":{"line":140,"column":24},"end":{"line":140,"column":null}},"24":{"start":{"line":141,"column":4},"end":{"line":141,"column":null}},"25":{"start":{"line":148,"column":2},"end":{"line":192,"column":null}},"26":{"start":{"line":155,"column":25},"end":{"line":157,"column":null}},"27":{"start":{"line":158,"column":19},"end":{"line":167,"column":null}},"28":{"start":{"line":161,"column":10},"end":{"line":165,"column":null}},"29":{"start":{"line":168,"column":22},"end":{"line":172,"column":null}},"30":{"start":{"line":170,"column":10},"end":{"line":170,"column":null}},"31":{"start":{"line":179,"column":6},"end":{"line":190,"column":null}},"32":{"start":{"line":181,"column":10},"end":{"line":181,"column":null}},"33":{"start":{"line":182,"column":10},"end":{"line":188,"column":null}},"34":{"start":{"line":195,"column":48},"end":{"line":204,"column":null}}},"fnMap":{"0":{"name":"(anonymous_0)","decl":{"start":{"line":51,"column":13},"end":{"line":51,"column":null}},"loc":{"start":{"line":52,"column":21},"end":{"line":58,"column":null}},"line":52},"1":{"name":"(anonymous_1)","decl":{"start":{"line":54,"column":6},"end":{"line":54,"column":11}},"loc":{"start":{"line":54,"column":49},"end":{"line":56,"column":7}},"line":54},"2":{"name":"(anonymous_2)","decl":{"start":{"line":67,"column":13},"end":{"line":67,"column":null}},"loc":{"start":{"line":68,"column":15},"end":{"line":70,"column":null}},"line":68},"3":{"name":"(anonymous_3)","decl":{"start":{"line":70,"column":2},"end":{"line":70,"column":null}},"loc":{"start":{"line":71,"column":20},"end":{"line":78,"column":null}},"line":71},"4":{"name":"(anonymous_4)","decl":{"start":{"line":74,"column":6},"end":{"line":74,"column":11}},"loc":{"start":{"line":74,"column":34},"end":{"line":76,"column":7}},"line":74},"5":{"name":"(anonymous_5)","decl":{"start":{"line":85,"column":13},"end":{"line":85,"column":null}},"loc":{"start":{"line":86,"column":15},"end":{"line":88,"column":null}},"line":86},"6":{"name":"(anonymous_6)","decl":{"start":{"line":88,"column":2},"end":{"line":88,"column":null}},"loc":{"start":{"line":89,"column":20},"end":{"line":96,"column":null}},"line":89},"7":{"name":"(anonymous_7)","decl":{"start":{"line":92,"column":6},"end":{"line":92,"column":11}},"loc":{"start":{"line":92,"column":31},"end":{"line":94,"column":7}},"line":92},"8":{"name":"(anonymous_8)","decl":{"start":{"line":101,"column":13},"end":{"line":101,"column":null}},"loc":{"start":{"line":102,"column":21},"end":{"line":108,"column":null}},"line":102},"9":{"name":"(anonymous_9)","decl":{"start":{"line":104,"column":6},"end":{"line":104,"column":11}},"loc":{"start":{"line":104,"column":46},"end":{"line":106,"column":7}},"line":104},"10":{"name":"(anonymous_10)","decl":{"start":{"line":113,"column":13},"end":{"line":113,"column":null}},"loc":{"start":{"line":114,"column":21},"end":{"line":120,"column":null}},"line":114},"11":{"name":"(anonymous_11)","decl":{"start":{"line":116,"column":6},"end":{"line":116,"column":11}},"loc":{"start":{"line":116,"column":52},"end":{"line":118,"column":7}},"line":116},"12":{"name":"(anonymous_12)","decl":{"start":{"line":128,"column":13},"end":{"line":128,"column":null}},"loc":{"start":{"line":129,"column":51},"end":{"line":132,"column":null}},"line":129},"13":{"name":"(anonymous_13)","decl":{"start":{"line":138,"column":13},"end":{"line":138,"column":null}},"loc":{"start":{"line":139,"column":38},"end":{"line":142,"column":null}},"line":139},"14":{"name":"placeOrder$","decl":{"start":{"line":147,"column":9},"end":{"line":147,"column":21}},"loc":{"start":{"line":147,"column":79},"end":{"line":193,"column":null}},"line":147},"15":{"name":"(anonymous_15)","decl":{"start":{"line":150,"column":4},"end":{"line":150,"column":14}},"loc":{"start":{"line":150,"column":22},"end":{"line":191,"column":5}},"line":150},"16":{"name":"(anonymous_16)","decl":{"start":{"line":160,"column":8},"end":{"line":160,"column":13}},"loc":{"start":{"line":160,"column":36},"end":{"line":166,"column":9}},"line":160},"17":{"name":"(anonymous_17)","decl":{"start":{"line":169,"column":8},"end":{"line":169,"column":13}},"loc":{"start":{"line":169,"column":36},"end":{"line":171,"column":9}},"line":169},"18":{"name":"(anonymous_18)","decl":{"start":{"line":180,"column":8},"end":{"line":180,"column":20}},"loc":{"start":{"line":180,"column":37},"end":{"line":189,"column":9}},"line":180}},"branchMap":{},"s":{"0":2,"1":2,"2":2,"3":2,"4":5,"5":3,"6":3,"7":2,"8":2,"9":5,"10":3,"11":3,"12":1,"13":2,"14":1,"15":1,"16":2,"17":1,"18":1,"19":2,"20":2,"21":2,"22":2,"23":1,"24":1,"25":15,"26":3,"27":3,"28":2,"29":3,"30":2,"31":3,"32":1,"33":1,"34":2},"f":{"0":2,"1":2,"2":5,"3":3,"4":2,"5":5,"6":3,"7":1,"8":1,"9":1,"10":1,"11":1,"12":2,"13":1,"14":15,"15":3,"16":2,"17":2,"18":1},"b":{},"meta":{"lastBranch":0,"lastFunction":19,"lastStatement":35,"seen":{"s:50:6:59:Infinity":0,"f:51:13:51:Infinity":0,"s:53:4:57:Infinity":1,"f:54:6:54:11":1,"s:55:8:55:Infinity":2,"s:65:6:79:Infinity":3,"f:67:13:67:Infinity":2,"s:69:4:69:Infinity":4,"f:70:2:70:Infinity":3,"s:72:23:72:Infinity":5,"s:73:4:77:Infinity":6,"f:74:6:74:11":4,"s:75:8:75:Infinity":7,"s:83:6:97:Infinity":8,"f:85:13:85:Infinity":5,"s:87:4:87:Infinity":9,"f:88:2:88:Infinity":6,"s:90:23:90:Infinity":10,"s:91:4:95:Infinity":11,"f:92:6:92:11":7,"s:93:8:93:Infinity":12,"s:100:6:109:Infinity":13,"f:101:13:101:Infinity":8,"s:103:4:107:Infinity":14,"f:104:6:104:11":9,"s:105:8:105:Infinity":15,"s:112:6:121:Infinity":16,"f:113:13:113:Infinity":10,"s:115:4:119:Infinity":17,"f:116:6:116:11":11,"s:117:8:117:Infinity":18,"s:126:6:133:Infinity":19,"f:128:13:128:Infinity":12,"s:130:34:130:Infinity":20,"s:131:4:131:Infinity":21,"s:136:6:143:Infinity":22,"f:138:13:138:Infinity":13,"s:140:24:140:Infinity":23,"s:141:4:141:Infinity":24,"f:147:9:147:21":14,"s:148:2:192:Infinity":25,"f:150:4:150:14":15,"s:155:25:157:Infinity":26,"s:158:19:167:Infinity":27,"f:160:8:160:13":16,"s:161:10:165:Infinity":28,"s:168:22:172:Infinity":29,"f:169:8:169:13":17,"s:170:10:170:Infinity":30,"s:179:6:190:Infinity":31,"f:180:8:180:20":18,"s:181:10:181:Infinity":32,"s:182:10:188:Infinity":33,"s:195:48:204:Infinity":34},"fnNames":{}}}
,"/__w/ReactiveTraderCloudClone/ReactiveTraderCloudClone/packages/server/src/effects/fx.effects.ts": {"path":"/__w/ReactiveTraderCloudClone/ReactiveTraderCloudClone/packages/server/src/effects/fx.effects.ts","statementMap":{"0":{"start":{"line":41,"column":6},"end":{"line":66,"column":null}},"1":{"start":{"line":44,"column":18},"end":{"line":44,"column":null}},"2":{"start":{"line":45,"column":4},"end":{"line":64,"column":null}},"3":{"start":{"line":47,"column":49},"end":{"line":55,"column":null}},"4":{"start":{"line":48,"column":10},"end":{"line":54,"column":null}},"5":{"start":{"line":56,"column":46},"end":{"line":60,"column":null}},"6":{"start":{"line":61,"column":8},"end":{"line":61,"column":null}},"7":{"start":{"line":62,"column":8},"end":{"line":62,"column":null}},"8":{"start":{"line":74,"column":6},"end":{"line":96,"column":null}},"9":{"start":{"line":78,"column":4},"end":{"line":78,"column":null}},"10":{"start":{"line":81,"column":23},"end":{"line":81,"column":null}},"11":{"start":{"line":82,"column":4},"end":{"line":94,"column":null}},"12":{"start":{"line":84,"column":34},"end":{"line":91,"column":null}},"13":{"start":{"line":92,"column":8},"end":{"line":92,"column":null}},"14":{"start":{"line":99,"column":6},"end":{"line":129,"column":null}},"15":{"start":{"line":102,"column":18},"end":{"line":102,"column":null}},"16":{"start":{"line":103,"column":4},"end":{"line":127,"column":null}},"17":{"start":{"line":105,"column":36},"end":{"line":118,"column":null}},"18":{"start":{"line":106,"column":10},"end":{"line":117,"column":null}},"19":{"start":{"line":119,"column":40},"end":{"line":123,"column":null}},"20":{"start":{"line":124,"column":8},"end":{"line":124,"column":null}},"21":{"start":{"line":125,"column":8},"end":{"line":125,"column":null}},"22":{"start":{"line":132,"column":6},"end":{"line":158,"column":null}},"23":{"start":{"line":135,"column":25},"end":{"line":135,"column":null}},"24":{"start":{"line":136,"column":4},"end":{"line":156,"column":null}},"25":{"start":{"line":138,"column":34},"end":{"line":153,"column":null}},"26":{"start":{"line":140,"column":12},"end":{"line":145,"column":null}},"27":{"start":{"line":148,"column":12},"end":{"line":151,"column":null}},"28":{"start":{"line":154,"column":8},"end":{"line":154,"column":null}},"29":{"start":{"line":161,"column":6},"end":{"line":191,"column":null}},"30":{"start":{"line":165,"column":16},"end":{"line":165,"column":null}},"31":{"start":{"line":166,"column":4},"end":{"line":189,"column":null}},"32":{"start":{"line":176,"column":10},"end":{"line":187,"column":null}},"33":{"start":{"line":194,"column":6},"end":{"line":216,"column":null}},"34":{"start":{"line":198,"column":23},"end":{"line":198,"column":null}},"35":{"start":{"line":199,"column":4},"end":{"line":214,"column":null}},"36":{"start":{"line":201,"column":8},"end":{"line":212,"column":null}},"37":{"start":{"line":203,"column":12},"end":{"line":210,"column":null}},"38":{"start":{"line":218,"column":42},"end":{"line":225,"column":null}}},"fnMap":{"0":{"name":"(anonymous_0)","decl":{"start":{"line":42,"column":13},"end":{"line":42,"column":null}},"loc":{"start":{"line":43,"column":21},"end":{"line":65,"column":null}},"line":43},"1":{"name":"(anonymous_1)","decl":{"start":{"line":46,"column":6},"end":{"line":46,"column":11}},"loc":{"start":{"line":46,"column":56},"end":{"line":63,"column":7}},"line":46},"2":{"name":"(anonymous_2)","decl":{"start":{"line":47,"column":55},"end":{"line":47,"column":60}},"loc":{"start":{"line":47,"column":66},"end":{"line":55,"column":9}},"line":47},"3":{"name":"(anonymous_3)","decl":{"start":{"line":76,"column":13},"end":{"line":76,"column":null}},"loc":{"start":{"line":77,"column":15},"end":{"line":79,"column":null}},"line":77},"4":{"name":"(anonymous_4)","decl":{"start":{"line":79,"column":2},"end":{"line":79,"column":null}},"loc":{"start":{"line":80,"column":20},"end":{"line":95,"column":null}},"line":80},"5":{"name":"(anonymous_5)","decl":{"start":{"line":83,"column":6},"end":{"line":83,"column":11}},"loc":{"start":{"line":83,"column":41},"end":{"line":93,"column":7}},"line":83},"6":{"name":"(anonymous_6)","decl":{"start":{"line":100,"column":13},"end":{"line":100,"column":null}},"loc":{"start":{"line":101,"column":21},"end":{"line":128,"column":null}},"line":101},"7":{"name":"(anonymous_7)","decl":{"start":{"line":104,"column":6},"end":{"line":104,"column":11}},"loc":{"start":{"line":104,"column":50},"end":{"line":126,"column":7}},"line":104},"8":{"name":"(anonymous_8)","decl":{"start":{"line":105,"column":43},"end":{"line":105,"column":48}},"loc":{"start":{"line":105,"column":54},"end":{"line":118,"column":9}},"line":105},"9":{"name":"(anonymous_9)","decl":{"start":{"line":133,"column":13},"end":{"line":133,"column":null}},"loc":{"start":{"line":134,"column":20},"end":{"line":157,"column":null}},"line":134},"10":{"name":"(anonymous_10)","decl":{"start":{"line":137,"column":6},"end":{"line":137,"column":11}},"loc":{"start":{"line":137,"column":46},"end":{"line":155,"column":7}},"line":137},"11":{"name":"(anonymous_11)","decl":{"start":{"line":139,"column":49},"end":{"line":139,"column":54}},"loc":{"start":{"line":139,"column":60},"end":{"line":146,"column":11}},"line":139},"12":{"name":"(anonymous_12)","decl":{"start":{"line":147,"column":31},"end":{"line":147,"column":36}},"loc":{"start":{"line":147,"column":42},"end":{"line":152,"column":11}},"line":147},"13":{"name":"(anonymous_13)","decl":{"start":{"line":163,"column":13},"end":{"line":163,"column":null}},"loc":{"start":{"line":164,"column":54},"end":{"line":190,"column":null}},"line":164},"14":{"name":"(anonymous_14)","decl":{"start":{"line":175,"column":8},"end":{"line":175,"column":13}},"loc":{"start":{"line":175,"column":48},"end":{"line":188,"column":9}},"line":175},"15":{"name":"(anonymous_15)","decl":{"start":{"line":196,"column":13},"end":{"line":196,"column":null}},"loc":{"start":{"line":197,"column":49},"end":{"line":215,"column":null}},"line":197},"16":{"name":"(anonymous_16)","decl":{"start":{"line":200,"column":6},"end":{"line":200,"column":11}},"loc":{"start":{"line":200,"column":61},"end":{"line":213,"column":7}},"line":200},"17":{"name":"(anonymous_17)","decl":{"start":{"line":202,"column":25},"end":{"line":202,"column":30}},"loc":{"start":{"line":202,"column":36},"end":{"line":211,"column":11}},"line":202}},"branchMap":{},"s":{"0":2,"1":1,"2":1,"3":2,"4":2,"5":2,"6":2,"7":2,"8":2,"9":6,"10":4,"11":4,"12":4,"13":4,"14":2,"15":1,"16":1,"17":2,"18":2,"19":2,"20":2,"21":2,"22":2,"23":1,"24":1,"25":1,"26":1,"27":1,"28":1,"29":2,"30":1,"31":1,"32":1,"33":2,"34":1,"35":1,"36":1,"37":1,"38":2},"f":{"0":1,"1":2,"2":2,"3":6,"4":4,"5":4,"6":1,"7":2,"8":2,"9":1,"10":1,"11":1,"12":1,"13":1,"14":1,"15":1,"16":1,"17":1},"b":{},"meta":{"lastBranch":0,"lastFunction":18,"lastStatement":39,"seen":{"s:41:6:66:Infinity":0,"f:42:13:42:Infinity":0,"s:44:18:44:Infinity":1,"s:45:4:64:Infinity":2,"f:46:6:46:11":1,"s:47:49:55:Infinity":3,"f:47:55:47:60":2,"s:48:10:54:Infinity":4,"s:56:46:60:Infinity":5,"s:61:8:61:Infinity":6,"s:62:8:62:Infinity":7,"s:74:6:96:Infinity":8,"f:76:13:76:Infinity":3,"s:78:4:78:Infinity":9,"f:79:2:79:Infinity":4,"s:81:23:81:Infinity":10,"s:82:4:94:Infinity":11,"f:83:6:83:11":5,"s:84:34:91:Infinity":12,"s:92:8:92:Infinity":13,"s:99:6:129:Infinity":14,"f:100:13:100:Infinity":6,"s:102:18:102:Infinity":15,"s:103:4:127:Infinity":16,"f:104:6:104:11":7,"s:105:36:118:Infinity":17,"f:105:43:105:48":8,"s:106:10:117:Infinity":18,"s:119:40:123:Infinity":19,"s:124:8:124:Infinity":20,"s:125:8:125:Infinity":21,"s:132:6:158:Infinity":22,"f:133:13:133:Infinity":9,"s:135:25:135:Infinity":23,"s:136:4:156:Infinity":24,"f:137:6:137:11":10,"s:138:34:153:Infinity":25,"f:139:49:139:54":11,"s:140:12:145:Infinity":26,"f:147:31:147:36":12,"s:148:12:151:Infinity":27,"s:154:8:154:Infinity":28,"s:161:6:191:Infinity":29,"f:163:13:163:Infinity":13,"s:165:16:165:Infinity":30,"s:166:4:189:Infinity":31,"f:175:8:175:13":14,"s:176:10:187:Infinity":32,"s:194:6:216:Infinity":33,"f:196:13:196:Infinity":15,"s:198:23:198:Infinity":34,"s:199:4:214:Infinity":35,"f:200:6:200:11":16,"s:201:8:212:Infinity":36,"f:202:25:202:30":17,"s:203:12:210:Infinity":37,"s:218:42:225:Infinity":38},"fnNames":{}}}
,"/__w/ReactiveTraderCloudClone/ReactiveTraderCloudClone/packages/server/src/effects/index.ts": {"path":"/__w/ReactiveTraderCloudClone/ReactiveTraderCloudClone/packages/server/src/effects/index.ts","statementMap":{"0":{"start":{"line":9,"column":43},"end":{"line":14,"column":null}}},"fnMap":{},"branchMap":{},"s":{"0":1},"f":{},"b":{},"meta":{"lastBranch":0,"lastFunction":0,"lastStatement":1,"seen":{"s:9:43:14:Infinity":0},"fnNames":{}}}
,"/__w/ReactiveTraderCloudClone/ReactiveTraderCloudClone/packages/server/src/services/ThroughputService.ts": {"path":"/__w/ReactiveTraderCloudClone/ReactiveTraderCloudClone/packages/server/src/services/ThroughputService.ts","statementMap":{"0":{"start":{"line":1,"column":27},"end":{"line":1,"column":null}},"1":{"start":{"line":2,"column":23},"end":{"line":2,"column":null}},"2":{"start":{"line":3,"column":23},"end":{"line":3,"column":null}},"3":{"start":{"line":6,"column":18},"end":{"line":6,"column":null}},"4":{"start":{"line":9,"column":4},"end":{"line":9,"column":null}},"5":{"start":{"line":13,"column":4},"end":{"line":15,"column":null}},"6":{"start":{"line":14,"column":6},"end":{"line":14,"column":null}},"7":{"start":{"line":17,"column":4},"end":{"line":21,"column":null}},"8":{"start":{"line":18,"column":6},"end":{"line":20,"column":null}},"9":{"start":{"line":23,"column":4},"end":{"line":23,"column":null}}},"fnMap":{"0":{"name":"getThroughput","decl":{"start":{"line":8,"column":2},"end":{"line":8,"column":26}},"loc":{"start":{"line":8,"column":26},"end":{"line":10,"column":null}},"line":8},"1":{"name":"setThroughput","decl":{"start":{"line":12,"column":2},"end":{"line":12,"column":16}},"loc":{"start":{"line":12,"column":37},"end":{"line":24,"column":null}},"line":12}},"branchMap":{"0":{"loc":{"start":{"line":13,"column":4},"end":{"line":15,"column":null}},"type":"if","locations":[{"start":{"line":13,"column":4},"end":{"line":15,"column":null}},{"start":{},"end":{}}],"line":13},"1":{"loc":{"start":{"line":13,"column":8},"end":{"line":13,"column":62}},"type":"binary-expr","locations":[{"start":{"line":13,"column":8},"end":{"line":13,"column":37}},{"start":{"line":13,"column":37},"end":{"line":13,"column":62}}],"line":13},"2":{"loc":{"start":{"line":17,"column":4},"end":{"line":21,"column":null}},"type":"if","locations":[{"start":{"line":17,"column":4},"end":{"line":21,"column":null}},{"start":{},"end":{}}],"line":17},"3":{"loc":{"start":{"line":17,"column":8},"end":{"line":17,"column":58}},"type":"binary-expr","locations":[{"start":{"line":17,"column":8},"end":{"line":17,"column":34}},{"start":{"line":17,"column":34},"end":{"line":17,"column":58}}],"line":17}},"s":{"0":2,"1":2,"2":2,"3":9,"4":4,"5":7,"6":2,"7":5,"8":2,"9":3},"f":{"0":4,"1":7},"b":{"0":[2,5],"1":[7,7],"2":[2,3],"3":[5,4]},"meta":{"lastBranch":4,"lastFunction":2,"lastStatement":10,"seen":{"s:1:27:1:Infinity":0,"s:2:23:2:Infinity":1,"s:3:23:3:Infinity":2,"s:6:18:6:Infinity":3,"f:8:2:8:26":0,"s:9:4:9:Infinity":4,"f:12:2:12:16":1,"b:13:4:15:Infinity:undefined:undefined:undefined:undefined":0,"s:13:4:15:Infinity":5,"b:13:8:13:37:13:37:13:62":1,"s:14:6:14:Infinity":6,"b:17:4:21:Infinity:undefined:undefined:undefined:undefined":2,"s:17:4:21:Infinity":7,"b:17:8:17:34:17:34:17:58":3,"s:18:6:20:Infinity":8,"s:23:4:23:Infinity":9},"fnNames":{}}}
,"/__w/ReactiveTraderCloudClone/ReactiveTraderCloudClone/packages/server/src/socket/protocol.ts": {"path":"/__w/ReactiveTraderCloudClone/ReactiveTraderCloudClone/packages/server/src/socket/protocol.ts","statementMap":{},"fnMap":{},"branchMap":{},"s":{},"f":{},"b":{},"meta":{"lastBranch":0,"lastFunction":0,"lastStatement":0,"seen":{},"fnNames":{}}}
,"/__w/ReactiveTraderCloudClone/ReactiveTraderCloudClone/packages/server/src/socket/toSocket.ts": {"path":"/__w/ReactiveTraderCloudClone/ReactiveTraderCloudClone/packages/server/src/socket/toSocket.ts","statementMap":{"0":{"start":{"line":7,"column":20},"end":{"line":21,"column":null}},"1":{"start":{"line":9,"column":6},"end":{"line":13,"column":null}},"2":{"start":{"line":10,"column":8},"end":{"line":10,"column":null}},"3":{"start":{"line":16,"column":4},"end":{"line":16,"column":null}},"4":{"start":{"line":18,"column":4},"end":{"line":20,"column":null}},"5":{"start":{"line":19,"column":6},"end":{"line":19,"column":null}},"6":{"start":{"line":23,"column":8},"end":{"line":28,"column":null}},"7":{"start":{"line":26,"column":6},"end":{"line":26,"column":null}},"8":{"start":{"line":30,"column":2},"end":{"line":38,"column":null}},"9":{"start":{"line":34,"column":6},"end":{"line":36,"column":null}},"10":{"start":{"line":35,"column":8},"end":{"line":35,"column":null}}},"fnMap":{"0":{"name":"toSocket","decl":{"start":{"line":6,"column":16},"end":{"line":6,"column":25}},"loc":{"start":{"line":6,"column":48},"end":{"line":39,"column":null}},"line":6},"1":{"name":"(anonymous_1)","decl":{"start":{"line":7,"column":24},"end":{"line":7,"column":45}},"loc":{"start":{"line":7,"column":60},"end":{"line":21,"column":3}},"line":7},"2":{"name":"onMessage","decl":{"start":{"line":8,"column":13},"end":{"line":8,"column":23}},"loc":{"start":{"line":8,"column":44},"end":{"line":14,"column":null}},"line":8},"3":{"name":"(anonymous_3)","decl":{"start":{"line":18,"column":4},"end":{"line":18,"column":17}},"loc":{"start":{"line":18,"column":17},"end":{"line":20,"column":null}},"line":18},"4":{"name":"(anonymous_4)","decl":{"start":{"line":25,"column":4},"end":{"line":25,"column":14}},"loc":{"start":{"line":25,"column":14},"end":{"line":27,"column":5}},"line":25},"5":{"name":"(anonymous_5)","decl":{"start":{"line":33,"column":4},"end":{"line":33,"column":11}},"loc":{"start":{"line":33,"column":39},"end":{"line":37,"column":null}},"line":33}},"branchMap":{"0":{"loc":{"start":{"line":34,"column":6},"end":{"line":36,"column":null}},"type":"if","locations":[{"start":{"line":34,"column":6},"end":{"line":36,"column":null}},{"start":{},"end":{}}],"line":34}},"s":{"0":4,"1":3,"2":3,"3":2,"4":2,"5":1,"6":4,"7":1,"8":4,"9":1,"10":1},"f":{"0":4,"1":2,"2":3,"3":1,"4":1,"5":1},"b":{"0":[1,0]},"meta":{"lastBranch":1,"lastFunction":6,"lastStatement":11,"seen":{"f:6:16:6:25":0,"s:7:20:21:Infinity":0,"f:7:24:7:45":1,"f:8:13:8:23":2,"s:9:6:13:Infinity":1,"s:10:8:10:Infinity":2,"s:16:4:16:Infinity":3,"s:18:4:20:Infinity":4,"f:18:4:18:17":3,"s:19:6:19:Infinity":5,"s:23:8:28:Infinity":6,"f:25:4:25:14":4,"s:26:6:26:Infinity":7,"s:30:2:38:Infinity":8,"f:33:4:33:11":5,"b:34:6:36:Infinity:undefined:undefined:undefined:undefined":0,"s:34:6:36:Infinity":9,"s:35:8:35:Infinity":10},"fnNames":{}}}
}
